21/07/2013 16:24:43.908384 [scalalin_riversandstreams_1000_proximity_heuristic] BEGIN_TRANSACTION
21/07/2013 16:24:44.587699 [scalalin_riversandstreams_1000_proximity_heuristic] initialized
21/07/2013 16:24:44.588058 [scalalin_riversandstreams_1000_proximity_heuristic] solver "heuristic"
21/07/2013 16:24:44.588367 [scalalin_riversandstreams_1000_proximity_heuristic] constraints "proximity(10,)"
21/07/2013 16:24:44.642815 [scalalin_riversandstreams_1000_proximity_heuristic] inputstats {'geometry_types': ['MULTILINESTRING'], 'input': '(select * from lin_30k_uswaterway where x_order <= 1000) t', 'total_rank': 113991.67158124903, 'total_recs': 1000L}
21/07/2013 16:24:44.645711 [scalalin_riversandstreams_1000_proximity_heuristic] initialized_level 9
21/07/2013 16:40:10.546264 [scalalin_riversandstreams_1000_proximity_heuristic] found_conflicts 9
21/07/2013 16:40:10.677960 [scalalin_riversandstreams_1000_proximity_heuristic] resolved_conflicts 9
21/07/2013 16:40:10.679498 [scalalin_riversandstreams_1000_proximity_heuristic] finalized_level 9
21/07/2013 16:40:10.682863 [scalalin_riversandstreams_1000_proximity_heuristic] initialized_level 8
21/07/2013 16:40:10.929292 [scalalin_riversandstreams_1000_proximity_heuristic] found_conflicts 8
21/07/2013 16:40:10.931151 [scalalin_riversandstreams_1000_proximity_heuristic] resolved_conflicts 8
21/07/2013 16:40:10.932383 [scalalin_riversandstreams_1000_proximity_heuristic] finalized_level 8
21/07/2013 16:40:10.940134 [scalalin_riversandstreams_1000_proximity_heuristic] initialized_level 7
21/07/2013 16:40:11.160670 [scalalin_riversandstreams_1000_proximity_heuristic] found_conflicts 7
21/07/2013 16:40:11.162110 [scalalin_riversandstreams_1000_proximity_heuristic] resolved_conflicts 7
21/07/2013 16:40:11.163260 [scalalin_riversandstreams_1000_proximity_heuristic] finalized_level 7
21/07/2013 16:40:11.165633 [scalalin_riversandstreams_1000_proximity_heuristic] initialized_level 6
21/07/2013 16:40:11.362027 [scalalin_riversandstreams_1000_proximity_heuristic] found_conflicts 6
21/07/2013 16:40:11.363305 [scalalin_riversandstreams_1000_proximity_heuristic] resolved_conflicts 6
21/07/2013 16:40:11.364454 [scalalin_riversandstreams_1000_proximity_heuristic] finalized_level 6
21/07/2013 16:40:11.366921 [scalalin_riversandstreams_1000_proximity_heuristic] initialized_level 5
21/07/2013 16:40:11.539873 [scalalin_riversandstreams_1000_proximity_heuristic] found_conflicts 5
21/07/2013 16:40:11.541373 [scalalin_riversandstreams_1000_proximity_heuristic] resolved_conflicts 5
21/07/2013 16:40:11.542543 [scalalin_riversandstreams_1000_proximity_heuristic] finalized_level 5
21/07/2013 16:40:11.544967 [scalalin_riversandstreams_1000_proximity_heuristic] initialized_level 4
21/07/2013 16:40:11.626418 [scalalin_riversandstreams_1000_proximity_heuristic] found_conflicts 4
21/07/2013 16:40:11.627613 [scalalin_riversandstreams_1000_proximity_heuristic] resolved_conflicts 4
21/07/2013 16:40:11.628756 [scalalin_riversandstreams_1000_proximity_heuristic] finalized_level 4
21/07/2013 16:40:11.631188 [scalalin_riversandstreams_1000_proximity_heuristic] initialized_level 3
21/07/2013 16:40:11.662094 [scalalin_riversandstreams_1000_proximity_heuristic] found_conflicts 3
21/07/2013 16:40:11.663209 [scalalin_riversandstreams_1000_proximity_heuristic] resolved_conflicts 3
21/07/2013 16:40:11.664359 [scalalin_riversandstreams_1000_proximity_heuristic] finalized_level 3
21/07/2013 16:40:11.666841 [scalalin_riversandstreams_1000_proximity_heuristic] initialized_level 2
21/07/2013 16:40:11.671149 [scalalin_riversandstreams_1000_proximity_heuristic] found_conflicts 2
21/07/2013 16:40:11.672076 [scalalin_riversandstreams_1000_proximity_heuristic] resolved_conflicts 2
21/07/2013 16:40:11.673239 [scalalin_riversandstreams_1000_proximity_heuristic] finalized_level 2
21/07/2013 16:40:11.675733 [scalalin_riversandstreams_1000_proximity_heuristic] initialized_level 1
21/07/2013 16:40:11.680023 [scalalin_riversandstreams_1000_proximity_heuristic] found_conflicts 1
21/07/2013 16:40:11.680955 [scalalin_riversandstreams_1000_proximity_heuristic] resolved_conflicts 1
21/07/2013 16:40:11.682144 [scalalin_riversandstreams_1000_proximity_heuristic] finalized_level 1
21/07/2013 16:40:11.700320 [scalalin_riversandstreams_1000_proximity_heuristic] initialized_level 0
21/07/2013 16:40:11.704611 [scalalin_riversandstreams_1000_proximity_heuristic] found_conflicts 0
21/07/2013 16:40:11.705537 [scalalin_riversandstreams_1000_proximity_heuristic] resolved_conflicts 0
21/07/2013 16:40:11.706711 [scalalin_riversandstreams_1000_proximity_heuristic] finalized_level 0
21/07/2013 16:40:11.765219 [scalalin_riversandstreams_1000_proximity_heuristic] COMMIT
21/07/2013 16:40:11.765702 [scalalin_riversandstreams_1000_cellbound_lp] BEGIN_TRANSACTION
21/07/2013 16:40:12.510433 [scalalin_riversandstreams_1000_cellbound_lp] initialized
21/07/2013 16:40:12.510792 [scalalin_riversandstreams_1000_cellbound_lp] solver "lp"
21/07/2013 16:40:12.511097 [scalalin_riversandstreams_1000_cellbound_lp] constraints "cellbound(16,)"
21/07/2013 16:40:12.566013 [scalalin_riversandstreams_1000_cellbound_lp] inputstats {'geometry_types': ['MULTILINESTRING'], 'input': '(select * from lin_30k_uswaterway where x_order <= 1000) t', 'total_rank': 113991.67158124903, 'total_recs': 1000L}
21/07/2013 16:40:12.568941 [scalalin_riversandstreams_1000_cellbound_lp] initialized_level 9
21/07/2013 16:40:19.621395 [scalalin_riversandstreams_1000_cellbound_lp] found_conflicts 9
21/07/2013 16:40:20.541024 [scalalin_riversandstreams_1000_cellbound_lp] resolved_conflicts 9
21/07/2013 16:40:20.542374 [scalalin_riversandstreams_1000_cellbound_lp] finalized_level 9
21/07/2013 16:40:20.544894 [scalalin_riversandstreams_1000_cellbound_lp] initialized_level 8
21/07/2013 16:40:24.118336 [scalalin_riversandstreams_1000_cellbound_lp] found_conflicts 8
21/07/2013 16:40:24.157368 [scalalin_riversandstreams_1000_cellbound_lp] resolved_conflicts 8
21/07/2013 16:40:24.158572 [scalalin_riversandstreams_1000_cellbound_lp] finalized_level 8
21/07/2013 16:40:24.161058 [scalalin_riversandstreams_1000_cellbound_lp] initialized_level 7
21/07/2013 16:40:26.302611 [scalalin_riversandstreams_1000_cellbound_lp] found_conflicts 7
21/07/2013 16:40:26.318952 [scalalin_riversandstreams_1000_cellbound_lp] resolved_conflicts 7
21/07/2013 16:40:26.320143 [scalalin_riversandstreams_1000_cellbound_lp] finalized_level 7
21/07/2013 16:40:26.322674 [scalalin_riversandstreams_1000_cellbound_lp] initialized_level 6
21/07/2013 16:40:27.813889 [scalalin_riversandstreams_1000_cellbound_lp] found_conflicts 6
21/07/2013 16:40:27.823910 [scalalin_riversandstreams_1000_cellbound_lp] resolved_conflicts 6
21/07/2013 16:40:27.825103 [scalalin_riversandstreams_1000_cellbound_lp] finalized_level 6
21/07/2013 16:40:27.827614 [scalalin_riversandstreams_1000_cellbound_lp] initialized_level 5
21/07/2013 16:40:28.924771 [scalalin_riversandstreams_1000_cellbound_lp] found_conflicts 5
21/07/2013 16:40:28.930954 [scalalin_riversandstreams_1000_cellbound_lp] resolved_conflicts 5
21/07/2013 16:40:28.932144 [scalalin_riversandstreams_1000_cellbound_lp] finalized_level 5
21/07/2013 16:40:28.934638 [scalalin_riversandstreams_1000_cellbound_lp] initialized_level 4
21/07/2013 16:40:29.898672 [scalalin_riversandstreams_1000_cellbound_lp] found_conflicts 4
21/07/2013 16:40:29.905635 [scalalin_riversandstreams_1000_cellbound_lp] resolved_conflicts 4
21/07/2013 16:40:29.906831 [scalalin_riversandstreams_1000_cellbound_lp] finalized_level 4
21/07/2013 16:40:29.909444 [scalalin_riversandstreams_1000_cellbound_lp] initialized_level 3
21/07/2013 16:40:30.772534 [scalalin_riversandstreams_1000_cellbound_lp] found_conflicts 3
21/07/2013 16:40:30.777170 [scalalin_riversandstreams_1000_cellbound_lp] resolved_conflicts 3
21/07/2013 16:40:30.778388 [scalalin_riversandstreams_1000_cellbound_lp] finalized_level 3
21/07/2013 16:40:30.781025 [scalalin_riversandstreams_1000_cellbound_lp] initialized_level 2
21/07/2013 16:40:31.594120 [scalalin_riversandstreams_1000_cellbound_lp] found_conflicts 2
21/07/2013 16:40:31.599037 [scalalin_riversandstreams_1000_cellbound_lp] resolved_conflicts 2
21/07/2013 16:40:31.600231 [scalalin_riversandstreams_1000_cellbound_lp] finalized_level 2
21/07/2013 16:40:31.602910 [scalalin_riversandstreams_1000_cellbound_lp] initialized_level 1
21/07/2013 16:40:32.411680 [scalalin_riversandstreams_1000_cellbound_lp] found_conflicts 1
21/07/2013 16:40:32.413082 [scalalin_riversandstreams_1000_cellbound_lp] resolved_conflicts 1
21/07/2013 16:40:32.414286 [scalalin_riversandstreams_1000_cellbound_lp] finalized_level 1
21/07/2013 16:40:32.416911 [scalalin_riversandstreams_1000_cellbound_lp] initialized_level 0
21/07/2013 16:40:33.197398 [scalalin_riversandstreams_1000_cellbound_lp] found_conflicts 0
21/07/2013 16:40:33.198817 [scalalin_riversandstreams_1000_cellbound_lp] resolved_conflicts 0
21/07/2013 16:40:33.200000 [scalalin_riversandstreams_1000_cellbound_lp] finalized_level 0
21/07/2013 16:40:33.261900 [scalalin_riversandstreams_1000_cellbound_lp] COMMIT
21/07/2013 16:40:33.262386 [scalalin_riversandstreams_1000_proximity_lp] BEGIN_TRANSACTION
21/07/2013 16:40:33.949226 [scalalin_riversandstreams_1000_proximity_lp] initialized
21/07/2013 16:40:33.949594 [scalalin_riversandstreams_1000_proximity_lp] solver "lp"
21/07/2013 16:40:33.949928 [scalalin_riversandstreams_1000_proximity_lp] constraints "proximity(10,)"
21/07/2013 16:40:34.004778 [scalalin_riversandstreams_1000_proximity_lp] inputstats {'geometry_types': ['MULTILINESTRING'], 'input': '(select * from lin_30k_uswaterway where x_order <= 1000) t', 'total_rank': 113991.67158124903, 'total_recs': 1000L}
21/07/2013 16:40:34.007692 [scalalin_riversandstreams_1000_proximity_lp] initialized_level 9
21/07/2013 16:55:58.112763 [scalalin_riversandstreams_1000_proximity_lp] found_conflicts 9
21/07/2013 16:56:12.060015 [scalalin_riversandstreams_1000_proximity_lp] resolved_conflicts 9
21/07/2013 16:56:12.061477 [scalalin_riversandstreams_1000_proximity_lp] finalized_level 9
21/07/2013 16:56:12.064495 [scalalin_riversandstreams_1000_proximity_lp] initialized_level 8
21/07/2013 16:56:12.073692 [scalalin_riversandstreams_1000_proximity_lp] found_conflicts 8
21/07/2013 16:56:12.077414 [scalalin_riversandstreams_1000_proximity_lp] resolved_conflicts 8
21/07/2013 16:56:12.078579 [scalalin_riversandstreams_1000_proximity_lp] finalized_level 8
21/07/2013 16:56:12.080898 [scalalin_riversandstreams_1000_proximity_lp] initialized_level 7
21/07/2013 16:56:12.091724 [scalalin_riversandstreams_1000_proximity_lp] found_conflicts 7
21/07/2013 16:56:12.096067 [scalalin_riversandstreams_1000_proximity_lp] resolved_conflicts 7
21/07/2013 16:56:12.097206 [scalalin_riversandstreams_1000_proximity_lp] finalized_level 7
21/07/2013 16:56:12.099527 [scalalin_riversandstreams_1000_proximity_lp] initialized_level 6
21/07/2013 16:56:12.113683 [scalalin_riversandstreams_1000_proximity_lp] found_conflicts 6
21/07/2013 16:56:12.117939 [scalalin_riversandstreams_1000_proximity_lp] resolved_conflicts 6
21/07/2013 16:56:12.119109 [scalalin_riversandstreams_1000_proximity_lp] finalized_level 6
21/07/2013 16:56:12.121461 [scalalin_riversandstreams_1000_proximity_lp] initialized_level 5
21/07/2013 16:56:12.132740 [scalalin_riversandstreams_1000_proximity_lp] found_conflicts 5
21/07/2013 16:56:12.136786 [scalalin_riversandstreams_1000_proximity_lp] resolved_conflicts 5
21/07/2013 16:56:12.137958 [scalalin_riversandstreams_1000_proximity_lp] finalized_level 5
21/07/2013 16:56:12.140262 [scalalin_riversandstreams_1000_proximity_lp] initialized_level 4
21/07/2013 16:56:12.147572 [scalalin_riversandstreams_1000_proximity_lp] found_conflicts 4
21/07/2013 16:56:12.151515 [scalalin_riversandstreams_1000_proximity_lp] resolved_conflicts 4
21/07/2013 16:56:12.152666 [scalalin_riversandstreams_1000_proximity_lp] finalized_level 4
21/07/2013 16:56:12.155057 [scalalin_riversandstreams_1000_proximity_lp] initialized_level 3
21/07/2013 16:56:12.160696 [scalalin_riversandstreams_1000_proximity_lp] found_conflicts 3
21/07/2013 16:56:12.164300 [scalalin_riversandstreams_1000_proximity_lp] resolved_conflicts 3
21/07/2013 16:56:12.165456 [scalalin_riversandstreams_1000_proximity_lp] finalized_level 3
21/07/2013 16:56:12.167840 [scalalin_riversandstreams_1000_proximity_lp] initialized_level 2
21/07/2013 16:56:12.172393 [scalalin_riversandstreams_1000_proximity_lp] found_conflicts 2
21/07/2013 16:56:12.176400 [scalalin_riversandstreams_1000_proximity_lp] resolved_conflicts 2
21/07/2013 16:56:12.177560 [scalalin_riversandstreams_1000_proximity_lp] finalized_level 2
21/07/2013 16:56:12.180082 [scalalin_riversandstreams_1000_proximity_lp] initialized_level 1
21/07/2013 16:56:12.183751 [scalalin_riversandstreams_1000_proximity_lp] found_conflicts 1
21/07/2013 16:56:12.187290 [scalalin_riversandstreams_1000_proximity_lp] resolved_conflicts 1
21/07/2013 16:56:12.188459 [scalalin_riversandstreams_1000_proximity_lp] finalized_level 1
21/07/2013 16:56:12.190866 [scalalin_riversandstreams_1000_proximity_lp] initialized_level 0
21/07/2013 16:56:12.192913 [scalalin_riversandstreams_1000_proximity_lp] found_conflicts 0
21/07/2013 16:56:12.194159 [scalalin_riversandstreams_1000_proximity_lp] resolved_conflicts 0
21/07/2013 16:56:12.195311 [scalalin_riversandstreams_1000_proximity_lp] finalized_level 0
21/07/2013 16:56:12.353149 [scalalin_riversandstreams_1000_proximity_lp] COMMIT
21/07/2013 16:56:36.376443 [scalalin_riversandstreams_2000_proximity_heuristic] BEGIN_TRANSACTION
21/07/2013 16:56:37.257076 [scalalin_riversandstreams_2000_proximity_heuristic] initialized
21/07/2013 16:56:37.257450 [scalalin_riversandstreams_2000_proximity_heuristic] solver "heuristic"
21/07/2013 16:56:37.257760 [scalalin_riversandstreams_2000_proximity_heuristic] constraints "proximity(10,)"
21/07/2013 16:56:37.334845 [scalalin_riversandstreams_2000_proximity_heuristic] inputstats {'geometry_types': ['MULTILINESTRING'], 'input': '(select * from lin_30k_uswaterway where x_order <= 2000) t', 'total_rank': 158985.00559253249, 'total_recs': 2000L}
21/07/2013 16:56:37.337769 [scalalin_riversandstreams_2000_proximity_heuristic] initialized_level 9
21/07/2013 17:27:54.145126 [scalalin_riversandstreams_2000_proximity_heuristic] found_conflicts 9
21/07/2013 17:27:54.388056 [scalalin_riversandstreams_2000_proximity_heuristic] resolved_conflicts 9
21/07/2013 17:27:54.389553 [scalalin_riversandstreams_2000_proximity_heuristic] finalized_level 9
21/07/2013 17:27:54.392686 [scalalin_riversandstreams_2000_proximity_heuristic] initialized_level 8
21/07/2013 17:27:54.904165 [scalalin_riversandstreams_2000_proximity_heuristic] found_conflicts 8
21/07/2013 17:27:54.905721 [scalalin_riversandstreams_2000_proximity_heuristic] resolved_conflicts 8
21/07/2013 17:27:54.906972 [scalalin_riversandstreams_2000_proximity_heuristic] finalized_level 8
21/07/2013 17:27:54.909475 [scalalin_riversandstreams_2000_proximity_heuristic] initialized_level 7
21/07/2013 17:27:55.405600 [scalalin_riversandstreams_2000_proximity_heuristic] found_conflicts 7
21/07/2013 17:27:55.407447 [scalalin_riversandstreams_2000_proximity_heuristic] resolved_conflicts 7
21/07/2013 17:27:55.408731 [scalalin_riversandstreams_2000_proximity_heuristic] finalized_level 7
21/07/2013 17:27:55.411253 [scalalin_riversandstreams_2000_proximity_heuristic] initialized_level 6
21/07/2013 17:27:55.823695 [scalalin_riversandstreams_2000_proximity_heuristic] found_conflicts 6
21/07/2013 17:27:55.825493 [scalalin_riversandstreams_2000_proximity_heuristic] resolved_conflicts 6
21/07/2013 17:27:55.826739 [scalalin_riversandstreams_2000_proximity_heuristic] finalized_level 6
21/07/2013 17:27:55.829234 [scalalin_riversandstreams_2000_proximity_heuristic] initialized_level 5
21/07/2013 17:27:56.148183 [scalalin_riversandstreams_2000_proximity_heuristic] found_conflicts 5
21/07/2013 17:27:56.149864 [scalalin_riversandstreams_2000_proximity_heuristic] resolved_conflicts 5
21/07/2013 17:27:56.151009 [scalalin_riversandstreams_2000_proximity_heuristic] finalized_level 5
21/07/2013 17:27:56.153370 [scalalin_riversandstreams_2000_proximity_heuristic] initialized_level 4
21/07/2013 17:27:56.258225 [scalalin_riversandstreams_2000_proximity_heuristic] found_conflicts 4
21/07/2013 17:27:56.259598 [scalalin_riversandstreams_2000_proximity_heuristic] resolved_conflicts 4
21/07/2013 17:27:56.260764 [scalalin_riversandstreams_2000_proximity_heuristic] finalized_level 4
21/07/2013 17:27:56.263185 [scalalin_riversandstreams_2000_proximity_heuristic] initialized_level 3
21/07/2013 17:27:56.295825 [scalalin_riversandstreams_2000_proximity_heuristic] found_conflicts 3
21/07/2013 17:27:56.296910 [scalalin_riversandstreams_2000_proximity_heuristic] resolved_conflicts 3
21/07/2013 17:27:56.298097 [scalalin_riversandstreams_2000_proximity_heuristic] finalized_level 3
21/07/2013 17:27:56.300438 [scalalin_riversandstreams_2000_proximity_heuristic] initialized_level 2
21/07/2013 17:27:56.305667 [scalalin_riversandstreams_2000_proximity_heuristic] found_conflicts 2
21/07/2013 17:27:56.306594 [scalalin_riversandstreams_2000_proximity_heuristic] resolved_conflicts 2
21/07/2013 17:27:56.307749 [scalalin_riversandstreams_2000_proximity_heuristic] finalized_level 2
21/07/2013 17:27:56.310288 [scalalin_riversandstreams_2000_proximity_heuristic] initialized_level 1
21/07/2013 17:27:56.315504 [scalalin_riversandstreams_2000_proximity_heuristic] found_conflicts 1
21/07/2013 17:27:56.316435 [scalalin_riversandstreams_2000_proximity_heuristic] resolved_conflicts 1
21/07/2013 17:27:56.317588 [scalalin_riversandstreams_2000_proximity_heuristic] finalized_level 1
21/07/2013 17:27:56.320027 [scalalin_riversandstreams_2000_proximity_heuristic] initialized_level 0
21/07/2013 17:27:56.325244 [scalalin_riversandstreams_2000_proximity_heuristic] found_conflicts 0
21/07/2013 17:27:56.326191 [scalalin_riversandstreams_2000_proximity_heuristic] resolved_conflicts 0
21/07/2013 17:27:56.327346 [scalalin_riversandstreams_2000_proximity_heuristic] finalized_level 0
21/07/2013 17:27:56.558197 [scalalin_riversandstreams_2000_proximity_heuristic] COMMIT
21/07/2013 17:27:56.558694 [scalalin_riversandstreams_2000_cellbound_lp] BEGIN_TRANSACTION
21/07/2013 17:27:57.465523 [scalalin_riversandstreams_2000_cellbound_lp] initialized
21/07/2013 17:27:57.465897 [scalalin_riversandstreams_2000_cellbound_lp] solver "lp"
21/07/2013 17:27:57.466207 [scalalin_riversandstreams_2000_cellbound_lp] constraints "cellbound(16,)"
21/07/2013 17:27:57.543321 [scalalin_riversandstreams_2000_cellbound_lp] inputstats {'geometry_types': ['MULTILINESTRING'], 'input': '(select * from lin_30k_uswaterway where x_order <= 2000) t', 'total_rank': 158985.00559253249, 'total_recs': 2000L}
21/07/2013 17:27:57.546392 [scalalin_riversandstreams_2000_cellbound_lp] initialized_level 9
21/07/2013 17:28:07.632892 [scalalin_riversandstreams_2000_cellbound_lp] found_conflicts 9
21/07/2013 17:28:10.603341 [scalalin_riversandstreams_2000_cellbound_lp] resolved_conflicts 9
21/07/2013 17:28:10.604672 [scalalin_riversandstreams_2000_cellbound_lp] finalized_level 9
21/07/2013 17:28:10.607169 [scalalin_riversandstreams_2000_cellbound_lp] initialized_level 8
21/07/2013 17:28:14.037730 [scalalin_riversandstreams_2000_cellbound_lp] found_conflicts 8
21/07/2013 17:28:14.074247 [scalalin_riversandstreams_2000_cellbound_lp] resolved_conflicts 8
21/07/2013 17:28:14.075440 [scalalin_riversandstreams_2000_cellbound_lp] finalized_level 8
21/07/2013 17:28:14.077931 [scalalin_riversandstreams_2000_cellbound_lp] initialized_level 7
21/07/2013 17:28:16.468717 [scalalin_riversandstreams_2000_cellbound_lp] found_conflicts 7
21/07/2013 17:28:16.499108 [scalalin_riversandstreams_2000_cellbound_lp] resolved_conflicts 7
21/07/2013 17:28:16.500274 [scalalin_riversandstreams_2000_cellbound_lp] finalized_level 7
21/07/2013 17:28:16.502714 [scalalin_riversandstreams_2000_cellbound_lp] initialized_level 6
21/07/2013 17:28:18.076940 [scalalin_riversandstreams_2000_cellbound_lp] found_conflicts 6
21/07/2013 17:28:18.089308 [scalalin_riversandstreams_2000_cellbound_lp] resolved_conflicts 6
21/07/2013 17:28:18.090493 [scalalin_riversandstreams_2000_cellbound_lp] finalized_level 6
21/07/2013 17:28:18.092906 [scalalin_riversandstreams_2000_cellbound_lp] initialized_level 5
21/07/2013 17:28:19.220156 [scalalin_riversandstreams_2000_cellbound_lp] found_conflicts 5
21/07/2013 17:28:19.226520 [scalalin_riversandstreams_2000_cellbound_lp] resolved_conflicts 5
21/07/2013 17:28:19.227708 [scalalin_riversandstreams_2000_cellbound_lp] finalized_level 5
21/07/2013 17:28:19.230342 [scalalin_riversandstreams_2000_cellbound_lp] initialized_level 4
21/07/2013 17:28:20.220609 [scalalin_riversandstreams_2000_cellbound_lp] found_conflicts 4
21/07/2013 17:28:20.228558 [scalalin_riversandstreams_2000_cellbound_lp] resolved_conflicts 4
21/07/2013 17:28:20.229780 [scalalin_riversandstreams_2000_cellbound_lp] finalized_level 4
21/07/2013 17:28:20.232410 [scalalin_riversandstreams_2000_cellbound_lp] initialized_level 3
21/07/2013 17:28:21.135480 [scalalin_riversandstreams_2000_cellbound_lp] found_conflicts 3
21/07/2013 17:28:21.140165 [scalalin_riversandstreams_2000_cellbound_lp] resolved_conflicts 3
21/07/2013 17:28:21.141362 [scalalin_riversandstreams_2000_cellbound_lp] finalized_level 3
21/07/2013 17:28:21.143845 [scalalin_riversandstreams_2000_cellbound_lp] initialized_level 2
21/07/2013 17:28:21.985341 [scalalin_riversandstreams_2000_cellbound_lp] found_conflicts 2
21/07/2013 17:28:21.990343 [scalalin_riversandstreams_2000_cellbound_lp] resolved_conflicts 2
21/07/2013 17:28:21.991543 [scalalin_riversandstreams_2000_cellbound_lp] finalized_level 2
21/07/2013 17:28:21.994204 [scalalin_riversandstreams_2000_cellbound_lp] initialized_level 1
21/07/2013 17:28:22.798553 [scalalin_riversandstreams_2000_cellbound_lp] found_conflicts 1
21/07/2013 17:28:22.799945 [scalalin_riversandstreams_2000_cellbound_lp] resolved_conflicts 1
21/07/2013 17:28:22.801135 [scalalin_riversandstreams_2000_cellbound_lp] finalized_level 1
21/07/2013 17:28:22.803709 [scalalin_riversandstreams_2000_cellbound_lp] initialized_level 0
21/07/2013 17:28:23.608919 [scalalin_riversandstreams_2000_cellbound_lp] found_conflicts 0
21/07/2013 17:28:23.610330 [scalalin_riversandstreams_2000_cellbound_lp] resolved_conflicts 0
21/07/2013 17:28:23.611529 [scalalin_riversandstreams_2000_cellbound_lp] finalized_level 0
21/07/2013 17:28:23.673403 [scalalin_riversandstreams_2000_cellbound_lp] COMMIT
21/07/2013 17:28:23.673911 [scalalin_riversandstreams_2000_proximity_lp] BEGIN_TRANSACTION
21/07/2013 17:28:24.589389 [scalalin_riversandstreams_2000_proximity_lp] initialized
21/07/2013 17:28:24.589743 [scalalin_riversandstreams_2000_proximity_lp] solver "lp"
21/07/2013 17:28:24.590065 [scalalin_riversandstreams_2000_proximity_lp] constraints "proximity(10,)"
21/07/2013 17:28:24.666901 [scalalin_riversandstreams_2000_proximity_lp] inputstats {'geometry_types': ['MULTILINESTRING'], 'input': '(select * from lin_30k_uswaterway where x_order <= 2000) t', 'total_rank': 158985.00559253249, 'total_recs': 2000L}
21/07/2013 17:28:24.669750 [scalalin_riversandstreams_2000_proximity_lp] initialized_level 9
21/07/2013 17:59:51.164583 [scalalin_riversandstreams_2000_proximity_lp] found_conflicts 9
21/07/2013 18:00:30.637470 [scalalin_riversandstreams_2000_proximity_lp] resolved_conflicts 9
21/07/2013 18:00:30.639042 [scalalin_riversandstreams_2000_proximity_lp] finalized_level 9
21/07/2013 18:00:30.642123 [scalalin_riversandstreams_2000_proximity_lp] initialized_level 8
21/07/2013 18:00:30.659836 [scalalin_riversandstreams_2000_proximity_lp] found_conflicts 8
21/07/2013 18:00:30.663777 [scalalin_riversandstreams_2000_proximity_lp] resolved_conflicts 8
21/07/2013 18:00:30.664938 [scalalin_riversandstreams_2000_proximity_lp] finalized_level 8
21/07/2013 18:00:30.667291 [scalalin_riversandstreams_2000_proximity_lp] initialized_level 7
21/07/2013 18:00:30.686401 [scalalin_riversandstreams_2000_proximity_lp] found_conflicts 7
21/07/2013 18:00:30.690564 [scalalin_riversandstreams_2000_proximity_lp] resolved_conflicts 7
21/07/2013 18:00:30.691704 [scalalin_riversandstreams_2000_proximity_lp] finalized_level 7
21/07/2013 18:00:30.694049 [scalalin_riversandstreams_2000_proximity_lp] initialized_level 6
21/07/2013 18:00:30.720692 [scalalin_riversandstreams_2000_proximity_lp] found_conflicts 6
21/07/2013 18:00:30.725258 [scalalin_riversandstreams_2000_proximity_lp] resolved_conflicts 6
21/07/2013 18:00:30.726430 [scalalin_riversandstreams_2000_proximity_lp] finalized_level 6
21/07/2013 18:00:30.728762 [scalalin_riversandstreams_2000_proximity_lp] initialized_level 5
21/07/2013 18:00:30.752029 [scalalin_riversandstreams_2000_proximity_lp] found_conflicts 5
21/07/2013 18:00:30.756507 [scalalin_riversandstreams_2000_proximity_lp] resolved_conflicts 5
21/07/2013 18:00:30.757666 [scalalin_riversandstreams_2000_proximity_lp] finalized_level 5
21/07/2013 18:00:30.760017 [scalalin_riversandstreams_2000_proximity_lp] initialized_level 4
21/07/2013 18:00:30.775491 [scalalin_riversandstreams_2000_proximity_lp] found_conflicts 4
21/07/2013 18:00:30.779662 [scalalin_riversandstreams_2000_proximity_lp] resolved_conflicts 4
21/07/2013 18:00:30.780804 [scalalin_riversandstreams_2000_proximity_lp] finalized_level 4
21/07/2013 18:00:30.783211 [scalalin_riversandstreams_2000_proximity_lp] initialized_level 3
21/07/2013 18:00:30.795272 [scalalin_riversandstreams_2000_proximity_lp] found_conflicts 3
21/07/2013 18:00:30.799085 [scalalin_riversandstreams_2000_proximity_lp] resolved_conflicts 3
21/07/2013 18:00:30.800230 [scalalin_riversandstreams_2000_proximity_lp] finalized_level 3
21/07/2013 18:00:30.802606 [scalalin_riversandstreams_2000_proximity_lp] initialized_level 2
21/07/2013 18:00:30.812575 [scalalin_riversandstreams_2000_proximity_lp] found_conflicts 2
21/07/2013 18:00:30.816657 [scalalin_riversandstreams_2000_proximity_lp] resolved_conflicts 2
21/07/2013 18:00:30.817835 [scalalin_riversandstreams_2000_proximity_lp] finalized_level 2
21/07/2013 18:00:30.820240 [scalalin_riversandstreams_2000_proximity_lp] initialized_level 1
21/07/2013 18:00:30.826691 [scalalin_riversandstreams_2000_proximity_lp] found_conflicts 1
21/07/2013 18:00:30.830363 [scalalin_riversandstreams_2000_proximity_lp] resolved_conflicts 1
21/07/2013 18:00:30.831516 [scalalin_riversandstreams_2000_proximity_lp] finalized_level 1
21/07/2013 18:00:30.834114 [scalalin_riversandstreams_2000_proximity_lp] initialized_level 0
21/07/2013 18:00:30.837097 [scalalin_riversandstreams_2000_proximity_lp] found_conflicts 0
21/07/2013 18:00:30.838361 [scalalin_riversandstreams_2000_proximity_lp] resolved_conflicts 0
21/07/2013 18:00:30.839509 [scalalin_riversandstreams_2000_proximity_lp] finalized_level 0
21/07/2013 18:00:31.084399 [scalalin_riversandstreams_2000_proximity_lp] COMMIT
21/07/2013 18:01:00.159579 [scalalin_riversandstreams_4000_proximity_heuristic] BEGIN_TRANSACTION
21/07/2013 18:01:01.364581 [scalalin_riversandstreams_4000_proximity_heuristic] initialized
21/07/2013 18:01:01.364956 [scalalin_riversandstreams_4000_proximity_heuristic] solver "heuristic"
21/07/2013 18:01:01.365265 [scalalin_riversandstreams_4000_proximity_heuristic] constraints "proximity(10,)"
21/07/2013 18:01:01.470473 [scalalin_riversandstreams_4000_proximity_heuristic] inputstats {'geometry_types': ['MULTILINESTRING'], 'input': '(select * from lin_30k_uswaterway where x_order <= 4000) t', 'total_rank': 224473.06275356305, 'total_recs': 4000L}
21/07/2013 18:01:01.473450 [scalalin_riversandstreams_4000_proximity_heuristic] initialized_level 9
21/07/2013 18:59:47.999375 [scalalin_riversandstreams_4000_proximity_heuristic] found_conflicts 9
21/07/2013 18:59:48.440035 [scalalin_riversandstreams_4000_proximity_heuristic] resolved_conflicts 9
21/07/2013 18:59:48.441549 [scalalin_riversandstreams_4000_proximity_heuristic] finalized_level 9
21/07/2013 18:59:48.444692 [scalalin_riversandstreams_4000_proximity_heuristic] initialized_level 8
21/07/2013 18:59:50.713364 [scalalin_riversandstreams_4000_proximity_heuristic] found_conflicts 8
21/07/2013 18:59:50.715354 [scalalin_riversandstreams_4000_proximity_heuristic] resolved_conflicts 8
21/07/2013 18:59:50.716606 [scalalin_riversandstreams_4000_proximity_heuristic] finalized_level 8
21/07/2013 18:59:50.719124 [scalalin_riversandstreams_4000_proximity_heuristic] initialized_level 7
21/07/2013 18:59:52.760713 [scalalin_riversandstreams_4000_proximity_heuristic] found_conflicts 7
21/07/2013 18:59:52.762784 [scalalin_riversandstreams_4000_proximity_heuristic] resolved_conflicts 7
21/07/2013 18:59:52.764020 [scalalin_riversandstreams_4000_proximity_heuristic] finalized_level 7
21/07/2013 18:59:52.766883 [scalalin_riversandstreams_4000_proximity_heuristic] initialized_level 6
21/07/2013 18:59:54.629549 [scalalin_riversandstreams_4000_proximity_heuristic] found_conflicts 6
21/07/2013 18:59:54.632120 [scalalin_riversandstreams_4000_proximity_heuristic] resolved_conflicts 6
21/07/2013 18:59:54.633365 [scalalin_riversandstreams_4000_proximity_heuristic] finalized_level 6
21/07/2013 18:59:54.635857 [scalalin_riversandstreams_4000_proximity_heuristic] initialized_level 5
21/07/2013 18:59:55.300530 [scalalin_riversandstreams_4000_proximity_heuristic] found_conflicts 5
21/07/2013 18:59:55.302598 [scalalin_riversandstreams_4000_proximity_heuristic] resolved_conflicts 5
21/07/2013 18:59:55.303767 [scalalin_riversandstreams_4000_proximity_heuristic] finalized_level 5
21/07/2013 18:59:55.306256 [scalalin_riversandstreams_4000_proximity_heuristic] initialized_level 4
21/07/2013 18:59:55.724305 [scalalin_riversandstreams_4000_proximity_heuristic] found_conflicts 4
21/07/2013 18:59:55.731480 [scalalin_riversandstreams_4000_proximity_heuristic] resolved_conflicts 4
21/07/2013 18:59:55.732662 [scalalin_riversandstreams_4000_proximity_heuristic] finalized_level 4
21/07/2013 18:59:55.735295 [scalalin_riversandstreams_4000_proximity_heuristic] initialized_level 3
21/07/2013 18:59:55.985202 [scalalin_riversandstreams_4000_proximity_heuristic] found_conflicts 3
21/07/2013 18:59:55.986917 [scalalin_riversandstreams_4000_proximity_heuristic] resolved_conflicts 3
21/07/2013 18:59:55.988099 [scalalin_riversandstreams_4000_proximity_heuristic] finalized_level 3
21/07/2013 18:59:55.990514 [scalalin_riversandstreams_4000_proximity_heuristic] initialized_level 2
21/07/2013 18:59:55.997657 [scalalin_riversandstreams_4000_proximity_heuristic] found_conflicts 2
21/07/2013 18:59:55.998588 [scalalin_riversandstreams_4000_proximity_heuristic] resolved_conflicts 2
21/07/2013 18:59:55.999741 [scalalin_riversandstreams_4000_proximity_heuristic] finalized_level 2
21/07/2013 18:59:56.002160 [scalalin_riversandstreams_4000_proximity_heuristic] initialized_level 1
21/07/2013 18:59:56.009265 [scalalin_riversandstreams_4000_proximity_heuristic] found_conflicts 1
21/07/2013 18:59:56.010226 [scalalin_riversandstreams_4000_proximity_heuristic] resolved_conflicts 1
21/07/2013 18:59:56.011381 [scalalin_riversandstreams_4000_proximity_heuristic] finalized_level 1
21/07/2013 18:59:56.013892 [scalalin_riversandstreams_4000_proximity_heuristic] initialized_level 0
21/07/2013 18:59:56.020987 [scalalin_riversandstreams_4000_proximity_heuristic] found_conflicts 0
21/07/2013 18:59:56.021932 [scalalin_riversandstreams_4000_proximity_heuristic] resolved_conflicts 0
21/07/2013 18:59:56.023093 [scalalin_riversandstreams_4000_proximity_heuristic] finalized_level 0
21/07/2013 18:59:56.086275 [scalalin_riversandstreams_4000_proximity_heuristic] COMMIT
21/07/2013 18:59:56.086768 [scalalin_riversandstreams_4000_cellbound_lp] BEGIN_TRANSACTION
21/07/2013 18:59:57.257234 [scalalin_riversandstreams_4000_cellbound_lp] initialized
21/07/2013 18:59:57.257609 [scalalin_riversandstreams_4000_cellbound_lp] solver "lp"
21/07/2013 18:59:57.257933 [scalalin_riversandstreams_4000_cellbound_lp] constraints "cellbound(16,)"
21/07/2013 18:59:57.363522 [scalalin_riversandstreams_4000_cellbound_lp] inputstats {'geometry_types': ['MULTILINESTRING'], 'input': '(select * from lin_30k_uswaterway where x_order <= 4000) t', 'total_rank': 224473.06275356305, 'total_recs': 4000L}
21/07/2013 18:59:57.366551 [scalalin_riversandstreams_4000_cellbound_lp] initialized_level 9
21/07/2013 19:00:11.337859 [scalalin_riversandstreams_4000_cellbound_lp] found_conflicts 9
21/07/2013 19:00:25.735465 [scalalin_riversandstreams_4000_cellbound_lp] resolved_conflicts 9
21/07/2013 19:00:25.736913 [scalalin_riversandstreams_4000_cellbound_lp] finalized_level 9
21/07/2013 19:00:25.739565 [scalalin_riversandstreams_4000_cellbound_lp] initialized_level 8
21/07/2013 19:00:30.245499 [scalalin_riversandstreams_4000_cellbound_lp] found_conflicts 8
21/07/2013 19:00:30.381358 [scalalin_riversandstreams_4000_cellbound_lp] resolved_conflicts 8
21/07/2013 19:00:30.382632 [scalalin_riversandstreams_4000_cellbound_lp] finalized_level 8
21/07/2013 19:00:30.385121 [scalalin_riversandstreams_4000_cellbound_lp] initialized_level 7
21/07/2013 19:00:33.159582 [scalalin_riversandstreams_4000_cellbound_lp] found_conflicts 7
21/07/2013 19:00:33.220286 [scalalin_riversandstreams_4000_cellbound_lp] resolved_conflicts 7
21/07/2013 19:00:33.221521 [scalalin_riversandstreams_4000_cellbound_lp] finalized_level 7
21/07/2013 19:00:33.224055 [scalalin_riversandstreams_4000_cellbound_lp] initialized_level 6
21/07/2013 19:00:34.917054 [scalalin_riversandstreams_4000_cellbound_lp] found_conflicts 6
21/07/2013 19:00:34.932896 [scalalin_riversandstreams_4000_cellbound_lp] resolved_conflicts 6
21/07/2013 19:00:34.934091 [scalalin_riversandstreams_4000_cellbound_lp] finalized_level 6
21/07/2013 19:00:34.936527 [scalalin_riversandstreams_4000_cellbound_lp] initialized_level 5
21/07/2013 19:00:36.113645 [scalalin_riversandstreams_4000_cellbound_lp] found_conflicts 5
21/07/2013 19:00:36.122320 [scalalin_riversandstreams_4000_cellbound_lp] resolved_conflicts 5
21/07/2013 19:00:36.123499 [scalalin_riversandstreams_4000_cellbound_lp] finalized_level 5
21/07/2013 19:00:36.125953 [scalalin_riversandstreams_4000_cellbound_lp] initialized_level 4
21/07/2013 19:00:37.134994 [scalalin_riversandstreams_4000_cellbound_lp] found_conflicts 4
21/07/2013 19:00:37.145155 [scalalin_riversandstreams_4000_cellbound_lp] resolved_conflicts 4
21/07/2013 19:00:37.146370 [scalalin_riversandstreams_4000_cellbound_lp] finalized_level 4
21/07/2013 19:00:37.148849 [scalalin_riversandstreams_4000_cellbound_lp] initialized_level 3
21/07/2013 19:00:38.012404 [scalalin_riversandstreams_4000_cellbound_lp] found_conflicts 3
21/07/2013 19:00:38.018560 [scalalin_riversandstreams_4000_cellbound_lp] resolved_conflicts 3
21/07/2013 19:00:38.019757 [scalalin_riversandstreams_4000_cellbound_lp] finalized_level 3
21/07/2013 19:00:38.022246 [scalalin_riversandstreams_4000_cellbound_lp] initialized_level 2
21/07/2013 19:00:38.824146 [scalalin_riversandstreams_4000_cellbound_lp] found_conflicts 2
21/07/2013 19:00:38.829244 [scalalin_riversandstreams_4000_cellbound_lp] resolved_conflicts 2
21/07/2013 19:00:38.830460 [scalalin_riversandstreams_4000_cellbound_lp] finalized_level 2
21/07/2013 19:00:38.833002 [scalalin_riversandstreams_4000_cellbound_lp] initialized_level 1
21/07/2013 19:00:39.573306 [scalalin_riversandstreams_4000_cellbound_lp] found_conflicts 1
21/07/2013 19:00:39.574723 [scalalin_riversandstreams_4000_cellbound_lp] resolved_conflicts 1
21/07/2013 19:00:39.575926 [scalalin_riversandstreams_4000_cellbound_lp] finalized_level 1
21/07/2013 19:00:39.578479 [scalalin_riversandstreams_4000_cellbound_lp] initialized_level 0
21/07/2013 19:00:40.320102 [scalalin_riversandstreams_4000_cellbound_lp] found_conflicts 0
21/07/2013 19:00:40.321507 [scalalin_riversandstreams_4000_cellbound_lp] resolved_conflicts 0
21/07/2013 19:00:40.322732 [scalalin_riversandstreams_4000_cellbound_lp] finalized_level 0
21/07/2013 19:00:40.389241 [scalalin_riversandstreams_4000_cellbound_lp] COMMIT
21/07/2013 19:00:40.389748 [scalalin_riversandstreams_4000_proximity_lp] BEGIN_TRANSACTION
21/07/2013 19:00:41.542537 [scalalin_riversandstreams_4000_proximity_lp] initialized
21/07/2013 19:00:41.542921 [scalalin_riversandstreams_4000_proximity_lp] solver "lp"
21/07/2013 19:00:41.543228 [scalalin_riversandstreams_4000_proximity_lp] constraints "proximity(10,)"
21/07/2013 19:00:41.648512 [scalalin_riversandstreams_4000_proximity_lp] inputstats {'geometry_types': ['MULTILINESTRING'], 'input': '(select * from lin_30k_uswaterway where x_order <= 4000) t', 'total_rank': 224473.06275356305, 'total_recs': 4000L}
21/07/2013 19:00:41.651517 [scalalin_riversandstreams_4000_proximity_lp] initialized_level 9
21/07/2013 19:59:33.354355 [scalalin_riversandstreams_4000_proximity_lp] found_conflicts 9
21/07/2013 20:01:30.444591 [scalalin_riversandstreams_4000_proximity_lp] resolved_conflicts 9
21/07/2013 20:01:30.446232 [scalalin_riversandstreams_4000_proximity_lp] finalized_level 9
21/07/2013 20:01:30.449300 [scalalin_riversandstreams_4000_proximity_lp] initialized_level 8
21/07/2013 20:01:30.568349 [scalalin_riversandstreams_4000_proximity_lp] found_conflicts 8
21/07/2013 20:01:30.573443 [scalalin_riversandstreams_4000_proximity_lp] resolved_conflicts 8
21/07/2013 20:01:30.574619 [scalalin_riversandstreams_4000_proximity_lp] finalized_level 8
21/07/2013 20:01:30.577009 [scalalin_riversandstreams_4000_proximity_lp] initialized_level 7
21/07/2013 20:01:30.684182 [scalalin_riversandstreams_4000_proximity_lp] found_conflicts 7
21/07/2013 20:01:30.689312 [scalalin_riversandstreams_4000_proximity_lp] resolved_conflicts 7
21/07/2013 20:01:30.690473 [scalalin_riversandstreams_4000_proximity_lp] finalized_level 7
21/07/2013 20:01:30.692796 [scalalin_riversandstreams_4000_proximity_lp] initialized_level 6
21/07/2013 20:01:30.814127 [scalalin_riversandstreams_4000_proximity_lp] found_conflicts 6
21/07/2013 20:01:30.823555 [scalalin_riversandstreams_4000_proximity_lp] resolved_conflicts 6
21/07/2013 20:01:30.825051 [scalalin_riversandstreams_4000_proximity_lp] finalized_level 6
21/07/2013 20:01:30.828002 [scalalin_riversandstreams_4000_proximity_lp] initialized_level 5
21/07/2013 20:01:30.919156 [scalalin_riversandstreams_4000_proximity_lp] found_conflicts 5
21/07/2013 20:01:30.925843 [scalalin_riversandstreams_4000_proximity_lp] resolved_conflicts 5
21/07/2013 20:01:30.927060 [scalalin_riversandstreams_4000_proximity_lp] finalized_level 5
21/07/2013 20:01:30.929487 [scalalin_riversandstreams_4000_proximity_lp] initialized_level 4
21/07/2013 20:01:30.992437 [scalalin_riversandstreams_4000_proximity_lp] found_conflicts 4
21/07/2013 20:01:30.997847 [scalalin_riversandstreams_4000_proximity_lp] resolved_conflicts 4
21/07/2013 20:01:30.999010 [scalalin_riversandstreams_4000_proximity_lp] finalized_level 4
21/07/2013 20:01:31.001402 [scalalin_riversandstreams_4000_proximity_lp] initialized_level 3
21/07/2013 20:01:31.039125 [scalalin_riversandstreams_4000_proximity_lp] found_conflicts 3
21/07/2013 20:01:31.044086 [scalalin_riversandstreams_4000_proximity_lp] resolved_conflicts 3
21/07/2013 20:01:31.045259 [scalalin_riversandstreams_4000_proximity_lp] finalized_level 3
21/07/2013 20:01:31.047672 [scalalin_riversandstreams_4000_proximity_lp] initialized_level 2
21/07/2013 20:01:31.067284 [scalalin_riversandstreams_4000_proximity_lp] found_conflicts 2
21/07/2013 20:01:31.072612 [scalalin_riversandstreams_4000_proximity_lp] resolved_conflicts 2
21/07/2013 20:01:31.074202 [scalalin_riversandstreams_4000_proximity_lp] finalized_level 2
21/07/2013 20:01:31.077178 [scalalin_riversandstreams_4000_proximity_lp] initialized_level 1
21/07/2013 20:01:31.088733 [scalalin_riversandstreams_4000_proximity_lp] found_conflicts 1
21/07/2013 20:01:31.093115 [scalalin_riversandstreams_4000_proximity_lp] resolved_conflicts 1
21/07/2013 20:01:31.094596 [scalalin_riversandstreams_4000_proximity_lp] finalized_level 1
21/07/2013 20:01:31.097391 [scalalin_riversandstreams_4000_proximity_lp] initialized_level 0
21/07/2013 20:01:31.103442 [scalalin_riversandstreams_4000_proximity_lp] found_conflicts 0
21/07/2013 20:01:31.104803 [scalalin_riversandstreams_4000_proximity_lp] resolved_conflicts 0
21/07/2013 20:01:31.106274 [scalalin_riversandstreams_4000_proximity_lp] finalized_level 0
21/07/2013 20:01:31.299868 [scalalin_riversandstreams_4000_proximity_lp] COMMIT
21/07/2013 20:02:10.881868 [scalalin_riversandstreams_8000_proximity_heuristic] BEGIN_TRANSACTION
21/07/2013 20:02:12.628441 [scalalin_riversandstreams_8000_proximity_heuristic] initialized
21/07/2013 20:02:12.628806 [scalalin_riversandstreams_8000_proximity_heuristic] solver "heuristic"
21/07/2013 20:02:12.629117 [scalalin_riversandstreams_8000_proximity_heuristic] constraints "proximity(10,)"
21/07/2013 20:02:12.784156 [scalalin_riversandstreams_8000_proximity_heuristic] inputstats {'geometry_types': ['MULTILINESTRING'], 'input': '(select * from lin_30k_uswaterway where x_order <= 8000) t', 'total_rank': 342200.1662744559, 'total_recs': 8000L}
21/07/2013 20:02:12.787390 [scalalin_riversandstreams_8000_proximity_heuristic] initialized_level 9
21/07/2013 22:01:24.597553 [scalalin_riversandstreams_8000_proximity_heuristic] found_conflicts 9
21/07/2013 22:01:25.448041 [scalalin_riversandstreams_8000_proximity_heuristic] resolved_conflicts 9
21/07/2013 22:01:25.449632 [scalalin_riversandstreams_8000_proximity_heuristic] finalized_level 9
21/07/2013 22:01:25.452988 [scalalin_riversandstreams_8000_proximity_heuristic] initialized_level 8
21/07/2013 22:01:33.446230 [scalalin_riversandstreams_8000_proximity_heuristic] found_conflicts 8
21/07/2013 22:01:33.448943 [scalalin_riversandstreams_8000_proximity_heuristic] resolved_conflicts 8
21/07/2013 22:01:33.450233 [scalalin_riversandstreams_8000_proximity_heuristic] finalized_level 8
21/07/2013 22:01:33.452751 [scalalin_riversandstreams_8000_proximity_heuristic] initialized_level 7
21/07/2013 22:01:40.889891 [scalalin_riversandstreams_8000_proximity_heuristic] found_conflicts 7
21/07/2013 22:01:40.893259 [scalalin_riversandstreams_8000_proximity_heuristic] resolved_conflicts 7
21/07/2013 22:01:40.894552 [scalalin_riversandstreams_8000_proximity_heuristic] finalized_level 7
21/07/2013 22:01:40.897044 [scalalin_riversandstreams_8000_proximity_heuristic] initialized_level 6
21/07/2013 22:01:47.773743 [scalalin_riversandstreams_8000_proximity_heuristic] found_conflicts 6
21/07/2013 22:01:47.778511 [scalalin_riversandstreams_8000_proximity_heuristic] resolved_conflicts 6
21/07/2013 22:01:47.779798 [scalalin_riversandstreams_8000_proximity_heuristic] finalized_level 6
21/07/2013 22:01:47.782357 [scalalin_riversandstreams_8000_proximity_heuristic] initialized_level 5
21/07/2013 22:01:52.103330 [scalalin_riversandstreams_8000_proximity_heuristic] found_conflicts 5
21/07/2013 22:01:52.108936 [scalalin_riversandstreams_8000_proximity_heuristic] resolved_conflicts 5
21/07/2013 22:01:52.110231 [scalalin_riversandstreams_8000_proximity_heuristic] finalized_level 5
21/07/2013 22:01:52.112744 [scalalin_riversandstreams_8000_proximity_heuristic] initialized_level 4
21/07/2013 22:01:55.033440 [scalalin_riversandstreams_8000_proximity_heuristic] found_conflicts 4
21/07/2013 22:01:55.037727 [scalalin_riversandstreams_8000_proximity_heuristic] resolved_conflicts 4
21/07/2013 22:01:55.039019 [scalalin_riversandstreams_8000_proximity_heuristic] finalized_level 4
21/07/2013 22:01:55.041607 [scalalin_riversandstreams_8000_proximity_heuristic] initialized_level 3
21/07/2013 22:01:56.921661 [scalalin_riversandstreams_8000_proximity_heuristic] found_conflicts 3
21/07/2013 22:01:56.924211 [scalalin_riversandstreams_8000_proximity_heuristic] resolved_conflicts 3
21/07/2013 22:01:56.925499 [scalalin_riversandstreams_8000_proximity_heuristic] finalized_level 3
21/07/2013 22:01:56.928041 [scalalin_riversandstreams_8000_proximity_heuristic] initialized_level 2
21/07/2013 22:01:58.240628 [scalalin_riversandstreams_8000_proximity_heuristic] found_conflicts 2
21/07/2013 22:01:58.270745 [scalalin_riversandstreams_8000_proximity_heuristic] resolved_conflicts 2
21/07/2013 22:01:58.272036 [scalalin_riversandstreams_8000_proximity_heuristic] finalized_level 2
21/07/2013 22:01:58.274688 [scalalin_riversandstreams_8000_proximity_heuristic] initialized_level 1
21/07/2013 22:01:58.837718 [scalalin_riversandstreams_8000_proximity_heuristic] found_conflicts 1
21/07/2013 22:01:58.839012 [scalalin_riversandstreams_8000_proximity_heuristic] resolved_conflicts 1
21/07/2013 22:01:58.840239 [scalalin_riversandstreams_8000_proximity_heuristic] finalized_level 1
21/07/2013 22:01:58.842722 [scalalin_riversandstreams_8000_proximity_heuristic] initialized_level 0
21/07/2013 22:01:58.854535 [scalalin_riversandstreams_8000_proximity_heuristic] found_conflicts 0
21/07/2013 22:01:58.855510 [scalalin_riversandstreams_8000_proximity_heuristic] resolved_conflicts 0
21/07/2013 22:01:58.856703 [scalalin_riversandstreams_8000_proximity_heuristic] finalized_level 0
21/07/2013 22:01:58.923624 [scalalin_riversandstreams_8000_proximity_heuristic] COMMIT
21/07/2013 22:01:58.924128 [scalalin_riversandstreams_8000_cellbound_lp] BEGIN_TRANSACTION
21/07/2013 22:02:00.688813 [scalalin_riversandstreams_8000_cellbound_lp] initialized
21/07/2013 22:02:00.689211 [scalalin_riversandstreams_8000_cellbound_lp] solver "lp"
21/07/2013 22:02:00.689532 [scalalin_riversandstreams_8000_cellbound_lp] constraints "cellbound(16,)"
21/07/2013 22:02:00.844696 [scalalin_riversandstreams_8000_cellbound_lp] inputstats {'geometry_types': ['MULTILINESTRING'], 'input': '(select * from lin_30k_uswaterway where x_order <= 8000) t', 'total_rank': 342200.1662744559, 'total_recs': 8000L}
21/07/2013 22:02:00.847827 [scalalin_riversandstreams_8000_cellbound_lp] initialized_level 9
21/07/2013 22:02:21.849563 [scalalin_riversandstreams_8000_cellbound_lp] found_conflicts 9
21/07/2013 22:03:10.839395 [scalalin_riversandstreams_8000_cellbound_lp] resolved_conflicts 9
21/07/2013 22:03:10.840954 [scalalin_riversandstreams_8000_cellbound_lp] finalized_level 9
21/07/2013 22:03:11.045258 [scalalin_riversandstreams_8000_cellbound_lp] initialized_level 8
21/07/2013 22:03:17.578912 [scalalin_riversandstreams_8000_cellbound_lp] found_conflicts 8
21/07/2013 22:03:17.920777 [scalalin_riversandstreams_8000_cellbound_lp] resolved_conflicts 8
21/07/2013 22:03:17.922180 [scalalin_riversandstreams_8000_cellbound_lp] finalized_level 8
21/07/2013 22:03:17.924757 [scalalin_riversandstreams_8000_cellbound_lp] initialized_level 7
21/07/2013 22:03:21.930686 [scalalin_riversandstreams_8000_cellbound_lp] found_conflicts 7
21/07/2013 22:03:22.095633 [scalalin_riversandstreams_8000_cellbound_lp] resolved_conflicts 7
21/07/2013 22:03:22.096969 [scalalin_riversandstreams_8000_cellbound_lp] finalized_level 7
21/07/2013 22:03:22.099518 [scalalin_riversandstreams_8000_cellbound_lp] initialized_level 6
21/07/2013 22:03:24.494040 [scalalin_riversandstreams_8000_cellbound_lp] found_conflicts 6
21/07/2013 22:03:24.558049 [scalalin_riversandstreams_8000_cellbound_lp] resolved_conflicts 6
21/07/2013 22:03:24.559377 [scalalin_riversandstreams_8000_cellbound_lp] finalized_level 6
21/07/2013 22:03:24.561917 [scalalin_riversandstreams_8000_cellbound_lp] initialized_level 5
21/07/2013 22:03:26.084839 [scalalin_riversandstreams_8000_cellbound_lp] found_conflicts 5
21/07/2013 22:03:26.109505 [scalalin_riversandstreams_8000_cellbound_lp] resolved_conflicts 5
21/07/2013 22:03:26.110776 [scalalin_riversandstreams_8000_cellbound_lp] finalized_level 5
21/07/2013 22:03:26.113415 [scalalin_riversandstreams_8000_cellbound_lp] initialized_level 4
21/07/2013 22:03:27.115421 [scalalin_riversandstreams_8000_cellbound_lp] found_conflicts 4
21/07/2013 22:03:27.126641 [scalalin_riversandstreams_8000_cellbound_lp] resolved_conflicts 4
21/07/2013 22:03:27.127908 [scalalin_riversandstreams_8000_cellbound_lp] finalized_level 4
21/07/2013 22:03:27.130496 [scalalin_riversandstreams_8000_cellbound_lp] initialized_level 3
21/07/2013 22:03:27.955118 [scalalin_riversandstreams_8000_cellbound_lp] found_conflicts 3
21/07/2013 22:03:27.961722 [scalalin_riversandstreams_8000_cellbound_lp] resolved_conflicts 3
21/07/2013 22:03:27.962981 [scalalin_riversandstreams_8000_cellbound_lp] finalized_level 3
21/07/2013 22:03:27.965521 [scalalin_riversandstreams_8000_cellbound_lp] initialized_level 2
21/07/2013 22:03:28.727406 [scalalin_riversandstreams_8000_cellbound_lp] found_conflicts 2
21/07/2013 22:03:28.733591 [scalalin_riversandstreams_8000_cellbound_lp] resolved_conflicts 2
21/07/2013 22:03:28.734860 [scalalin_riversandstreams_8000_cellbound_lp] finalized_level 2
21/07/2013 22:03:28.737505 [scalalin_riversandstreams_8000_cellbound_lp] initialized_level 1
21/07/2013 22:03:29.419661 [scalalin_riversandstreams_8000_cellbound_lp] found_conflicts 1
21/07/2013 22:03:29.421134 [scalalin_riversandstreams_8000_cellbound_lp] resolved_conflicts 1
21/07/2013 22:03:29.422395 [scalalin_riversandstreams_8000_cellbound_lp] finalized_level 1
21/07/2013 22:03:29.424974 [scalalin_riversandstreams_8000_cellbound_lp] initialized_level 0
21/07/2013 22:03:30.108012 [scalalin_riversandstreams_8000_cellbound_lp] found_conflicts 0
21/07/2013 22:03:30.109475 [scalalin_riversandstreams_8000_cellbound_lp] resolved_conflicts 0
21/07/2013 22:03:30.110747 [scalalin_riversandstreams_8000_cellbound_lp] finalized_level 0
21/07/2013 22:03:30.179534 [scalalin_riversandstreams_8000_cellbound_lp] COMMIT
21/07/2013 23:54:29.282229 [scalalin_riversandstreams_1000_cellbound_heuristic] BEGIN_TRANSACTION
21/07/2013 23:54:30.095274 [scalalin_riversandstreams_1000_cellbound_heuristic] initialized
21/07/2013 23:54:30.095641 [scalalin_riversandstreams_1000_cellbound_heuristic] solver "heuristic"
21/07/2013 23:54:30.095954 [scalalin_riversandstreams_1000_cellbound_heuristic] constraints "cellbound(16,)"
21/07/2013 23:54:30.150935 [scalalin_riversandstreams_1000_cellbound_heuristic] inputstats {'geometry_types': ['MULTILINESTRING'], 'input': '(select * from lin_30k_uswaterway where x_order <= 1000) t', 'total_rank': 113991.67158124903, 'total_recs': 1000L}
21/07/2013 23:54:30.154201 [scalalin_riversandstreams_1000_cellbound_heuristic] initialized_level 9
21/07/2013 23:54:37.222384 [scalalin_riversandstreams_1000_cellbound_heuristic] found_conflicts 9
21/07/2013 23:54:37.316144 [scalalin_riversandstreams_1000_cellbound_heuristic] resolved_conflicts 9
21/07/2013 23:54:37.317421 [scalalin_riversandstreams_1000_cellbound_heuristic] finalized_level 9
21/07/2013 23:54:37.319911 [scalalin_riversandstreams_1000_cellbound_heuristic] initialized_level 8
21/07/2013 23:54:40.366478 [scalalin_riversandstreams_1000_cellbound_heuristic] found_conflicts 8
21/07/2013 23:54:40.371592 [scalalin_riversandstreams_1000_cellbound_heuristic] resolved_conflicts 8
21/07/2013 23:54:40.372772 [scalalin_riversandstreams_1000_cellbound_heuristic] finalized_level 8
21/07/2013 23:54:40.375264 [scalalin_riversandstreams_1000_cellbound_heuristic] initialized_level 7
21/07/2013 23:54:42.249779 [scalalin_riversandstreams_1000_cellbound_heuristic] found_conflicts 7
21/07/2013 23:54:42.252308 [scalalin_riversandstreams_1000_cellbound_heuristic] resolved_conflicts 7
21/07/2013 23:54:42.253488 [scalalin_riversandstreams_1000_cellbound_heuristic] finalized_level 7
21/07/2013 23:54:42.256078 [scalalin_riversandstreams_1000_cellbound_heuristic] initialized_level 6
21/07/2013 23:54:43.621423 [scalalin_riversandstreams_1000_cellbound_heuristic] found_conflicts 6
21/07/2013 23:54:43.624025 [scalalin_riversandstreams_1000_cellbound_heuristic] resolved_conflicts 6
21/07/2013 23:54:43.625191 [scalalin_riversandstreams_1000_cellbound_heuristic] finalized_level 6
21/07/2013 23:54:43.627681 [scalalin_riversandstreams_1000_cellbound_heuristic] initialized_level 5
21/07/2013 23:54:44.639061 [scalalin_riversandstreams_1000_cellbound_heuristic] found_conflicts 5
21/07/2013 23:54:44.640304 [scalalin_riversandstreams_1000_cellbound_heuristic] resolved_conflicts 5
21/07/2013 23:54:44.641476 [scalalin_riversandstreams_1000_cellbound_heuristic] finalized_level 5
21/07/2013 23:54:44.643985 [scalalin_riversandstreams_1000_cellbound_heuristic] initialized_level 4
21/07/2013 23:54:45.572567 [scalalin_riversandstreams_1000_cellbound_heuristic] found_conflicts 4
21/07/2013 23:54:45.574150 [scalalin_riversandstreams_1000_cellbound_heuristic] resolved_conflicts 4
21/07/2013 23:54:45.575351 [scalalin_riversandstreams_1000_cellbound_heuristic] finalized_level 4
21/07/2013 23:54:45.577855 [scalalin_riversandstreams_1000_cellbound_heuristic] initialized_level 3
21/07/2013 23:54:46.464815 [scalalin_riversandstreams_1000_cellbound_heuristic] found_conflicts 3
21/07/2013 23:54:46.466896 [scalalin_riversandstreams_1000_cellbound_heuristic] resolved_conflicts 3
21/07/2013 23:54:46.468078 [scalalin_riversandstreams_1000_cellbound_heuristic] finalized_level 3
21/07/2013 23:54:46.470653 [scalalin_riversandstreams_1000_cellbound_heuristic] initialized_level 2
21/07/2013 23:54:47.292222 [scalalin_riversandstreams_1000_cellbound_heuristic] found_conflicts 2
21/07/2013 23:54:47.293255 [scalalin_riversandstreams_1000_cellbound_heuristic] resolved_conflicts 2
21/07/2013 23:54:47.294466 [scalalin_riversandstreams_1000_cellbound_heuristic] finalized_level 2
21/07/2013 23:54:47.297147 [scalalin_riversandstreams_1000_cellbound_heuristic] initialized_level 1
21/07/2013 23:54:48.096692 [scalalin_riversandstreams_1000_cellbound_heuristic] found_conflicts 1
21/07/2013 23:54:48.097707 [scalalin_riversandstreams_1000_cellbound_heuristic] resolved_conflicts 1
21/07/2013 23:54:48.098907 [scalalin_riversandstreams_1000_cellbound_heuristic] finalized_level 1
21/07/2013 23:54:48.101495 [scalalin_riversandstreams_1000_cellbound_heuristic] initialized_level 0
21/07/2013 23:54:48.900113 [scalalin_riversandstreams_1000_cellbound_heuristic] found_conflicts 0
21/07/2013 23:54:48.901120 [scalalin_riversandstreams_1000_cellbound_heuristic] resolved_conflicts 0
21/07/2013 23:54:48.902318 [scalalin_riversandstreams_1000_cellbound_heuristic] finalized_level 0
21/07/2013 23:54:48.993173 [scalalin_riversandstreams_1000_cellbound_heuristic] COMMIT
21/07/2013 23:54:48.993665 [scalalin_riversandstreams_2000_cellbound_heuristic] BEGIN_TRANSACTION
21/07/2013 23:54:49.897860 [scalalin_riversandstreams_2000_cellbound_heuristic] initialized
21/07/2013 23:54:49.898235 [scalalin_riversandstreams_2000_cellbound_heuristic] solver "heuristic"
21/07/2013 23:54:49.898544 [scalalin_riversandstreams_2000_cellbound_heuristic] constraints "cellbound(16,)"
21/07/2013 23:54:49.975821 [scalalin_riversandstreams_2000_cellbound_heuristic] inputstats {'geometry_types': ['MULTILINESTRING'], 'input': '(select * from lin_30k_uswaterway where x_order <= 2000) t', 'total_rank': 158985.00559253249, 'total_recs': 2000L}
21/07/2013 23:54:49.978834 [scalalin_riversandstreams_2000_cellbound_heuristic] initialized_level 9
21/07/2013 23:54:59.902664 [scalalin_riversandstreams_2000_cellbound_heuristic] found_conflicts 9
21/07/2013 23:55:00.089529 [scalalin_riversandstreams_2000_cellbound_heuristic] resolved_conflicts 9
21/07/2013 23:55:00.090917 [scalalin_riversandstreams_2000_cellbound_heuristic] finalized_level 9
21/07/2013 23:55:00.093457 [scalalin_riversandstreams_2000_cellbound_heuristic] initialized_level 8
21/07/2013 23:55:03.556341 [scalalin_riversandstreams_2000_cellbound_heuristic] found_conflicts 8
21/07/2013 23:55:03.562508 [scalalin_riversandstreams_2000_cellbound_heuristic] resolved_conflicts 8
21/07/2013 23:55:03.563692 [scalalin_riversandstreams_2000_cellbound_heuristic] finalized_level 8
21/07/2013 23:55:03.566223 [scalalin_riversandstreams_2000_cellbound_heuristic] initialized_level 7
21/07/2013 23:55:05.627768 [scalalin_riversandstreams_2000_cellbound_heuristic] found_conflicts 7
21/07/2013 23:55:05.632174 [scalalin_riversandstreams_2000_cellbound_heuristic] resolved_conflicts 7
21/07/2013 23:55:05.633343 [scalalin_riversandstreams_2000_cellbound_heuristic] finalized_level 7
21/07/2013 23:55:05.635838 [scalalin_riversandstreams_2000_cellbound_heuristic] initialized_level 6
21/07/2013 23:55:07.114279 [scalalin_riversandstreams_2000_cellbound_heuristic] found_conflicts 6
21/07/2013 23:55:07.118592 [scalalin_riversandstreams_2000_cellbound_heuristic] resolved_conflicts 6
21/07/2013 23:55:07.119770 [scalalin_riversandstreams_2000_cellbound_heuristic] finalized_level 6
21/07/2013 23:55:07.122382 [scalalin_riversandstreams_2000_cellbound_heuristic] initialized_level 5
21/07/2013 23:55:08.219205 [scalalin_riversandstreams_2000_cellbound_heuristic] found_conflicts 5
21/07/2013 23:55:08.220551 [scalalin_riversandstreams_2000_cellbound_heuristic] resolved_conflicts 5
21/07/2013 23:55:08.221741 [scalalin_riversandstreams_2000_cellbound_heuristic] finalized_level 5
21/07/2013 23:55:08.224301 [scalalin_riversandstreams_2000_cellbound_heuristic] initialized_level 4
21/07/2013 23:55:09.209367 [scalalin_riversandstreams_2000_cellbound_heuristic] found_conflicts 4
21/07/2013 23:55:09.210996 [scalalin_riversandstreams_2000_cellbound_heuristic] resolved_conflicts 4
21/07/2013 23:55:09.212191 [scalalin_riversandstreams_2000_cellbound_heuristic] finalized_level 4
21/07/2013 23:55:09.214749 [scalalin_riversandstreams_2000_cellbound_heuristic] initialized_level 3
21/07/2013 23:55:10.154602 [scalalin_riversandstreams_2000_cellbound_heuristic] found_conflicts 3
21/07/2013 23:55:10.156727 [scalalin_riversandstreams_2000_cellbound_heuristic] resolved_conflicts 3
21/07/2013 23:55:10.158006 [scalalin_riversandstreams_2000_cellbound_heuristic] finalized_level 3
21/07/2013 23:55:10.161010 [scalalin_riversandstreams_2000_cellbound_heuristic] initialized_level 2
21/07/2013 23:55:11.034835 [scalalin_riversandstreams_2000_cellbound_heuristic] found_conflicts 2
21/07/2013 23:55:11.035861 [scalalin_riversandstreams_2000_cellbound_heuristic] resolved_conflicts 2
21/07/2013 23:55:11.037061 [scalalin_riversandstreams_2000_cellbound_heuristic] finalized_level 2
21/07/2013 23:55:11.039730 [scalalin_riversandstreams_2000_cellbound_heuristic] initialized_level 1
21/07/2013 23:55:11.895282 [scalalin_riversandstreams_2000_cellbound_heuristic] found_conflicts 1
21/07/2013 23:55:11.896317 [scalalin_riversandstreams_2000_cellbound_heuristic] resolved_conflicts 1
21/07/2013 23:55:11.897519 [scalalin_riversandstreams_2000_cellbound_heuristic] finalized_level 1
21/07/2013 23:55:11.900158 [scalalin_riversandstreams_2000_cellbound_heuristic] initialized_level 0
21/07/2013 23:55:12.755093 [scalalin_riversandstreams_2000_cellbound_heuristic] found_conflicts 0
21/07/2013 23:55:12.756120 [scalalin_riversandstreams_2000_cellbound_heuristic] resolved_conflicts 0
21/07/2013 23:55:12.757304 [scalalin_riversandstreams_2000_cellbound_heuristic] finalized_level 0
21/07/2013 23:55:12.820731 [scalalin_riversandstreams_2000_cellbound_heuristic] COMMIT
21/07/2013 23:55:12.821220 [scalalin_riversandstreams_4000_cellbound_heuristic] BEGIN_TRANSACTION
21/07/2013 23:55:14.133067 [scalalin_riversandstreams_4000_cellbound_heuristic] initialized
21/07/2013 23:55:14.133429 [scalalin_riversandstreams_4000_cellbound_heuristic] solver "heuristic"
21/07/2013 23:55:14.133739 [scalalin_riversandstreams_4000_cellbound_heuristic] constraints "cellbound(16,)"
21/07/2013 23:55:14.238825 [scalalin_riversandstreams_4000_cellbound_heuristic] inputstats {'geometry_types': ['MULTILINESTRING'], 'input': '(select * from lin_30k_uswaterway where x_order <= 4000) t', 'total_rank': 224473.06275356305, 'total_recs': 4000L}
21/07/2013 23:55:14.241930 [scalalin_riversandstreams_4000_cellbound_heuristic] initialized_level 9
21/07/2013 23:55:28.026988 [scalalin_riversandstreams_4000_cellbound_heuristic] found_conflicts 9
21/07/2013 23:55:28.349542 [scalalin_riversandstreams_4000_cellbound_heuristic] resolved_conflicts 9
21/07/2013 23:55:28.350899 [scalalin_riversandstreams_4000_cellbound_heuristic] finalized_level 9
21/07/2013 23:55:28.353449 [scalalin_riversandstreams_4000_cellbound_heuristic] initialized_level 8
21/07/2013 23:55:32.099854 [scalalin_riversandstreams_4000_cellbound_heuristic] found_conflicts 8
21/07/2013 23:55:32.107742 [scalalin_riversandstreams_4000_cellbound_heuristic] resolved_conflicts 8
21/07/2013 23:55:32.109001 [scalalin_riversandstreams_4000_cellbound_heuristic] finalized_level 8
21/07/2013 23:55:32.111519 [scalalin_riversandstreams_4000_cellbound_heuristic] initialized_level 7
21/07/2013 23:55:34.463131 [scalalin_riversandstreams_4000_cellbound_heuristic] found_conflicts 7
21/07/2013 23:55:34.473223 [scalalin_riversandstreams_4000_cellbound_heuristic] resolved_conflicts 7
21/07/2013 23:55:34.474402 [scalalin_riversandstreams_4000_cellbound_heuristic] finalized_level 7
21/07/2013 23:55:34.476850 [scalalin_riversandstreams_4000_cellbound_heuristic] initialized_level 6
21/07/2013 23:55:35.997165 [scalalin_riversandstreams_4000_cellbound_heuristic] found_conflicts 6
21/07/2013 23:55:36.001454 [scalalin_riversandstreams_4000_cellbound_heuristic] resolved_conflicts 6
21/07/2013 23:55:36.002642 [scalalin_riversandstreams_4000_cellbound_heuristic] finalized_level 6
21/07/2013 23:55:36.005117 [scalalin_riversandstreams_4000_cellbound_heuristic] initialized_level 5
21/07/2013 23:55:37.160287 [scalalin_riversandstreams_4000_cellbound_heuristic] found_conflicts 5
21/07/2013 23:55:37.162039 [scalalin_riversandstreams_4000_cellbound_heuristic] resolved_conflicts 5
21/07/2013 23:55:37.163207 [scalalin_riversandstreams_4000_cellbound_heuristic] finalized_level 5
21/07/2013 23:55:37.165876 [scalalin_riversandstreams_4000_cellbound_heuristic] initialized_level 4
21/07/2013 23:55:38.101125 [scalalin_riversandstreams_4000_cellbound_heuristic] found_conflicts 4
21/07/2013 23:55:38.103197 [scalalin_riversandstreams_4000_cellbound_heuristic] resolved_conflicts 4
21/07/2013 23:55:38.104395 [scalalin_riversandstreams_4000_cellbound_heuristic] finalized_level 4
21/07/2013 23:55:38.106873 [scalalin_riversandstreams_4000_cellbound_heuristic] initialized_level 3
21/07/2013 23:55:38.985984 [scalalin_riversandstreams_4000_cellbound_heuristic] found_conflicts 3
21/07/2013 23:55:38.987202 [scalalin_riversandstreams_4000_cellbound_heuristic] resolved_conflicts 3
21/07/2013 23:55:38.988407 [scalalin_riversandstreams_4000_cellbound_heuristic] finalized_level 3
21/07/2013 23:55:38.990955 [scalalin_riversandstreams_4000_cellbound_heuristic] initialized_level 2
21/07/2013 23:55:39.835690 [scalalin_riversandstreams_4000_cellbound_heuristic] found_conflicts 2
21/07/2013 23:55:39.836920 [scalalin_riversandstreams_4000_cellbound_heuristic] resolved_conflicts 2
21/07/2013 23:55:39.838124 [scalalin_riversandstreams_4000_cellbound_heuristic] finalized_level 2
21/07/2013 23:55:39.840635 [scalalin_riversandstreams_4000_cellbound_heuristic] initialized_level 1
21/07/2013 23:55:40.671037 [scalalin_riversandstreams_4000_cellbound_heuristic] found_conflicts 1
21/07/2013 23:55:40.672062 [scalalin_riversandstreams_4000_cellbound_heuristic] resolved_conflicts 1
21/07/2013 23:55:40.673271 [scalalin_riversandstreams_4000_cellbound_heuristic] finalized_level 1
21/07/2013 23:55:40.675813 [scalalin_riversandstreams_4000_cellbound_heuristic] initialized_level 0
21/07/2013 23:55:41.503975 [scalalin_riversandstreams_4000_cellbound_heuristic] found_conflicts 0
21/07/2013 23:55:41.505011 [scalalin_riversandstreams_4000_cellbound_heuristic] resolved_conflicts 0
21/07/2013 23:55:41.506219 [scalalin_riversandstreams_4000_cellbound_heuristic] finalized_level 0
21/07/2013 23:55:41.574225 [scalalin_riversandstreams_4000_cellbound_heuristic] COMMIT
21/07/2013 23:55:41.574720 [scalalin_riversandstreams_8000_cellbound_heuristic] BEGIN_TRANSACTION
21/07/2013 23:55:43.988006 [scalalin_riversandstreams_8000_cellbound_heuristic] initialized
21/07/2013 23:55:43.988379 [scalalin_riversandstreams_8000_cellbound_heuristic] solver "heuristic"
21/07/2013 23:55:43.988698 [scalalin_riversandstreams_8000_cellbound_heuristic] constraints "cellbound(16,)"
21/07/2013 23:55:44.143601 [scalalin_riversandstreams_8000_cellbound_heuristic] inputstats {'geometry_types': ['MULTILINESTRING'], 'input': '(select * from lin_30k_uswaterway where x_order <= 8000) t', 'total_rank': 342200.1662744559, 'total_recs': 8000L}
21/07/2013 23:55:44.146671 [scalalin_riversandstreams_8000_cellbound_heuristic] initialized_level 9
21/07/2013 23:56:05.093000 [scalalin_riversandstreams_8000_cellbound_heuristic] found_conflicts 9
21/07/2013 23:56:05.858070 [scalalin_riversandstreams_8000_cellbound_heuristic] resolved_conflicts 9
21/07/2013 23:56:05.859447 [scalalin_riversandstreams_8000_cellbound_heuristic] finalized_level 9
21/07/2013 23:56:05.861997 [scalalin_riversandstreams_8000_cellbound_heuristic] initialized_level 8
21/07/2013 23:56:10.751024 [scalalin_riversandstreams_8000_cellbound_heuristic] found_conflicts 8
21/07/2013 23:56:10.774630 [scalalin_riversandstreams_8000_cellbound_heuristic] resolved_conflicts 8
21/07/2013 23:56:10.775876 [scalalin_riversandstreams_8000_cellbound_heuristic] finalized_level 8
21/07/2013 23:56:10.778603 [scalalin_riversandstreams_8000_cellbound_heuristic] initialized_level 7
21/07/2013 23:56:13.978419 [scalalin_riversandstreams_8000_cellbound_heuristic] found_conflicts 7
21/07/2013 23:56:14.010800 [scalalin_riversandstreams_8000_cellbound_heuristic] resolved_conflicts 7
21/07/2013 23:56:14.012154 [scalalin_riversandstreams_8000_cellbound_heuristic] finalized_level 7
21/07/2013 23:56:14.014780 [scalalin_riversandstreams_8000_cellbound_heuristic] initialized_level 6
21/07/2013 23:56:15.998361 [scalalin_riversandstreams_8000_cellbound_heuristic] found_conflicts 6
21/07/2013 23:56:16.015338 [scalalin_riversandstreams_8000_cellbound_heuristic] resolved_conflicts 6
21/07/2013 23:56:16.016530 [scalalin_riversandstreams_8000_cellbound_heuristic] finalized_level 6
21/07/2013 23:56:16.019147 [scalalin_riversandstreams_8000_cellbound_heuristic] initialized_level 5
21/07/2013 23:56:17.290393 [scalalin_riversandstreams_8000_cellbound_heuristic] found_conflicts 5
21/07/2013 23:56:17.297665 [scalalin_riversandstreams_8000_cellbound_heuristic] resolved_conflicts 5
21/07/2013 23:56:17.298877 [scalalin_riversandstreams_8000_cellbound_heuristic] finalized_level 5
21/07/2013 23:56:17.301350 [scalalin_riversandstreams_8000_cellbound_heuristic] initialized_level 4
21/07/2013 23:56:18.217189 [scalalin_riversandstreams_8000_cellbound_heuristic] found_conflicts 4
21/07/2013 23:56:18.220089 [scalalin_riversandstreams_8000_cellbound_heuristic] resolved_conflicts 4
21/07/2013 23:56:18.221290 [scalalin_riversandstreams_8000_cellbound_heuristic] finalized_level 4
21/07/2013 23:56:18.223798 [scalalin_riversandstreams_8000_cellbound_heuristic] initialized_level 3
21/07/2013 23:56:19.075044 [scalalin_riversandstreams_8000_cellbound_heuristic] found_conflicts 3
21/07/2013 23:56:19.076453 [scalalin_riversandstreams_8000_cellbound_heuristic] resolved_conflicts 3
21/07/2013 23:56:19.077639 [scalalin_riversandstreams_8000_cellbound_heuristic] finalized_level 3
21/07/2013 23:56:19.080505 [scalalin_riversandstreams_8000_cellbound_heuristic] initialized_level 2
21/07/2013 23:56:19.900934 [scalalin_riversandstreams_8000_cellbound_heuristic] found_conflicts 2
21/07/2013 23:56:19.902255 [scalalin_riversandstreams_8000_cellbound_heuristic] resolved_conflicts 2
21/07/2013 23:56:19.903460 [scalalin_riversandstreams_8000_cellbound_heuristic] finalized_level 2
21/07/2013 23:56:19.906182 [scalalin_riversandstreams_8000_cellbound_heuristic] initialized_level 1
21/07/2013 23:56:20.697705 [scalalin_riversandstreams_8000_cellbound_heuristic] found_conflicts 1
21/07/2013 23:56:20.698745 [scalalin_riversandstreams_8000_cellbound_heuristic] resolved_conflicts 1
21/07/2013 23:56:20.699947 [scalalin_riversandstreams_8000_cellbound_heuristic] finalized_level 1
21/07/2013 23:56:20.702575 [scalalin_riversandstreams_8000_cellbound_heuristic] initialized_level 0
21/07/2013 23:56:21.488556 [scalalin_riversandstreams_8000_cellbound_heuristic] found_conflicts 0
21/07/2013 23:56:21.489583 [scalalin_riversandstreams_8000_cellbound_heuristic] resolved_conflicts 0
21/07/2013 23:56:21.490797 [scalalin_riversandstreams_8000_cellbound_heuristic] finalized_level 0
21/07/2013 23:56:21.556150 [scalalin_riversandstreams_8000_cellbound_heuristic] COMMIT
21/07/2013 23:56:21.556635 [scalalin_riversandstreams_16000_cellbound_heuristic] BEGIN_TRANSACTION
21/07/2013 23:56:24.587757 [scalalin_riversandstreams_16000_cellbound_heuristic] initialized
21/07/2013 23:56:24.588133 [scalalin_riversandstreams_16000_cellbound_heuristic] solver "heuristic"
21/07/2013 23:56:24.588443 [scalalin_riversandstreams_16000_cellbound_heuristic] constraints "cellbound(16,)"
21/07/2013 23:56:24.856997 [scalalin_riversandstreams_16000_cellbound_heuristic] inputstats {'geometry_types': ['MULTILINESTRING'], 'input': '(select * from lin_30k_uswaterway where x_order <= 16000) t', 'total_rank': 596401.3512452126, 'total_recs': 16000L}
21/07/2013 23:56:24.860119 [scalalin_riversandstreams_16000_cellbound_heuristic] initialized_level 9
21/07/2013 23:56:59.816284 [scalalin_riversandstreams_16000_cellbound_heuristic] found_conflicts 9
21/07/2013 23:57:02.081427 [scalalin_riversandstreams_16000_cellbound_heuristic] resolved_conflicts 9
21/07/2013 23:57:02.082792 [scalalin_riversandstreams_16000_cellbound_heuristic] finalized_level 9
21/07/2013 23:57:02.085350 [scalalin_riversandstreams_16000_cellbound_heuristic] initialized_level 8
21/07/2013 23:57:09.948807 [scalalin_riversandstreams_16000_cellbound_heuristic] found_conflicts 8
21/07/2013 23:57:10.006439 [scalalin_riversandstreams_16000_cellbound_heuristic] resolved_conflicts 8
21/07/2013 23:57:10.007843 [scalalin_riversandstreams_16000_cellbound_heuristic] finalized_level 8
21/07/2013 23:57:10.010655 [scalalin_riversandstreams_16000_cellbound_heuristic] initialized_level 7
21/07/2013 23:57:15.825610 [scalalin_riversandstreams_16000_cellbound_heuristic] found_conflicts 7
21/07/2013 23:57:16.003989 [scalalin_riversandstreams_16000_cellbound_heuristic] resolved_conflicts 7
21/07/2013 23:57:16.005364 [scalalin_riversandstreams_16000_cellbound_heuristic] finalized_level 7
21/07/2013 23:57:16.007997 [scalalin_riversandstreams_16000_cellbound_heuristic] initialized_level 6
21/07/2013 23:57:19.147364 [scalalin_riversandstreams_16000_cellbound_heuristic] found_conflicts 6
21/07/2013 23:57:19.189429 [scalalin_riversandstreams_16000_cellbound_heuristic] resolved_conflicts 6
21/07/2013 23:57:19.190735 [scalalin_riversandstreams_16000_cellbound_heuristic] finalized_level 6
21/07/2013 23:57:19.193286 [scalalin_riversandstreams_16000_cellbound_heuristic] initialized_level 5
21/07/2013 23:57:20.932397 [scalalin_riversandstreams_16000_cellbound_heuristic] found_conflicts 5
21/07/2013 23:57:20.948146 [scalalin_riversandstreams_16000_cellbound_heuristic] resolved_conflicts 5
21/07/2013 23:57:20.949344 [scalalin_riversandstreams_16000_cellbound_heuristic] finalized_level 5
21/07/2013 23:57:20.951907 [scalalin_riversandstreams_16000_cellbound_heuristic] initialized_level 4
21/07/2013 23:57:22.069716 [scalalin_riversandstreams_16000_cellbound_heuristic] found_conflicts 4
21/07/2013 23:57:22.076580 [scalalin_riversandstreams_16000_cellbound_heuristic] resolved_conflicts 4
21/07/2013 23:57:22.077846 [scalalin_riversandstreams_16000_cellbound_heuristic] finalized_level 4
21/07/2013 23:57:22.080399 [scalalin_riversandstreams_16000_cellbound_heuristic] initialized_level 3
21/07/2013 23:57:22.922590 [scalalin_riversandstreams_16000_cellbound_heuristic] found_conflicts 3
21/07/2013 23:57:22.924077 [scalalin_riversandstreams_16000_cellbound_heuristic] resolved_conflicts 3
21/07/2013 23:57:22.925328 [scalalin_riversandstreams_16000_cellbound_heuristic] finalized_level 3
21/07/2013 23:57:22.927896 [scalalin_riversandstreams_16000_cellbound_heuristic] initialized_level 2
21/07/2013 23:57:23.723783 [scalalin_riversandstreams_16000_cellbound_heuristic] found_conflicts 2
21/07/2013 23:57:23.725288 [scalalin_riversandstreams_16000_cellbound_heuristic] resolved_conflicts 2
21/07/2013 23:57:23.726476 [scalalin_riversandstreams_16000_cellbound_heuristic] finalized_level 2
21/07/2013 23:57:23.728968 [scalalin_riversandstreams_16000_cellbound_heuristic] initialized_level 1
21/07/2013 23:57:24.494226 [scalalin_riversandstreams_16000_cellbound_heuristic] found_conflicts 1
21/07/2013 23:57:24.495775 [scalalin_riversandstreams_16000_cellbound_heuristic] resolved_conflicts 1
21/07/2013 23:57:24.496964 [scalalin_riversandstreams_16000_cellbound_heuristic] finalized_level 1
21/07/2013 23:57:24.499572 [scalalin_riversandstreams_16000_cellbound_heuristic] initialized_level 0
21/07/2013 23:57:25.259319 [scalalin_riversandstreams_16000_cellbound_heuristic] found_conflicts 0
21/07/2013 23:57:25.260341 [scalalin_riversandstreams_16000_cellbound_heuristic] resolved_conflicts 0
21/07/2013 23:57:25.261518 [scalalin_riversandstreams_16000_cellbound_heuristic] finalized_level 0
21/07/2013 23:57:25.331915 [scalalin_riversandstreams_16000_cellbound_heuristic] COMMIT
21/07/2013 23:57:25.332411 [scalalin_riversandstreams_32000_cellbound_heuristic] BEGIN_TRANSACTION
21/07/2013 23:57:29.522498 [scalalin_riversandstreams_32000_cellbound_heuristic] initialized
21/07/2013 23:57:29.522869 [scalalin_riversandstreams_32000_cellbound_heuristic] solver "heuristic"
21/07/2013 23:57:29.523182 [scalalin_riversandstreams_32000_cellbound_heuristic] constraints "cellbound(16,)"
21/07/2013 23:57:29.881926 [scalalin_riversandstreams_32000_cellbound_heuristic] inputstats {'geometry_types': ['MULTILINESTRING'], 'input': '(select * from lin_30k_uswaterway where x_order <= 32000) t', 'total_rank': 818417.28736485308, 'total_recs': 32000L}
21/07/2013 23:57:29.884970 [scalalin_riversandstreams_32000_cellbound_heuristic] initialized_level 9
21/07/2013 23:58:27.042006 [scalalin_riversandstreams_32000_cellbound_heuristic] found_conflicts 9
21/07/2013 23:58:32.420042 [scalalin_riversandstreams_32000_cellbound_heuristic] resolved_conflicts 9
21/07/2013 23:58:32.421569 [scalalin_riversandstreams_32000_cellbound_heuristic] finalized_level 9
21/07/2013 23:58:32.424535 [scalalin_riversandstreams_32000_cellbound_heuristic] initialized_level 8
21/07/2013 23:58:42.888587 [scalalin_riversandstreams_32000_cellbound_heuristic] found_conflicts 8
21/07/2013 23:58:43.002970 [scalalin_riversandstreams_32000_cellbound_heuristic] resolved_conflicts 8
21/07/2013 23:58:43.004404 [scalalin_riversandstreams_32000_cellbound_heuristic] finalized_level 8
21/07/2013 23:58:43.007194 [scalalin_riversandstreams_32000_cellbound_heuristic] initialized_level 7
21/07/2013 23:58:50.692905 [scalalin_riversandstreams_32000_cellbound_heuristic] found_conflicts 7
21/07/2013 23:58:50.858996 [scalalin_riversandstreams_32000_cellbound_heuristic] resolved_conflicts 7
21/07/2013 23:58:50.860365 [scalalin_riversandstreams_32000_cellbound_heuristic] finalized_level 7
21/07/2013 23:58:50.862983 [scalalin_riversandstreams_32000_cellbound_heuristic] initialized_level 6
21/07/2013 23:58:54.748467 [scalalin_riversandstreams_32000_cellbound_heuristic] found_conflicts 6
21/07/2013 23:58:54.811866 [scalalin_riversandstreams_32000_cellbound_heuristic] resolved_conflicts 6
21/07/2013 23:58:54.813188 [scalalin_riversandstreams_32000_cellbound_heuristic] finalized_level 6
21/07/2013 23:58:54.815789 [scalalin_riversandstreams_32000_cellbound_heuristic] initialized_level 5
21/07/2013 23:58:56.735857 [scalalin_riversandstreams_32000_cellbound_heuristic] found_conflicts 5
21/07/2013 23:58:56.755942 [scalalin_riversandstreams_32000_cellbound_heuristic] resolved_conflicts 5
21/07/2013 23:58:56.757138 [scalalin_riversandstreams_32000_cellbound_heuristic] finalized_level 5
21/07/2013 23:58:56.759753 [scalalin_riversandstreams_32000_cellbound_heuristic] initialized_level 4
21/07/2013 23:58:57.955952 [scalalin_riversandstreams_32000_cellbound_heuristic] found_conflicts 4
21/07/2013 23:58:57.963802 [scalalin_riversandstreams_32000_cellbound_heuristic] resolved_conflicts 4
21/07/2013 23:58:57.964998 [scalalin_riversandstreams_32000_cellbound_heuristic] finalized_level 4
21/07/2013 23:58:57.967488 [scalalin_riversandstreams_32000_cellbound_heuristic] initialized_level 3
21/07/2013 23:58:58.824122 [scalalin_riversandstreams_32000_cellbound_heuristic] found_conflicts 3
21/07/2013 23:58:58.826463 [scalalin_riversandstreams_32000_cellbound_heuristic] resolved_conflicts 3
21/07/2013 23:58:58.827653 [scalalin_riversandstreams_32000_cellbound_heuristic] finalized_level 3
21/07/2013 23:58:58.830295 [scalalin_riversandstreams_32000_cellbound_heuristic] initialized_level 2
21/07/2013 23:58:59.647452 [scalalin_riversandstreams_32000_cellbound_heuristic] found_conflicts 2
21/07/2013 23:58:59.649229 [scalalin_riversandstreams_32000_cellbound_heuristic] resolved_conflicts 2
21/07/2013 23:58:59.650442 [scalalin_riversandstreams_32000_cellbound_heuristic] finalized_level 2
21/07/2013 23:58:59.653038 [scalalin_riversandstreams_32000_cellbound_heuristic] initialized_level 1
21/07/2013 23:59:00.427617 [scalalin_riversandstreams_32000_cellbound_heuristic] found_conflicts 1
21/07/2013 23:59:00.429102 [scalalin_riversandstreams_32000_cellbound_heuristic] resolved_conflicts 1
21/07/2013 23:59:00.430311 [scalalin_riversandstreams_32000_cellbound_heuristic] finalized_level 1
21/07/2013 23:59:00.432912 [scalalin_riversandstreams_32000_cellbound_heuristic] initialized_level 0
21/07/2013 23:59:01.200584 [scalalin_riversandstreams_32000_cellbound_heuristic] found_conflicts 0
21/07/2013 23:59:01.201625 [scalalin_riversandstreams_32000_cellbound_heuristic] resolved_conflicts 0
21/07/2013 23:59:01.202864 [scalalin_riversandstreams_32000_cellbound_heuristic] finalized_level 0
21/07/2013 23:59:01.283092 [scalalin_riversandstreams_32000_cellbound_heuristic] COMMIT
21/07/2013 23:59:01.283585 [scalalin_riversandstreams_64000_cellbound_heuristic] BEGIN_TRANSACTION
21/07/2013 23:59:05.519917 [scalalin_riversandstreams_64000_cellbound_heuristic] initialized
21/07/2013 23:59:05.520295 [scalalin_riversandstreams_64000_cellbound_heuristic] solver "heuristic"
21/07/2013 23:59:05.520610 [scalalin_riversandstreams_64000_cellbound_heuristic] constraints "cellbound(16,)"
21/07/2013 23:59:05.880866 [scalalin_riversandstreams_64000_cellbound_heuristic] inputstats {'geometry_types': ['MULTILINESTRING'], 'input': '(select * from lin_30k_uswaterway where x_order <= 64000) t', 'total_rank': 820147.42375761317, 'total_recs': 32231L}
21/07/2013 23:59:05.884012 [scalalin_riversandstreams_64000_cellbound_heuristic] initialized_level 9
22/07/2013 00:00:03.970848 [scalalin_riversandstreams_64000_cellbound_heuristic] found_conflicts 9
22/07/2013 00:00:08.648997 [scalalin_riversandstreams_64000_cellbound_heuristic] resolved_conflicts 9
22/07/2013 00:00:08.650559 [scalalin_riversandstreams_64000_cellbound_heuristic] finalized_level 9
22/07/2013 00:00:08.653544 [scalalin_riversandstreams_64000_cellbound_heuristic] initialized_level 8
22/07/2013 00:00:19.169258 [scalalin_riversandstreams_64000_cellbound_heuristic] found_conflicts 8
22/07/2013 00:00:19.285263 [scalalin_riversandstreams_64000_cellbound_heuristic] resolved_conflicts 8
22/07/2013 00:00:19.286680 [scalalin_riversandstreams_64000_cellbound_heuristic] finalized_level 8
22/07/2013 00:00:19.289453 [scalalin_riversandstreams_64000_cellbound_heuristic] initialized_level 7
22/07/2013 00:00:27.018699 [scalalin_riversandstreams_64000_cellbound_heuristic] found_conflicts 7
22/07/2013 00:00:27.288187 [scalalin_riversandstreams_64000_cellbound_heuristic] resolved_conflicts 7
22/07/2013 00:00:27.289544 [scalalin_riversandstreams_64000_cellbound_heuristic] finalized_level 7
22/07/2013 00:00:27.292207 [scalalin_riversandstreams_64000_cellbound_heuristic] initialized_level 6
22/07/2013 00:00:31.128004 [scalalin_riversandstreams_64000_cellbound_heuristic] found_conflicts 6
22/07/2013 00:00:31.192033 [scalalin_riversandstreams_64000_cellbound_heuristic] resolved_conflicts 6
22/07/2013 00:00:31.193353 [scalalin_riversandstreams_64000_cellbound_heuristic] finalized_level 6
22/07/2013 00:00:31.196134 [scalalin_riversandstreams_64000_cellbound_heuristic] initialized_level 5
22/07/2013 00:00:33.188747 [scalalin_riversandstreams_64000_cellbound_heuristic] found_conflicts 5
22/07/2013 00:00:33.210019 [scalalin_riversandstreams_64000_cellbound_heuristic] resolved_conflicts 5
22/07/2013 00:00:33.211281 [scalalin_riversandstreams_64000_cellbound_heuristic] finalized_level 5
22/07/2013 00:00:33.213913 [scalalin_riversandstreams_64000_cellbound_heuristic] initialized_level 4
22/07/2013 00:00:34.433281 [scalalin_riversandstreams_64000_cellbound_heuristic] found_conflicts 4
22/07/2013 00:00:34.441315 [scalalin_riversandstreams_64000_cellbound_heuristic] resolved_conflicts 4
22/07/2013 00:00:34.443279 [scalalin_riversandstreams_64000_cellbound_heuristic] finalized_level 4
22/07/2013 00:00:34.446812 [scalalin_riversandstreams_64000_cellbound_heuristic] initialized_level 3
22/07/2013 00:00:35.322127 [scalalin_riversandstreams_64000_cellbound_heuristic] found_conflicts 3
22/07/2013 00:00:35.325051 [scalalin_riversandstreams_64000_cellbound_heuristic] resolved_conflicts 3
22/07/2013 00:00:35.326277 [scalalin_riversandstreams_64000_cellbound_heuristic] finalized_level 3
22/07/2013 00:00:35.328840 [scalalin_riversandstreams_64000_cellbound_heuristic] initialized_level 2
22/07/2013 00:00:36.146811 [scalalin_riversandstreams_64000_cellbound_heuristic] found_conflicts 2
22/07/2013 00:00:36.148663 [scalalin_riversandstreams_64000_cellbound_heuristic] resolved_conflicts 2
22/07/2013 00:00:36.149877 [scalalin_riversandstreams_64000_cellbound_heuristic] finalized_level 2
22/07/2013 00:00:36.152454 [scalalin_riversandstreams_64000_cellbound_heuristic] initialized_level 1
22/07/2013 00:00:36.926770 [scalalin_riversandstreams_64000_cellbound_heuristic] found_conflicts 1
22/07/2013 00:00:36.928259 [scalalin_riversandstreams_64000_cellbound_heuristic] resolved_conflicts 1
22/07/2013 00:00:36.929447 [scalalin_riversandstreams_64000_cellbound_heuristic] finalized_level 1
22/07/2013 00:00:36.931989 [scalalin_riversandstreams_64000_cellbound_heuristic] initialized_level 0
22/07/2013 00:00:37.697370 [scalalin_riversandstreams_64000_cellbound_heuristic] found_conflicts 0
22/07/2013 00:00:37.698449 [scalalin_riversandstreams_64000_cellbound_heuristic] resolved_conflicts 0
22/07/2013 00:00:37.699630 [scalalin_riversandstreams_64000_cellbound_heuristic] finalized_level 0
22/07/2013 00:00:37.790923 [scalalin_riversandstreams_64000_cellbound_heuristic] COMMIT
