21/07/2013 22:49:01.420594 [scalapnt_fractal_1000_cellbound_heuristic] BEGIN_TRANSACTION
21/07/2013 22:49:09.256770 [scalapnt_fractal_1000_cellbound_heuristic] initialized
21/07/2013 22:49:09.257126 [scalapnt_fractal_1000_cellbound_heuristic] solver "heuristic"
21/07/2013 22:49:09.257451 [scalapnt_fractal_1000_cellbound_heuristic] constraints "cellbound(16,)"
21/07/2013 22:49:09.259743 [scalapnt_fractal_1000_cellbound_heuristic] inputstats {'geometry_types': ['POINT'], 'input': '(select * from pnt_30m_synthetic where x_order <= 1000) t', 'total_rank': 491.64901058888063, 'total_recs': 1000L}
21/07/2013 22:49:09.262782 [scalapnt_fractal_1000_cellbound_heuristic] initialized_level 9
21/07/2013 22:49:09.449694 [scalapnt_fractal_1000_cellbound_heuristic] found_conflicts 9
21/07/2013 22:49:09.479959 [scalapnt_fractal_1000_cellbound_heuristic] resolved_conflicts 9
21/07/2013 22:49:09.481237 [scalapnt_fractal_1000_cellbound_heuristic] finalized_level 9
21/07/2013 22:49:09.483831 [scalapnt_fractal_1000_cellbound_heuristic] initialized_level 8
21/07/2013 22:49:09.495006 [scalapnt_fractal_1000_cellbound_heuristic] found_conflicts 8
21/07/2013 22:49:09.496707 [scalapnt_fractal_1000_cellbound_heuristic] resolved_conflicts 8
21/07/2013 22:49:09.497845 [scalapnt_fractal_1000_cellbound_heuristic] finalized_level 8
21/07/2013 22:49:09.500314 [scalapnt_fractal_1000_cellbound_heuristic] initialized_level 7
21/07/2013 22:49:09.509579 [scalapnt_fractal_1000_cellbound_heuristic] found_conflicts 7
21/07/2013 22:49:09.510529 [scalapnt_fractal_1000_cellbound_heuristic] resolved_conflicts 7
21/07/2013 22:49:09.511730 [scalapnt_fractal_1000_cellbound_heuristic] finalized_level 7
21/07/2013 22:49:09.514231 [scalapnt_fractal_1000_cellbound_heuristic] initialized_level 6
21/07/2013 22:49:09.524425 [scalapnt_fractal_1000_cellbound_heuristic] found_conflicts 6
21/07/2013 22:49:09.526155 [scalapnt_fractal_1000_cellbound_heuristic] resolved_conflicts 6
21/07/2013 22:49:09.527329 [scalapnt_fractal_1000_cellbound_heuristic] finalized_level 6
21/07/2013 22:49:09.529770 [scalapnt_fractal_1000_cellbound_heuristic] initialized_level 5
21/07/2013 22:49:09.538963 [scalapnt_fractal_1000_cellbound_heuristic] found_conflicts 5
21/07/2013 22:49:09.540816 [scalapnt_fractal_1000_cellbound_heuristic] resolved_conflicts 5
21/07/2013 22:49:09.542046 [scalapnt_fractal_1000_cellbound_heuristic] finalized_level 5
21/07/2013 22:49:09.544831 [scalapnt_fractal_1000_cellbound_heuristic] initialized_level 4
21/07/2013 22:49:09.552199 [scalapnt_fractal_1000_cellbound_heuristic] found_conflicts 4
21/07/2013 22:49:09.553143 [scalapnt_fractal_1000_cellbound_heuristic] resolved_conflicts 4
21/07/2013 22:49:09.554384 [scalapnt_fractal_1000_cellbound_heuristic] finalized_level 4
21/07/2013 22:49:09.556875 [scalapnt_fractal_1000_cellbound_heuristic] initialized_level 3
21/07/2013 22:49:09.565029 [scalapnt_fractal_1000_cellbound_heuristic] found_conflicts 3
21/07/2013 22:49:09.566892 [scalapnt_fractal_1000_cellbound_heuristic] resolved_conflicts 3
21/07/2013 22:49:09.568124 [scalapnt_fractal_1000_cellbound_heuristic] finalized_level 3
21/07/2013 22:49:09.570842 [scalapnt_fractal_1000_cellbound_heuristic] initialized_level 2
21/07/2013 22:49:09.577914 [scalapnt_fractal_1000_cellbound_heuristic] found_conflicts 2
21/07/2013 22:49:09.579596 [scalapnt_fractal_1000_cellbound_heuristic] resolved_conflicts 2
21/07/2013 22:49:09.580842 [scalapnt_fractal_1000_cellbound_heuristic] finalized_level 2
21/07/2013 22:49:09.583379 [scalapnt_fractal_1000_cellbound_heuristic] initialized_level 1
21/07/2013 22:49:09.588967 [scalapnt_fractal_1000_cellbound_heuristic] found_conflicts 1
21/07/2013 22:49:09.589955 [scalapnt_fractal_1000_cellbound_heuristic] resolved_conflicts 1
21/07/2013 22:49:09.591247 [scalapnt_fractal_1000_cellbound_heuristic] finalized_level 1
21/07/2013 22:49:09.594033 [scalapnt_fractal_1000_cellbound_heuristic] initialized_level 0
21/07/2013 22:49:09.600704 [scalapnt_fractal_1000_cellbound_heuristic] found_conflicts 0
21/07/2013 22:49:09.602479 [scalapnt_fractal_1000_cellbound_heuristic] resolved_conflicts 0
21/07/2013 22:49:09.603733 [scalapnt_fractal_1000_cellbound_heuristic] finalized_level 0
21/07/2013 22:49:09.684502 [scalapnt_fractal_1000_cellbound_heuristic] COMMIT
21/07/2013 22:49:09.685001 [scalapnt_fractal_1000_proximity_heuristic] BEGIN_TRANSACTION
21/07/2013 22:49:15.612806 [scalapnt_fractal_1000_proximity_heuristic] initialized
21/07/2013 22:49:15.613179 [scalapnt_fractal_1000_proximity_heuristic] solver "heuristic"
21/07/2013 22:49:15.613495 [scalapnt_fractal_1000_proximity_heuristic] constraints "proximity(10,)"
21/07/2013 22:49:15.615319 [scalapnt_fractal_1000_proximity_heuristic] inputstats {'geometry_types': ['POINT'], 'input': '(select * from pnt_30m_synthetic where x_order <= 1000) t', 'total_rank': 501.40371637651697, 'total_recs': 1000L}
21/07/2013 22:49:15.617840 [scalapnt_fractal_1000_proximity_heuristic] initialized_level 9
21/07/2013 22:49:15.729813 [scalapnt_fractal_1000_proximity_heuristic] found_conflicts 9
21/07/2013 22:49:15.839789 [scalapnt_fractal_1000_proximity_heuristic] resolved_conflicts 9
21/07/2013 22:49:15.841136 [scalapnt_fractal_1000_proximity_heuristic] finalized_level 9
21/07/2013 22:49:15.843680 [scalapnt_fractal_1000_proximity_heuristic] initialized_level 8
21/07/2013 22:49:15.851857 [scalapnt_fractal_1000_proximity_heuristic] found_conflicts 8
21/07/2013 22:49:15.855301 [scalapnt_fractal_1000_proximity_heuristic] resolved_conflicts 8
21/07/2013 22:49:15.856465 [scalapnt_fractal_1000_proximity_heuristic] finalized_level 8
21/07/2013 22:49:15.858929 [scalapnt_fractal_1000_proximity_heuristic] initialized_level 7
21/07/2013 22:49:15.864516 [scalapnt_fractal_1000_proximity_heuristic] found_conflicts 7
21/07/2013 22:49:15.866378 [scalapnt_fractal_1000_proximity_heuristic] resolved_conflicts 7
21/07/2013 22:49:15.867536 [scalapnt_fractal_1000_proximity_heuristic] finalized_level 7
21/07/2013 22:49:15.869981 [scalapnt_fractal_1000_proximity_heuristic] initialized_level 6
21/07/2013 22:49:15.873501 [scalapnt_fractal_1000_proximity_heuristic] found_conflicts 6
21/07/2013 22:49:15.874919 [scalapnt_fractal_1000_proximity_heuristic] resolved_conflicts 6
21/07/2013 22:49:15.876094 [scalapnt_fractal_1000_proximity_heuristic] finalized_level 6
21/07/2013 22:49:15.878505 [scalapnt_fractal_1000_proximity_heuristic] initialized_level 5
21/07/2013 22:49:15.880607 [scalapnt_fractal_1000_proximity_heuristic] found_conflicts 5
21/07/2013 22:49:15.881856 [scalapnt_fractal_1000_proximity_heuristic] resolved_conflicts 5
21/07/2013 22:49:15.883032 [scalapnt_fractal_1000_proximity_heuristic] finalized_level 5
21/07/2013 22:49:15.885564 [scalapnt_fractal_1000_proximity_heuristic] initialized_level 4
21/07/2013 22:49:15.887582 [scalapnt_fractal_1000_proximity_heuristic] found_conflicts 4
21/07/2013 22:49:15.888501 [scalapnt_fractal_1000_proximity_heuristic] resolved_conflicts 4
21/07/2013 22:49:15.889666 [scalapnt_fractal_1000_proximity_heuristic] finalized_level 4
21/07/2013 22:49:15.892197 [scalapnt_fractal_1000_proximity_heuristic] initialized_level 3
21/07/2013 22:49:15.894012 [scalapnt_fractal_1000_proximity_heuristic] found_conflicts 3
21/07/2013 22:49:15.894970 [scalapnt_fractal_1000_proximity_heuristic] resolved_conflicts 3
21/07/2013 22:49:15.896139 [scalapnt_fractal_1000_proximity_heuristic] finalized_level 3
21/07/2013 22:49:15.898729 [scalapnt_fractal_1000_proximity_heuristic] initialized_level 2
21/07/2013 22:49:15.900930 [scalapnt_fractal_1000_proximity_heuristic] found_conflicts 2
21/07/2013 22:49:15.902205 [scalapnt_fractal_1000_proximity_heuristic] resolved_conflicts 2
21/07/2013 22:49:15.903383 [scalapnt_fractal_1000_proximity_heuristic] finalized_level 2
21/07/2013 22:49:15.905868 [scalapnt_fractal_1000_proximity_heuristic] initialized_level 1
21/07/2013 22:49:15.907695 [scalapnt_fractal_1000_proximity_heuristic] found_conflicts 1
21/07/2013 22:49:15.908630 [scalapnt_fractal_1000_proximity_heuristic] resolved_conflicts 1
21/07/2013 22:49:15.909798 [scalapnt_fractal_1000_proximity_heuristic] finalized_level 1
21/07/2013 22:49:15.912333 [scalapnt_fractal_1000_proximity_heuristic] initialized_level 0
21/07/2013 22:49:15.914870 [scalapnt_fractal_1000_proximity_heuristic] found_conflicts 0
21/07/2013 22:49:15.916111 [scalapnt_fractal_1000_proximity_heuristic] resolved_conflicts 0
21/07/2013 22:49:15.917349 [scalapnt_fractal_1000_proximity_heuristic] finalized_level 0
21/07/2013 22:49:15.972250 [scalapnt_fractal_1000_proximity_heuristic] COMMIT
21/07/2013 22:49:15.972774 [scalapnt_fractal_1000_cellbound_lp] BEGIN_TRANSACTION
21/07/2013 22:49:21.883678 [scalapnt_fractal_1000_cellbound_lp] initialized
21/07/2013 22:49:21.884035 [scalapnt_fractal_1000_cellbound_lp] solver "lp"
21/07/2013 22:49:21.884344 [scalapnt_fractal_1000_cellbound_lp] constraints "cellbound(16,)"
21/07/2013 22:49:21.886194 [scalapnt_fractal_1000_cellbound_lp] inputstats {'geometry_types': ['POINT'], 'input': '(select * from pnt_30m_synthetic where x_order <= 1000) t', 'total_rank': 517.47182659991086, 'total_recs': 1000L}
21/07/2013 22:49:21.888627 [scalapnt_fractal_1000_cellbound_lp] initialized_level 9
21/07/2013 22:49:22.075376 [scalapnt_fractal_1000_cellbound_lp] found_conflicts 9
21/07/2013 22:49:22.965530 [scalapnt_fractal_1000_cellbound_lp] resolved_conflicts 9
21/07/2013 22:49:22.966834 [scalapnt_fractal_1000_cellbound_lp] finalized_level 9
21/07/2013 22:49:22.969358 [scalapnt_fractal_1000_cellbound_lp] initialized_level 8
21/07/2013 22:49:22.980740 [scalapnt_fractal_1000_cellbound_lp] found_conflicts 8
21/07/2013 22:49:22.987619 [scalapnt_fractal_1000_cellbound_lp] resolved_conflicts 8
21/07/2013 22:49:22.988790 [scalapnt_fractal_1000_cellbound_lp] finalized_level 8
21/07/2013 22:49:22.991205 [scalapnt_fractal_1000_cellbound_lp] initialized_level 7
21/07/2013 22:49:23.000617 [scalapnt_fractal_1000_cellbound_lp] found_conflicts 7
21/07/2013 22:49:23.001864 [scalapnt_fractal_1000_cellbound_lp] resolved_conflicts 7
21/07/2013 22:49:23.003035 [scalapnt_fractal_1000_cellbound_lp] finalized_level 7
21/07/2013 22:49:23.005497 [scalapnt_fractal_1000_cellbound_lp] initialized_level 6
21/07/2013 22:49:23.015631 [scalapnt_fractal_1000_cellbound_lp] found_conflicts 6
21/07/2013 22:49:23.022398 [scalapnt_fractal_1000_cellbound_lp] resolved_conflicts 6
21/07/2013 22:49:23.023554 [scalapnt_fractal_1000_cellbound_lp] finalized_level 6
21/07/2013 22:49:23.025993 [scalapnt_fractal_1000_cellbound_lp] initialized_level 5
21/07/2013 22:49:23.035130 [scalapnt_fractal_1000_cellbound_lp] found_conflicts 5
21/07/2013 22:49:23.041145 [scalapnt_fractal_1000_cellbound_lp] resolved_conflicts 5
21/07/2013 22:49:23.042310 [scalapnt_fractal_1000_cellbound_lp] finalized_level 5
21/07/2013 22:49:23.044804 [scalapnt_fractal_1000_cellbound_lp] initialized_level 4
21/07/2013 22:49:23.052413 [scalapnt_fractal_1000_cellbound_lp] found_conflicts 4
21/07/2013 22:49:23.053705 [scalapnt_fractal_1000_cellbound_lp] resolved_conflicts 4
21/07/2013 22:49:23.054898 [scalapnt_fractal_1000_cellbound_lp] finalized_level 4
21/07/2013 22:49:23.057386 [scalapnt_fractal_1000_cellbound_lp] initialized_level 3
21/07/2013 22:49:23.065524 [scalapnt_fractal_1000_cellbound_lp] found_conflicts 3
21/07/2013 22:49:23.071538 [scalapnt_fractal_1000_cellbound_lp] resolved_conflicts 3
21/07/2013 22:49:23.072710 [scalapnt_fractal_1000_cellbound_lp] finalized_level 3
21/07/2013 22:49:23.075275 [scalapnt_fractal_1000_cellbound_lp] initialized_level 2
21/07/2013 22:49:23.082436 [scalapnt_fractal_1000_cellbound_lp] found_conflicts 2
21/07/2013 22:49:23.089013 [scalapnt_fractal_1000_cellbound_lp] resolved_conflicts 2
21/07/2013 22:49:23.090210 [scalapnt_fractal_1000_cellbound_lp] finalized_level 2
21/07/2013 22:49:23.092825 [scalapnt_fractal_1000_cellbound_lp] initialized_level 1
21/07/2013 22:49:23.098505 [scalapnt_fractal_1000_cellbound_lp] found_conflicts 1
21/07/2013 22:49:23.099766 [scalapnt_fractal_1000_cellbound_lp] resolved_conflicts 1
21/07/2013 22:49:23.100958 [scalapnt_fractal_1000_cellbound_lp] finalized_level 1
21/07/2013 22:49:23.103456 [scalapnt_fractal_1000_cellbound_lp] initialized_level 0
21/07/2013 22:49:23.109760 [scalapnt_fractal_1000_cellbound_lp] found_conflicts 0
21/07/2013 22:49:23.115844 [scalapnt_fractal_1000_cellbound_lp] resolved_conflicts 0
21/07/2013 22:49:23.117055 [scalapnt_fractal_1000_cellbound_lp] finalized_level 0
21/07/2013 22:49:23.194025 [scalapnt_fractal_1000_cellbound_lp] COMMIT
21/07/2013 22:49:23.194546 [scalapnt_fractal_2000_cellbound_heuristic] BEGIN_TRANSACTION
21/07/2013 22:49:29.165724 [scalapnt_fractal_2000_cellbound_heuristic] initialized
21/07/2013 22:49:29.166114 [scalapnt_fractal_2000_cellbound_heuristic] solver "heuristic"
21/07/2013 22:49:29.166429 [scalapnt_fractal_2000_cellbound_heuristic] constraints "cellbound(16,)"
21/07/2013 22:49:29.169206 [scalapnt_fractal_2000_cellbound_heuristic] inputstats {'geometry_types': ['POINT'], 'input': '(select * from pnt_30m_synthetic where x_order <= 2000) t', 'total_rank': 990.65258200513199, 'total_recs': 2000L}
21/07/2013 22:49:29.171795 [scalapnt_fractal_2000_cellbound_heuristic] initialized_level 9
21/07/2013 22:49:29.522618 [scalapnt_fractal_2000_cellbound_heuristic] found_conflicts 9
21/07/2013 22:49:29.580981 [scalapnt_fractal_2000_cellbound_heuristic] resolved_conflicts 9
21/07/2013 22:49:29.582208 [scalapnt_fractal_2000_cellbound_heuristic] finalized_level 9
21/07/2013 22:49:29.584696 [scalapnt_fractal_2000_cellbound_heuristic] initialized_level 8
21/07/2013 22:49:29.608416 [scalapnt_fractal_2000_cellbound_heuristic] found_conflicts 8
21/07/2013 22:49:29.613115 [scalapnt_fractal_2000_cellbound_heuristic] resolved_conflicts 8
21/07/2013 22:49:29.614288 [scalapnt_fractal_2000_cellbound_heuristic] finalized_level 8
21/07/2013 22:49:29.616680 [scalapnt_fractal_2000_cellbound_heuristic] initialized_level 7
21/07/2013 22:49:29.627370 [scalapnt_fractal_2000_cellbound_heuristic] found_conflicts 7
21/07/2013 22:49:29.628293 [scalapnt_fractal_2000_cellbound_heuristic] resolved_conflicts 7
21/07/2013 22:49:29.629463 [scalapnt_fractal_2000_cellbound_heuristic] finalized_level 7
21/07/2013 22:49:29.631932 [scalapnt_fractal_2000_cellbound_heuristic] initialized_level 6
21/07/2013 22:49:29.644172 [scalapnt_fractal_2000_cellbound_heuristic] found_conflicts 6
21/07/2013 22:49:29.646338 [scalapnt_fractal_2000_cellbound_heuristic] resolved_conflicts 6
21/07/2013 22:49:29.647488 [scalapnt_fractal_2000_cellbound_heuristic] finalized_level 6
21/07/2013 22:49:29.649921 [scalapnt_fractal_2000_cellbound_heuristic] initialized_level 5
21/07/2013 22:49:29.659479 [scalapnt_fractal_2000_cellbound_heuristic] found_conflicts 5
21/07/2013 22:49:29.661228 [scalapnt_fractal_2000_cellbound_heuristic] resolved_conflicts 5
21/07/2013 22:49:29.662408 [scalapnt_fractal_2000_cellbound_heuristic] finalized_level 5
21/07/2013 22:49:29.664801 [scalapnt_fractal_2000_cellbound_heuristic] initialized_level 4
21/07/2013 22:49:29.672468 [scalapnt_fractal_2000_cellbound_heuristic] found_conflicts 4
21/07/2013 22:49:29.673401 [scalapnt_fractal_2000_cellbound_heuristic] resolved_conflicts 4
21/07/2013 22:49:29.674555 [scalapnt_fractal_2000_cellbound_heuristic] finalized_level 4
21/07/2013 22:49:29.676995 [scalapnt_fractal_2000_cellbound_heuristic] initialized_level 3
21/07/2013 22:49:29.685526 [scalapnt_fractal_2000_cellbound_heuristic] found_conflicts 3
21/07/2013 22:49:29.687080 [scalapnt_fractal_2000_cellbound_heuristic] resolved_conflicts 3
21/07/2013 22:49:29.688253 [scalapnt_fractal_2000_cellbound_heuristic] finalized_level 3
21/07/2013 22:49:29.690995 [scalapnt_fractal_2000_cellbound_heuristic] initialized_level 2
21/07/2013 22:49:29.698532 [scalapnt_fractal_2000_cellbound_heuristic] found_conflicts 2
21/07/2013 22:49:29.700132 [scalapnt_fractal_2000_cellbound_heuristic] resolved_conflicts 2
21/07/2013 22:49:29.701311 [scalapnt_fractal_2000_cellbound_heuristic] finalized_level 2
21/07/2013 22:49:29.703862 [scalapnt_fractal_2000_cellbound_heuristic] initialized_level 1
21/07/2013 22:49:29.709549 [scalapnt_fractal_2000_cellbound_heuristic] found_conflicts 1
21/07/2013 22:49:29.710504 [scalapnt_fractal_2000_cellbound_heuristic] resolved_conflicts 1
21/07/2013 22:49:29.711688 [scalapnt_fractal_2000_cellbound_heuristic] finalized_level 1
21/07/2013 22:49:29.714375 [scalapnt_fractal_2000_cellbound_heuristic] initialized_level 0
21/07/2013 22:49:29.720885 [scalapnt_fractal_2000_cellbound_heuristic] found_conflicts 0
21/07/2013 22:49:29.722475 [scalapnt_fractal_2000_cellbound_heuristic] resolved_conflicts 0
21/07/2013 22:49:29.723660 [scalapnt_fractal_2000_cellbound_heuristic] finalized_level 0
21/07/2013 22:49:29.801246 [scalapnt_fractal_2000_cellbound_heuristic] COMMIT
21/07/2013 22:49:29.801740 [scalapnt_fractal_2000_proximity_heuristic] BEGIN_TRANSACTION
21/07/2013 22:49:35.963529 [scalapnt_fractal_2000_proximity_heuristic] initialized
21/07/2013 22:49:35.963897 [scalapnt_fractal_2000_proximity_heuristic] solver "heuristic"
21/07/2013 22:49:35.964207 [scalapnt_fractal_2000_proximity_heuristic] constraints "proximity(10,)"
21/07/2013 22:49:35.967005 [scalapnt_fractal_2000_proximity_heuristic] inputstats {'geometry_types': ['POINT'], 'input': '(select * from pnt_30m_synthetic where x_order <= 2000) t', 'total_rank': 986.24620646657422, 'total_recs': 2000L}
21/07/2013 22:49:35.969594 [scalapnt_fractal_2000_proximity_heuristic] initialized_level 9
21/07/2013 22:49:36.176948 [scalapnt_fractal_2000_proximity_heuristic] found_conflicts 9
21/07/2013 22:49:36.364480 [scalapnt_fractal_2000_proximity_heuristic] resolved_conflicts 9
21/07/2013 22:49:36.365860 [scalapnt_fractal_2000_proximity_heuristic] finalized_level 9
21/07/2013 22:49:36.368527 [scalapnt_fractal_2000_proximity_heuristic] initialized_level 8
21/07/2013 22:49:36.387375 [scalapnt_fractal_2000_proximity_heuristic] found_conflicts 8
21/07/2013 22:49:36.393548 [scalapnt_fractal_2000_proximity_heuristic] resolved_conflicts 8
21/07/2013 22:49:36.394737 [scalapnt_fractal_2000_proximity_heuristic] finalized_level 8
21/07/2013 22:49:36.397254 [scalapnt_fractal_2000_proximity_heuristic] initialized_level 7
21/07/2013 22:49:36.408630 [scalapnt_fractal_2000_proximity_heuristic] found_conflicts 7
21/07/2013 22:49:36.411248 [scalapnt_fractal_2000_proximity_heuristic] resolved_conflicts 7
21/07/2013 22:49:36.412447 [scalapnt_fractal_2000_proximity_heuristic] finalized_level 7
21/07/2013 22:49:36.415053 [scalapnt_fractal_2000_proximity_heuristic] initialized_level 6
21/07/2013 22:49:36.421529 [scalapnt_fractal_2000_proximity_heuristic] found_conflicts 6
21/07/2013 22:49:36.422911 [scalapnt_fractal_2000_proximity_heuristic] resolved_conflicts 6
21/07/2013 22:49:36.424102 [scalapnt_fractal_2000_proximity_heuristic] finalized_level 6
21/07/2013 22:49:36.426579 [scalapnt_fractal_2000_proximity_heuristic] initialized_level 5
21/07/2013 22:49:36.430177 [scalapnt_fractal_2000_proximity_heuristic] found_conflicts 5
21/07/2013 22:49:36.431274 [scalapnt_fractal_2000_proximity_heuristic] resolved_conflicts 5
21/07/2013 22:49:36.432423 [scalapnt_fractal_2000_proximity_heuristic] finalized_level 5
21/07/2013 22:49:36.434950 [scalapnt_fractal_2000_proximity_heuristic] initialized_level 4
21/07/2013 22:49:36.437497 [scalapnt_fractal_2000_proximity_heuristic] found_conflicts 4
21/07/2013 22:49:36.438452 [scalapnt_fractal_2000_proximity_heuristic] resolved_conflicts 4
21/07/2013 22:49:36.439622 [scalapnt_fractal_2000_proximity_heuristic] finalized_level 4
21/07/2013 22:49:36.442072 [scalapnt_fractal_2000_proximity_heuristic] initialized_level 3
21/07/2013 22:49:36.444610 [scalapnt_fractal_2000_proximity_heuristic] found_conflicts 3
21/07/2013 22:49:36.445552 [scalapnt_fractal_2000_proximity_heuristic] resolved_conflicts 3
21/07/2013 22:49:36.446729 [scalapnt_fractal_2000_proximity_heuristic] finalized_level 3
21/07/2013 22:49:36.449191 [scalapnt_fractal_2000_proximity_heuristic] initialized_level 2
21/07/2013 22:49:36.452245 [scalapnt_fractal_2000_proximity_heuristic] found_conflicts 2
21/07/2013 22:49:36.453260 [scalapnt_fractal_2000_proximity_heuristic] resolved_conflicts 2
21/07/2013 22:49:36.454451 [scalapnt_fractal_2000_proximity_heuristic] finalized_level 2
21/07/2013 22:49:36.457030 [scalapnt_fractal_2000_proximity_heuristic] initialized_level 1
21/07/2013 22:49:36.460502 [scalapnt_fractal_2000_proximity_heuristic] found_conflicts 1
21/07/2013 22:49:36.461535 [scalapnt_fractal_2000_proximity_heuristic] resolved_conflicts 1
21/07/2013 22:49:36.462747 [scalapnt_fractal_2000_proximity_heuristic] finalized_level 1
21/07/2013 22:49:36.465284 [scalapnt_fractal_2000_proximity_heuristic] initialized_level 0
21/07/2013 22:49:36.469122 [scalapnt_fractal_2000_proximity_heuristic] found_conflicts 0
21/07/2013 22:49:36.470160 [scalapnt_fractal_2000_proximity_heuristic] resolved_conflicts 0
21/07/2013 22:49:36.471329 [scalapnt_fractal_2000_proximity_heuristic] finalized_level 0
21/07/2013 22:49:36.535915 [scalapnt_fractal_2000_proximity_heuristic] COMMIT
21/07/2013 22:49:36.536408 [scalapnt_fractal_2000_cellbound_lp] BEGIN_TRANSACTION
21/07/2013 22:49:42.436857 [scalapnt_fractal_2000_cellbound_lp] initialized
21/07/2013 22:49:42.437222 [scalapnt_fractal_2000_cellbound_lp] solver "lp"
21/07/2013 22:49:42.437529 [scalapnt_fractal_2000_cellbound_lp] constraints "cellbound(16,)"
21/07/2013 22:49:42.440321 [scalapnt_fractal_2000_cellbound_lp] inputstats {'geometry_types': ['POINT'], 'input': '(select * from pnt_30m_synthetic where x_order <= 2000) t', 'total_rank': 1009.3422056194395, 'total_recs': 2000L}
21/07/2013 22:49:42.442967 [scalapnt_fractal_2000_cellbound_lp] initialized_level 9
21/07/2013 22:49:42.790634 [scalapnt_fractal_2000_cellbound_lp] found_conflicts 9
21/07/2013 22:49:44.174450 [scalapnt_fractal_2000_cellbound_lp] resolved_conflicts 9
21/07/2013 22:49:44.175785 [scalapnt_fractal_2000_cellbound_lp] finalized_level 9
21/07/2013 22:49:44.178428 [scalapnt_fractal_2000_cellbound_lp] initialized_level 8
21/07/2013 22:49:44.201935 [scalapnt_fractal_2000_cellbound_lp] found_conflicts 8
21/07/2013 22:49:44.217481 [scalapnt_fractal_2000_cellbound_lp] resolved_conflicts 8
21/07/2013 22:49:44.218684 [scalapnt_fractal_2000_cellbound_lp] finalized_level 8
21/07/2013 22:49:44.221193 [scalapnt_fractal_2000_cellbound_lp] initialized_level 7
21/07/2013 22:49:44.231760 [scalapnt_fractal_2000_cellbound_lp] found_conflicts 7
21/07/2013 22:49:44.233013 [scalapnt_fractal_2000_cellbound_lp] resolved_conflicts 7
21/07/2013 22:49:44.234224 [scalapnt_fractal_2000_cellbound_lp] finalized_level 7
21/07/2013 22:49:44.236829 [scalapnt_fractal_2000_cellbound_lp] initialized_level 6
21/07/2013 22:49:44.248981 [scalapnt_fractal_2000_cellbound_lp] found_conflicts 6
21/07/2013 22:49:44.257929 [scalapnt_fractal_2000_cellbound_lp] resolved_conflicts 6
21/07/2013 22:49:44.259133 [scalapnt_fractal_2000_cellbound_lp] finalized_level 6
21/07/2013 22:49:44.261654 [scalapnt_fractal_2000_cellbound_lp] initialized_level 5
21/07/2013 22:49:44.271175 [scalapnt_fractal_2000_cellbound_lp] found_conflicts 5
21/07/2013 22:49:44.278292 [scalapnt_fractal_2000_cellbound_lp] resolved_conflicts 5
21/07/2013 22:49:44.279486 [scalapnt_fractal_2000_cellbound_lp] finalized_level 5
21/07/2013 22:49:44.282112 [scalapnt_fractal_2000_cellbound_lp] initialized_level 4
21/07/2013 22:49:44.289766 [scalapnt_fractal_2000_cellbound_lp] found_conflicts 4
21/07/2013 22:49:44.291036 [scalapnt_fractal_2000_cellbound_lp] resolved_conflicts 4
21/07/2013 22:49:44.292208 [scalapnt_fractal_2000_cellbound_lp] finalized_level 4
21/07/2013 22:49:44.294730 [scalapnt_fractal_2000_cellbound_lp] initialized_level 3
21/07/2013 22:49:44.303224 [scalapnt_fractal_2000_cellbound_lp] found_conflicts 3
21/07/2013 22:49:44.308985 [scalapnt_fractal_2000_cellbound_lp] resolved_conflicts 3
21/07/2013 22:49:44.310210 [scalapnt_fractal_2000_cellbound_lp] finalized_level 3
21/07/2013 22:49:44.312832 [scalapnt_fractal_2000_cellbound_lp] initialized_level 2
21/07/2013 22:49:44.320371 [scalapnt_fractal_2000_cellbound_lp] found_conflicts 2
21/07/2013 22:49:44.326916 [scalapnt_fractal_2000_cellbound_lp] resolved_conflicts 2
21/07/2013 22:49:44.328119 [scalapnt_fractal_2000_cellbound_lp] finalized_level 2
21/07/2013 22:49:44.330688 [scalapnt_fractal_2000_cellbound_lp] initialized_level 1
21/07/2013 22:49:44.336346 [scalapnt_fractal_2000_cellbound_lp] found_conflicts 1
21/07/2013 22:49:44.337609 [scalapnt_fractal_2000_cellbound_lp] resolved_conflicts 1
21/07/2013 22:49:44.338777 [scalapnt_fractal_2000_cellbound_lp] finalized_level 1
21/07/2013 22:49:44.341245 [scalapnt_fractal_2000_cellbound_lp] initialized_level 0
21/07/2013 22:49:44.347806 [scalapnt_fractal_2000_cellbound_lp] found_conflicts 0
21/07/2013 22:49:44.354316 [scalapnt_fractal_2000_cellbound_lp] resolved_conflicts 0
21/07/2013 22:49:44.355524 [scalapnt_fractal_2000_cellbound_lp] finalized_level 0
21/07/2013 22:49:44.415067 [scalapnt_fractal_2000_cellbound_lp] COMMIT
21/07/2013 22:49:44.415566 [scalapnt_fractal_4000_cellbound_heuristic] BEGIN_TRANSACTION
21/07/2013 22:49:50.333610 [scalapnt_fractal_4000_cellbound_heuristic] initialized
21/07/2013 22:49:50.333983 [scalapnt_fractal_4000_cellbound_heuristic] solver "heuristic"
21/07/2013 22:49:50.334295 [scalapnt_fractal_4000_cellbound_heuristic] constraints "cellbound(16,)"
21/07/2013 22:49:50.339023 [scalapnt_fractal_4000_cellbound_heuristic] inputstats {'geometry_types': ['POINT'], 'input': '(select * from pnt_30m_synthetic where x_order <= 4000) t', 'total_rank': 2023.8945265659131, 'total_recs': 4000L}
21/07/2013 22:49:50.341624 [scalapnt_fractal_4000_cellbound_heuristic] initialized_level 9
21/07/2013 22:49:51.222604 [scalapnt_fractal_4000_cellbound_heuristic] found_conflicts 9
21/07/2013 22:49:51.355039 [scalapnt_fractal_4000_cellbound_heuristic] resolved_conflicts 9
21/07/2013 22:49:51.356340 [scalapnt_fractal_4000_cellbound_heuristic] finalized_level 9
21/07/2013 22:49:51.359021 [scalapnt_fractal_4000_cellbound_heuristic] initialized_level 8
21/07/2013 22:49:51.393656 [scalapnt_fractal_4000_cellbound_heuristic] found_conflicts 8
21/07/2013 22:49:51.399462 [scalapnt_fractal_4000_cellbound_heuristic] resolved_conflicts 8
21/07/2013 22:49:51.400651 [scalapnt_fractal_4000_cellbound_heuristic] finalized_level 8
21/07/2013 22:49:51.403143 [scalapnt_fractal_4000_cellbound_heuristic] initialized_level 7
21/07/2013 22:49:51.417053 [scalapnt_fractal_4000_cellbound_heuristic] found_conflicts 7
21/07/2013 22:49:51.417981 [scalapnt_fractal_4000_cellbound_heuristic] resolved_conflicts 7
21/07/2013 22:49:51.419165 [scalapnt_fractal_4000_cellbound_heuristic] finalized_level 7
21/07/2013 22:49:51.421783 [scalapnt_fractal_4000_cellbound_heuristic] initialized_level 6
21/07/2013 22:49:51.439089 [scalapnt_fractal_4000_cellbound_heuristic] found_conflicts 6
21/07/2013 22:49:51.441876 [scalapnt_fractal_4000_cellbound_heuristic] resolved_conflicts 6
21/07/2013 22:49:51.443068 [scalapnt_fractal_4000_cellbound_heuristic] finalized_level 6
21/07/2013 22:49:51.445767 [scalapnt_fractal_4000_cellbound_heuristic] initialized_level 5
21/07/2013 22:49:51.458690 [scalapnt_fractal_4000_cellbound_heuristic] found_conflicts 5
21/07/2013 22:49:51.461179 [scalapnt_fractal_4000_cellbound_heuristic] resolved_conflicts 5
21/07/2013 22:49:51.462396 [scalapnt_fractal_4000_cellbound_heuristic] finalized_level 5
21/07/2013 22:49:51.464871 [scalapnt_fractal_4000_cellbound_heuristic] initialized_level 4
21/07/2013 22:49:51.472868 [scalapnt_fractal_4000_cellbound_heuristic] found_conflicts 4
21/07/2013 22:49:51.473820 [scalapnt_fractal_4000_cellbound_heuristic] resolved_conflicts 4
21/07/2013 22:49:51.475029 [scalapnt_fractal_4000_cellbound_heuristic] finalized_level 4
21/07/2013 22:49:51.477542 [scalapnt_fractal_4000_cellbound_heuristic] initialized_level 3
21/07/2013 22:49:51.486263 [scalapnt_fractal_4000_cellbound_heuristic] found_conflicts 3
21/07/2013 22:49:51.487860 [scalapnt_fractal_4000_cellbound_heuristic] resolved_conflicts 3
21/07/2013 22:49:51.489056 [scalapnt_fractal_4000_cellbound_heuristic] finalized_level 3
21/07/2013 22:49:51.491670 [scalapnt_fractal_4000_cellbound_heuristic] initialized_level 2
21/07/2013 22:49:51.499213 [scalapnt_fractal_4000_cellbound_heuristic] found_conflicts 2
21/07/2013 22:49:51.500775 [scalapnt_fractal_4000_cellbound_heuristic] resolved_conflicts 2
21/07/2013 22:49:51.501959 [scalapnt_fractal_4000_cellbound_heuristic] finalized_level 2
21/07/2013 22:49:51.504572 [scalapnt_fractal_4000_cellbound_heuristic] initialized_level 1
21/07/2013 22:49:51.510577 [scalapnt_fractal_4000_cellbound_heuristic] found_conflicts 1
21/07/2013 22:49:51.511529 [scalapnt_fractal_4000_cellbound_heuristic] resolved_conflicts 1
21/07/2013 22:49:51.512692 [scalapnt_fractal_4000_cellbound_heuristic] finalized_level 1
21/07/2013 22:49:51.515170 [scalapnt_fractal_4000_cellbound_heuristic] initialized_level 0
21/07/2013 22:49:51.521760 [scalapnt_fractal_4000_cellbound_heuristic] found_conflicts 0
21/07/2013 22:49:51.523307 [scalapnt_fractal_4000_cellbound_heuristic] resolved_conflicts 0
21/07/2013 22:49:51.524486 [scalapnt_fractal_4000_cellbound_heuristic] finalized_level 0
21/07/2013 22:49:51.607514 [scalapnt_fractal_4000_cellbound_heuristic] COMMIT
21/07/2013 22:49:51.608014 [scalapnt_fractal_4000_proximity_heuristic] BEGIN_TRANSACTION
21/07/2013 22:49:57.529589 [scalapnt_fractal_4000_proximity_heuristic] initialized
21/07/2013 22:49:57.529964 [scalapnt_fractal_4000_proximity_heuristic] solver "heuristic"
21/07/2013 22:49:57.530286 [scalapnt_fractal_4000_proximity_heuristic] constraints "proximity(10,)"
21/07/2013 22:49:57.535011 [scalapnt_fractal_4000_proximity_heuristic] inputstats {'geometry_types': ['POINT'], 'input': '(select * from pnt_30m_synthetic where x_order <= 4000) t', 'total_rank': 1984.6775668221526, 'total_recs': 4000L}
21/07/2013 22:49:57.537599 [scalapnt_fractal_4000_proximity_heuristic] initialized_level 9
21/07/2013 22:49:58.025752 [scalapnt_fractal_4000_proximity_heuristic] found_conflicts 9
21/07/2013 22:49:58.509450 [scalapnt_fractal_4000_proximity_heuristic] resolved_conflicts 9
21/07/2013 22:49:58.510782 [scalapnt_fractal_4000_proximity_heuristic] finalized_level 9
21/07/2013 22:49:58.513887 [scalapnt_fractal_4000_proximity_heuristic] initialized_level 8
21/07/2013 22:49:58.546843 [scalapnt_fractal_4000_proximity_heuristic] found_conflicts 8
21/07/2013 22:49:58.556356 [scalapnt_fractal_4000_proximity_heuristic] resolved_conflicts 8
21/07/2013 22:49:58.557527 [scalapnt_fractal_4000_proximity_heuristic] finalized_level 8
21/07/2013 22:49:58.559914 [scalapnt_fractal_4000_proximity_heuristic] initialized_level 7
21/07/2013 22:49:58.583820 [scalapnt_fractal_4000_proximity_heuristic] found_conflicts 7
21/07/2013 22:49:58.587894 [scalapnt_fractal_4000_proximity_heuristic] resolved_conflicts 7
21/07/2013 22:49:58.589080 [scalapnt_fractal_4000_proximity_heuristic] finalized_level 7
21/07/2013 22:49:58.591765 [scalapnt_fractal_4000_proximity_heuristic] initialized_level 6
21/07/2013 22:49:58.605004 [scalapnt_fractal_4000_proximity_heuristic] found_conflicts 6
21/07/2013 22:49:58.606645 [scalapnt_fractal_4000_proximity_heuristic] resolved_conflicts 6
21/07/2013 22:49:58.607836 [scalapnt_fractal_4000_proximity_heuristic] finalized_level 6
21/07/2013 22:49:58.610405 [scalapnt_fractal_4000_proximity_heuristic] initialized_level 5
21/07/2013 22:49:58.619555 [scalapnt_fractal_4000_proximity_heuristic] found_conflicts 5
21/07/2013 22:49:58.620787 [scalapnt_fractal_4000_proximity_heuristic] resolved_conflicts 5
21/07/2013 22:49:58.621942 [scalapnt_fractal_4000_proximity_heuristic] finalized_level 5
21/07/2013 22:49:58.624521 [scalapnt_fractal_4000_proximity_heuristic] initialized_level 4
21/07/2013 22:49:58.631634 [scalapnt_fractal_4000_proximity_heuristic] found_conflicts 4
21/07/2013 22:49:58.632677 [scalapnt_fractal_4000_proximity_heuristic] resolved_conflicts 4
21/07/2013 22:49:58.633862 [scalapnt_fractal_4000_proximity_heuristic] finalized_level 4
21/07/2013 22:49:58.636392 [scalapnt_fractal_4000_proximity_heuristic] initialized_level 3
21/07/2013 22:49:58.640523 [scalapnt_fractal_4000_proximity_heuristic] found_conflicts 3
21/07/2013 22:49:58.641467 [scalapnt_fractal_4000_proximity_heuristic] resolved_conflicts 3
21/07/2013 22:49:58.642668 [scalapnt_fractal_4000_proximity_heuristic] finalized_level 3
21/07/2013 22:49:58.645330 [scalapnt_fractal_4000_proximity_heuristic] initialized_level 2
21/07/2013 22:49:58.651048 [scalapnt_fractal_4000_proximity_heuristic] found_conflicts 2
21/07/2013 22:49:58.652158 [scalapnt_fractal_4000_proximity_heuristic] resolved_conflicts 2
21/07/2013 22:49:58.653340 [scalapnt_fractal_4000_proximity_heuristic] finalized_level 2
21/07/2013 22:49:58.655888 [scalapnt_fractal_4000_proximity_heuristic] initialized_level 1
21/07/2013 22:49:58.661523 [scalapnt_fractal_4000_proximity_heuristic] found_conflicts 1
21/07/2013 22:49:58.662580 [scalapnt_fractal_4000_proximity_heuristic] resolved_conflicts 1
21/07/2013 22:49:58.663815 [scalapnt_fractal_4000_proximity_heuristic] finalized_level 1
21/07/2013 22:49:58.666403 [scalapnt_fractal_4000_proximity_heuristic] initialized_level 0
21/07/2013 22:49:58.674153 [scalapnt_fractal_4000_proximity_heuristic] found_conflicts 0
21/07/2013 22:49:58.675226 [scalapnt_fractal_4000_proximity_heuristic] resolved_conflicts 0
21/07/2013 22:49:58.676416 [scalapnt_fractal_4000_proximity_heuristic] finalized_level 0
21/07/2013 22:49:58.733612 [scalapnt_fractal_4000_proximity_heuristic] COMMIT
21/07/2013 22:49:58.734115 [scalapnt_fractal_4000_cellbound_lp] BEGIN_TRANSACTION
21/07/2013 22:50:04.984765 [scalapnt_fractal_4000_cellbound_lp] initialized
21/07/2013 22:50:04.985150 [scalapnt_fractal_4000_cellbound_lp] solver "lp"
21/07/2013 22:50:04.985462 [scalapnt_fractal_4000_cellbound_lp] constraints "cellbound(16,)"
21/07/2013 22:50:04.990203 [scalapnt_fractal_4000_cellbound_lp] inputstats {'geometry_types': ['POINT'], 'input': '(select * from pnt_30m_synthetic where x_order <= 4000) t', 'total_rank': 1995.890409771353, 'total_recs': 4000L}
21/07/2013 22:50:04.992655 [scalapnt_fractal_4000_cellbound_lp] initialized_level 9
21/07/2013 22:50:05.872361 [scalapnt_fractal_4000_cellbound_lp] found_conflicts 9
21/07/2013 22:50:13.103938 [scalapnt_fractal_4000_cellbound_lp] resolved_conflicts 9
21/07/2013 22:50:13.105330 [scalapnt_fractal_4000_cellbound_lp] finalized_level 9
21/07/2013 22:50:13.107940 [scalapnt_fractal_4000_cellbound_lp] initialized_level 8
21/07/2013 22:50:13.142518 [scalapnt_fractal_4000_cellbound_lp] found_conflicts 8
21/07/2013 22:50:13.165614 [scalapnt_fractal_4000_cellbound_lp] resolved_conflicts 8
21/07/2013 22:50:13.166785 [scalapnt_fractal_4000_cellbound_lp] finalized_level 8
21/07/2013 22:50:13.169117 [scalapnt_fractal_4000_cellbound_lp] initialized_level 7
21/07/2013 22:50:13.182974 [scalapnt_fractal_4000_cellbound_lp] found_conflicts 7
21/07/2013 22:50:13.184205 [scalapnt_fractal_4000_cellbound_lp] resolved_conflicts 7
21/07/2013 22:50:13.185348 [scalapnt_fractal_4000_cellbound_lp] finalized_level 7
21/07/2013 22:50:13.187894 [scalapnt_fractal_4000_cellbound_lp] initialized_level 6
21/07/2013 22:50:13.205062 [scalapnt_fractal_4000_cellbound_lp] found_conflicts 6
21/07/2013 22:50:13.216482 [scalapnt_fractal_4000_cellbound_lp] resolved_conflicts 6
21/07/2013 22:50:13.217648 [scalapnt_fractal_4000_cellbound_lp] finalized_level 6
21/07/2013 22:50:13.220160 [scalapnt_fractal_4000_cellbound_lp] initialized_level 5
21/07/2013 22:50:13.232990 [scalapnt_fractal_4000_cellbound_lp] found_conflicts 5
21/07/2013 22:50:13.241598 [scalapnt_fractal_4000_cellbound_lp] resolved_conflicts 5
21/07/2013 22:50:13.242756 [scalapnt_fractal_4000_cellbound_lp] finalized_level 5
21/07/2013 22:50:13.245317 [scalapnt_fractal_4000_cellbound_lp] initialized_level 4
21/07/2013 22:50:13.253299 [scalapnt_fractal_4000_cellbound_lp] found_conflicts 4
21/07/2013 22:50:13.254560 [scalapnt_fractal_4000_cellbound_lp] resolved_conflicts 4
21/07/2013 22:50:13.255724 [scalapnt_fractal_4000_cellbound_lp] finalized_level 4
21/07/2013 22:50:13.258165 [scalapnt_fractal_4000_cellbound_lp] initialized_level 3
21/07/2013 22:50:13.266795 [scalapnt_fractal_4000_cellbound_lp] found_conflicts 3
21/07/2013 22:50:13.272211 [scalapnt_fractal_4000_cellbound_lp] resolved_conflicts 3
21/07/2013 22:50:13.273421 [scalapnt_fractal_4000_cellbound_lp] finalized_level 3
21/07/2013 22:50:13.275986 [scalapnt_fractal_4000_cellbound_lp] initialized_level 2
21/07/2013 22:50:13.283611 [scalapnt_fractal_4000_cellbound_lp] found_conflicts 2
21/07/2013 22:50:13.289370 [scalapnt_fractal_4000_cellbound_lp] resolved_conflicts 2
21/07/2013 22:50:13.290579 [scalapnt_fractal_4000_cellbound_lp] finalized_level 2
21/07/2013 22:50:13.293149 [scalapnt_fractal_4000_cellbound_lp] initialized_level 1
21/07/2013 22:50:13.299171 [scalapnt_fractal_4000_cellbound_lp] found_conflicts 1
21/07/2013 22:50:13.300431 [scalapnt_fractal_4000_cellbound_lp] resolved_conflicts 1
21/07/2013 22:50:13.301595 [scalapnt_fractal_4000_cellbound_lp] finalized_level 1
21/07/2013 22:50:13.304117 [scalapnt_fractal_4000_cellbound_lp] initialized_level 0
21/07/2013 22:50:13.310685 [scalapnt_fractal_4000_cellbound_lp] found_conflicts 0
21/07/2013 22:50:13.317246 [scalapnt_fractal_4000_cellbound_lp] resolved_conflicts 0
21/07/2013 22:50:13.318455 [scalapnt_fractal_4000_cellbound_lp] finalized_level 0
21/07/2013 22:50:13.393470 [scalapnt_fractal_4000_cellbound_lp] COMMIT
21/07/2013 22:50:13.393966 [scalapnt_fractal_8000_cellbound_heuristic] BEGIN_TRANSACTION
21/07/2013 22:50:19.352037 [scalapnt_fractal_8000_cellbound_heuristic] initialized
21/07/2013 22:50:19.352402 [scalapnt_fractal_8000_cellbound_heuristic] solver "heuristic"
21/07/2013 22:50:19.352724 [scalapnt_fractal_8000_cellbound_heuristic] constraints "cellbound(16,)"
21/07/2013 22:50:19.361337 [scalapnt_fractal_8000_cellbound_heuristic] inputstats {'geometry_types': ['POINT'], 'input': '(select * from pnt_30m_synthetic where x_order <= 8000) t', 'total_rank': 3986.127371577546, 'total_recs': 8000L}
21/07/2013 22:50:19.364034 [scalapnt_fractal_8000_cellbound_heuristic] initialized_level 9
21/07/2013 22:50:21.576938 [scalapnt_fractal_8000_cellbound_heuristic] found_conflicts 9
21/07/2013 22:50:21.853943 [scalapnt_fractal_8000_cellbound_heuristic] resolved_conflicts 9
21/07/2013 22:50:21.855281 [scalapnt_fractal_8000_cellbound_heuristic] finalized_level 9
21/07/2013 22:50:21.857780 [scalapnt_fractal_8000_cellbound_heuristic] initialized_level 8
21/07/2013 22:50:21.915479 [scalapnt_fractal_8000_cellbound_heuristic] found_conflicts 8
21/07/2013 22:50:21.923702 [scalapnt_fractal_8000_cellbound_heuristic] resolved_conflicts 8
21/07/2013 22:50:21.924847 [scalapnt_fractal_8000_cellbound_heuristic] finalized_level 8
21/07/2013 22:50:21.927178 [scalapnt_fractal_8000_cellbound_heuristic] initialized_level 7
21/07/2013 22:50:21.949084 [scalapnt_fractal_8000_cellbound_heuristic] found_conflicts 7
21/07/2013 22:50:21.950012 [scalapnt_fractal_8000_cellbound_heuristic] resolved_conflicts 7
21/07/2013 22:50:21.951183 [scalapnt_fractal_8000_cellbound_heuristic] finalized_level 7
21/07/2013 22:50:21.953512 [scalapnt_fractal_8000_cellbound_heuristic] initialized_level 6
21/07/2013 22:50:21.982811 [scalapnt_fractal_8000_cellbound_heuristic] found_conflicts 6
21/07/2013 22:50:21.986996 [scalapnt_fractal_8000_cellbound_heuristic] resolved_conflicts 6
21/07/2013 22:50:21.988154 [scalapnt_fractal_8000_cellbound_heuristic] finalized_level 6
21/07/2013 22:50:21.990530 [scalapnt_fractal_8000_cellbound_heuristic] initialized_level 5
21/07/2013 22:50:22.008463 [scalapnt_fractal_8000_cellbound_heuristic] found_conflicts 5
21/07/2013 22:50:22.010999 [scalapnt_fractal_8000_cellbound_heuristic] resolved_conflicts 5
21/07/2013 22:50:22.012148 [scalapnt_fractal_8000_cellbound_heuristic] finalized_level 5
21/07/2013 22:50:22.014562 [scalapnt_fractal_8000_cellbound_heuristic] initialized_level 4
21/07/2013 22:50:22.032152 [scalapnt_fractal_8000_cellbound_heuristic] found_conflicts 4
21/07/2013 22:50:22.034921 [scalapnt_fractal_8000_cellbound_heuristic] resolved_conflicts 4
21/07/2013 22:50:22.036088 [scalapnt_fractal_8000_cellbound_heuristic] finalized_level 4
21/07/2013 22:50:22.038539 [scalapnt_fractal_8000_cellbound_heuristic] initialized_level 3
21/07/2013 22:50:22.051021 [scalapnt_fractal_8000_cellbound_heuristic] found_conflicts 3
21/07/2013 22:50:22.053172 [scalapnt_fractal_8000_cellbound_heuristic] resolved_conflicts 3
21/07/2013 22:50:22.054410 [scalapnt_fractal_8000_cellbound_heuristic] finalized_level 3
21/07/2013 22:50:22.056857 [scalapnt_fractal_8000_cellbound_heuristic] initialized_level 2
21/07/2013 22:50:22.066210 [scalapnt_fractal_8000_cellbound_heuristic] found_conflicts 2
21/07/2013 22:50:22.067829 [scalapnt_fractal_8000_cellbound_heuristic] resolved_conflicts 2
21/07/2013 22:50:22.069058 [scalapnt_fractal_8000_cellbound_heuristic] finalized_level 2
21/07/2013 22:50:22.071538 [scalapnt_fractal_8000_cellbound_heuristic] initialized_level 1
21/07/2013 22:50:22.079704 [scalapnt_fractal_8000_cellbound_heuristic] found_conflicts 1
21/07/2013 22:50:22.081293 [scalapnt_fractal_8000_cellbound_heuristic] resolved_conflicts 1
21/07/2013 22:50:22.082522 [scalapnt_fractal_8000_cellbound_heuristic] finalized_level 1
21/07/2013 22:50:22.084948 [scalapnt_fractal_8000_cellbound_heuristic] initialized_level 0
21/07/2013 22:50:22.092173 [scalapnt_fractal_8000_cellbound_heuristic] found_conflicts 0
21/07/2013 22:50:22.093771 [scalapnt_fractal_8000_cellbound_heuristic] resolved_conflicts 0
21/07/2013 22:50:22.094990 [scalapnt_fractal_8000_cellbound_heuristic] finalized_level 0
21/07/2013 22:50:22.172729 [scalapnt_fractal_8000_cellbound_heuristic] COMMIT
21/07/2013 22:50:22.173233 [scalapnt_fractal_8000_proximity_heuristic] BEGIN_TRANSACTION
21/07/2013 22:50:28.131547 [scalapnt_fractal_8000_proximity_heuristic] initialized
21/07/2013 22:50:28.131925 [scalapnt_fractal_8000_proximity_heuristic] solver "heuristic"
21/07/2013 22:50:28.132240 [scalapnt_fractal_8000_proximity_heuristic] constraints "proximity(10,)"
21/07/2013 22:50:28.140878 [scalapnt_fractal_8000_proximity_heuristic] inputstats {'geometry_types': ['POINT'], 'input': '(select * from pnt_30m_synthetic where x_order <= 8000) t', 'total_rank': 4018.8378534880467, 'total_recs': 8000L}
21/07/2013 22:50:28.143453 [scalapnt_fractal_8000_proximity_heuristic] initialized_level 9
21/07/2013 22:50:29.896660 [scalapnt_fractal_8000_proximity_heuristic] found_conflicts 9
21/07/2013 22:50:31.860280 [scalapnt_fractal_8000_proximity_heuristic] resolved_conflicts 9
21/07/2013 22:50:31.861653 [scalapnt_fractal_8000_proximity_heuristic] finalized_level 9
21/07/2013 22:50:31.864234 [scalapnt_fractal_8000_proximity_heuristic] initialized_level 8
21/07/2013 22:50:31.939458 [scalapnt_fractal_8000_proximity_heuristic] found_conflicts 8
21/07/2013 22:50:31.956062 [scalapnt_fractal_8000_proximity_heuristic] resolved_conflicts 8
21/07/2013 22:50:31.957484 [scalapnt_fractal_8000_proximity_heuristic] finalized_level 8
21/07/2013 22:50:31.961294 [scalapnt_fractal_8000_proximity_heuristic] initialized_level 7
21/07/2013 22:50:32.019996 [scalapnt_fractal_8000_proximity_heuristic] found_conflicts 7
21/07/2013 22:50:32.026832 [scalapnt_fractal_8000_proximity_heuristic] resolved_conflicts 7
21/07/2013 22:50:32.028144 [scalapnt_fractal_8000_proximity_heuristic] finalized_level 7
21/07/2013 22:50:32.030752 [scalapnt_fractal_8000_proximity_heuristic] initialized_level 6
21/07/2013 22:50:32.060057 [scalapnt_fractal_8000_proximity_heuristic] found_conflicts 6
21/07/2013 22:50:32.062834 [scalapnt_fractal_8000_proximity_heuristic] resolved_conflicts 6
21/07/2013 22:50:32.064107 [scalapnt_fractal_8000_proximity_heuristic] finalized_level 6
21/07/2013 22:50:32.066684 [scalapnt_fractal_8000_proximity_heuristic] initialized_level 5
21/07/2013 22:50:32.085403 [scalapnt_fractal_8000_proximity_heuristic] found_conflicts 5
21/07/2013 22:50:32.086676 [scalapnt_fractal_8000_proximity_heuristic] resolved_conflicts 5
21/07/2013 22:50:32.087841 [scalapnt_fractal_8000_proximity_heuristic] finalized_level 5
21/07/2013 22:50:32.090241 [scalapnt_fractal_8000_proximity_heuristic] initialized_level 4
21/07/2013 22:50:32.102307 [scalapnt_fractal_8000_proximity_heuristic] found_conflicts 4
21/07/2013 22:50:32.103337 [scalapnt_fractal_8000_proximity_heuristic] resolved_conflicts 4
21/07/2013 22:50:32.104518 [scalapnt_fractal_8000_proximity_heuristic] finalized_level 4
21/07/2013 22:50:32.106978 [scalapnt_fractal_8000_proximity_heuristic] initialized_level 3
21/07/2013 22:50:32.117278 [scalapnt_fractal_8000_proximity_heuristic] found_conflicts 3
21/07/2013 22:50:32.118227 [scalapnt_fractal_8000_proximity_heuristic] resolved_conflicts 3
21/07/2013 22:50:32.119396 [scalapnt_fractal_8000_proximity_heuristic] finalized_level 3
21/07/2013 22:50:32.121848 [scalapnt_fractal_8000_proximity_heuristic] initialized_level 2
21/07/2013 22:50:32.135118 [scalapnt_fractal_8000_proximity_heuristic] found_conflicts 2
21/07/2013 22:50:32.136228 [scalapnt_fractal_8000_proximity_heuristic] resolved_conflicts 2
21/07/2013 22:50:32.137413 [scalapnt_fractal_8000_proximity_heuristic] finalized_level 2
21/07/2013 22:50:32.139970 [scalapnt_fractal_8000_proximity_heuristic] initialized_level 1
21/07/2013 22:50:32.149889 [scalapnt_fractal_8000_proximity_heuristic] found_conflicts 1
21/07/2013 22:50:32.151005 [scalapnt_fractal_8000_proximity_heuristic] resolved_conflicts 1
21/07/2013 22:50:32.152197 [scalapnt_fractal_8000_proximity_heuristic] finalized_level 1
21/07/2013 22:50:32.154637 [scalapnt_fractal_8000_proximity_heuristic] initialized_level 0
21/07/2013 22:50:32.171708 [scalapnt_fractal_8000_proximity_heuristic] found_conflicts 0
21/07/2013 22:50:32.172760 [scalapnt_fractal_8000_proximity_heuristic] resolved_conflicts 0
21/07/2013 22:50:32.173950 [scalapnt_fractal_8000_proximity_heuristic] finalized_level 0
21/07/2013 22:50:32.239933 [scalapnt_fractal_8000_proximity_heuristic] COMMIT
21/07/2013 22:50:32.240455 [scalapnt_fractal_8000_cellbound_lp] BEGIN_TRANSACTION
21/07/2013 22:50:38.196778 [scalapnt_fractal_8000_cellbound_lp] initialized
21/07/2013 22:50:38.197148 [scalapnt_fractal_8000_cellbound_lp] solver "lp"
21/07/2013 22:50:38.197455 [scalapnt_fractal_8000_cellbound_lp] constraints "cellbound(16,)"
21/07/2013 22:50:38.206007 [scalapnt_fractal_8000_cellbound_lp] inputstats {'geometry_types': ['POINT'], 'input': '(select * from pnt_30m_synthetic where x_order <= 8000) t', 'total_rank': 4007.6797530162148, 'total_recs': 8000L}
21/07/2013 22:50:38.208474 [scalapnt_fractal_8000_cellbound_lp] initialized_level 9
21/07/2013 22:50:40.404579 [scalapnt_fractal_8000_cellbound_lp] found_conflicts 9
21/07/2013 22:51:11.241673 [scalapnt_fractal_8000_cellbound_lp] resolved_conflicts 9
21/07/2013 22:51:11.243573 [scalapnt_fractal_8000_cellbound_lp] finalized_level 9
21/07/2013 22:51:11.247085 [scalapnt_fractal_8000_cellbound_lp] initialized_level 8
21/07/2013 22:51:11.325594 [scalapnt_fractal_8000_cellbound_lp] found_conflicts 8
21/07/2013 22:51:11.367834 [scalapnt_fractal_8000_cellbound_lp] resolved_conflicts 8
21/07/2013 22:51:11.369455 [scalapnt_fractal_8000_cellbound_lp] finalized_level 8
21/07/2013 22:51:11.372791 [scalapnt_fractal_8000_cellbound_lp] initialized_level 7
21/07/2013 22:51:11.402336 [scalapnt_fractal_8000_cellbound_lp] found_conflicts 7
21/07/2013 22:51:11.403902 [scalapnt_fractal_8000_cellbound_lp] resolved_conflicts 7
21/07/2013 22:51:11.405448 [scalapnt_fractal_8000_cellbound_lp] finalized_level 7
21/07/2013 22:51:11.408774 [scalapnt_fractal_8000_cellbound_lp] initialized_level 6
21/07/2013 22:51:11.450077 [scalapnt_fractal_8000_cellbound_lp] found_conflicts 6
21/07/2013 22:51:11.471676 [scalapnt_fractal_8000_cellbound_lp] resolved_conflicts 6
21/07/2013 22:51:11.473286 [scalapnt_fractal_8000_cellbound_lp] finalized_level 6
21/07/2013 22:51:11.476744 [scalapnt_fractal_8000_cellbound_lp] initialized_level 5
21/07/2013 22:51:11.500950 [scalapnt_fractal_8000_cellbound_lp] found_conflicts 5
21/07/2013 22:51:11.515638 [scalapnt_fractal_8000_cellbound_lp] resolved_conflicts 5
21/07/2013 22:51:11.517337 [scalapnt_fractal_8000_cellbound_lp] finalized_level 5
21/07/2013 22:51:11.521068 [scalapnt_fractal_8000_cellbound_lp] initialized_level 4
21/07/2013 22:51:11.544967 [scalapnt_fractal_8000_cellbound_lp] found_conflicts 4
21/07/2013 22:51:11.559351 [scalapnt_fractal_8000_cellbound_lp] resolved_conflicts 4
21/07/2013 22:51:11.560974 [scalapnt_fractal_8000_cellbound_lp] finalized_level 4
21/07/2013 22:51:11.564287 [scalapnt_fractal_8000_cellbound_lp] initialized_level 3
21/07/2013 22:51:11.580978 [scalapnt_fractal_8000_cellbound_lp] found_conflicts 3
21/07/2013 22:51:11.591296 [scalapnt_fractal_8000_cellbound_lp] resolved_conflicts 3
21/07/2013 22:51:11.592892 [scalapnt_fractal_8000_cellbound_lp] finalized_level 3
21/07/2013 22:51:11.596241 [scalapnt_fractal_8000_cellbound_lp] initialized_level 2
21/07/2013 22:51:11.609916 [scalapnt_fractal_8000_cellbound_lp] found_conflicts 2
21/07/2013 22:51:11.619838 [scalapnt_fractal_8000_cellbound_lp] resolved_conflicts 2
21/07/2013 22:51:11.621598 [scalapnt_fractal_8000_cellbound_lp] finalized_level 2
21/07/2013 22:51:11.625272 [scalapnt_fractal_8000_cellbound_lp] initialized_level 1
21/07/2013 22:51:11.636596 [scalapnt_fractal_8000_cellbound_lp] found_conflicts 1
21/07/2013 22:51:11.644755 [scalapnt_fractal_8000_cellbound_lp] resolved_conflicts 1
21/07/2013 22:51:11.646387 [scalapnt_fractal_8000_cellbound_lp] finalized_level 1
21/07/2013 22:51:11.649762 [scalapnt_fractal_8000_cellbound_lp] initialized_level 0
21/07/2013 22:51:11.659493 [scalapnt_fractal_8000_cellbound_lp] found_conflicts 0
21/07/2013 22:51:11.668755 [scalapnt_fractal_8000_cellbound_lp] resolved_conflicts 0
21/07/2013 22:51:11.670389 [scalapnt_fractal_8000_cellbound_lp] finalized_level 0
21/07/2013 22:51:11.851514 [scalapnt_fractal_8000_cellbound_lp] COMMIT
21/07/2013 22:51:11.852134 [scalapnt_fractal_16000_cellbound_heuristic] BEGIN_TRANSACTION
21/07/2013 22:51:20.250040 [scalapnt_fractal_16000_cellbound_heuristic] initialized
21/07/2013 22:51:20.250605 [scalapnt_fractal_16000_cellbound_heuristic] solver "heuristic"
21/07/2013 22:51:20.251009 [scalapnt_fractal_16000_cellbound_heuristic] constraints "cellbound(16,)"
21/07/2013 22:51:20.273135 [scalapnt_fractal_16000_cellbound_heuristic] inputstats {'geometry_types': ['POINT'], 'input': '(select * from pnt_30m_synthetic where x_order <= 16000) t', 'total_rank': 8045.3400855627842, 'total_recs': 16000L}
21/07/2013 22:51:20.277375 [scalapnt_fractal_16000_cellbound_heuristic] initialized_level 9
21/07/2013 22:51:28.426497 [scalapnt_fractal_16000_cellbound_heuristic] found_conflicts 9
21/07/2013 22:51:29.248765 [scalapnt_fractal_16000_cellbound_heuristic] resolved_conflicts 9
21/07/2013 22:51:29.250664 [scalapnt_fractal_16000_cellbound_heuristic] finalized_level 9
21/07/2013 22:51:29.254388 [scalapnt_fractal_16000_cellbound_heuristic] initialized_level 8
21/07/2013 22:51:29.339171 [scalapnt_fractal_16000_cellbound_heuristic] found_conflicts 8
21/07/2013 22:51:29.355293 [scalapnt_fractal_16000_cellbound_heuristic] resolved_conflicts 8
21/07/2013 22:51:29.356967 [scalapnt_fractal_16000_cellbound_heuristic] finalized_level 8
21/07/2013 22:51:29.360464 [scalapnt_fractal_16000_cellbound_heuristic] initialized_level 7
21/07/2013 22:51:29.404329 [scalapnt_fractal_16000_cellbound_heuristic] found_conflicts 7
21/07/2013 22:51:29.406518 [scalapnt_fractal_16000_cellbound_heuristic] resolved_conflicts 7
21/07/2013 22:51:29.408108 [scalapnt_fractal_16000_cellbound_heuristic] finalized_level 7
21/07/2013 22:51:29.411427 [scalapnt_fractal_16000_cellbound_heuristic] initialized_level 6
21/07/2013 22:51:29.458925 [scalapnt_fractal_16000_cellbound_heuristic] found_conflicts 6
21/07/2013 22:51:29.465377 [scalapnt_fractal_16000_cellbound_heuristic] resolved_conflicts 6
21/07/2013 22:51:29.466991 [scalapnt_fractal_16000_cellbound_heuristic] finalized_level 6
21/07/2013 22:51:29.470296 [scalapnt_fractal_16000_cellbound_heuristic] initialized_level 5
21/07/2013 22:51:29.500599 [scalapnt_fractal_16000_cellbound_heuristic] found_conflicts 5
21/07/2013 22:51:29.503976 [scalapnt_fractal_16000_cellbound_heuristic] resolved_conflicts 5
21/07/2013 22:51:29.505589 [scalapnt_fractal_16000_cellbound_heuristic] finalized_level 5
21/07/2013 22:51:29.508916 [scalapnt_fractal_16000_cellbound_heuristic] initialized_level 4
21/07/2013 22:51:29.539948 [scalapnt_fractal_16000_cellbound_heuristic] found_conflicts 4
21/07/2013 22:51:29.544770 [scalapnt_fractal_16000_cellbound_heuristic] resolved_conflicts 4
21/07/2013 22:51:29.546381 [scalapnt_fractal_16000_cellbound_heuristic] finalized_level 4
21/07/2013 22:51:29.549819 [scalapnt_fractal_16000_cellbound_heuristic] initialized_level 3
21/07/2013 22:51:29.572540 [scalapnt_fractal_16000_cellbound_heuristic] found_conflicts 3
21/07/2013 22:51:29.576301 [scalapnt_fractal_16000_cellbound_heuristic] resolved_conflicts 3
21/07/2013 22:51:29.577938 [scalapnt_fractal_16000_cellbound_heuristic] finalized_level 3
21/07/2013 22:51:29.581297 [scalapnt_fractal_16000_cellbound_heuristic] initialized_level 2
21/07/2013 22:51:29.598742 [scalapnt_fractal_16000_cellbound_heuristic] found_conflicts 2
21/07/2013 22:51:29.601928 [scalapnt_fractal_16000_cellbound_heuristic] resolved_conflicts 2
21/07/2013 22:51:29.603571 [scalapnt_fractal_16000_cellbound_heuristic] finalized_level 2
21/07/2013 22:51:29.606915 [scalapnt_fractal_16000_cellbound_heuristic] initialized_level 1
21/07/2013 22:51:29.619737 [scalapnt_fractal_16000_cellbound_heuristic] found_conflicts 1
21/07/2013 22:51:29.621895 [scalapnt_fractal_16000_cellbound_heuristic] resolved_conflicts 1
21/07/2013 22:51:29.623538 [scalapnt_fractal_16000_cellbound_heuristic] finalized_level 1
21/07/2013 22:51:29.626884 [scalapnt_fractal_16000_cellbound_heuristic] initialized_level 0
21/07/2013 22:51:29.638353 [scalapnt_fractal_16000_cellbound_heuristic] found_conflicts 0
21/07/2013 22:51:29.640522 [scalapnt_fractal_16000_cellbound_heuristic] resolved_conflicts 0
21/07/2013 22:51:29.642210 [scalapnt_fractal_16000_cellbound_heuristic] finalized_level 0
21/07/2013 22:51:29.713869 [scalapnt_fractal_16000_cellbound_heuristic] COMMIT
21/07/2013 22:51:29.714495 [scalapnt_fractal_16000_proximity_heuristic] BEGIN_TRANSACTION
21/07/2013 22:51:37.853685 [scalapnt_fractal_16000_proximity_heuristic] initialized
21/07/2013 22:51:37.854208 [scalapnt_fractal_16000_proximity_heuristic] solver "heuristic"
21/07/2013 22:51:37.854608 [scalapnt_fractal_16000_proximity_heuristic] constraints "proximity(10,)"
21/07/2013 22:51:37.875994 [scalapnt_fractal_16000_proximity_heuristic] inputstats {'geometry_types': ['POINT'], 'input': '(select * from pnt_30m_synthetic where x_order <= 16000) t', 'total_rank': 8060.5708929095417, 'total_recs': 16000L}
21/07/2013 22:51:37.879486 [scalapnt_fractal_16000_proximity_heuristic] initialized_level 9
21/07/2013 22:51:43.897501 [scalapnt_fractal_16000_proximity_heuristic] found_conflicts 9
21/07/2013 22:51:51.206355 [scalapnt_fractal_16000_proximity_heuristic] resolved_conflicts 9
21/07/2013 22:51:51.207720 [scalapnt_fractal_16000_proximity_heuristic] finalized_level 9
21/07/2013 22:51:51.210303 [scalapnt_fractal_16000_proximity_heuristic] initialized_level 8
21/07/2013 22:51:51.358357 [scalapnt_fractal_16000_proximity_heuristic] found_conflicts 8
21/07/2013 22:51:51.383847 [scalapnt_fractal_16000_proximity_heuristic] resolved_conflicts 8
21/07/2013 22:51:51.385126 [scalapnt_fractal_16000_proximity_heuristic] finalized_level 8
21/07/2013 22:51:51.387688 [scalapnt_fractal_16000_proximity_heuristic] initialized_level 7
21/07/2013 22:51:51.476819 [scalapnt_fractal_16000_proximity_heuristic] found_conflicts 7
21/07/2013 22:51:51.485040 [scalapnt_fractal_16000_proximity_heuristic] resolved_conflicts 7
21/07/2013 22:51:51.486282 [scalapnt_fractal_16000_proximity_heuristic] finalized_level 7
21/07/2013 22:51:51.488860 [scalapnt_fractal_16000_proximity_heuristic] initialized_level 6
21/07/2013 22:51:51.548795 [scalapnt_fractal_16000_proximity_heuristic] found_conflicts 6
21/07/2013 22:51:51.552016 [scalapnt_fractal_16000_proximity_heuristic] resolved_conflicts 6
21/07/2013 22:51:51.553514 [scalapnt_fractal_16000_proximity_heuristic] finalized_level 6
21/07/2013 22:51:51.555945 [scalapnt_fractal_16000_proximity_heuristic] initialized_level 5
21/07/2013 22:51:51.593106 [scalapnt_fractal_16000_proximity_heuristic] found_conflicts 5
21/07/2013 22:51:51.594527 [scalapnt_fractal_16000_proximity_heuristic] resolved_conflicts 5
21/07/2013 22:51:51.595686 [scalapnt_fractal_16000_proximity_heuristic] finalized_level 5
21/07/2013 22:51:51.598064 [scalapnt_fractal_16000_proximity_heuristic] initialized_level 4
21/07/2013 22:51:51.619595 [scalapnt_fractal_16000_proximity_heuristic] found_conflicts 4
21/07/2013 22:51:51.620651 [scalapnt_fractal_16000_proximity_heuristic] resolved_conflicts 4
21/07/2013 22:51:51.621811 [scalapnt_fractal_16000_proximity_heuristic] finalized_level 4
21/07/2013 22:51:51.624296 [scalapnt_fractal_16000_proximity_heuristic] initialized_level 3
21/07/2013 22:51:51.645846 [scalapnt_fractal_16000_proximity_heuristic] found_conflicts 3
21/07/2013 22:51:51.646815 [scalapnt_fractal_16000_proximity_heuristic] resolved_conflicts 3
21/07/2013 22:51:51.647981 [scalapnt_fractal_16000_proximity_heuristic] finalized_level 3
21/07/2013 22:51:51.650440 [scalapnt_fractal_16000_proximity_heuristic] initialized_level 2
21/07/2013 22:51:51.680073 [scalapnt_fractal_16000_proximity_heuristic] found_conflicts 2
21/07/2013 22:51:51.681263 [scalapnt_fractal_16000_proximity_heuristic] resolved_conflicts 2
21/07/2013 22:51:51.682454 [scalapnt_fractal_16000_proximity_heuristic] finalized_level 2
21/07/2013 22:51:51.684920 [scalapnt_fractal_16000_proximity_heuristic] initialized_level 1
21/07/2013 22:51:51.703038 [scalapnt_fractal_16000_proximity_heuristic] found_conflicts 1
21/07/2013 22:51:51.704141 [scalapnt_fractal_16000_proximity_heuristic] resolved_conflicts 1
21/07/2013 22:51:51.705326 [scalapnt_fractal_16000_proximity_heuristic] finalized_level 1
21/07/2013 22:51:51.707771 [scalapnt_fractal_16000_proximity_heuristic] initialized_level 0
21/07/2013 22:51:51.735271 [scalapnt_fractal_16000_proximity_heuristic] found_conflicts 0
21/07/2013 22:51:51.736385 [scalapnt_fractal_16000_proximity_heuristic] resolved_conflicts 0
21/07/2013 22:51:51.737574 [scalapnt_fractal_16000_proximity_heuristic] finalized_level 0
21/07/2013 22:51:52.022453 [scalapnt_fractal_16000_proximity_heuristic] COMMIT
21/07/2013 22:51:52.022951 [scalapnt_fractal_16000_cellbound_lp] BEGIN_TRANSACTION
21/07/2013 22:51:58.270795 [scalapnt_fractal_16000_cellbound_lp] initialized
21/07/2013 22:51:58.271194 [scalapnt_fractal_16000_cellbound_lp] solver "lp"
21/07/2013 22:51:58.271506 [scalapnt_fractal_16000_cellbound_lp] constraints "cellbound(16,)"
21/07/2013 22:51:58.287818 [scalapnt_fractal_16000_cellbound_lp] inputstats {'geometry_types': ['POINT'], 'input': '(select * from pnt_30m_synthetic where x_order <= 16000) t', 'total_rank': 7983.6483591203578, 'total_recs': 16000L}
21/07/2013 22:51:58.290404 [scalapnt_fractal_16000_cellbound_lp] initialized_level 9
21/07/2013 22:52:04.617999 [scalapnt_fractal_16000_cellbound_lp] found_conflicts 9
21/07/2013 22:55:09.026952 [scalapnt_fractal_16000_cellbound_lp] resolved_conflicts 9
21/07/2013 22:55:09.028463 [scalapnt_fractal_16000_cellbound_lp] finalized_level 9
21/07/2013 22:55:09.031210 [scalapnt_fractal_16000_cellbound_lp] initialized_level 8
21/07/2013 22:55:09.093322 [scalapnt_fractal_16000_cellbound_lp] found_conflicts 8
21/07/2013 22:55:09.133455 [scalapnt_fractal_16000_cellbound_lp] resolved_conflicts 8
21/07/2013 22:55:09.134662 [scalapnt_fractal_16000_cellbound_lp] finalized_level 8
21/07/2013 22:55:09.137056 [scalapnt_fractal_16000_cellbound_lp] initialized_level 7
21/07/2013 22:55:09.165700 [scalapnt_fractal_16000_cellbound_lp] found_conflicts 7
21/07/2013 22:55:09.171287 [scalapnt_fractal_16000_cellbound_lp] resolved_conflicts 7
21/07/2013 22:55:09.172455 [scalapnt_fractal_16000_cellbound_lp] finalized_level 7
21/07/2013 22:55:09.174835 [scalapnt_fractal_16000_cellbound_lp] initialized_level 6
21/07/2013 22:55:09.210298 [scalapnt_fractal_16000_cellbound_lp] found_conflicts 6
21/07/2013 22:55:09.228095 [scalapnt_fractal_16000_cellbound_lp] resolved_conflicts 6
21/07/2013 22:55:09.229256 [scalapnt_fractal_16000_cellbound_lp] finalized_level 6
21/07/2013 22:55:09.231697 [scalapnt_fractal_16000_cellbound_lp] initialized_level 5
21/07/2013 22:55:09.254029 [scalapnt_fractal_16000_cellbound_lp] found_conflicts 5
21/07/2013 22:55:09.264088 [scalapnt_fractal_16000_cellbound_lp] resolved_conflicts 5
21/07/2013 22:55:09.265251 [scalapnt_fractal_16000_cellbound_lp] finalized_level 5
21/07/2013 22:55:09.267694 [scalapnt_fractal_16000_cellbound_lp] initialized_level 4
21/07/2013 22:55:09.290766 [scalapnt_fractal_16000_cellbound_lp] found_conflicts 4
21/07/2013 22:55:09.303347 [scalapnt_fractal_16000_cellbound_lp] resolved_conflicts 4
21/07/2013 22:55:09.304521 [scalapnt_fractal_16000_cellbound_lp] finalized_level 4
21/07/2013 22:55:09.306992 [scalapnt_fractal_16000_cellbound_lp] initialized_level 3
21/07/2013 22:55:09.323968 [scalapnt_fractal_16000_cellbound_lp] found_conflicts 3
21/07/2013 22:55:09.334431 [scalapnt_fractal_16000_cellbound_lp] resolved_conflicts 3
21/07/2013 22:55:09.335606 [scalapnt_fractal_16000_cellbound_lp] finalized_level 3
21/07/2013 22:55:09.338045 [scalapnt_fractal_16000_cellbound_lp] initialized_level 2
21/07/2013 22:55:09.350736 [scalapnt_fractal_16000_cellbound_lp] found_conflicts 2
21/07/2013 22:55:09.360491 [scalapnt_fractal_16000_cellbound_lp] resolved_conflicts 2
21/07/2013 22:55:09.361675 [scalapnt_fractal_16000_cellbound_lp] finalized_level 2
21/07/2013 22:55:09.364181 [scalapnt_fractal_16000_cellbound_lp] initialized_level 1
21/07/2013 22:55:09.373619 [scalapnt_fractal_16000_cellbound_lp] found_conflicts 1
21/07/2013 22:55:09.380529 [scalapnt_fractal_16000_cellbound_lp] resolved_conflicts 1
21/07/2013 22:55:09.381723 [scalapnt_fractal_16000_cellbound_lp] finalized_level 1
21/07/2013 22:55:09.384159 [scalapnt_fractal_16000_cellbound_lp] initialized_level 0
21/07/2013 22:55:09.392633 [scalapnt_fractal_16000_cellbound_lp] found_conflicts 0
21/07/2013 22:55:09.398261 [scalapnt_fractal_16000_cellbound_lp] resolved_conflicts 0
21/07/2013 22:55:09.399455 [scalapnt_fractal_16000_cellbound_lp] finalized_level 0
21/07/2013 22:55:09.662732 [scalapnt_fractal_16000_cellbound_lp] COMMIT
21/07/2013 22:55:09.663243 [scalapnt_fractal_32000_cellbound_heuristic] BEGIN_TRANSACTION
21/07/2013 22:55:16.259843 [scalapnt_fractal_32000_cellbound_heuristic] initialized
21/07/2013 22:55:16.260249 [scalapnt_fractal_32000_cellbound_heuristic] solver "heuristic"
21/07/2013 22:55:16.260564 [scalapnt_fractal_32000_cellbound_heuristic] constraints "cellbound(16,)"
21/07/2013 22:55:16.292676 [scalapnt_fractal_32000_cellbound_heuristic] inputstats {'geometry_types': ['POINT'], 'input': '(select * from pnt_30m_synthetic where x_order <= 32000) t', 'total_rank': 16048.421444984153, 'total_recs': 32000L}
21/07/2013 22:55:16.295579 [scalapnt_fractal_32000_cellbound_heuristic] initialized_level 9
21/07/2013 22:55:31.102905 [scalapnt_fractal_32000_cellbound_heuristic] found_conflicts 9
21/07/2013 22:55:32.439750 [scalapnt_fractal_32000_cellbound_heuristic] resolved_conflicts 9
21/07/2013 22:55:32.441122 [scalapnt_fractal_32000_cellbound_heuristic] finalized_level 9
21/07/2013 22:55:32.443803 [scalapnt_fractal_32000_cellbound_heuristic] initialized_level 8
21/07/2013 22:55:32.561762 [scalapnt_fractal_32000_cellbound_heuristic] found_conflicts 8
21/07/2013 22:55:32.584439 [scalapnt_fractal_32000_cellbound_heuristic] resolved_conflicts 8
21/07/2013 22:55:32.585835 [scalapnt_fractal_32000_cellbound_heuristic] finalized_level 8
21/07/2013 22:55:32.588377 [scalapnt_fractal_32000_cellbound_heuristic] initialized_level 7
21/07/2013 22:55:32.644183 [scalapnt_fractal_32000_cellbound_heuristic] found_conflicts 7
21/07/2013 22:55:32.648691 [scalapnt_fractal_32000_cellbound_heuristic] resolved_conflicts 7
21/07/2013 22:55:32.649852 [scalapnt_fractal_32000_cellbound_heuristic] finalized_level 7
21/07/2013 22:55:32.652336 [scalapnt_fractal_32000_cellbound_heuristic] initialized_level 6
21/07/2013 22:55:32.707738 [scalapnt_fractal_32000_cellbound_heuristic] found_conflicts 6
21/07/2013 22:55:32.713920 [scalapnt_fractal_32000_cellbound_heuristic] resolved_conflicts 6
21/07/2013 22:55:32.715111 [scalapnt_fractal_32000_cellbound_heuristic] finalized_level 6
21/07/2013 22:55:32.717618 [scalapnt_fractal_32000_cellbound_heuristic] initialized_level 5
21/07/2013 22:55:32.760617 [scalapnt_fractal_32000_cellbound_heuristic] found_conflicts 5
21/07/2013 22:55:32.766455 [scalapnt_fractal_32000_cellbound_heuristic] resolved_conflicts 5
21/07/2013 22:55:32.767675 [scalapnt_fractal_32000_cellbound_heuristic] finalized_level 5
21/07/2013 22:55:32.770150 [scalapnt_fractal_32000_cellbound_heuristic] initialized_level 4
21/07/2013 22:55:32.807156 [scalapnt_fractal_32000_cellbound_heuristic] found_conflicts 4
21/07/2013 22:55:32.811949 [scalapnt_fractal_32000_cellbound_heuristic] resolved_conflicts 4
21/07/2013 22:55:32.813150 [scalapnt_fractal_32000_cellbound_heuristic] finalized_level 4
21/07/2013 22:55:32.815739 [scalapnt_fractal_32000_cellbound_heuristic] initialized_level 3
21/07/2013 22:55:32.847453 [scalapnt_fractal_32000_cellbound_heuristic] found_conflicts 3
21/07/2013 22:55:32.853729 [scalapnt_fractal_32000_cellbound_heuristic] resolved_conflicts 3
21/07/2013 22:55:32.854929 [scalapnt_fractal_32000_cellbound_heuristic] finalized_level 3
21/07/2013 22:55:32.857448 [scalapnt_fractal_32000_cellbound_heuristic] initialized_level 2
21/07/2013 22:55:32.872955 [scalapnt_fractal_32000_cellbound_heuristic] found_conflicts 2
21/07/2013 22:55:32.875286 [scalapnt_fractal_32000_cellbound_heuristic] resolved_conflicts 2
21/07/2013 22:55:32.876493 [scalapnt_fractal_32000_cellbound_heuristic] finalized_level 2
21/07/2013 22:55:32.879109 [scalapnt_fractal_32000_cellbound_heuristic] initialized_level 1
21/07/2013 22:55:32.891614 [scalapnt_fractal_32000_cellbound_heuristic] found_conflicts 1
21/07/2013 22:55:32.893357 [scalapnt_fractal_32000_cellbound_heuristic] resolved_conflicts 1
21/07/2013 22:55:32.894605 [scalapnt_fractal_32000_cellbound_heuristic] finalized_level 1
21/07/2013 22:55:32.897279 [scalapnt_fractal_32000_cellbound_heuristic] initialized_level 0
21/07/2013 22:55:32.908463 [scalapnt_fractal_32000_cellbound_heuristic] found_conflicts 0
21/07/2013 22:55:32.910190 [scalapnt_fractal_32000_cellbound_heuristic] resolved_conflicts 0
21/07/2013 22:55:32.911402 [scalapnt_fractal_32000_cellbound_heuristic] finalized_level 0
21/07/2013 22:55:33.386295 [scalapnt_fractal_32000_cellbound_heuristic] COMMIT
21/07/2013 22:55:33.386796 [scalapnt_fractal_32000_proximity_heuristic] BEGIN_TRANSACTION
21/07/2013 22:55:39.927629 [scalapnt_fractal_32000_proximity_heuristic] initialized
21/07/2013 22:55:39.928047 [scalapnt_fractal_32000_proximity_heuristic] solver "heuristic"
21/07/2013 22:55:39.928358 [scalapnt_fractal_32000_proximity_heuristic] constraints "proximity(10,)"
21/07/2013 22:55:39.960340 [scalapnt_fractal_32000_proximity_heuristic] inputstats {'geometry_types': ['POINT'], 'input': '(select * from pnt_30m_synthetic where x_order <= 32000) t', 'total_rank': 15947.808132944629, 'total_recs': 32000L}
21/07/2013 22:55:39.963089 [scalapnt_fractal_32000_proximity_heuristic] initialized_level 9
21/07/2013 22:55:50.138739 [scalapnt_fractal_32000_proximity_heuristic] found_conflicts 9
21/07/2013 22:56:02.860533 [scalapnt_fractal_32000_proximity_heuristic] resolved_conflicts 9
21/07/2013 22:56:02.862200 [scalapnt_fractal_32000_proximity_heuristic] finalized_level 9
21/07/2013 22:56:02.865326 [scalapnt_fractal_32000_proximity_heuristic] initialized_level 8
21/07/2013 22:56:03.279191 [scalapnt_fractal_32000_proximity_heuristic] found_conflicts 8
21/07/2013 22:56:03.338300 [scalapnt_fractal_32000_proximity_heuristic] resolved_conflicts 8
21/07/2013 22:56:03.339605 [scalapnt_fractal_32000_proximity_heuristic] finalized_level 8
21/07/2013 22:56:03.342243 [scalapnt_fractal_32000_proximity_heuristic] initialized_level 7
21/07/2013 22:56:03.561316 [scalapnt_fractal_32000_proximity_heuristic] found_conflicts 7
21/07/2013 22:56:03.581594 [scalapnt_fractal_32000_proximity_heuristic] resolved_conflicts 7
21/07/2013 22:56:03.582906 [scalapnt_fractal_32000_proximity_heuristic] finalized_level 7
21/07/2013 22:56:03.585477 [scalapnt_fractal_32000_proximity_heuristic] initialized_level 6
21/07/2013 22:56:03.712203 [scalapnt_fractal_32000_proximity_heuristic] found_conflicts 6
21/07/2013 22:56:03.717747 [scalapnt_fractal_32000_proximity_heuristic] resolved_conflicts 6
21/07/2013 22:56:03.719054 [scalapnt_fractal_32000_proximity_heuristic] finalized_level 6
21/07/2013 22:56:03.721718 [scalapnt_fractal_32000_proximity_heuristic] initialized_level 5
21/07/2013 22:56:03.805311 [scalapnt_fractal_32000_proximity_heuristic] found_conflicts 5
21/07/2013 22:56:03.807440 [scalapnt_fractal_32000_proximity_heuristic] resolved_conflicts 5
21/07/2013 22:56:03.808675 [scalapnt_fractal_32000_proximity_heuristic] finalized_level 5
21/07/2013 22:56:03.811214 [scalapnt_fractal_32000_proximity_heuristic] initialized_level 4
21/07/2013 22:56:03.870035 [scalapnt_fractal_32000_proximity_heuristic] found_conflicts 4
21/07/2013 22:56:03.871580 [scalapnt_fractal_32000_proximity_heuristic] resolved_conflicts 4
21/07/2013 22:56:03.872839 [scalapnt_fractal_32000_proximity_heuristic] finalized_level 4
21/07/2013 22:56:03.875557 [scalapnt_fractal_32000_proximity_heuristic] initialized_level 3
21/07/2013 22:56:03.931540 [scalapnt_fractal_32000_proximity_heuristic] found_conflicts 3
21/07/2013 22:56:03.932860 [scalapnt_fractal_32000_proximity_heuristic] resolved_conflicts 3
21/07/2013 22:56:03.934140 [scalapnt_fractal_32000_proximity_heuristic] finalized_level 3
21/07/2013 22:56:03.936684 [scalapnt_fractal_32000_proximity_heuristic] initialized_level 2
21/07/2013 22:56:04.000186 [scalapnt_fractal_32000_proximity_heuristic] found_conflicts 2
21/07/2013 22:56:04.001666 [scalapnt_fractal_32000_proximity_heuristic] resolved_conflicts 2
21/07/2013 22:56:04.002915 [scalapnt_fractal_32000_proximity_heuristic] finalized_level 2
21/07/2013 22:56:04.005502 [scalapnt_fractal_32000_proximity_heuristic] initialized_level 1
21/07/2013 22:56:04.048485 [scalapnt_fractal_32000_proximity_heuristic] found_conflicts 1
21/07/2013 22:56:04.049724 [scalapnt_fractal_32000_proximity_heuristic] resolved_conflicts 1
21/07/2013 22:56:04.050943 [scalapnt_fractal_32000_proximity_heuristic] finalized_level 1
21/07/2013 22:56:04.053469 [scalapnt_fractal_32000_proximity_heuristic] initialized_level 0
21/07/2013 22:56:04.108201 [scalapnt_fractal_32000_proximity_heuristic] found_conflicts 0
21/07/2013 22:56:04.109394 [scalapnt_fractal_32000_proximity_heuristic] resolved_conflicts 0
21/07/2013 22:56:04.110600 [scalapnt_fractal_32000_proximity_heuristic] finalized_level 0
21/07/2013 22:56:04.205738 [scalapnt_fractal_32000_proximity_heuristic] COMMIT
21/07/2013 22:56:04.206254 [scalapnt_fractal_32000_cellbound_lp] BEGIN_TRANSACTION
21/07/2013 22:56:10.765947 [scalapnt_fractal_32000_cellbound_lp] initialized
21/07/2013 22:56:10.766359 [scalapnt_fractal_32000_cellbound_lp] solver "lp"
21/07/2013 22:56:10.766667 [scalapnt_fractal_32000_cellbound_lp] constraints "cellbound(16,)"
21/07/2013 22:56:10.801180 [scalapnt_fractal_32000_cellbound_lp] inputstats {'geometry_types': ['POINT'], 'input': '(select * from pnt_30m_synthetic where x_order <= 32000) t', 'total_rank': 15955.604353887029, 'total_recs': 32000L}
21/07/2013 22:56:10.804717 [scalapnt_fractal_32000_cellbound_lp] initialized_level 9
21/07/2013 22:56:25.715738 [scalapnt_fractal_32000_cellbound_lp] found_conflicts 9
21/07/2013 23:08:50.889696 [scalapnt_fractal_32000_cellbound_lp] resolved_conflicts 9
21/07/2013 23:08:50.891360 [scalapnt_fractal_32000_cellbound_lp] finalized_level 9
21/07/2013 23:08:50.894776 [scalapnt_fractal_32000_cellbound_lp] initialized_level 8
21/07/2013 23:08:51.011710 [scalapnt_fractal_32000_cellbound_lp] found_conflicts 8
21/07/2013 23:08:51.092507 [scalapnt_fractal_32000_cellbound_lp] resolved_conflicts 8
21/07/2013 23:08:51.093834 [scalapnt_fractal_32000_cellbound_lp] finalized_level 8
21/07/2013 23:08:51.096561 [scalapnt_fractal_32000_cellbound_lp] initialized_level 7
21/07/2013 23:08:51.153554 [scalapnt_fractal_32000_cellbound_lp] found_conflicts 7
21/07/2013 23:08:51.169588 [scalapnt_fractal_32000_cellbound_lp] resolved_conflicts 7
21/07/2013 23:08:51.170775 [scalapnt_fractal_32000_cellbound_lp] finalized_level 7
21/07/2013 23:08:51.173290 [scalapnt_fractal_32000_cellbound_lp] initialized_level 6
21/07/2013 23:08:51.229352 [scalapnt_fractal_32000_cellbound_lp] found_conflicts 6
21/07/2013 23:08:51.252021 [scalapnt_fractal_32000_cellbound_lp] resolved_conflicts 6
21/07/2013 23:08:51.253208 [scalapnt_fractal_32000_cellbound_lp] finalized_level 6
21/07/2013 23:08:51.255764 [scalapnt_fractal_32000_cellbound_lp] initialized_level 5
21/07/2013 23:08:51.299224 [scalapnt_fractal_32000_cellbound_lp] found_conflicts 5
21/07/2013 23:08:51.320111 [scalapnt_fractal_32000_cellbound_lp] resolved_conflicts 5
21/07/2013 23:08:51.321327 [scalapnt_fractal_32000_cellbound_lp] finalized_level 5
21/07/2013 23:08:51.323900 [scalapnt_fractal_32000_cellbound_lp] initialized_level 4
21/07/2013 23:08:51.361233 [scalapnt_fractal_32000_cellbound_lp] found_conflicts 4
21/07/2013 23:08:51.379957 [scalapnt_fractal_32000_cellbound_lp] resolved_conflicts 4
21/07/2013 23:08:51.381165 [scalapnt_fractal_32000_cellbound_lp] finalized_level 4
21/07/2013 23:08:51.383687 [scalapnt_fractal_32000_cellbound_lp] initialized_level 3
21/07/2013 23:08:51.415386 [scalapnt_fractal_32000_cellbound_lp] found_conflicts 3
21/07/2013 23:08:51.437726 [scalapnt_fractal_32000_cellbound_lp] resolved_conflicts 3
21/07/2013 23:08:51.438979 [scalapnt_fractal_32000_cellbound_lp] finalized_level 3
21/07/2013 23:08:51.441569 [scalapnt_fractal_32000_cellbound_lp] initialized_level 2
21/07/2013 23:08:51.457343 [scalapnt_fractal_32000_cellbound_lp] found_conflicts 2
21/07/2013 23:08:51.467180 [scalapnt_fractal_32000_cellbound_lp] resolved_conflicts 2
21/07/2013 23:08:51.468403 [scalapnt_fractal_32000_cellbound_lp] finalized_level 2
21/07/2013 23:08:51.470911 [scalapnt_fractal_32000_cellbound_lp] initialized_level 1
21/07/2013 23:08:51.483174 [scalapnt_fractal_32000_cellbound_lp] found_conflicts 1
21/07/2013 23:08:51.491320 [scalapnt_fractal_32000_cellbound_lp] resolved_conflicts 1
21/07/2013 23:08:51.492579 [scalapnt_fractal_32000_cellbound_lp] finalized_level 1
21/07/2013 23:08:51.495102 [scalapnt_fractal_32000_cellbound_lp] initialized_level 0
21/07/2013 23:08:51.506338 [scalapnt_fractal_32000_cellbound_lp] found_conflicts 0
21/07/2013 23:08:51.512708 [scalapnt_fractal_32000_cellbound_lp] resolved_conflicts 0
21/07/2013 23:08:51.513955 [scalapnt_fractal_32000_cellbound_lp] finalized_level 0
21/07/2013 23:08:51.986598 [scalapnt_fractal_32000_cellbound_lp] COMMIT
21/07/2013 23:08:51.987096 [scalapnt_fractal_64000_cellbound_heuristic] BEGIN_TRANSACTION
21/07/2013 23:08:59.197937 [scalapnt_fractal_64000_cellbound_heuristic] initialized
21/07/2013 23:08:59.198345 [scalapnt_fractal_64000_cellbound_heuristic] solver "heuristic"
21/07/2013 23:08:59.198661 [scalapnt_fractal_64000_cellbound_heuristic] constraints "cellbound(16,)"
21/07/2013 23:08:59.261845 [scalapnt_fractal_64000_cellbound_heuristic] inputstats {'geometry_types': ['POINT'], 'input': '(select * from pnt_30m_synthetic where x_order <= 64000) t', 'total_rank': 31992.906483815517, 'total_recs': 64000L}
21/07/2013 23:08:59.264728 [scalapnt_fractal_64000_cellbound_heuristic] initialized_level 9
21/07/2013 23:09:26.720324 [scalapnt_fractal_64000_cellbound_heuristic] found_conflicts 9
21/07/2013 23:09:30.168736 [scalapnt_fractal_64000_cellbound_heuristic] resolved_conflicts 9
21/07/2013 23:09:30.170317 [scalapnt_fractal_64000_cellbound_heuristic] finalized_level 9
21/07/2013 23:09:30.173371 [scalapnt_fractal_64000_cellbound_heuristic] initialized_level 8
21/07/2013 23:09:30.529872 [scalapnt_fractal_64000_cellbound_heuristic] found_conflicts 8
21/07/2013 23:09:30.596429 [scalapnt_fractal_64000_cellbound_heuristic] resolved_conflicts 8
21/07/2013 23:09:30.597778 [scalapnt_fractal_64000_cellbound_heuristic] finalized_level 8
21/07/2013 23:09:30.601131 [scalapnt_fractal_64000_cellbound_heuristic] initialized_level 7
21/07/2013 23:09:30.820708 [scalapnt_fractal_64000_cellbound_heuristic] found_conflicts 7
21/07/2013 23:09:30.859379 [scalapnt_fractal_64000_cellbound_heuristic] resolved_conflicts 7
21/07/2013 23:09:30.860667 [scalapnt_fractal_64000_cellbound_heuristic] finalized_level 7
21/07/2013 23:09:30.863274 [scalapnt_fractal_64000_cellbound_heuristic] initialized_level 6
21/07/2013 23:09:30.999290 [scalapnt_fractal_64000_cellbound_heuristic] found_conflicts 6
21/07/2013 23:09:31.023918 [scalapnt_fractal_64000_cellbound_heuristic] resolved_conflicts 6
21/07/2013 23:09:31.025276 [scalapnt_fractal_64000_cellbound_heuristic] finalized_level 6
21/07/2013 23:09:31.028094 [scalapnt_fractal_64000_cellbound_heuristic] initialized_level 5
21/07/2013 23:09:31.116394 [scalapnt_fractal_64000_cellbound_heuristic] found_conflicts 5
21/07/2013 23:09:31.138522 [scalapnt_fractal_64000_cellbound_heuristic] resolved_conflicts 5
21/07/2013 23:09:31.139845 [scalapnt_fractal_64000_cellbound_heuristic] finalized_level 5
21/07/2013 23:09:31.142642 [scalapnt_fractal_64000_cellbound_heuristic] initialized_level 4
21/07/2013 23:09:31.211814 [scalapnt_fractal_64000_cellbound_heuristic] found_conflicts 4
21/07/2013 23:09:31.220428 [scalapnt_fractal_64000_cellbound_heuristic] resolved_conflicts 4
21/07/2013 23:09:31.221773 [scalapnt_fractal_64000_cellbound_heuristic] finalized_level 4
21/07/2013 23:09:31.224520 [scalapnt_fractal_64000_cellbound_heuristic] initialized_level 3
21/07/2013 23:09:31.271940 [scalapnt_fractal_64000_cellbound_heuristic] found_conflicts 3
21/07/2013 23:09:31.278905 [scalapnt_fractal_64000_cellbound_heuristic] resolved_conflicts 3
21/07/2013 23:09:31.280138 [scalapnt_fractal_64000_cellbound_heuristic] finalized_level 3
21/07/2013 23:09:31.282800 [scalapnt_fractal_64000_cellbound_heuristic] initialized_level 2
21/07/2013 23:09:31.310876 [scalapnt_fractal_64000_cellbound_heuristic] found_conflicts 2
21/07/2013 23:09:31.315208 [scalapnt_fractal_64000_cellbound_heuristic] resolved_conflicts 2
21/07/2013 23:09:31.316448 [scalapnt_fractal_64000_cellbound_heuristic] finalized_level 2
21/07/2013 23:09:31.319034 [scalapnt_fractal_64000_cellbound_heuristic] initialized_level 1
21/07/2013 23:09:31.337855 [scalapnt_fractal_64000_cellbound_heuristic] found_conflicts 1
21/07/2013 23:09:31.339703 [scalapnt_fractal_64000_cellbound_heuristic] resolved_conflicts 1
21/07/2013 23:09:31.340930 [scalapnt_fractal_64000_cellbound_heuristic] finalized_level 1
21/07/2013 23:09:31.343487 [scalapnt_fractal_64000_cellbound_heuristic] initialized_level 0
21/07/2013 23:09:31.360704 [scalapnt_fractal_64000_cellbound_heuristic] found_conflicts 0
21/07/2013 23:09:31.362488 [scalapnt_fractal_64000_cellbound_heuristic] resolved_conflicts 0
21/07/2013 23:09:31.363716 [scalapnt_fractal_64000_cellbound_heuristic] finalized_level 0
21/07/2013 23:09:31.434773 [scalapnt_fractal_64000_cellbound_heuristic] COMMIT
21/07/2013 23:09:31.435263 [scalapnt_fractal_64000_proximity_heuristic] BEGIN_TRANSACTION
21/07/2013 23:09:38.623783 [scalapnt_fractal_64000_proximity_heuristic] initialized
21/07/2013 23:09:38.624195 [scalapnt_fractal_64000_proximity_heuristic] solver "heuristic"
21/07/2013 23:09:38.624516 [scalapnt_fractal_64000_proximity_heuristic] constraints "proximity(10,)"
21/07/2013 23:09:38.687847 [scalapnt_fractal_64000_proximity_heuristic] inputstats {'geometry_types': ['POINT'], 'input': '(select * from pnt_30m_synthetic where x_order <= 64000) t', 'total_rank': 31934.57911220612, 'total_recs': 64000L}
21/07/2013 23:09:38.690919 [scalapnt_fractal_64000_proximity_heuristic] initialized_level 9
21/07/2013 23:09:55.338261 [scalapnt_fractal_64000_proximity_heuristic] found_conflicts 9
21/07/2013 23:10:18.735204 [scalapnt_fractal_64000_proximity_heuristic] resolved_conflicts 9
21/07/2013 23:10:18.771528 [scalapnt_fractal_64000_proximity_heuristic] finalized_level 9
21/07/2013 23:10:18.774326 [scalapnt_fractal_64000_proximity_heuristic] initialized_level 8
21/07/2013 23:10:19.604463 [scalapnt_fractal_64000_proximity_heuristic] found_conflicts 8
21/07/2013 23:10:19.771407 [scalapnt_fractal_64000_proximity_heuristic] resolved_conflicts 8
21/07/2013 23:10:19.772853 [scalapnt_fractal_64000_proximity_heuristic] finalized_level 8
21/07/2013 23:10:19.775796 [scalapnt_fractal_64000_proximity_heuristic] initialized_level 7
21/07/2013 23:10:20.290045 [scalapnt_fractal_64000_proximity_heuristic] found_conflicts 7
21/07/2013 23:10:20.348065 [scalapnt_fractal_64000_proximity_heuristic] resolved_conflicts 7
21/07/2013 23:10:20.349412 [scalapnt_fractal_64000_proximity_heuristic] finalized_level 7
21/07/2013 23:10:20.352032 [scalapnt_fractal_64000_proximity_heuristic] initialized_level 6
21/07/2013 23:10:20.655841 [scalapnt_fractal_64000_proximity_heuristic] found_conflicts 6
21/07/2013 23:10:20.670486 [scalapnt_fractal_64000_proximity_heuristic] resolved_conflicts 6
21/07/2013 23:10:20.671763 [scalapnt_fractal_64000_proximity_heuristic] finalized_level 6
21/07/2013 23:10:20.674304 [scalapnt_fractal_64000_proximity_heuristic] initialized_level 5
21/07/2013 23:10:20.863358 [scalapnt_fractal_64000_proximity_heuristic] found_conflicts 5
21/07/2013 23:10:20.868437 [scalapnt_fractal_64000_proximity_heuristic] resolved_conflicts 5
21/07/2013 23:10:20.869726 [scalapnt_fractal_64000_proximity_heuristic] finalized_level 5
21/07/2013 23:10:20.872295 [scalapnt_fractal_64000_proximity_heuristic] initialized_level 4
21/07/2013 23:10:21.018930 [scalapnt_fractal_64000_proximity_heuristic] found_conflicts 4
21/07/2013 23:10:21.021849 [scalapnt_fractal_64000_proximity_heuristic] resolved_conflicts 4
21/07/2013 23:10:21.023150 [scalapnt_fractal_64000_proximity_heuristic] finalized_level 4
21/07/2013 23:10:21.025762 [scalapnt_fractal_64000_proximity_heuristic] initialized_level 3
21/07/2013 23:10:21.170426 [scalapnt_fractal_64000_proximity_heuristic] found_conflicts 3
21/07/2013 23:10:21.172758 [scalapnt_fractal_64000_proximity_heuristic] resolved_conflicts 3
21/07/2013 23:10:21.174039 [scalapnt_fractal_64000_proximity_heuristic] finalized_level 3
21/07/2013 23:10:21.176628 [scalapnt_fractal_64000_proximity_heuristic] initialized_level 2
21/07/2013 23:10:21.349502 [scalapnt_fractal_64000_proximity_heuristic] found_conflicts 2
21/07/2013 23:10:21.351909 [scalapnt_fractal_64000_proximity_heuristic] resolved_conflicts 2
21/07/2013 23:10:21.353183 [scalapnt_fractal_64000_proximity_heuristic] finalized_level 2
21/07/2013 23:10:21.355821 [scalapnt_fractal_64000_proximity_heuristic] initialized_level 1
21/07/2013 23:10:21.503796 [scalapnt_fractal_64000_proximity_heuristic] found_conflicts 1
21/07/2013 23:10:21.505674 [scalapnt_fractal_64000_proximity_heuristic] resolved_conflicts 1
21/07/2013 23:10:21.506999 [scalapnt_fractal_64000_proximity_heuristic] finalized_level 1
21/07/2013 23:10:21.509697 [scalapnt_fractal_64000_proximity_heuristic] initialized_level 0
21/07/2013 23:10:21.702567 [scalapnt_fractal_64000_proximity_heuristic] found_conflicts 0
21/07/2013 23:10:21.704349 [scalapnt_fractal_64000_proximity_heuristic] resolved_conflicts 0
21/07/2013 23:10:21.705645 [scalapnt_fractal_64000_proximity_heuristic] finalized_level 0
21/07/2013 23:10:21.876134 [scalapnt_fractal_64000_proximity_heuristic] COMMIT
21/07/2013 23:10:21.876631 [scalapnt_fractal_64000_cellbound_lp] BEGIN_TRANSACTION
21/07/2013 23:10:29.068711 [scalapnt_fractal_64000_cellbound_lp] initialized
21/07/2013 23:10:29.069095 [scalapnt_fractal_64000_cellbound_lp] solver "lp"
21/07/2013 23:10:29.069402 [scalapnt_fractal_64000_cellbound_lp] constraints "cellbound(16,)"
21/07/2013 23:10:29.132928 [scalapnt_fractal_64000_cellbound_lp] inputstats {'geometry_types': ['POINT'], 'input': '(select * from pnt_30m_synthetic where x_order <= 64000) t', 'total_rank': 32091.278358736075, 'total_recs': 64000L}
21/07/2013 23:10:29.136302 [scalapnt_fractal_64000_cellbound_lp] initialized_level 9
21/07/2013 23:10:55.873216 [scalapnt_fractal_64000_cellbound_lp] found_conflicts 9
21/07/2013 23:40:09.799202 [scalapnt_fractal_64000_cellbound_lp] resolved_conflicts 9
21/07/2013 23:40:09.800924 [scalapnt_fractal_64000_cellbound_lp] finalized_level 9
21/07/2013 23:40:09.804217 [scalapnt_fractal_64000_cellbound_lp] initialized_level 8
21/07/2013 23:40:10.164942 [scalapnt_fractal_64000_cellbound_lp] found_conflicts 8
21/07/2013 23:40:10.413549 [scalapnt_fractal_64000_cellbound_lp] resolved_conflicts 8
21/07/2013 23:40:10.414888 [scalapnt_fractal_64000_cellbound_lp] finalized_level 8
21/07/2013 23:40:10.417547 [scalapnt_fractal_64000_cellbound_lp] initialized_level 7
21/07/2013 23:40:10.641164 [scalapnt_fractal_64000_cellbound_lp] found_conflicts 7
21/07/2013 23:40:10.782391 [scalapnt_fractal_64000_cellbound_lp] resolved_conflicts 7
21/07/2013 23:40:10.783728 [scalapnt_fractal_64000_cellbound_lp] finalized_level 7
21/07/2013 23:40:10.786430 [scalapnt_fractal_64000_cellbound_lp] initialized_level 6
21/07/2013 23:40:10.923465 [scalapnt_fractal_64000_cellbound_lp] found_conflicts 6
21/07/2013 23:40:11.014078 [scalapnt_fractal_64000_cellbound_lp] resolved_conflicts 6
21/07/2013 23:40:11.015356 [scalapnt_fractal_64000_cellbound_lp] finalized_level 6
21/07/2013 23:40:11.018031 [scalapnt_fractal_64000_cellbound_lp] initialized_level 5
21/07/2013 23:40:11.457889 [scalapnt_fractal_64000_cellbound_lp] found_conflicts 5
21/07/2013 23:40:11.509205 [scalapnt_fractal_64000_cellbound_lp] resolved_conflicts 5
21/07/2013 23:40:11.510457 [scalapnt_fractal_64000_cellbound_lp] finalized_level 5
21/07/2013 23:40:11.513015 [scalapnt_fractal_64000_cellbound_lp] initialized_level 4
21/07/2013 23:40:11.578324 [scalapnt_fractal_64000_cellbound_lp] found_conflicts 4
21/07/2013 23:40:11.608701 [scalapnt_fractal_64000_cellbound_lp] resolved_conflicts 4
21/07/2013 23:40:11.609926 [scalapnt_fractal_64000_cellbound_lp] finalized_level 4
21/07/2013 23:40:11.612563 [scalapnt_fractal_64000_cellbound_lp] initialized_level 3
21/07/2013 23:40:11.658188 [scalapnt_fractal_64000_cellbound_lp] found_conflicts 3
21/07/2013 23:40:11.686925 [scalapnt_fractal_64000_cellbound_lp] resolved_conflicts 3
21/07/2013 23:40:11.688181 [scalapnt_fractal_64000_cellbound_lp] finalized_level 3
21/07/2013 23:40:11.690832 [scalapnt_fractal_64000_cellbound_lp] initialized_level 2
21/07/2013 23:40:11.719905 [scalapnt_fractal_64000_cellbound_lp] found_conflicts 2
21/07/2013 23:40:11.738080 [scalapnt_fractal_64000_cellbound_lp] resolved_conflicts 2
21/07/2013 23:40:11.739327 [scalapnt_fractal_64000_cellbound_lp] finalized_level 2
21/07/2013 23:40:11.741985 [scalapnt_fractal_64000_cellbound_lp] initialized_level 1
21/07/2013 23:40:11.761022 [scalapnt_fractal_64000_cellbound_lp] found_conflicts 1
21/07/2013 23:40:11.769304 [scalapnt_fractal_64000_cellbound_lp] resolved_conflicts 1
21/07/2013 23:40:11.770563 [scalapnt_fractal_64000_cellbound_lp] finalized_level 1
21/07/2013 23:40:11.773168 [scalapnt_fractal_64000_cellbound_lp] initialized_level 0
21/07/2013 23:40:11.791386 [scalapnt_fractal_64000_cellbound_lp] found_conflicts 0
21/07/2013 23:40:11.799183 [scalapnt_fractal_64000_cellbound_lp] resolved_conflicts 0
21/07/2013 23:40:11.800425 [scalapnt_fractal_64000_cellbound_lp] finalized_level 0
21/07/2013 23:40:12.103953 [scalapnt_fractal_64000_cellbound_lp] COMMIT
21/07/2013 23:40:12.104450 [scalapnt_fractal_128000_cellbound_heuristic] BEGIN_TRANSACTION
21/07/2013 23:40:20.639399 [scalapnt_fractal_128000_cellbound_heuristic] initialized
21/07/2013 23:40:20.639796 [scalapnt_fractal_128000_cellbound_heuristic] solver "heuristic"
21/07/2013 23:40:20.640127 [scalapnt_fractal_128000_cellbound_heuristic] constraints "cellbound(16,)"
21/07/2013 23:40:20.770250 [scalapnt_fractal_128000_cellbound_heuristic] inputstats {'geometry_types': ['POINT'], 'input': '(select * from pnt_30m_synthetic where x_order <= 128000) t', 'total_rank': 64050.351563373581, 'total_recs': 128000L}
21/07/2013 23:40:20.773534 [scalapnt_fractal_128000_cellbound_heuristic] initialized_level 9
21/07/2013 23:42:13.804218 [scalapnt_fractal_128000_cellbound_heuristic] found_conflicts 9
21/07/2013 23:42:21.926079 [scalapnt_fractal_128000_cellbound_heuristic] resolved_conflicts 9
21/07/2013 23:42:21.927729 [scalapnt_fractal_128000_cellbound_heuristic] finalized_level 9
21/07/2013 23:42:21.930761 [scalapnt_fractal_128000_cellbound_heuristic] initialized_level 8
