21/07/2013 16:25:10.470758 [scalapnt_fractal_1000_cellbound_heuristic] BEGIN_TRANSACTION
21/07/2013 16:25:18.352327 [scalapnt_fractal_1000_cellbound_heuristic] initialized
21/07/2013 16:25:18.352699 [scalapnt_fractal_1000_cellbound_heuristic] solver "heuristic"
21/07/2013 16:25:18.353017 [scalapnt_fractal_1000_cellbound_heuristic] constraints "cellbound(16,)"
21/07/2013 16:25:18.355325 [scalapnt_fractal_1000_cellbound_heuristic] inputstats {'geometry_types': ['POINT'], 'input': '(select * from pnt_30m_synthetic where x_order <= 1000) t', 'total_rank': 498.04106021858752, 'total_recs': 1000L}
21/07/2013 16:25:18.358422 [scalapnt_fractal_1000_cellbound_heuristic] initialized_level 9
21/07/2013 16:25:18.548430 [scalapnt_fractal_1000_cellbound_heuristic] found_conflicts 9
21/07/2013 16:25:18.578280 [scalapnt_fractal_1000_cellbound_heuristic] resolved_conflicts 9
21/07/2013 16:25:18.579551 [scalapnt_fractal_1000_cellbound_heuristic] finalized_level 9
21/07/2013 16:25:18.582358 [scalapnt_fractal_1000_cellbound_heuristic] initialized_level 8
21/07/2013 16:25:18.593744 [scalapnt_fractal_1000_cellbound_heuristic] found_conflicts 8
21/07/2013 16:25:18.595473 [scalapnt_fractal_1000_cellbound_heuristic] resolved_conflicts 8
21/07/2013 16:25:18.596677 [scalapnt_fractal_1000_cellbound_heuristic] finalized_level 8
21/07/2013 16:25:18.599216 [scalapnt_fractal_1000_cellbound_heuristic] initialized_level 7
21/07/2013 16:25:18.608772 [scalapnt_fractal_1000_cellbound_heuristic] found_conflicts 7
21/07/2013 16:25:18.609725 [scalapnt_fractal_1000_cellbound_heuristic] resolved_conflicts 7
21/07/2013 16:25:18.610924 [scalapnt_fractal_1000_cellbound_heuristic] finalized_level 7
21/07/2013 16:25:18.613438 [scalapnt_fractal_1000_cellbound_heuristic] initialized_level 6
21/07/2013 16:25:18.623811 [scalapnt_fractal_1000_cellbound_heuristic] found_conflicts 6
21/07/2013 16:25:18.625586 [scalapnt_fractal_1000_cellbound_heuristic] resolved_conflicts 6
21/07/2013 16:25:18.626804 [scalapnt_fractal_1000_cellbound_heuristic] finalized_level 6
21/07/2013 16:25:18.629328 [scalapnt_fractal_1000_cellbound_heuristic] initialized_level 5
21/07/2013 16:25:18.638779 [scalapnt_fractal_1000_cellbound_heuristic] found_conflicts 5
21/07/2013 16:25:18.640757 [scalapnt_fractal_1000_cellbound_heuristic] resolved_conflicts 5
21/07/2013 16:25:18.642020 [scalapnt_fractal_1000_cellbound_heuristic] finalized_level 5
21/07/2013 16:25:18.644690 [scalapnt_fractal_1000_cellbound_heuristic] initialized_level 4
21/07/2013 16:25:18.652533 [scalapnt_fractal_1000_cellbound_heuristic] found_conflicts 4
21/07/2013 16:25:18.653504 [scalapnt_fractal_1000_cellbound_heuristic] resolved_conflicts 4
21/07/2013 16:25:18.654723 [scalapnt_fractal_1000_cellbound_heuristic] finalized_level 4
21/07/2013 16:25:18.657416 [scalapnt_fractal_1000_cellbound_heuristic] initialized_level 3
21/07/2013 16:25:18.665631 [scalapnt_fractal_1000_cellbound_heuristic] found_conflicts 3
21/07/2013 16:25:18.667430 [scalapnt_fractal_1000_cellbound_heuristic] resolved_conflicts 3
21/07/2013 16:25:18.668685 [scalapnt_fractal_1000_cellbound_heuristic] finalized_level 3
21/07/2013 16:25:18.671231 [scalapnt_fractal_1000_cellbound_heuristic] initialized_level 2
21/07/2013 16:25:18.678459 [scalapnt_fractal_1000_cellbound_heuristic] found_conflicts 2
21/07/2013 16:25:18.680165 [scalapnt_fractal_1000_cellbound_heuristic] resolved_conflicts 2
21/07/2013 16:25:18.681403 [scalapnt_fractal_1000_cellbound_heuristic] finalized_level 2
21/07/2013 16:25:18.683922 [scalapnt_fractal_1000_cellbound_heuristic] initialized_level 1
21/07/2013 16:25:18.689617 [scalapnt_fractal_1000_cellbound_heuristic] found_conflicts 1
21/07/2013 16:25:18.690566 [scalapnt_fractal_1000_cellbound_heuristic] resolved_conflicts 1
21/07/2013 16:25:18.691797 [scalapnt_fractal_1000_cellbound_heuristic] finalized_level 1
21/07/2013 16:25:18.694434 [scalapnt_fractal_1000_cellbound_heuristic] initialized_level 0
21/07/2013 16:25:18.700779 [scalapnt_fractal_1000_cellbound_heuristic] found_conflicts 0
21/07/2013 16:25:18.702608 [scalapnt_fractal_1000_cellbound_heuristic] resolved_conflicts 0
21/07/2013 16:25:18.703849 [scalapnt_fractal_1000_cellbound_heuristic] finalized_level 0
21/07/2013 16:25:18.871796 [scalapnt_fractal_1000_cellbound_heuristic] COMMIT
21/07/2013 16:25:18.872270 [scalapnt_fractal_1000_proximity_heuristic] BEGIN_TRANSACTION
21/07/2013 16:25:24.804011 [scalapnt_fractal_1000_proximity_heuristic] initialized
21/07/2013 16:25:24.804371 [scalapnt_fractal_1000_proximity_heuristic] solver "heuristic"
21/07/2013 16:25:24.804702 [scalapnt_fractal_1000_proximity_heuristic] constraints "proximity(10,)"
21/07/2013 16:25:24.806512 [scalapnt_fractal_1000_proximity_heuristic] inputstats {'geometry_types': ['POINT'], 'input': '(select * from pnt_30m_synthetic where x_order <= 1000) t', 'total_rank': 494.24558696011081, 'total_recs': 1000L}
21/07/2013 16:25:24.809104 [scalapnt_fractal_1000_proximity_heuristic] initialized_level 9
21/07/2013 16:25:24.922230 [scalapnt_fractal_1000_proximity_heuristic] found_conflicts 9
21/07/2013 16:25:25.032866 [scalapnt_fractal_1000_proximity_heuristic] resolved_conflicts 9
21/07/2013 16:25:25.034189 [scalapnt_fractal_1000_proximity_heuristic] finalized_level 9
21/07/2013 16:25:25.036760 [scalapnt_fractal_1000_proximity_heuristic] initialized_level 8
21/07/2013 16:25:25.045181 [scalapnt_fractal_1000_proximity_heuristic] found_conflicts 8
21/07/2013 16:25:25.048718 [scalapnt_fractal_1000_proximity_heuristic] resolved_conflicts 8
21/07/2013 16:25:25.049859 [scalapnt_fractal_1000_proximity_heuristic] finalized_level 8
21/07/2013 16:25:25.052488 [scalapnt_fractal_1000_proximity_heuristic] initialized_level 7
21/07/2013 16:25:25.057378 [scalapnt_fractal_1000_proximity_heuristic] found_conflicts 7
21/07/2013 16:25:25.059159 [scalapnt_fractal_1000_proximity_heuristic] resolved_conflicts 7
21/07/2013 16:25:25.060291 [scalapnt_fractal_1000_proximity_heuristic] finalized_level 7
21/07/2013 16:25:25.062915 [scalapnt_fractal_1000_proximity_heuristic] initialized_level 6
21/07/2013 16:25:25.066147 [scalapnt_fractal_1000_proximity_heuristic] found_conflicts 6
21/07/2013 16:25:25.067524 [scalapnt_fractal_1000_proximity_heuristic] resolved_conflicts 6
21/07/2013 16:25:25.068694 [scalapnt_fractal_1000_proximity_heuristic] finalized_level 6
21/07/2013 16:25:25.071103 [scalapnt_fractal_1000_proximity_heuristic] initialized_level 5
21/07/2013 16:25:25.072901 [scalapnt_fractal_1000_proximity_heuristic] found_conflicts 5
21/07/2013 16:25:25.073835 [scalapnt_fractal_1000_proximity_heuristic] resolved_conflicts 5
21/07/2013 16:25:25.074987 [scalapnt_fractal_1000_proximity_heuristic] finalized_level 5
21/07/2013 16:25:25.077613 [scalapnt_fractal_1000_proximity_heuristic] initialized_level 4
21/07/2013 16:25:25.079589 [scalapnt_fractal_1000_proximity_heuristic] found_conflicts 4
21/07/2013 16:25:25.080528 [scalapnt_fractal_1000_proximity_heuristic] resolved_conflicts 4
21/07/2013 16:25:25.081691 [scalapnt_fractal_1000_proximity_heuristic] finalized_level 4
21/07/2013 16:25:25.084089 [scalapnt_fractal_1000_proximity_heuristic] initialized_level 3
21/07/2013 16:25:25.085889 [scalapnt_fractal_1000_proximity_heuristic] found_conflicts 3
21/07/2013 16:25:25.086833 [scalapnt_fractal_1000_proximity_heuristic] resolved_conflicts 3
21/07/2013 16:25:25.087995 [scalapnt_fractal_1000_proximity_heuristic] finalized_level 3
21/07/2013 16:25:25.090463 [scalapnt_fractal_1000_proximity_heuristic] initialized_level 2
21/07/2013 16:25:25.092666 [scalapnt_fractal_1000_proximity_heuristic] found_conflicts 2
21/07/2013 16:25:25.093934 [scalapnt_fractal_1000_proximity_heuristic] resolved_conflicts 2
21/07/2013 16:25:25.095149 [scalapnt_fractal_1000_proximity_heuristic] finalized_level 2
21/07/2013 16:25:25.097774 [scalapnt_fractal_1000_proximity_heuristic] initialized_level 1
21/07/2013 16:25:25.099563 [scalapnt_fractal_1000_proximity_heuristic] found_conflicts 1
21/07/2013 16:25:25.100513 [scalapnt_fractal_1000_proximity_heuristic] resolved_conflicts 1
21/07/2013 16:25:25.101723 [scalapnt_fractal_1000_proximity_heuristic] finalized_level 1
21/07/2013 16:25:25.104249 [scalapnt_fractal_1000_proximity_heuristic] initialized_level 0
21/07/2013 16:25:25.106761 [scalapnt_fractal_1000_proximity_heuristic] found_conflicts 0
21/07/2013 16:25:25.108029 [scalapnt_fractal_1000_proximity_heuristic] resolved_conflicts 0
21/07/2013 16:25:25.109231 [scalapnt_fractal_1000_proximity_heuristic] finalized_level 0
21/07/2013 16:25:25.167686 [scalapnt_fractal_1000_proximity_heuristic] COMMIT
21/07/2013 16:25:25.168191 [scalapnt_fractal_1000_cellbound_lp] BEGIN_TRANSACTION
21/07/2013 16:25:31.087184 [scalapnt_fractal_1000_cellbound_lp] initialized
21/07/2013 16:25:31.087546 [scalapnt_fractal_1000_cellbound_lp] solver "lp"
21/07/2013 16:25:31.087862 [scalapnt_fractal_1000_cellbound_lp] constraints "cellbound(16,)"
21/07/2013 16:25:31.089708 [scalapnt_fractal_1000_cellbound_lp] inputstats {'geometry_types': ['POINT'], 'input': '(select * from pnt_30m_synthetic where x_order <= 1000) t', 'total_rank': 494.73644597828388, 'total_recs': 1000L}
21/07/2013 16:25:31.092437 [scalapnt_fractal_1000_cellbound_lp] initialized_level 9
21/07/2013 16:25:31.280115 [scalapnt_fractal_1000_cellbound_lp] found_conflicts 9
21/07/2013 16:25:32.582109 [scalapnt_fractal_1000_cellbound_lp] resolved_conflicts 9
21/07/2013 16:25:32.583430 [scalapnt_fractal_1000_cellbound_lp] finalized_level 9
21/07/2013 16:25:32.586145 [scalapnt_fractal_1000_cellbound_lp] initialized_level 8
21/07/2013 16:25:32.597338 [scalapnt_fractal_1000_cellbound_lp] found_conflicts 8
21/07/2013 16:25:32.604124 [scalapnt_fractal_1000_cellbound_lp] resolved_conflicts 8
21/07/2013 16:25:32.605302 [scalapnt_fractal_1000_cellbound_lp] finalized_level 8
21/07/2013 16:25:32.607783 [scalapnt_fractal_1000_cellbound_lp] initialized_level 7
21/07/2013 16:25:32.617169 [scalapnt_fractal_1000_cellbound_lp] found_conflicts 7
21/07/2013 16:25:32.618406 [scalapnt_fractal_1000_cellbound_lp] resolved_conflicts 7
21/07/2013 16:25:32.619555 [scalapnt_fractal_1000_cellbound_lp] finalized_level 7
21/07/2013 16:25:32.622065 [scalapnt_fractal_1000_cellbound_lp] initialized_level 6
21/07/2013 16:25:32.632142 [scalapnt_fractal_1000_cellbound_lp] found_conflicts 6
21/07/2013 16:25:32.638508 [scalapnt_fractal_1000_cellbound_lp] resolved_conflicts 6
21/07/2013 16:25:32.639671 [scalapnt_fractal_1000_cellbound_lp] finalized_level 6
21/07/2013 16:25:32.642227 [scalapnt_fractal_1000_cellbound_lp] initialized_level 5
21/07/2013 16:25:32.651419 [scalapnt_fractal_1000_cellbound_lp] found_conflicts 5
21/07/2013 16:25:32.657752 [scalapnt_fractal_1000_cellbound_lp] resolved_conflicts 5
21/07/2013 16:25:32.658923 [scalapnt_fractal_1000_cellbound_lp] finalized_level 5
21/07/2013 16:25:32.661375 [scalapnt_fractal_1000_cellbound_lp] initialized_level 4
21/07/2013 16:25:32.668811 [scalapnt_fractal_1000_cellbound_lp] found_conflicts 4
21/07/2013 16:25:32.670070 [scalapnt_fractal_1000_cellbound_lp] resolved_conflicts 4
21/07/2013 16:25:32.671232 [scalapnt_fractal_1000_cellbound_lp] finalized_level 4
21/07/2013 16:25:32.673750 [scalapnt_fractal_1000_cellbound_lp] initialized_level 3
21/07/2013 16:25:32.682005 [scalapnt_fractal_1000_cellbound_lp] found_conflicts 3
21/07/2013 16:25:32.688034 [scalapnt_fractal_1000_cellbound_lp] resolved_conflicts 3
21/07/2013 16:25:32.689219 [scalapnt_fractal_1000_cellbound_lp] finalized_level 3
21/07/2013 16:25:32.691734 [scalapnt_fractal_1000_cellbound_lp] initialized_level 2
21/07/2013 16:25:32.698866 [scalapnt_fractal_1000_cellbound_lp] found_conflicts 2
21/07/2013 16:25:32.705400 [scalapnt_fractal_1000_cellbound_lp] resolved_conflicts 2
21/07/2013 16:25:32.706609 [scalapnt_fractal_1000_cellbound_lp] finalized_level 2
21/07/2013 16:25:32.709261 [scalapnt_fractal_1000_cellbound_lp] initialized_level 1
21/07/2013 16:25:32.715020 [scalapnt_fractal_1000_cellbound_lp] found_conflicts 1
21/07/2013 16:25:32.716318 [scalapnt_fractal_1000_cellbound_lp] resolved_conflicts 1
21/07/2013 16:25:32.717530 [scalapnt_fractal_1000_cellbound_lp] finalized_level 1
21/07/2013 16:25:32.720077 [scalapnt_fractal_1000_cellbound_lp] initialized_level 0
21/07/2013 16:25:32.726435 [scalapnt_fractal_1000_cellbound_lp] found_conflicts 0
21/07/2013 16:25:32.733342 [scalapnt_fractal_1000_cellbound_lp] resolved_conflicts 0
21/07/2013 16:25:32.734566 [scalapnt_fractal_1000_cellbound_lp] finalized_level 0
21/07/2013 16:25:32.794096 [scalapnt_fractal_1000_cellbound_lp] COMMIT
21/07/2013 16:25:32.794574 [scalapnt_fractal_1000_proximity_lp] BEGIN_TRANSACTION
21/07/2013 16:25:38.707873 [scalapnt_fractal_1000_proximity_lp] initialized
21/07/2013 16:25:38.708239 [scalapnt_fractal_1000_proximity_lp] solver "lp"
21/07/2013 16:25:38.708563 [scalapnt_fractal_1000_proximity_lp] constraints "proximity(10,)"
21/07/2013 16:25:38.710392 [scalapnt_fractal_1000_proximity_lp] inputstats {'geometry_types': ['POINT'], 'input': '(select * from pnt_30m_synthetic where x_order <= 1000) t', 'total_rank': 508.37590275797993, 'total_recs': 1000L}
21/07/2013 16:25:38.712995 [scalapnt_fractal_1000_proximity_lp] initialized_level 9
21/07/2013 16:25:38.821638 [scalapnt_fractal_1000_proximity_lp] found_conflicts 9
21/07/2013 16:25:58.233544 [scalapnt_fractal_1000_proximity_lp] resolved_conflicts 9
21/07/2013 16:25:58.234854 [scalapnt_fractal_1000_proximity_lp] finalized_level 9
21/07/2013 16:25:58.237379 [scalapnt_fractal_1000_proximity_lp] initialized_level 8
21/07/2013 16:25:58.240494 [scalapnt_fractal_1000_proximity_lp] found_conflicts 8
21/07/2013 16:25:58.247586 [scalapnt_fractal_1000_proximity_lp] resolved_conflicts 8
21/07/2013 16:25:58.248742 [scalapnt_fractal_1000_proximity_lp] finalized_level 8
21/07/2013 16:25:58.251237 [scalapnt_fractal_1000_proximity_lp] initialized_level 7
21/07/2013 16:25:58.254532 [scalapnt_fractal_1000_proximity_lp] found_conflicts 7
21/07/2013 16:25:58.260611 [scalapnt_fractal_1000_proximity_lp] resolved_conflicts 7
21/07/2013 16:25:58.261765 [scalapnt_fractal_1000_proximity_lp] finalized_level 7
21/07/2013 16:25:58.264168 [scalapnt_fractal_1000_proximity_lp] initialized_level 6
21/07/2013 16:25:58.267757 [scalapnt_fractal_1000_proximity_lp] found_conflicts 6
21/07/2013 16:25:58.272294 [scalapnt_fractal_1000_proximity_lp] resolved_conflicts 6
21/07/2013 16:25:58.273461 [scalapnt_fractal_1000_proximity_lp] finalized_level 6
21/07/2013 16:25:58.275966 [scalapnt_fractal_1000_proximity_lp] initialized_level 5
21/07/2013 16:25:58.278795 [scalapnt_fractal_1000_proximity_lp] found_conflicts 5
21/07/2013 16:25:58.282996 [scalapnt_fractal_1000_proximity_lp] resolved_conflicts 5
21/07/2013 16:25:58.284147 [scalapnt_fractal_1000_proximity_lp] finalized_level 5
21/07/2013 16:25:58.286708 [scalapnt_fractal_1000_proximity_lp] initialized_level 4
21/07/2013 16:25:58.288145 [scalapnt_fractal_1000_proximity_lp] found_conflicts 4
21/07/2013 16:25:58.289414 [scalapnt_fractal_1000_proximity_lp] resolved_conflicts 4
21/07/2013 16:25:58.290584 [scalapnt_fractal_1000_proximity_lp] finalized_level 4
21/07/2013 16:25:58.293050 [scalapnt_fractal_1000_proximity_lp] initialized_level 3
21/07/2013 16:25:58.294485 [scalapnt_fractal_1000_proximity_lp] found_conflicts 3
21/07/2013 16:25:58.295723 [scalapnt_fractal_1000_proximity_lp] resolved_conflicts 3
21/07/2013 16:25:58.296904 [scalapnt_fractal_1000_proximity_lp] finalized_level 3
21/07/2013 16:25:58.299396 [scalapnt_fractal_1000_proximity_lp] initialized_level 2
21/07/2013 16:25:58.301209 [scalapnt_fractal_1000_proximity_lp] found_conflicts 2
21/07/2013 16:25:58.304924 [scalapnt_fractal_1000_proximity_lp] resolved_conflicts 2
21/07/2013 16:25:58.306082 [scalapnt_fractal_1000_proximity_lp] finalized_level 2
21/07/2013 16:25:58.308603 [scalapnt_fractal_1000_proximity_lp] initialized_level 1
21/07/2013 16:25:58.310038 [scalapnt_fractal_1000_proximity_lp] found_conflicts 1
21/07/2013 16:25:58.311293 [scalapnt_fractal_1000_proximity_lp] resolved_conflicts 1
21/07/2013 16:25:58.312439 [scalapnt_fractal_1000_proximity_lp] finalized_level 1
21/07/2013 16:25:58.314987 [scalapnt_fractal_1000_proximity_lp] initialized_level 0
21/07/2013 16:25:58.316416 [scalapnt_fractal_1000_proximity_lp] found_conflicts 0
21/07/2013 16:25:58.317678 [scalapnt_fractal_1000_proximity_lp] resolved_conflicts 0
21/07/2013 16:25:58.318855 [scalapnt_fractal_1000_proximity_lp] finalized_level 0
21/07/2013 16:25:58.402961 [scalapnt_fractal_1000_proximity_lp] COMMIT
21/07/2013 16:25:58.403464 [scalapnt_fractal_2000_cellbound_heuristic] BEGIN_TRANSACTION
21/07/2013 16:26:04.340352 [scalapnt_fractal_2000_cellbound_heuristic] initialized
21/07/2013 16:26:04.340738 [scalapnt_fractal_2000_cellbound_heuristic] solver "heuristic"
21/07/2013 16:26:04.341054 [scalapnt_fractal_2000_cellbound_heuristic] constraints "cellbound(16,)"
21/07/2013 16:26:04.343827 [scalapnt_fractal_2000_cellbound_heuristic] inputstats {'geometry_types': ['POINT'], 'input': '(select * from pnt_30m_synthetic where x_order <= 2000) t', 'total_rank': 990.73342029936612, 'total_recs': 2000L}
21/07/2013 16:26:04.346422 [scalapnt_fractal_2000_cellbound_heuristic] initialized_level 9
21/07/2013 16:26:04.693837 [scalapnt_fractal_2000_cellbound_heuristic] found_conflicts 9
21/07/2013 16:26:04.751017 [scalapnt_fractal_2000_cellbound_heuristic] resolved_conflicts 9
21/07/2013 16:26:04.752366 [scalapnt_fractal_2000_cellbound_heuristic] finalized_level 9
21/07/2013 16:26:04.755079 [scalapnt_fractal_2000_cellbound_heuristic] initialized_level 8
21/07/2013 16:26:04.779217 [scalapnt_fractal_2000_cellbound_heuristic] found_conflicts 8
21/07/2013 16:26:04.784079 [scalapnt_fractal_2000_cellbound_heuristic] resolved_conflicts 8
21/07/2013 16:26:04.785293 [scalapnt_fractal_2000_cellbound_heuristic] finalized_level 8
21/07/2013 16:26:04.787859 [scalapnt_fractal_2000_cellbound_heuristic] initialized_level 7
21/07/2013 16:26:04.798654 [scalapnt_fractal_2000_cellbound_heuristic] found_conflicts 7
21/07/2013 16:26:04.799605 [scalapnt_fractal_2000_cellbound_heuristic] resolved_conflicts 7
21/07/2013 16:26:04.800761 [scalapnt_fractal_2000_cellbound_heuristic] finalized_level 7
21/07/2013 16:26:04.803260 [scalapnt_fractal_2000_cellbound_heuristic] initialized_level 6
21/07/2013 16:26:04.815809 [scalapnt_fractal_2000_cellbound_heuristic] found_conflicts 6
21/07/2013 16:26:04.818124 [scalapnt_fractal_2000_cellbound_heuristic] resolved_conflicts 6
21/07/2013 16:26:04.819317 [scalapnt_fractal_2000_cellbound_heuristic] finalized_level 6
21/07/2013 16:26:04.821888 [scalapnt_fractal_2000_cellbound_heuristic] initialized_level 5
21/07/2013 16:26:04.831529 [scalapnt_fractal_2000_cellbound_heuristic] found_conflicts 5
21/07/2013 16:26:04.833178 [scalapnt_fractal_2000_cellbound_heuristic] resolved_conflicts 5
21/07/2013 16:26:04.834360 [scalapnt_fractal_2000_cellbound_heuristic] finalized_level 5
21/07/2013 16:26:04.836884 [scalapnt_fractal_2000_cellbound_heuristic] initialized_level 4
21/07/2013 16:26:04.844642 [scalapnt_fractal_2000_cellbound_heuristic] found_conflicts 4
21/07/2013 16:26:04.845589 [scalapnt_fractal_2000_cellbound_heuristic] resolved_conflicts 4
21/07/2013 16:26:04.846753 [scalapnt_fractal_2000_cellbound_heuristic] finalized_level 4
21/07/2013 16:26:04.849308 [scalapnt_fractal_2000_cellbound_heuristic] initialized_level 3
21/07/2013 16:26:04.857946 [scalapnt_fractal_2000_cellbound_heuristic] found_conflicts 3
21/07/2013 16:26:04.859658 [scalapnt_fractal_2000_cellbound_heuristic] resolved_conflicts 3
21/07/2013 16:26:04.860867 [scalapnt_fractal_2000_cellbound_heuristic] finalized_level 3
21/07/2013 16:26:04.863477 [scalapnt_fractal_2000_cellbound_heuristic] initialized_level 2
21/07/2013 16:26:04.871075 [scalapnt_fractal_2000_cellbound_heuristic] found_conflicts 2
21/07/2013 16:26:04.872734 [scalapnt_fractal_2000_cellbound_heuristic] resolved_conflicts 2
21/07/2013 16:26:04.873921 [scalapnt_fractal_2000_cellbound_heuristic] finalized_level 2
21/07/2013 16:26:04.876656 [scalapnt_fractal_2000_cellbound_heuristic] initialized_level 1
21/07/2013 16:26:04.882519 [scalapnt_fractal_2000_cellbound_heuristic] found_conflicts 1
21/07/2013 16:26:04.883493 [scalapnt_fractal_2000_cellbound_heuristic] resolved_conflicts 1
21/07/2013 16:26:04.884717 [scalapnt_fractal_2000_cellbound_heuristic] finalized_level 1
21/07/2013 16:26:04.887259 [scalapnt_fractal_2000_cellbound_heuristic] initialized_level 0
21/07/2013 16:26:04.894051 [scalapnt_fractal_2000_cellbound_heuristic] found_conflicts 0
21/07/2013 16:26:04.895608 [scalapnt_fractal_2000_cellbound_heuristic] resolved_conflicts 0
21/07/2013 16:26:04.896827 [scalapnt_fractal_2000_cellbound_heuristic] finalized_level 0
21/07/2013 16:26:04.961228 [scalapnt_fractal_2000_cellbound_heuristic] COMMIT
21/07/2013 16:26:04.961731 [scalapnt_fractal_2000_proximity_heuristic] BEGIN_TRANSACTION
21/07/2013 16:26:10.892241 [scalapnt_fractal_2000_proximity_heuristic] initialized
21/07/2013 16:26:10.892634 [scalapnt_fractal_2000_proximity_heuristic] solver "heuristic"
21/07/2013 16:26:10.892949 [scalapnt_fractal_2000_proximity_heuristic] constraints "proximity(10,)"
21/07/2013 16:26:10.895718 [scalapnt_fractal_2000_proximity_heuristic] inputstats {'geometry_types': ['POINT'], 'input': '(select * from pnt_30m_synthetic where x_order <= 2000) t', 'total_rank': 1011.0877819024026, 'total_recs': 2000L}
21/07/2013 16:26:10.898314 [scalapnt_fractal_2000_proximity_heuristic] initialized_level 9
21/07/2013 16:26:11.102365 [scalapnt_fractal_2000_proximity_heuristic] found_conflicts 9
21/07/2013 16:26:11.291834 [scalapnt_fractal_2000_proximity_heuristic] resolved_conflicts 9
21/07/2013 16:26:11.293185 [scalapnt_fractal_2000_proximity_heuristic] finalized_level 9
21/07/2013 16:26:11.296151 [scalapnt_fractal_2000_proximity_heuristic] initialized_level 8
21/07/2013 16:26:11.315309 [scalapnt_fractal_2000_proximity_heuristic] found_conflicts 8
21/07/2013 16:26:11.321891 [scalapnt_fractal_2000_proximity_heuristic] resolved_conflicts 8
21/07/2013 16:26:11.323086 [scalapnt_fractal_2000_proximity_heuristic] finalized_level 8
21/07/2013 16:26:11.325607 [scalapnt_fractal_2000_proximity_heuristic] initialized_level 7
21/07/2013 16:26:11.336644 [scalapnt_fractal_2000_proximity_heuristic] found_conflicts 7
21/07/2013 16:26:11.339014 [scalapnt_fractal_2000_proximity_heuristic] resolved_conflicts 7
21/07/2013 16:26:11.340185 [scalapnt_fractal_2000_proximity_heuristic] finalized_level 7
21/07/2013 16:26:11.342739 [scalapnt_fractal_2000_proximity_heuristic] initialized_level 6
21/07/2013 16:26:11.348893 [scalapnt_fractal_2000_proximity_heuristic] found_conflicts 6
21/07/2013 16:26:11.350320 [scalapnt_fractal_2000_proximity_heuristic] resolved_conflicts 6
21/07/2013 16:26:11.351478 [scalapnt_fractal_2000_proximity_heuristic] finalized_level 6
21/07/2013 16:26:11.354097 [scalapnt_fractal_2000_proximity_heuristic] initialized_level 5
21/07/2013 16:26:11.357630 [scalapnt_fractal_2000_proximity_heuristic] found_conflicts 5
21/07/2013 16:26:11.358697 [scalapnt_fractal_2000_proximity_heuristic] resolved_conflicts 5
21/07/2013 16:26:11.359872 [scalapnt_fractal_2000_proximity_heuristic] finalized_level 5
21/07/2013 16:26:11.362468 [scalapnt_fractal_2000_proximity_heuristic] initialized_level 4
21/07/2013 16:26:11.365024 [scalapnt_fractal_2000_proximity_heuristic] found_conflicts 4
21/07/2013 16:26:11.365955 [scalapnt_fractal_2000_proximity_heuristic] resolved_conflicts 4
21/07/2013 16:26:11.367109 [scalapnt_fractal_2000_proximity_heuristic] finalized_level 4
21/07/2013 16:26:11.369601 [scalapnt_fractal_2000_proximity_heuristic] initialized_level 3
21/07/2013 16:26:11.372142 [scalapnt_fractal_2000_proximity_heuristic] found_conflicts 3
21/07/2013 16:26:11.373086 [scalapnt_fractal_2000_proximity_heuristic] resolved_conflicts 3
21/07/2013 16:26:11.374268 [scalapnt_fractal_2000_proximity_heuristic] finalized_level 3
21/07/2013 16:26:11.376747 [scalapnt_fractal_2000_proximity_heuristic] initialized_level 2
21/07/2013 16:26:11.379826 [scalapnt_fractal_2000_proximity_heuristic] found_conflicts 2
21/07/2013 16:26:11.380872 [scalapnt_fractal_2000_proximity_heuristic] resolved_conflicts 2
21/07/2013 16:26:11.382062 [scalapnt_fractal_2000_proximity_heuristic] finalized_level 2
21/07/2013 16:26:11.384569 [scalapnt_fractal_2000_proximity_heuristic] initialized_level 1
21/07/2013 16:26:11.387198 [scalapnt_fractal_2000_proximity_heuristic] found_conflicts 1
21/07/2013 16:26:11.388132 [scalapnt_fractal_2000_proximity_heuristic] resolved_conflicts 1
21/07/2013 16:26:11.389315 [scalapnt_fractal_2000_proximity_heuristic] finalized_level 1
21/07/2013 16:26:11.391892 [scalapnt_fractal_2000_proximity_heuristic] initialized_level 0
21/07/2013 16:26:11.396378 [scalapnt_fractal_2000_proximity_heuristic] found_conflicts 0
21/07/2013 16:26:11.397487 [scalapnt_fractal_2000_proximity_heuristic] resolved_conflicts 0
21/07/2013 16:26:11.398649 [scalapnt_fractal_2000_proximity_heuristic] finalized_level 0
21/07/2013 16:26:11.472241 [scalapnt_fractal_2000_proximity_heuristic] COMMIT
21/07/2013 16:26:11.472745 [scalapnt_fractal_2000_cellbound_lp] BEGIN_TRANSACTION
21/07/2013 16:26:17.544884 [scalapnt_fractal_2000_cellbound_lp] initialized
21/07/2013 16:26:17.545250 [scalapnt_fractal_2000_cellbound_lp] solver "lp"
21/07/2013 16:26:17.545559 [scalapnt_fractal_2000_cellbound_lp] constraints "cellbound(16,)"
21/07/2013 16:26:17.548338 [scalapnt_fractal_2000_cellbound_lp] inputstats {'geometry_types': ['POINT'], 'input': '(select * from pnt_30m_synthetic where x_order <= 2000) t', 'total_rank': 999.07620534999296, 'total_recs': 2000L}
21/07/2013 16:26:17.550877 [scalapnt_fractal_2000_cellbound_lp] initialized_level 9
21/07/2013 16:26:17.900607 [scalapnt_fractal_2000_cellbound_lp] found_conflicts 9
21/07/2013 16:26:19.417834 [scalapnt_fractal_2000_cellbound_lp] resolved_conflicts 9
21/07/2013 16:26:19.419126 [scalapnt_fractal_2000_cellbound_lp] finalized_level 9
21/07/2013 16:26:19.421684 [scalapnt_fractal_2000_cellbound_lp] initialized_level 8
21/07/2013 16:26:19.445700 [scalapnt_fractal_2000_cellbound_lp] found_conflicts 8
21/07/2013 16:26:19.463162 [scalapnt_fractal_2000_cellbound_lp] resolved_conflicts 8
21/07/2013 16:26:19.464333 [scalapnt_fractal_2000_cellbound_lp] finalized_level 8
21/07/2013 16:26:19.466818 [scalapnt_fractal_2000_cellbound_lp] initialized_level 7
21/07/2013 16:26:19.477649 [scalapnt_fractal_2000_cellbound_lp] found_conflicts 7
21/07/2013 16:26:19.478881 [scalapnt_fractal_2000_cellbound_lp] resolved_conflicts 7
21/07/2013 16:26:19.480012 [scalapnt_fractal_2000_cellbound_lp] finalized_level 7
21/07/2013 16:26:19.482442 [scalapnt_fractal_2000_cellbound_lp] initialized_level 6
21/07/2013 16:26:19.494632 [scalapnt_fractal_2000_cellbound_lp] found_conflicts 6
21/07/2013 16:26:19.503023 [scalapnt_fractal_2000_cellbound_lp] resolved_conflicts 6
21/07/2013 16:26:19.504191 [scalapnt_fractal_2000_cellbound_lp] finalized_level 6
21/07/2013 16:26:19.506597 [scalapnt_fractal_2000_cellbound_lp] initialized_level 5
21/07/2013 16:26:19.516344 [scalapnt_fractal_2000_cellbound_lp] found_conflicts 5
21/07/2013 16:26:19.522721 [scalapnt_fractal_2000_cellbound_lp] resolved_conflicts 5
21/07/2013 16:26:19.523897 [scalapnt_fractal_2000_cellbound_lp] finalized_level 5
21/07/2013 16:26:19.526389 [scalapnt_fractal_2000_cellbound_lp] initialized_level 4
21/07/2013 16:26:19.534064 [scalapnt_fractal_2000_cellbound_lp] found_conflicts 4
21/07/2013 16:26:19.535328 [scalapnt_fractal_2000_cellbound_lp] resolved_conflicts 4
21/07/2013 16:26:19.536474 [scalapnt_fractal_2000_cellbound_lp] finalized_level 4
21/07/2013 16:26:19.538953 [scalapnt_fractal_2000_cellbound_lp] initialized_level 3
21/07/2013 16:26:19.547504 [scalapnt_fractal_2000_cellbound_lp] found_conflicts 3
21/07/2013 16:26:19.553289 [scalapnt_fractal_2000_cellbound_lp] resolved_conflicts 3
21/07/2013 16:26:19.554465 [scalapnt_fractal_2000_cellbound_lp] finalized_level 3
21/07/2013 16:26:19.556980 [scalapnt_fractal_2000_cellbound_lp] initialized_level 2
21/07/2013 16:26:19.564458 [scalapnt_fractal_2000_cellbound_lp] found_conflicts 2
21/07/2013 16:26:19.571389 [scalapnt_fractal_2000_cellbound_lp] resolved_conflicts 2
21/07/2013 16:26:19.572608 [scalapnt_fractal_2000_cellbound_lp] finalized_level 2
21/07/2013 16:26:19.575072 [scalapnt_fractal_2000_cellbound_lp] initialized_level 1
21/07/2013 16:26:19.580753 [scalapnt_fractal_2000_cellbound_lp] found_conflicts 1
21/07/2013 16:26:19.582009 [scalapnt_fractal_2000_cellbound_lp] resolved_conflicts 1
21/07/2013 16:26:19.583188 [scalapnt_fractal_2000_cellbound_lp] finalized_level 1
21/07/2013 16:26:19.585666 [scalapnt_fractal_2000_cellbound_lp] initialized_level 0
21/07/2013 16:26:19.592146 [scalapnt_fractal_2000_cellbound_lp] found_conflicts 0
21/07/2013 16:26:19.599079 [scalapnt_fractal_2000_cellbound_lp] resolved_conflicts 0
21/07/2013 16:26:19.600283 [scalapnt_fractal_2000_cellbound_lp] finalized_level 0
21/07/2013 16:26:19.660652 [scalapnt_fractal_2000_cellbound_lp] COMMIT
21/07/2013 16:26:19.661153 [scalapnt_fractal_2000_proximity_lp] BEGIN_TRANSACTION
21/07/2013 16:26:25.588625 [scalapnt_fractal_2000_proximity_lp] initialized
21/07/2013 16:26:25.588995 [scalapnt_fractal_2000_proximity_lp] solver "lp"
21/07/2013 16:26:25.589305 [scalapnt_fractal_2000_proximity_lp] constraints "proximity(10,)"
21/07/2013 16:26:25.592093 [scalapnt_fractal_2000_proximity_lp] inputstats {'geometry_types': ['POINT'], 'input': '(select * from pnt_30m_synthetic where x_order <= 2000) t', 'total_rank': 1015.8063022084534, 'total_recs': 2000L}
21/07/2013 16:26:25.594732 [scalapnt_fractal_2000_proximity_lp] initialized_level 9
21/07/2013 16:26:25.798975 [scalapnt_fractal_2000_proximity_lp] found_conflicts 9
21/07/2013 16:27:13.272095 [scalapnt_fractal_2000_proximity_lp] resolved_conflicts 9
21/07/2013 16:27:13.273510 [scalapnt_fractal_2000_proximity_lp] finalized_level 9
21/07/2013 16:27:13.276083 [scalapnt_fractal_2000_proximity_lp] initialized_level 8
21/07/2013 16:27:13.283081 [scalapnt_fractal_2000_proximity_lp] found_conflicts 8
21/07/2013 16:27:13.297740 [scalapnt_fractal_2000_proximity_lp] resolved_conflicts 8
21/07/2013 16:27:13.299003 [scalapnt_fractal_2000_proximity_lp] finalized_level 8
21/07/2013 16:27:13.301548 [scalapnt_fractal_2000_proximity_lp] initialized_level 7
21/07/2013 16:27:13.307085 [scalapnt_fractal_2000_proximity_lp] found_conflicts 7
21/07/2013 16:27:13.313963 [scalapnt_fractal_2000_proximity_lp] resolved_conflicts 7
21/07/2013 16:27:13.315178 [scalapnt_fractal_2000_proximity_lp] finalized_level 7
21/07/2013 16:27:13.317675 [scalapnt_fractal_2000_proximity_lp] initialized_level 6
21/07/2013 16:27:13.324333 [scalapnt_fractal_2000_proximity_lp] found_conflicts 6
21/07/2013 16:27:13.330824 [scalapnt_fractal_2000_proximity_lp] resolved_conflicts 6
21/07/2013 16:27:13.332046 [scalapnt_fractal_2000_proximity_lp] finalized_level 6
21/07/2013 16:27:13.334591 [scalapnt_fractal_2000_proximity_lp] initialized_level 5
21/07/2013 16:27:13.339263 [scalapnt_fractal_2000_proximity_lp] found_conflicts 5
21/07/2013 16:27:13.343786 [scalapnt_fractal_2000_proximity_lp] resolved_conflicts 5
21/07/2013 16:27:13.345004 [scalapnt_fractal_2000_proximity_lp] finalized_level 5
21/07/2013 16:27:13.347460 [scalapnt_fractal_2000_proximity_lp] initialized_level 4
21/07/2013 16:27:13.349097 [scalapnt_fractal_2000_proximity_lp] found_conflicts 4
21/07/2013 16:27:13.350339 [scalapnt_fractal_2000_proximity_lp] resolved_conflicts 4
21/07/2013 16:27:13.351521 [scalapnt_fractal_2000_proximity_lp] finalized_level 4
21/07/2013 16:27:13.354003 [scalapnt_fractal_2000_proximity_lp] initialized_level 3
21/07/2013 16:27:13.355604 [scalapnt_fractal_2000_proximity_lp] found_conflicts 3
21/07/2013 16:27:13.356867 [scalapnt_fractal_2000_proximity_lp] resolved_conflicts 3
21/07/2013 16:27:13.358054 [scalapnt_fractal_2000_proximity_lp] finalized_level 3
21/07/2013 16:27:13.360561 [scalapnt_fractal_2000_proximity_lp] initialized_level 2
21/07/2013 16:27:13.362668 [scalapnt_fractal_2000_proximity_lp] found_conflicts 2
21/07/2013 16:27:13.366264 [scalapnt_fractal_2000_proximity_lp] resolved_conflicts 2
21/07/2013 16:27:13.367448 [scalapnt_fractal_2000_proximity_lp] finalized_level 2
21/07/2013 16:27:13.370027 [scalapnt_fractal_2000_proximity_lp] initialized_level 1
21/07/2013 16:27:13.372099 [scalapnt_fractal_2000_proximity_lp] found_conflicts 1
21/07/2013 16:27:13.373384 [scalapnt_fractal_2000_proximity_lp] resolved_conflicts 1
21/07/2013 16:27:13.374604 [scalapnt_fractal_2000_proximity_lp] finalized_level 1
21/07/2013 16:27:13.377088 [scalapnt_fractal_2000_proximity_lp] initialized_level 0
21/07/2013 16:27:13.379482 [scalapnt_fractal_2000_proximity_lp] found_conflicts 0
21/07/2013 16:27:13.380743 [scalapnt_fractal_2000_proximity_lp] resolved_conflicts 0
21/07/2013 16:27:13.381922 [scalapnt_fractal_2000_proximity_lp] finalized_level 0
21/07/2013 16:27:13.472220 [scalapnt_fractal_2000_proximity_lp] COMMIT
21/07/2013 16:27:13.472744 [scalapnt_fractal_4000_cellbound_heuristic] BEGIN_TRANSACTION
21/07/2013 16:27:19.439270 [scalapnt_fractal_4000_cellbound_heuristic] initialized
21/07/2013 16:27:19.439645 [scalapnt_fractal_4000_cellbound_heuristic] solver "heuristic"
21/07/2013 16:27:19.439962 [scalapnt_fractal_4000_cellbound_heuristic] constraints "cellbound(16,)"
21/07/2013 16:27:19.444724 [scalapnt_fractal_4000_cellbound_heuristic] inputstats {'geometry_types': ['POINT'], 'input': '(select * from pnt_30m_synthetic where x_order <= 4000) t', 'total_rank': 2002.018075990025, 'total_recs': 4000L}
21/07/2013 16:27:19.447225 [scalapnt_fractal_4000_cellbound_heuristic] initialized_level 9
21/07/2013 16:27:20.328814 [scalapnt_fractal_4000_cellbound_heuristic] found_conflicts 9
21/07/2013 16:27:20.461495 [scalapnt_fractal_4000_cellbound_heuristic] resolved_conflicts 9
21/07/2013 16:27:20.462837 [scalapnt_fractal_4000_cellbound_heuristic] finalized_level 9
21/07/2013 16:27:20.465408 [scalapnt_fractal_4000_cellbound_heuristic] initialized_level 8
21/07/2013 16:27:20.500316 [scalapnt_fractal_4000_cellbound_heuristic] found_conflicts 8
21/07/2013 16:27:20.506288 [scalapnt_fractal_4000_cellbound_heuristic] resolved_conflicts 8
21/07/2013 16:27:20.507445 [scalapnt_fractal_4000_cellbound_heuristic] finalized_level 8
21/07/2013 16:27:20.509879 [scalapnt_fractal_4000_cellbound_heuristic] initialized_level 7
21/07/2013 16:27:20.523920 [scalapnt_fractal_4000_cellbound_heuristic] found_conflicts 7
21/07/2013 16:27:20.524865 [scalapnt_fractal_4000_cellbound_heuristic] resolved_conflicts 7
21/07/2013 16:27:20.526027 [scalapnt_fractal_4000_cellbound_heuristic] finalized_level 7
21/07/2013 16:27:20.528407 [scalapnt_fractal_4000_cellbound_heuristic] initialized_level 6
21/07/2013 16:27:20.545664 [scalapnt_fractal_4000_cellbound_heuristic] found_conflicts 6
21/07/2013 16:27:20.548466 [scalapnt_fractal_4000_cellbound_heuristic] resolved_conflicts 6
21/07/2013 16:27:20.549651 [scalapnt_fractal_4000_cellbound_heuristic] finalized_level 6
21/07/2013 16:27:20.552143 [scalapnt_fractal_4000_cellbound_heuristic] initialized_level 5
21/07/2013 16:27:20.565104 [scalapnt_fractal_4000_cellbound_heuristic] found_conflicts 5
21/07/2013 16:27:20.567633 [scalapnt_fractal_4000_cellbound_heuristic] resolved_conflicts 5
21/07/2013 16:27:20.568831 [scalapnt_fractal_4000_cellbound_heuristic] finalized_level 5
21/07/2013 16:27:20.571293 [scalapnt_fractal_4000_cellbound_heuristic] initialized_level 4
21/07/2013 16:27:20.579279 [scalapnt_fractal_4000_cellbound_heuristic] found_conflicts 4
21/07/2013 16:27:20.580212 [scalapnt_fractal_4000_cellbound_heuristic] resolved_conflicts 4
21/07/2013 16:27:20.581402 [scalapnt_fractal_4000_cellbound_heuristic] finalized_level 4
21/07/2013 16:27:20.583817 [scalapnt_fractal_4000_cellbound_heuristic] initialized_level 3
21/07/2013 16:27:20.592407 [scalapnt_fractal_4000_cellbound_heuristic] found_conflicts 3
21/07/2013 16:27:20.593953 [scalapnt_fractal_4000_cellbound_heuristic] resolved_conflicts 3
21/07/2013 16:27:20.595149 [scalapnt_fractal_4000_cellbound_heuristic] finalized_level 3
21/07/2013 16:27:20.597647 [scalapnt_fractal_4000_cellbound_heuristic] initialized_level 2
21/07/2013 16:27:20.605224 [scalapnt_fractal_4000_cellbound_heuristic] found_conflicts 2
21/07/2013 16:27:20.606751 [scalapnt_fractal_4000_cellbound_heuristic] resolved_conflicts 2
21/07/2013 16:27:20.607930 [scalapnt_fractal_4000_cellbound_heuristic] finalized_level 2
21/07/2013 16:27:20.610383 [scalapnt_fractal_4000_cellbound_heuristic] initialized_level 1
21/07/2013 16:27:20.616326 [scalapnt_fractal_4000_cellbound_heuristic] found_conflicts 1
21/07/2013 16:27:20.617301 [scalapnt_fractal_4000_cellbound_heuristic] resolved_conflicts 1
21/07/2013 16:27:20.618476 [scalapnt_fractal_4000_cellbound_heuristic] finalized_level 1
21/07/2013 16:27:20.621010 [scalapnt_fractal_4000_cellbound_heuristic] initialized_level 0
21/07/2013 16:27:20.627570 [scalapnt_fractal_4000_cellbound_heuristic] found_conflicts 0
21/07/2013 16:27:20.629103 [scalapnt_fractal_4000_cellbound_heuristic] resolved_conflicts 0
21/07/2013 16:27:20.630295 [scalapnt_fractal_4000_cellbound_heuristic] finalized_level 0
21/07/2013 16:27:20.763508 [scalapnt_fractal_4000_cellbound_heuristic] COMMIT
21/07/2013 16:27:20.764004 [scalapnt_fractal_4000_proximity_heuristic] BEGIN_TRANSACTION
21/07/2013 16:27:26.733685 [scalapnt_fractal_4000_proximity_heuristic] initialized
21/07/2013 16:27:26.734070 [scalapnt_fractal_4000_proximity_heuristic] solver "heuristic"
21/07/2013 16:27:26.734391 [scalapnt_fractal_4000_proximity_heuristic] constraints "proximity(10,)"
21/07/2013 16:27:26.739161 [scalapnt_fractal_4000_proximity_heuristic] inputstats {'geometry_types': ['POINT'], 'input': '(select * from pnt_30m_synthetic where x_order <= 4000) t', 'total_rank': 2031.151577535551, 'total_recs': 4000L}
21/07/2013 16:27:26.741810 [scalapnt_fractal_4000_proximity_heuristic] initialized_level 9
21/07/2013 16:27:27.227345 [scalapnt_fractal_4000_proximity_heuristic] found_conflicts 9
21/07/2013 16:27:27.717563 [scalapnt_fractal_4000_proximity_heuristic] resolved_conflicts 9
21/07/2013 16:27:27.718918 [scalapnt_fractal_4000_proximity_heuristic] finalized_level 9
21/07/2013 16:27:27.721489 [scalapnt_fractal_4000_proximity_heuristic] initialized_level 8
21/07/2013 16:27:27.758004 [scalapnt_fractal_4000_proximity_heuristic] found_conflicts 8
21/07/2013 16:27:27.767883 [scalapnt_fractal_4000_proximity_heuristic] resolved_conflicts 8
21/07/2013 16:27:27.769139 [scalapnt_fractal_4000_proximity_heuristic] finalized_level 8
21/07/2013 16:27:27.771665 [scalapnt_fractal_4000_proximity_heuristic] initialized_level 7
21/07/2013 16:27:27.793429 [scalapnt_fractal_4000_proximity_heuristic] found_conflicts 7
21/07/2013 16:27:27.797338 [scalapnt_fractal_4000_proximity_heuristic] resolved_conflicts 7
21/07/2013 16:27:27.798583 [scalapnt_fractal_4000_proximity_heuristic] finalized_level 7
21/07/2013 16:27:27.801154 [scalapnt_fractal_4000_proximity_heuristic] initialized_level 6
21/07/2013 16:27:27.816071 [scalapnt_fractal_4000_proximity_heuristic] found_conflicts 6
21/07/2013 16:27:27.817995 [scalapnt_fractal_4000_proximity_heuristic] resolved_conflicts 6
21/07/2013 16:27:27.819196 [scalapnt_fractal_4000_proximity_heuristic] finalized_level 6
21/07/2013 16:27:27.821645 [scalapnt_fractal_4000_proximity_heuristic] initialized_level 5
21/07/2013 16:27:27.829571 [scalapnt_fractal_4000_proximity_heuristic] found_conflicts 5
21/07/2013 16:27:27.830674 [scalapnt_fractal_4000_proximity_heuristic] resolved_conflicts 5
21/07/2013 16:27:27.831821 [scalapnt_fractal_4000_proximity_heuristic] finalized_level 5
21/07/2013 16:27:27.834238 [scalapnt_fractal_4000_proximity_heuristic] initialized_level 4
21/07/2013 16:27:27.840220 [scalapnt_fractal_4000_proximity_heuristic] found_conflicts 4
21/07/2013 16:27:27.841255 [scalapnt_fractal_4000_proximity_heuristic] resolved_conflicts 4
21/07/2013 16:27:27.842745 [scalapnt_fractal_4000_proximity_heuristic] finalized_level 4
21/07/2013 16:27:27.845229 [scalapnt_fractal_4000_proximity_heuristic] initialized_level 3
21/07/2013 16:27:27.849379 [scalapnt_fractal_4000_proximity_heuristic] found_conflicts 3
21/07/2013 16:27:27.850310 [scalapnt_fractal_4000_proximity_heuristic] resolved_conflicts 3
21/07/2013 16:27:27.851451 [scalapnt_fractal_4000_proximity_heuristic] finalized_level 3
21/07/2013 16:27:27.853841 [scalapnt_fractal_4000_proximity_heuristic] initialized_level 2
21/07/2013 16:27:27.859429 [scalapnt_fractal_4000_proximity_heuristic] found_conflicts 2
21/07/2013 16:27:27.860479 [scalapnt_fractal_4000_proximity_heuristic] resolved_conflicts 2
21/07/2013 16:27:27.861667 [scalapnt_fractal_4000_proximity_heuristic] finalized_level 2
21/07/2013 16:27:27.864116 [scalapnt_fractal_4000_proximity_heuristic] initialized_level 1
21/07/2013 16:27:27.870331 [scalapnt_fractal_4000_proximity_heuristic] found_conflicts 1
21/07/2013 16:27:27.871356 [scalapnt_fractal_4000_proximity_heuristic] resolved_conflicts 1
21/07/2013 16:27:27.872523 [scalapnt_fractal_4000_proximity_heuristic] finalized_level 1
21/07/2013 16:27:27.875085 [scalapnt_fractal_4000_proximity_heuristic] initialized_level 0
21/07/2013 16:27:27.882884 [scalapnt_fractal_4000_proximity_heuristic] found_conflicts 0
21/07/2013 16:27:27.883944 [scalapnt_fractal_4000_proximity_heuristic] resolved_conflicts 0
21/07/2013 16:27:27.885128 [scalapnt_fractal_4000_proximity_heuristic] finalized_level 0
21/07/2013 16:27:27.952461 [scalapnt_fractal_4000_proximity_heuristic] COMMIT
21/07/2013 16:27:27.952979 [scalapnt_fractal_4000_cellbound_lp] BEGIN_TRANSACTION
21/07/2013 16:27:33.899865 [scalapnt_fractal_4000_cellbound_lp] initialized
21/07/2013 16:27:33.900239 [scalapnt_fractal_4000_cellbound_lp] solver "lp"
21/07/2013 16:27:33.900564 [scalapnt_fractal_4000_cellbound_lp] constraints "cellbound(16,)"
21/07/2013 16:27:33.905301 [scalapnt_fractal_4000_cellbound_lp] inputstats {'geometry_types': ['POINT'], 'input': '(select * from pnt_30m_synthetic where x_order <= 4000) t', 'total_rank': 1990.9599891630933, 'total_recs': 4000L}
21/07/2013 16:27:33.907849 [scalapnt_fractal_4000_cellbound_lp] initialized_level 9
21/07/2013 16:27:34.787315 [scalapnt_fractal_4000_cellbound_lp] found_conflicts 9
21/07/2013 16:27:41.510958 [scalapnt_fractal_4000_cellbound_lp] resolved_conflicts 9
21/07/2013 16:27:41.512324 [scalapnt_fractal_4000_cellbound_lp] finalized_level 9
21/07/2013 16:27:41.514864 [scalapnt_fractal_4000_cellbound_lp] initialized_level 8
21/07/2013 16:27:41.549959 [scalapnt_fractal_4000_cellbound_lp] found_conflicts 8
21/07/2013 16:27:41.572391 [scalapnt_fractal_4000_cellbound_lp] resolved_conflicts 8
21/07/2013 16:27:41.573648 [scalapnt_fractal_4000_cellbound_lp] finalized_level 8
21/07/2013 16:27:41.576154 [scalapnt_fractal_4000_cellbound_lp] initialized_level 7
21/07/2013 16:27:41.590476 [scalapnt_fractal_4000_cellbound_lp] found_conflicts 7
21/07/2013 16:27:41.591761 [scalapnt_fractal_4000_cellbound_lp] resolved_conflicts 7
21/07/2013 16:27:41.592922 [scalapnt_fractal_4000_cellbound_lp] finalized_level 7
21/07/2013 16:27:41.595338 [scalapnt_fractal_4000_cellbound_lp] initialized_level 6
21/07/2013 16:27:41.612930 [scalapnt_fractal_4000_cellbound_lp] found_conflicts 6
21/07/2013 16:27:41.624770 [scalapnt_fractal_4000_cellbound_lp] resolved_conflicts 6
21/07/2013 16:27:41.625987 [scalapnt_fractal_4000_cellbound_lp] finalized_level 6
21/07/2013 16:27:41.628470 [scalapnt_fractal_4000_cellbound_lp] initialized_level 5
21/07/2013 16:27:41.641945 [scalapnt_fractal_4000_cellbound_lp] found_conflicts 5
21/07/2013 16:27:41.651748 [scalapnt_fractal_4000_cellbound_lp] resolved_conflicts 5
21/07/2013 16:27:41.653005 [scalapnt_fractal_4000_cellbound_lp] finalized_level 5
21/07/2013 16:27:41.655685 [scalapnt_fractal_4000_cellbound_lp] initialized_level 4
21/07/2013 16:27:41.664156 [scalapnt_fractal_4000_cellbound_lp] found_conflicts 4
21/07/2013 16:27:41.665498 [scalapnt_fractal_4000_cellbound_lp] resolved_conflicts 4
21/07/2013 16:27:41.666674 [scalapnt_fractal_4000_cellbound_lp] finalized_level 4
21/07/2013 16:27:41.669214 [scalapnt_fractal_4000_cellbound_lp] initialized_level 3
21/07/2013 16:27:41.678034 [scalapnt_fractal_4000_cellbound_lp] found_conflicts 3
21/07/2013 16:27:41.684897 [scalapnt_fractal_4000_cellbound_lp] resolved_conflicts 3
21/07/2013 16:27:41.686094 [scalapnt_fractal_4000_cellbound_lp] finalized_level 3
21/07/2013 16:27:41.688561 [scalapnt_fractal_4000_cellbound_lp] initialized_level 2
21/07/2013 16:27:41.696931 [scalapnt_fractal_4000_cellbound_lp] found_conflicts 2
21/07/2013 16:27:41.704142 [scalapnt_fractal_4000_cellbound_lp] resolved_conflicts 2
21/07/2013 16:27:41.705447 [scalapnt_fractal_4000_cellbound_lp] finalized_level 2
21/07/2013 16:27:41.708234 [scalapnt_fractal_4000_cellbound_lp] initialized_level 1
21/07/2013 16:27:41.714749 [scalapnt_fractal_4000_cellbound_lp] found_conflicts 1
21/07/2013 16:27:41.716080 [scalapnt_fractal_4000_cellbound_lp] resolved_conflicts 1
21/07/2013 16:27:41.717274 [scalapnt_fractal_4000_cellbound_lp] finalized_level 1
21/07/2013 16:27:41.719758 [scalapnt_fractal_4000_cellbound_lp] initialized_level 0
21/07/2013 16:27:41.726434 [scalapnt_fractal_4000_cellbound_lp] found_conflicts 0
21/07/2013 16:27:41.733600 [scalapnt_fractal_4000_cellbound_lp] resolved_conflicts 0
21/07/2013 16:27:41.734800 [scalapnt_fractal_4000_cellbound_lp] finalized_level 0
21/07/2013 16:27:41.809086 [scalapnt_fractal_4000_cellbound_lp] COMMIT
21/07/2013 16:27:41.809581 [scalapnt_fractal_4000_proximity_lp] BEGIN_TRANSACTION
21/07/2013 16:27:47.774219 [scalapnt_fractal_4000_proximity_lp] initialized
21/07/2013 16:27:47.774590 [scalapnt_fractal_4000_proximity_lp] solver "lp"
21/07/2013 16:27:47.774906 [scalapnt_fractal_4000_proximity_lp] constraints "proximity(10,)"
21/07/2013 16:27:47.779656 [scalapnt_fractal_4000_proximity_lp] inputstats {'geometry_types': ['POINT'], 'input': '(select * from pnt_30m_synthetic where x_order <= 4000) t', 'total_rank': 1979.8535460950807, 'total_recs': 4000L}
21/07/2013 16:27:47.782176 [scalapnt_fractal_4000_proximity_lp] initialized_level 9
21/07/2013 16:27:48.262509 [scalapnt_fractal_4000_proximity_lp] found_conflicts 9
21/07/2013 16:32:34.682726 [scalapnt_fractal_4000_proximity_lp] resolved_conflicts 9
21/07/2013 16:32:34.684325 [scalapnt_fractal_4000_proximity_lp] finalized_level 9
21/07/2013 16:32:34.687492 [scalapnt_fractal_4000_proximity_lp] initialized_level 8
21/07/2013 16:32:34.699158 [scalapnt_fractal_4000_proximity_lp] found_conflicts 8
21/07/2013 16:32:34.719165 [scalapnt_fractal_4000_proximity_lp] resolved_conflicts 8
21/07/2013 16:32:34.720340 [scalapnt_fractal_4000_proximity_lp] finalized_level 8
21/07/2013 16:32:34.722739 [scalapnt_fractal_4000_proximity_lp] initialized_level 7
21/07/2013 16:32:34.734826 [scalapnt_fractal_4000_proximity_lp] found_conflicts 7
21/07/2013 16:32:34.747010 [scalapnt_fractal_4000_proximity_lp] resolved_conflicts 7
21/07/2013 16:32:34.748160 [scalapnt_fractal_4000_proximity_lp] finalized_level 7
21/07/2013 16:32:34.750558 [scalapnt_fractal_4000_proximity_lp] initialized_level 6
21/07/2013 16:32:34.761681 [scalapnt_fractal_4000_proximity_lp] found_conflicts 6
21/07/2013 16:32:34.767352 [scalapnt_fractal_4000_proximity_lp] resolved_conflicts 6
21/07/2013 16:32:34.768511 [scalapnt_fractal_4000_proximity_lp] finalized_level 6
21/07/2013 16:32:34.770949 [scalapnt_fractal_4000_proximity_lp] initialized_level 5
21/07/2013 16:32:34.783897 [scalapnt_fractal_4000_proximity_lp] found_conflicts 5
21/07/2013 16:32:34.789171 [scalapnt_fractal_4000_proximity_lp] resolved_conflicts 5
21/07/2013 16:32:34.790339 [scalapnt_fractal_4000_proximity_lp] finalized_level 5
21/07/2013 16:32:34.792705 [scalapnt_fractal_4000_proximity_lp] initialized_level 4
21/07/2013 16:32:34.796115 [scalapnt_fractal_4000_proximity_lp] found_conflicts 4
21/07/2013 16:32:34.799674 [scalapnt_fractal_4000_proximity_lp] resolved_conflicts 4
21/07/2013 16:32:34.800876 [scalapnt_fractal_4000_proximity_lp] finalized_level 4
21/07/2013 16:32:34.803270 [scalapnt_fractal_4000_proximity_lp] initialized_level 3
21/07/2013 16:32:34.805912 [scalapnt_fractal_4000_proximity_lp] found_conflicts 3
21/07/2013 16:32:34.807156 [scalapnt_fractal_4000_proximity_lp] resolved_conflicts 3
21/07/2013 16:32:34.808315 [scalapnt_fractal_4000_proximity_lp] finalized_level 3
21/07/2013 16:32:34.810731 [scalapnt_fractal_4000_proximity_lp] initialized_level 2
21/07/2013 16:32:34.814769 [scalapnt_fractal_4000_proximity_lp] found_conflicts 2
21/07/2013 16:32:34.818429 [scalapnt_fractal_4000_proximity_lp] resolved_conflicts 2
21/07/2013 16:32:34.819637 [scalapnt_fractal_4000_proximity_lp] finalized_level 2
21/07/2013 16:32:34.822121 [scalapnt_fractal_4000_proximity_lp] initialized_level 1
21/07/2013 16:32:34.828603 [scalapnt_fractal_4000_proximity_lp] found_conflicts 1
21/07/2013 16:32:34.832305 [scalapnt_fractal_4000_proximity_lp] resolved_conflicts 1
21/07/2013 16:32:34.833526 [scalapnt_fractal_4000_proximity_lp] finalized_level 1
21/07/2013 16:32:34.836178 [scalapnt_fractal_4000_proximity_lp] initialized_level 0
21/07/2013 16:32:34.838113 [scalapnt_fractal_4000_proximity_lp] found_conflicts 0
21/07/2013 16:32:34.839375 [scalapnt_fractal_4000_proximity_lp] resolved_conflicts 0
21/07/2013 16:32:34.840572 [scalapnt_fractal_4000_proximity_lp] finalized_level 0
21/07/2013 16:32:34.976333 [scalapnt_fractal_4000_proximity_lp] COMMIT
21/07/2013 16:32:34.976847 [scalapnt_fractal_8000_cellbound_heuristic] BEGIN_TRANSACTION
21/07/2013 16:32:41.006110 [scalapnt_fractal_8000_cellbound_heuristic] initialized
21/07/2013 16:32:41.006495 [scalapnt_fractal_8000_cellbound_heuristic] solver "heuristic"
21/07/2013 16:32:41.006812 [scalapnt_fractal_8000_cellbound_heuristic] constraints "cellbound(16,)"
21/07/2013 16:32:41.015508 [scalapnt_fractal_8000_cellbound_heuristic] inputstats {'geometry_types': ['POINT'], 'input': '(select * from pnt_30m_synthetic where x_order <= 8000) t', 'total_rank': 4018.8205601763912, 'total_recs': 8000L}
21/07/2013 16:32:41.018209 [scalapnt_fractal_8000_cellbound_heuristic] initialized_level 9
21/07/2013 16:32:43.229993 [scalapnt_fractal_8000_cellbound_heuristic] found_conflicts 9
21/07/2013 16:32:43.506768 [scalapnt_fractal_8000_cellbound_heuristic] resolved_conflicts 9
21/07/2013 16:32:43.508175 [scalapnt_fractal_8000_cellbound_heuristic] finalized_level 9
21/07/2013 16:32:43.510757 [scalapnt_fractal_8000_cellbound_heuristic] initialized_level 8
21/07/2013 16:32:43.570914 [scalapnt_fractal_8000_cellbound_heuristic] found_conflicts 8
21/07/2013 16:32:43.579261 [scalapnt_fractal_8000_cellbound_heuristic] resolved_conflicts 8
21/07/2013 16:32:43.580458 [scalapnt_fractal_8000_cellbound_heuristic] finalized_level 8
21/07/2013 16:32:43.582947 [scalapnt_fractal_8000_cellbound_heuristic] initialized_level 7
21/07/2013 16:32:43.606179 [scalapnt_fractal_8000_cellbound_heuristic] found_conflicts 7
21/07/2013 16:32:43.607135 [scalapnt_fractal_8000_cellbound_heuristic] resolved_conflicts 7
21/07/2013 16:32:43.608289 [scalapnt_fractal_8000_cellbound_heuristic] finalized_level 7
21/07/2013 16:32:43.610732 [scalapnt_fractal_8000_cellbound_heuristic] initialized_level 6
21/07/2013 16:32:43.640838 [scalapnt_fractal_8000_cellbound_heuristic] found_conflicts 6
21/07/2013 16:32:43.645158 [scalapnt_fractal_8000_cellbound_heuristic] resolved_conflicts 6
21/07/2013 16:32:43.646328 [scalapnt_fractal_8000_cellbound_heuristic] finalized_level 6
21/07/2013 16:32:43.648747 [scalapnt_fractal_8000_cellbound_heuristic] initialized_level 5
21/07/2013 16:32:43.667465 [scalapnt_fractal_8000_cellbound_heuristic] found_conflicts 5
21/07/2013 16:32:43.670041 [scalapnt_fractal_8000_cellbound_heuristic] resolved_conflicts 5
21/07/2013 16:32:43.671215 [scalapnt_fractal_8000_cellbound_heuristic] finalized_level 5
21/07/2013 16:32:43.673655 [scalapnt_fractal_8000_cellbound_heuristic] initialized_level 4
21/07/2013 16:32:43.691779 [scalapnt_fractal_8000_cellbound_heuristic] found_conflicts 4
21/07/2013 16:32:43.694557 [scalapnt_fractal_8000_cellbound_heuristic] resolved_conflicts 4
21/07/2013 16:32:43.695736 [scalapnt_fractal_8000_cellbound_heuristic] finalized_level 4
21/07/2013 16:32:43.698256 [scalapnt_fractal_8000_cellbound_heuristic] initialized_level 3
21/07/2013 16:32:43.711120 [scalapnt_fractal_8000_cellbound_heuristic] found_conflicts 3
21/07/2013 16:32:43.713409 [scalapnt_fractal_8000_cellbound_heuristic] resolved_conflicts 3
21/07/2013 16:32:43.714589 [scalapnt_fractal_8000_cellbound_heuristic] finalized_level 3
21/07/2013 16:32:43.717274 [scalapnt_fractal_8000_cellbound_heuristic] initialized_level 2
21/07/2013 16:32:43.726727 [scalapnt_fractal_8000_cellbound_heuristic] found_conflicts 2
21/07/2013 16:32:43.728332 [scalapnt_fractal_8000_cellbound_heuristic] resolved_conflicts 2
21/07/2013 16:32:43.729528 [scalapnt_fractal_8000_cellbound_heuristic] finalized_level 2
21/07/2013 16:32:43.732037 [scalapnt_fractal_8000_cellbound_heuristic] initialized_level 1
21/07/2013 16:32:43.740379 [scalapnt_fractal_8000_cellbound_heuristic] found_conflicts 1
21/07/2013 16:32:43.742014 [scalapnt_fractal_8000_cellbound_heuristic] resolved_conflicts 1
21/07/2013 16:32:43.743194 [scalapnt_fractal_8000_cellbound_heuristic] finalized_level 1
21/07/2013 16:32:43.745695 [scalapnt_fractal_8000_cellbound_heuristic] initialized_level 0
21/07/2013 16:32:43.753071 [scalapnt_fractal_8000_cellbound_heuristic] found_conflicts 0
21/07/2013 16:32:43.754658 [scalapnt_fractal_8000_cellbound_heuristic] resolved_conflicts 0
21/07/2013 16:32:43.755838 [scalapnt_fractal_8000_cellbound_heuristic] finalized_level 0
21/07/2013 16:32:43.894228 [scalapnt_fractal_8000_cellbound_heuristic] COMMIT
21/07/2013 16:32:43.894726 [scalapnt_fractal_8000_proximity_heuristic] BEGIN_TRANSACTION
21/07/2013 16:32:49.923650 [scalapnt_fractal_8000_proximity_heuristic] initialized
21/07/2013 16:32:49.924040 [scalapnt_fractal_8000_proximity_heuristic] solver "heuristic"
21/07/2013 16:32:49.924375 [scalapnt_fractal_8000_proximity_heuristic] constraints "proximity(10,)"
21/07/2013 16:32:49.933080 [scalapnt_fractal_8000_proximity_heuristic] inputstats {'geometry_types': ['POINT'], 'input': '(select * from pnt_30m_synthetic where x_order <= 8000) t', 'total_rank': 3997.8917056638747, 'total_recs': 8000L}
21/07/2013 16:32:49.935651 [scalapnt_fractal_8000_proximity_heuristic] initialized_level 9
21/07/2013 16:32:51.668768 [scalapnt_fractal_8000_proximity_heuristic] found_conflicts 9
21/07/2013 16:32:53.645348 [scalapnt_fractal_8000_proximity_heuristic] resolved_conflicts 9
21/07/2013 16:32:53.646741 [scalapnt_fractal_8000_proximity_heuristic] finalized_level 9
21/07/2013 16:32:53.649326 [scalapnt_fractal_8000_proximity_heuristic] initialized_level 8
21/07/2013 16:32:53.723465 [scalapnt_fractal_8000_proximity_heuristic] found_conflicts 8
21/07/2013 16:32:53.740106 [scalapnt_fractal_8000_proximity_heuristic] resolved_conflicts 8
21/07/2013 16:32:53.741426 [scalapnt_fractal_8000_proximity_heuristic] finalized_level 8
21/07/2013 16:32:53.744030 [scalapnt_fractal_8000_proximity_heuristic] initialized_level 7
21/07/2013 16:32:53.790452 [scalapnt_fractal_8000_proximity_heuristic] found_conflicts 7
21/07/2013 16:32:53.796900 [scalapnt_fractal_8000_proximity_heuristic] resolved_conflicts 7
21/07/2013 16:32:53.798151 [scalapnt_fractal_8000_proximity_heuristic] finalized_level 7
21/07/2013 16:32:53.800643 [scalapnt_fractal_8000_proximity_heuristic] initialized_level 6
21/07/2013 16:32:53.827140 [scalapnt_fractal_8000_proximity_heuristic] found_conflicts 6
21/07/2013 16:32:53.829149 [scalapnt_fractal_8000_proximity_heuristic] resolved_conflicts 6
21/07/2013 16:32:53.830327 [scalapnt_fractal_8000_proximity_heuristic] finalized_level 6
21/07/2013 16:32:53.832759 [scalapnt_fractal_8000_proximity_heuristic] initialized_level 5
21/07/2013 16:32:53.852611 [scalapnt_fractal_8000_proximity_heuristic] found_conflicts 5
21/07/2013 16:32:53.853942 [scalapnt_fractal_8000_proximity_heuristic] resolved_conflicts 5
21/07/2013 16:32:53.855117 [scalapnt_fractal_8000_proximity_heuristic] finalized_level 5
21/07/2013 16:32:53.857621 [scalapnt_fractal_8000_proximity_heuristic] initialized_level 4
21/07/2013 16:32:53.870323 [scalapnt_fractal_8000_proximity_heuristic] found_conflicts 4
21/07/2013 16:32:53.871382 [scalapnt_fractal_8000_proximity_heuristic] resolved_conflicts 4
21/07/2013 16:32:53.872604 [scalapnt_fractal_8000_proximity_heuristic] finalized_level 4
21/07/2013 16:32:53.875013 [scalapnt_fractal_8000_proximity_heuristic] initialized_level 3
21/07/2013 16:32:53.885327 [scalapnt_fractal_8000_proximity_heuristic] found_conflicts 3
21/07/2013 16:32:53.886270 [scalapnt_fractal_8000_proximity_heuristic] resolved_conflicts 3
21/07/2013 16:32:53.887439 [scalapnt_fractal_8000_proximity_heuristic] finalized_level 3
21/07/2013 16:32:53.889867 [scalapnt_fractal_8000_proximity_heuristic] initialized_level 2
21/07/2013 16:32:53.903142 [scalapnt_fractal_8000_proximity_heuristic] found_conflicts 2
21/07/2013 16:32:53.904259 [scalapnt_fractal_8000_proximity_heuristic] resolved_conflicts 2
21/07/2013 16:32:53.905463 [scalapnt_fractal_8000_proximity_heuristic] finalized_level 2
21/07/2013 16:32:53.907930 [scalapnt_fractal_8000_proximity_heuristic] initialized_level 1
21/07/2013 16:32:53.917833 [scalapnt_fractal_8000_proximity_heuristic] found_conflicts 1
21/07/2013 16:32:53.918933 [scalapnt_fractal_8000_proximity_heuristic] resolved_conflicts 1
21/07/2013 16:32:53.920114 [scalapnt_fractal_8000_proximity_heuristic] finalized_level 1
21/07/2013 16:32:53.922613 [scalapnt_fractal_8000_proximity_heuristic] initialized_level 0
21/07/2013 16:32:53.939774 [scalapnt_fractal_8000_proximity_heuristic] found_conflicts 0
21/07/2013 16:32:53.940904 [scalapnt_fractal_8000_proximity_heuristic] resolved_conflicts 0
21/07/2013 16:32:53.942098 [scalapnt_fractal_8000_proximity_heuristic] finalized_level 0
21/07/2013 16:32:54.014603 [scalapnt_fractal_8000_proximity_heuristic] COMMIT
21/07/2013 16:32:54.015105 [scalapnt_fractal_8000_cellbound_lp] BEGIN_TRANSACTION
21/07/2013 16:33:00.092964 [scalapnt_fractal_8000_cellbound_lp] initialized
21/07/2013 16:33:00.093347 [scalapnt_fractal_8000_cellbound_lp] solver "lp"
21/07/2013 16:33:00.093659 [scalapnt_fractal_8000_cellbound_lp] constraints "cellbound(16,)"
21/07/2013 16:33:00.102353 [scalapnt_fractal_8000_cellbound_lp] inputstats {'geometry_types': ['POINT'], 'input': '(select * from pnt_30m_synthetic where x_order <= 8000) t', 'total_rank': 4001.5411689449102, 'total_recs': 8000L}
21/07/2013 16:33:00.105026 [scalapnt_fractal_8000_cellbound_lp] initialized_level 9
21/07/2013 16:33:02.328027 [scalapnt_fractal_8000_cellbound_lp] found_conflicts 9
21/07/2013 16:33:34.978661 [scalapnt_fractal_8000_cellbound_lp] resolved_conflicts 9
21/07/2013 16:33:34.980268 [scalapnt_fractal_8000_cellbound_lp] finalized_level 9
21/07/2013 16:33:34.983044 [scalapnt_fractal_8000_cellbound_lp] initialized_level 8
21/07/2013 16:33:35.042437 [scalapnt_fractal_8000_cellbound_lp] found_conflicts 8
21/07/2013 16:33:35.073475 [scalapnt_fractal_8000_cellbound_lp] resolved_conflicts 8
21/07/2013 16:33:35.074762 [scalapnt_fractal_8000_cellbound_lp] finalized_level 8
21/07/2013 16:33:35.077324 [scalapnt_fractal_8000_cellbound_lp] initialized_level 7
21/07/2013 16:33:35.100287 [scalapnt_fractal_8000_cellbound_lp] found_conflicts 7
21/07/2013 16:33:35.101664 [scalapnt_fractal_8000_cellbound_lp] resolved_conflicts 7
21/07/2013 16:33:35.102844 [scalapnt_fractal_8000_cellbound_lp] finalized_level 7
21/07/2013 16:33:35.105325 [scalapnt_fractal_8000_cellbound_lp] initialized_level 6
21/07/2013 16:33:35.135457 [scalapnt_fractal_8000_cellbound_lp] found_conflicts 6
21/07/2013 16:33:35.153030 [scalapnt_fractal_8000_cellbound_lp] resolved_conflicts 6
21/07/2013 16:33:35.154281 [scalapnt_fractal_8000_cellbound_lp] finalized_level 6
21/07/2013 16:33:35.156796 [scalapnt_fractal_8000_cellbound_lp] initialized_level 5
21/07/2013 16:33:35.175533 [scalapnt_fractal_8000_cellbound_lp] found_conflicts 5
21/07/2013 16:33:35.185834 [scalapnt_fractal_8000_cellbound_lp] resolved_conflicts 5
21/07/2013 16:33:35.187031 [scalapnt_fractal_8000_cellbound_lp] finalized_level 5
21/07/2013 16:33:35.189612 [scalapnt_fractal_8000_cellbound_lp] initialized_level 4
21/07/2013 16:33:35.207844 [scalapnt_fractal_8000_cellbound_lp] found_conflicts 4
21/07/2013 16:33:35.217851 [scalapnt_fractal_8000_cellbound_lp] resolved_conflicts 4
21/07/2013 16:33:35.219050 [scalapnt_fractal_8000_cellbound_lp] finalized_level 4
21/07/2013 16:33:35.221610 [scalapnt_fractal_8000_cellbound_lp] initialized_level 3
21/07/2013 16:33:35.234666 [scalapnt_fractal_8000_cellbound_lp] found_conflicts 3
21/07/2013 16:33:35.243559 [scalapnt_fractal_8000_cellbound_lp] resolved_conflicts 3
21/07/2013 16:33:35.244802 [scalapnt_fractal_8000_cellbound_lp] finalized_level 3
21/07/2013 16:33:35.247373 [scalapnt_fractal_8000_cellbound_lp] initialized_level 2
21/07/2013 16:33:35.257212 [scalapnt_fractal_8000_cellbound_lp] found_conflicts 2
21/07/2013 16:33:35.264618 [scalapnt_fractal_8000_cellbound_lp] resolved_conflicts 2
21/07/2013 16:33:35.265856 [scalapnt_fractal_8000_cellbound_lp] finalized_level 2
21/07/2013 16:33:35.268404 [scalapnt_fractal_8000_cellbound_lp] initialized_level 1
21/07/2013 16:33:35.277212 [scalapnt_fractal_8000_cellbound_lp] found_conflicts 1
21/07/2013 16:33:35.283416 [scalapnt_fractal_8000_cellbound_lp] resolved_conflicts 1
21/07/2013 16:33:35.284683 [scalapnt_fractal_8000_cellbound_lp] finalized_level 1
21/07/2013 16:33:35.287235 [scalapnt_fractal_8000_cellbound_lp] initialized_level 0
21/07/2013 16:33:35.294825 [scalapnt_fractal_8000_cellbound_lp] found_conflicts 0
21/07/2013 16:33:35.301276 [scalapnt_fractal_8000_cellbound_lp] resolved_conflicts 0
21/07/2013 16:33:35.302473 [scalapnt_fractal_8000_cellbound_lp] finalized_level 0
21/07/2013 16:33:35.482235 [scalapnt_fractal_8000_cellbound_lp] COMMIT
21/07/2013 16:33:35.482740 [scalapnt_fractal_8000_proximity_lp] BEGIN_TRANSACTION
21/07/2013 16:33:41.499683 [scalapnt_fractal_8000_proximity_lp] initialized
21/07/2013 16:33:41.500063 [scalapnt_fractal_8000_proximity_lp] solver "lp"
21/07/2013 16:33:41.500376 [scalapnt_fractal_8000_proximity_lp] constraints "proximity(10,)"
21/07/2013 16:33:41.509035 [scalapnt_fractal_8000_proximity_lp] inputstats {'geometry_types': ['POINT'], 'input': '(select * from pnt_30m_synthetic where x_order <= 8000) t', 'total_rank': 4008.100601111073, 'total_recs': 8000L}
21/07/2013 16:33:41.511634 [scalapnt_fractal_8000_proximity_lp] initialized_level 9
21/07/2013 16:33:43.228880 [scalapnt_fractal_8000_proximity_lp] found_conflicts 9
21/07/2013 17:59:42.570831 [scalapnt_fractal_8000_proximity_lp] resolved_conflicts 9
21/07/2013 17:59:42.572443 [scalapnt_fractal_8000_proximity_lp] finalized_level 9
21/07/2013 17:59:42.575492 [scalapnt_fractal_8000_proximity_lp] initialized_level 8
21/07/2013 17:59:42.598264 [scalapnt_fractal_8000_proximity_lp] found_conflicts 8
21/07/2013 17:59:42.629603 [scalapnt_fractal_8000_proximity_lp] resolved_conflicts 8
21/07/2013 17:59:42.630825 [scalapnt_fractal_8000_proximity_lp] finalized_level 8
21/07/2013 17:59:42.633281 [scalapnt_fractal_8000_proximity_lp] initialized_level 7
21/07/2013 17:59:42.655530 [scalapnt_fractal_8000_proximity_lp] found_conflicts 7
21/07/2013 17:59:42.673251 [scalapnt_fractal_8000_proximity_lp] resolved_conflicts 7
21/07/2013 17:59:42.674497 [scalapnt_fractal_8000_proximity_lp] finalized_level 7
21/07/2013 17:59:42.676962 [scalapnt_fractal_8000_proximity_lp] initialized_level 6
21/07/2013 17:59:42.699466 [scalapnt_fractal_8000_proximity_lp] found_conflicts 6
21/07/2013 17:59:42.708742 [scalapnt_fractal_8000_proximity_lp] resolved_conflicts 6
21/07/2013 17:59:42.709941 [scalapnt_fractal_8000_proximity_lp] finalized_level 6
21/07/2013 17:59:42.712376 [scalapnt_fractal_8000_proximity_lp] initialized_level 5
21/07/2013 17:59:42.734605 [scalapnt_fractal_8000_proximity_lp] found_conflicts 5
21/07/2013 17:59:42.740854 [scalapnt_fractal_8000_proximity_lp] resolved_conflicts 5
21/07/2013 17:59:42.742032 [scalapnt_fractal_8000_proximity_lp] finalized_level 5
21/07/2013 17:59:42.744421 [scalapnt_fractal_8000_proximity_lp] initialized_level 4
21/07/2013 17:59:42.761336 [scalapnt_fractal_8000_proximity_lp] found_conflicts 4
21/07/2013 17:59:42.765988 [scalapnt_fractal_8000_proximity_lp] resolved_conflicts 4
21/07/2013 17:59:42.767170 [scalapnt_fractal_8000_proximity_lp] finalized_level 4
21/07/2013 17:59:42.769638 [scalapnt_fractal_8000_proximity_lp] initialized_level 3
21/07/2013 17:59:42.780987 [scalapnt_fractal_8000_proximity_lp] found_conflicts 3
21/07/2013 17:59:42.784579 [scalapnt_fractal_8000_proximity_lp] resolved_conflicts 3
21/07/2013 17:59:42.785775 [scalapnt_fractal_8000_proximity_lp] finalized_level 3
21/07/2013 17:59:42.788209 [scalapnt_fractal_8000_proximity_lp] initialized_level 2
21/07/2013 17:59:42.798035 [scalapnt_fractal_8000_proximity_lp] found_conflicts 2
21/07/2013 17:59:42.802079 [scalapnt_fractal_8000_proximity_lp] resolved_conflicts 2
21/07/2013 17:59:42.803262 [scalapnt_fractal_8000_proximity_lp] finalized_level 2
21/07/2013 17:59:42.805778 [scalapnt_fractal_8000_proximity_lp] initialized_level 1
21/07/2013 17:59:42.817993 [scalapnt_fractal_8000_proximity_lp] found_conflicts 1
21/07/2013 17:59:42.822064 [scalapnt_fractal_8000_proximity_lp] resolved_conflicts 1
21/07/2013 17:59:42.823252 [scalapnt_fractal_8000_proximity_lp] finalized_level 1
21/07/2013 17:59:42.825711 [scalapnt_fractal_8000_proximity_lp] initialized_level 0
21/07/2013 17:59:42.841845 [scalapnt_fractal_8000_proximity_lp] found_conflicts 0
21/07/2013 17:59:42.845595 [scalapnt_fractal_8000_proximity_lp] resolved_conflicts 0
21/07/2013 17:59:42.846797 [scalapnt_fractal_8000_proximity_lp] finalized_level 0
21/07/2013 17:59:43.058935 [scalapnt_fractal_8000_proximity_lp] COMMIT
21/07/2013 17:59:43.059432 [scalapnt_fractal_16000_cellbound_heuristic] BEGIN_TRANSACTION
21/07/2013 17:59:49.454747 [scalapnt_fractal_16000_cellbound_heuristic] initialized
21/07/2013 17:59:49.455140 [scalapnt_fractal_16000_cellbound_heuristic] solver "heuristic"
21/07/2013 17:59:49.455456 [scalapnt_fractal_16000_cellbound_heuristic] constraints "cellbound(16,)"
21/07/2013 17:59:49.471926 [scalapnt_fractal_16000_cellbound_heuristic] inputstats {'geometry_types': ['POINT'], 'input': '(select * from pnt_30m_synthetic where x_order <= 16000) t', 'total_rank': 7947.7266971222125, 'total_recs': 16000L}
21/07/2013 17:59:49.474529 [scalapnt_fractal_16000_cellbound_heuristic] initialized_level 9
21/07/2013 17:59:55.692091 [scalapnt_fractal_16000_cellbound_heuristic] found_conflicts 9
21/07/2013 17:59:56.307692 [scalapnt_fractal_16000_cellbound_heuristic] resolved_conflicts 9
21/07/2013 17:59:56.309127 [scalapnt_fractal_16000_cellbound_heuristic] finalized_level 9
21/07/2013 17:59:56.311746 [scalapnt_fractal_16000_cellbound_heuristic] initialized_level 8
21/07/2013 17:59:56.376626 [scalapnt_fractal_16000_cellbound_heuristic] found_conflicts 8
21/07/2013 17:59:56.389171 [scalapnt_fractal_16000_cellbound_heuristic] resolved_conflicts 8
21/07/2013 17:59:56.390456 [scalapnt_fractal_16000_cellbound_heuristic] finalized_level 8
21/07/2013 17:59:56.393016 [scalapnt_fractal_16000_cellbound_heuristic] initialized_level 7
21/07/2013 17:59:56.422857 [scalapnt_fractal_16000_cellbound_heuristic] found_conflicts 7
21/07/2013 17:59:56.424623 [scalapnt_fractal_16000_cellbound_heuristic] resolved_conflicts 7
21/07/2013 17:59:56.425815 [scalapnt_fractal_16000_cellbound_heuristic] finalized_level 7
21/07/2013 17:59:56.428320 [scalapnt_fractal_16000_cellbound_heuristic] initialized_level 6
21/07/2013 17:59:56.464430 [scalapnt_fractal_16000_cellbound_heuristic] found_conflicts 6
21/07/2013 17:59:56.469343 [scalapnt_fractal_16000_cellbound_heuristic] resolved_conflicts 6
21/07/2013 17:59:56.470545 [scalapnt_fractal_16000_cellbound_heuristic] finalized_level 6
21/07/2013 17:59:56.473041 [scalapnt_fractal_16000_cellbound_heuristic] initialized_level 5
21/07/2013 17:59:56.495744 [scalapnt_fractal_16000_cellbound_heuristic] found_conflicts 5
21/07/2013 17:59:56.498325 [scalapnt_fractal_16000_cellbound_heuristic] resolved_conflicts 5
21/07/2013 17:59:56.499502 [scalapnt_fractal_16000_cellbound_heuristic] finalized_level 5
21/07/2013 17:59:56.502195 [scalapnt_fractal_16000_cellbound_heuristic] initialized_level 4
21/07/2013 17:59:56.525703 [scalapnt_fractal_16000_cellbound_heuristic] found_conflicts 4
21/07/2013 17:59:56.529391 [scalapnt_fractal_16000_cellbound_heuristic] resolved_conflicts 4
21/07/2013 17:59:56.530585 [scalapnt_fractal_16000_cellbound_heuristic] finalized_level 4
21/07/2013 17:59:56.533058 [scalapnt_fractal_16000_cellbound_heuristic] initialized_level 3
21/07/2013 17:59:56.550335 [scalapnt_fractal_16000_cellbound_heuristic] found_conflicts 3
21/07/2013 17:59:56.553228 [scalapnt_fractal_16000_cellbound_heuristic] resolved_conflicts 3
21/07/2013 17:59:56.554421 [scalapnt_fractal_16000_cellbound_heuristic] finalized_level 3
21/07/2013 17:59:56.556936 [scalapnt_fractal_16000_cellbound_heuristic] initialized_level 2
21/07/2013 17:59:56.569961 [scalapnt_fractal_16000_cellbound_heuristic] found_conflicts 2
21/07/2013 17:59:56.572290 [scalapnt_fractal_16000_cellbound_heuristic] resolved_conflicts 2
21/07/2013 17:59:56.573501 [scalapnt_fractal_16000_cellbound_heuristic] finalized_level 2
21/07/2013 17:59:56.575952 [scalapnt_fractal_16000_cellbound_heuristic] initialized_level 1
21/07/2013 17:59:56.585602 [scalapnt_fractal_16000_cellbound_heuristic] found_conflicts 1
21/07/2013 17:59:56.587326 [scalapnt_fractal_16000_cellbound_heuristic] resolved_conflicts 1
21/07/2013 17:59:56.588527 [scalapnt_fractal_16000_cellbound_heuristic] finalized_level 1
21/07/2013 17:59:56.591053 [scalapnt_fractal_16000_cellbound_heuristic] initialized_level 0
21/07/2013 17:59:56.599750 [scalapnt_fractal_16000_cellbound_heuristic] found_conflicts 0
21/07/2013 17:59:56.601424 [scalapnt_fractal_16000_cellbound_heuristic] resolved_conflicts 0
21/07/2013 17:59:56.602625 [scalapnt_fractal_16000_cellbound_heuristic] finalized_level 0
21/07/2013 17:59:56.728052 [scalapnt_fractal_16000_cellbound_heuristic] COMMIT
21/07/2013 17:59:56.728572 [scalapnt_fractal_16000_proximity_heuristic] BEGIN_TRANSACTION
21/07/2013 18:00:03.054422 [scalapnt_fractal_16000_proximity_heuristic] initialized
21/07/2013 18:00:03.054824 [scalapnt_fractal_16000_proximity_heuristic] solver "heuristic"
21/07/2013 18:00:03.055140 [scalapnt_fractal_16000_proximity_heuristic] constraints "proximity(10,)"
21/07/2013 18:00:03.071614 [scalapnt_fractal_16000_proximity_heuristic] inputstats {'geometry_types': ['POINT'], 'input': '(select * from pnt_30m_synthetic where x_order <= 16000) t', 'total_rank': 8083.5999343297444, 'total_recs': 16000L}
21/07/2013 18:00:03.074397 [scalapnt_fractal_16000_proximity_heuristic] initialized_level 9
21/07/2013 18:00:08.802342 [scalapnt_fractal_16000_proximity_heuristic] found_conflicts 9
21/07/2013 18:00:16.237554 [scalapnt_fractal_16000_proximity_heuristic] resolved_conflicts 9
21/07/2013 18:00:16.238944 [scalapnt_fractal_16000_proximity_heuristic] finalized_level 9
21/07/2013 18:00:16.241572 [scalapnt_fractal_16000_proximity_heuristic] initialized_level 8
21/07/2013 18:00:16.399916 [scalapnt_fractal_16000_proximity_heuristic] found_conflicts 8
21/07/2013 18:00:16.428452 [scalapnt_fractal_16000_proximity_heuristic] resolved_conflicts 8
21/07/2013 18:00:16.429848 [scalapnt_fractal_16000_proximity_heuristic] finalized_level 8
21/07/2013 18:00:16.432475 [scalapnt_fractal_16000_proximity_heuristic] initialized_level 7
21/07/2013 18:00:16.523565 [scalapnt_fractal_16000_proximity_heuristic] found_conflicts 7
21/07/2013 18:00:16.532399 [scalapnt_fractal_16000_proximity_heuristic] resolved_conflicts 7
21/07/2013 18:00:16.533698 [scalapnt_fractal_16000_proximity_heuristic] finalized_level 7
21/07/2013 18:00:16.536272 [scalapnt_fractal_16000_proximity_heuristic] initialized_level 6
21/07/2013 18:00:16.591708 [scalapnt_fractal_16000_proximity_heuristic] found_conflicts 6
21/07/2013 18:00:16.595228 [scalapnt_fractal_16000_proximity_heuristic] resolved_conflicts 6
21/07/2013 18:00:16.596527 [scalapnt_fractal_16000_proximity_heuristic] finalized_level 6
21/07/2013 18:00:16.599289 [scalapnt_fractal_16000_proximity_heuristic] initialized_level 5
21/07/2013 18:00:16.636882 [scalapnt_fractal_16000_proximity_heuristic] found_conflicts 5
21/07/2013 18:00:16.638851 [scalapnt_fractal_16000_proximity_heuristic] resolved_conflicts 5
21/07/2013 18:00:16.640144 [scalapnt_fractal_16000_proximity_heuristic] finalized_level 5
21/07/2013 18:00:16.642849 [scalapnt_fractal_16000_proximity_heuristic] initialized_level 4
21/07/2013 18:00:16.667767 [scalapnt_fractal_16000_proximity_heuristic] found_conflicts 4
21/07/2013 18:00:16.669250 [scalapnt_fractal_16000_proximity_heuristic] resolved_conflicts 4
21/07/2013 18:00:16.670542 [scalapnt_fractal_16000_proximity_heuristic] finalized_level 4
21/07/2013 18:00:16.673150 [scalapnt_fractal_16000_proximity_heuristic] initialized_level 3
21/07/2013 18:00:16.697513 [scalapnt_fractal_16000_proximity_heuristic] found_conflicts 3
21/07/2013 18:00:16.698784 [scalapnt_fractal_16000_proximity_heuristic] resolved_conflicts 3
21/07/2013 18:00:16.700038 [scalapnt_fractal_16000_proximity_heuristic] finalized_level 3
21/07/2013 18:00:16.702666 [scalapnt_fractal_16000_proximity_heuristic] initialized_level 2
21/07/2013 18:00:16.726035 [scalapnt_fractal_16000_proximity_heuristic] found_conflicts 2
21/07/2013 18:00:16.727305 [scalapnt_fractal_16000_proximity_heuristic] resolved_conflicts 2
21/07/2013 18:00:16.728518 [scalapnt_fractal_16000_proximity_heuristic] finalized_level 2
21/07/2013 18:00:16.731059 [scalapnt_fractal_16000_proximity_heuristic] initialized_level 1
21/07/2013 18:00:16.749445 [scalapnt_fractal_16000_proximity_heuristic] found_conflicts 1
21/07/2013 18:00:16.750693 [scalapnt_fractal_16000_proximity_heuristic] resolved_conflicts 1
21/07/2013 18:00:16.751934 [scalapnt_fractal_16000_proximity_heuristic] finalized_level 1
21/07/2013 18:00:16.754538 [scalapnt_fractal_16000_proximity_heuristic] initialized_level 0
21/07/2013 18:00:16.782850 [scalapnt_fractal_16000_proximity_heuristic] found_conflicts 0
21/07/2013 18:00:16.784132 [scalapnt_fractal_16000_proximity_heuristic] resolved_conflicts 0
21/07/2013 18:00:16.785435 [scalapnt_fractal_16000_proximity_heuristic] finalized_level 0
21/07/2013 18:00:17.132286 [scalapnt_fractal_16000_proximity_heuristic] COMMIT
21/07/2013 18:00:17.132801 [scalapnt_fractal_16000_cellbound_lp] BEGIN_TRANSACTION
21/07/2013 18:00:23.414852 [scalapnt_fractal_16000_cellbound_lp] initialized
21/07/2013 18:00:23.415241 [scalapnt_fractal_16000_cellbound_lp] solver "lp"
21/07/2013 18:00:23.415553 [scalapnt_fractal_16000_cellbound_lp] constraints "cellbound(16,)"
21/07/2013 18:00:23.432420 [scalapnt_fractal_16000_cellbound_lp] inputstats {'geometry_types': ['POINT'], 'input': '(select * from pnt_30m_synthetic where x_order <= 16000) t', 'total_rank': 7997.6835886612535, 'total_recs': 16000L}
21/07/2013 18:00:23.435007 [scalapnt_fractal_16000_cellbound_lp] initialized_level 9
21/07/2013 18:00:29.648738 [scalapnt_fractal_16000_cellbound_lp] found_conflicts 9
21/07/2013 18:03:46.710689 [scalapnt_fractal_16000_cellbound_lp] resolved_conflicts 9
21/07/2013 18:03:46.712171 [scalapnt_fractal_16000_cellbound_lp] finalized_level 9
21/07/2013 18:03:46.715085 [scalapnt_fractal_16000_cellbound_lp] initialized_level 8
21/07/2013 18:03:46.778129 [scalapnt_fractal_16000_cellbound_lp] found_conflicts 8
21/07/2013 18:03:46.820035 [scalapnt_fractal_16000_cellbound_lp] resolved_conflicts 8
21/07/2013 18:03:46.821292 [scalapnt_fractal_16000_cellbound_lp] finalized_level 8
21/07/2013 18:03:46.823742 [scalapnt_fractal_16000_cellbound_lp] initialized_level 7
21/07/2013 18:03:46.852771 [scalapnt_fractal_16000_cellbound_lp] found_conflicts 7
21/07/2013 18:03:46.858976 [scalapnt_fractal_16000_cellbound_lp] resolved_conflicts 7
21/07/2013 18:03:46.860156 [scalapnt_fractal_16000_cellbound_lp] finalized_level 7
21/07/2013 18:03:46.862612 [scalapnt_fractal_16000_cellbound_lp] initialized_level 6
21/07/2013 18:03:46.898462 [scalapnt_fractal_16000_cellbound_lp] found_conflicts 6
21/07/2013 18:03:46.916595 [scalapnt_fractal_16000_cellbound_lp] resolved_conflicts 6
21/07/2013 18:03:46.917787 [scalapnt_fractal_16000_cellbound_lp] finalized_level 6
21/07/2013 18:03:46.920218 [scalapnt_fractal_16000_cellbound_lp] initialized_level 5
21/07/2013 18:03:46.942895 [scalapnt_fractal_16000_cellbound_lp] found_conflicts 5
21/07/2013 18:03:46.952620 [scalapnt_fractal_16000_cellbound_lp] resolved_conflicts 5
21/07/2013 18:03:46.953796 [scalapnt_fractal_16000_cellbound_lp] finalized_level 5
21/07/2013 18:03:46.956417 [scalapnt_fractal_16000_cellbound_lp] initialized_level 4
21/07/2013 18:03:46.979834 [scalapnt_fractal_16000_cellbound_lp] found_conflicts 4
21/07/2013 18:03:46.992488 [scalapnt_fractal_16000_cellbound_lp] resolved_conflicts 4
21/07/2013 18:03:46.993685 [scalapnt_fractal_16000_cellbound_lp] finalized_level 4
21/07/2013 18:03:46.996169 [scalapnt_fractal_16000_cellbound_lp] initialized_level 3
21/07/2013 18:03:47.013740 [scalapnt_fractal_16000_cellbound_lp] found_conflicts 3
21/07/2013 18:03:47.025116 [scalapnt_fractal_16000_cellbound_lp] resolved_conflicts 3
21/07/2013 18:03:47.026315 [scalapnt_fractal_16000_cellbound_lp] finalized_level 3
21/07/2013 18:03:47.028857 [scalapnt_fractal_16000_cellbound_lp] initialized_level 2
21/07/2013 18:03:47.041857 [scalapnt_fractal_16000_cellbound_lp] found_conflicts 2
21/07/2013 18:03:47.051217 [scalapnt_fractal_16000_cellbound_lp] resolved_conflicts 2
21/07/2013 18:03:47.052414 [scalapnt_fractal_16000_cellbound_lp] finalized_level 2
21/07/2013 18:03:47.054970 [scalapnt_fractal_16000_cellbound_lp] initialized_level 1
21/07/2013 18:03:47.064754 [scalapnt_fractal_16000_cellbound_lp] found_conflicts 1
21/07/2013 18:03:47.071747 [scalapnt_fractal_16000_cellbound_lp] resolved_conflicts 1
21/07/2013 18:03:47.072964 [scalapnt_fractal_16000_cellbound_lp] finalized_level 1
21/07/2013 18:03:47.075430 [scalapnt_fractal_16000_cellbound_lp] initialized_level 0
21/07/2013 18:03:47.084106 [scalapnt_fractal_16000_cellbound_lp] found_conflicts 0
21/07/2013 18:03:47.089811 [scalapnt_fractal_16000_cellbound_lp] resolved_conflicts 0
21/07/2013 18:03:47.091015 [scalapnt_fractal_16000_cellbound_lp] finalized_level 0
21/07/2013 18:03:47.443690 [scalapnt_fractal_16000_cellbound_lp] COMMIT
21/07/2013 18:03:47.444183 [scalapnt_fractal_16000_proximity_lp] BEGIN_TRANSACTION
21/07/2013 18:03:53.751368 [scalapnt_fractal_16000_proximity_lp] initialized
21/07/2013 18:03:53.751745 [scalapnt_fractal_16000_proximity_lp] solver "lp"
21/07/2013 18:03:53.752057 [scalapnt_fractal_16000_proximity_lp] constraints "proximity(10,)"
21/07/2013 18:03:53.768777 [scalapnt_fractal_16000_proximity_lp] inputstats {'geometry_types': ['POINT'], 'input': '(select * from pnt_30m_synthetic where x_order <= 16000) t', 'total_rank': 7943.3199833086692, 'total_recs': 16000L}
21/07/2013 18:03:53.771411 [scalapnt_fractal_16000_proximity_lp] initialized_level 9
21/07/2013 18:03:59.512107 [scalapnt_fractal_16000_proximity_lp] found_conflicts 9
