27/06/2013 16:48:22.885597 [500k_pt_cells_bound] BEGIN_TRANSACTION
27/06/2013 16:48:33.212613 [500k_pt_cells_bound] initialized
27/06/2013 16:48:33.213156 [500k_pt_cells_bound] merged_partitions
27/06/2013 16:48:33.216888 [500k_pt_cells_bound] initialized_level 14
27/06/2013 16:48:33.217304 [500k_pt_cells_bound] forced_level 14
27/06/2013 16:53:04.317703 [500k_pt_cells_bound] found_conflicts 14
27/06/2013 16:53:27.424997 [500k_pt_cells_bound] resolved_conflicts 14
27/06/2013 16:53:27.425359 [500k_pt_cells_bound] transformed_level 14
27/06/2013 16:53:27.426711 [500k_pt_cells_bound] finalized_level 14
27/06/2013 16:53:27.429493 [500k_pt_cells_bound] initialized_level 13
27/06/2013 16:53:27.429810 [500k_pt_cells_bound] forced_level 13
27/06/2013 16:57:52.434296 [500k_pt_cells_bound] found_conflicts 13
27/06/2013 16:59:05.584892 [500k_pt_cells_bound] resolved_conflicts 13
27/06/2013 16:59:05.585256 [500k_pt_cells_bound] transformed_level 13
27/06/2013 16:59:05.586738 [500k_pt_cells_bound] finalized_level 13
27/06/2013 16:59:05.589533 [500k_pt_cells_bound] initialized_level 12
27/06/2013 16:59:05.589821 [500k_pt_cells_bound] forced_level 12
27/06/2013 17:02:59.920484 [500k_pt_cells_bound] found_conflicts 12
27/06/2013 17:06:05.499505 [500k_pt_cells_bound] resolved_conflicts 12
27/06/2013 17:06:05.499895 [500k_pt_cells_bound] transformed_level 12
27/06/2013 17:06:05.501320 [500k_pt_cells_bound] finalized_level 12
27/06/2013 17:06:05.519031 [500k_pt_cells_bound] initialized_level 11
27/06/2013 17:06:05.519336 [500k_pt_cells_bound] forced_level 11
27/06/2013 17:09:19.236417 [500k_pt_cells_bound] found_conflicts 11
27/06/2013 17:13:06.854440 [500k_pt_cells_bound] resolved_conflicts 11
27/06/2013 17:13:06.854832 [500k_pt_cells_bound] transformed_level 11
27/06/2013 17:13:06.856214 [500k_pt_cells_bound] finalized_level 11
27/06/2013 17:13:06.859020 [500k_pt_cells_bound] initialized_level 10
27/06/2013 17:13:06.859313 [500k_pt_cells_bound] forced_level 10
27/06/2013 17:15:30.807522 [500k_pt_cells_bound] found_conflicts 10
27/06/2013 17:18:13.482361 [500k_pt_cells_bound] resolved_conflicts 10
27/06/2013 17:18:13.482759 [500k_pt_cells_bound] transformed_level 10
27/06/2013 17:18:13.484174 [500k_pt_cells_bound] finalized_level 10
27/06/2013 17:18:13.487111 [500k_pt_cells_bound] initialized_level 9
27/06/2013 17:18:13.487396 [500k_pt_cells_bound] forced_level 9
27/06/2013 17:19:46.325399 [500k_pt_cells_bound] found_conflicts 9
27/06/2013 17:21:13.487002 [500k_pt_cells_bound] resolved_conflicts 9
27/06/2013 17:21:13.487391 [500k_pt_cells_bound] transformed_level 9
27/06/2013 17:21:13.488876 [500k_pt_cells_bound] finalized_level 9
27/06/2013 17:21:13.746658 [500k_pt_cells_bound] initialized_level 8
27/06/2013 17:21:13.747164 [500k_pt_cells_bound] forced_level 8
27/06/2013 17:22:09.938714 [500k_pt_cells_bound] found_conflicts 8
27/06/2013 17:22:49.484760 [500k_pt_cells_bound] resolved_conflicts 8
27/06/2013 17:22:49.485179 [500k_pt_cells_bound] transformed_level 8
27/06/2013 17:22:49.486667 [500k_pt_cells_bound] finalized_level 8
27/06/2013 17:22:49.489846 [500k_pt_cells_bound] initialized_level 7
27/06/2013 17:22:49.490193 [500k_pt_cells_bound] forced_level 7
27/06/2013 17:23:19.476098 [500k_pt_cells_bound] found_conflicts 7
27/06/2013 17:23:33.450856 [500k_pt_cells_bound] resolved_conflicts 7
27/06/2013 17:23:33.451241 [500k_pt_cells_bound] transformed_level 7
27/06/2013 17:23:33.452514 [500k_pt_cells_bound] finalized_level 7
27/06/2013 17:23:33.455207 [500k_pt_cells_bound] initialized_level 6
27/06/2013 17:23:33.455526 [500k_pt_cells_bound] forced_level 6
27/06/2013 17:23:47.680983 [500k_pt_cells_bound] found_conflicts 6
27/06/2013 17:23:53.377388 [500k_pt_cells_bound] resolved_conflicts 6
27/06/2013 17:23:53.377791 [500k_pt_cells_bound] transformed_level 6
27/06/2013 17:23:53.379156 [500k_pt_cells_bound] finalized_level 6
27/06/2013 17:23:53.382138 [500k_pt_cells_bound] initialized_level 5
27/06/2013 17:23:53.382455 [500k_pt_cells_bound] forced_level 5
27/06/2013 17:23:59.327789 [500k_pt_cells_bound] found_conflicts 5
27/06/2013 17:24:01.095436 [500k_pt_cells_bound] resolved_conflicts 5
27/06/2013 17:24:01.095807 [500k_pt_cells_bound] transformed_level 5
27/06/2013 17:24:01.097154 [500k_pt_cells_bound] finalized_level 5
27/06/2013 17:24:01.100787 [500k_pt_cells_bound] initialized_level 4
27/06/2013 17:24:01.101110 [500k_pt_cells_bound] forced_level 4
27/06/2013 17:24:03.637979 [500k_pt_cells_bound] found_conflicts 4
27/06/2013 17:24:04.463544 [500k_pt_cells_bound] resolved_conflicts 4
27/06/2013 17:24:04.463935 [500k_pt_cells_bound] transformed_level 4
27/06/2013 17:24:04.465273 [500k_pt_cells_bound] finalized_level 4
27/06/2013 17:24:04.467992 [500k_pt_cells_bound] initialized_level 3
27/06/2013 17:24:04.468309 [500k_pt_cells_bound] forced_level 3
27/06/2013 17:24:05.899694 [500k_pt_cells_bound] found_conflicts 3
27/06/2013 17:24:06.841916 [500k_pt_cells_bound] resolved_conflicts 3
27/06/2013 17:24:06.842316 [500k_pt_cells_bound] transformed_level 3
27/06/2013 17:24:06.843576 [500k_pt_cells_bound] finalized_level 3
27/06/2013 17:24:06.846295 [500k_pt_cells_bound] initialized_level 2
27/06/2013 17:24:06.846618 [500k_pt_cells_bound] forced_level 2
27/06/2013 17:24:07.610024 [500k_pt_cells_bound] found_conflicts 2
27/06/2013 17:24:08.368742 [500k_pt_cells_bound] resolved_conflicts 2
27/06/2013 17:24:08.369339 [500k_pt_cells_bound] transformed_level 2
27/06/2013 17:24:08.370899 [500k_pt_cells_bound] finalized_level 2
27/06/2013 17:24:08.374104 [500k_pt_cells_bound] initialized_level 1
27/06/2013 17:24:08.374612 [500k_pt_cells_bound] forced_level 1
27/06/2013 17:24:08.972428 [500k_pt_cells_bound] found_conflicts 1
27/06/2013 17:24:09.840887 [500k_pt_cells_bound] resolved_conflicts 1
27/06/2013 17:24:09.841261 [500k_pt_cells_bound] transformed_level 1
27/06/2013 17:24:09.842553 [500k_pt_cells_bound] finalized_level 1
27/06/2013 17:24:09.845205 [500k_pt_cells_bound] initialized_level 0
27/06/2013 17:24:09.845505 [500k_pt_cells_bound] forced_level 0
27/06/2013 17:24:10.270520 [500k_pt_cells_bound] found_conflicts 0
27/06/2013 17:24:10.939851 [500k_pt_cells_bound] resolved_conflicts 0
27/06/2013 17:24:10.940244 [500k_pt_cells_bound] transformed_level 0
27/06/2013 17:24:10.941506 [500k_pt_cells_bound] finalized_level 0
27/06/2013 17:24:11.177707 [500k_pt_cells_bound] stats {'num_recs': 454L, 'cvl_partition': 1, 'cvl_zoom': 0, 'aggrank': 452.81837033620104}
27/06/2013 17:24:11.177834 [500k_pt_cells_bound] stats {'num_recs': 39L, 'cvl_partition': 1, 'cvl_zoom': 1, 'aggrank': 38.95066236378625}
27/06/2013 17:24:11.177862 [500k_pt_cells_bound] stats {'num_recs': 326L, 'cvl_partition': 1, 'cvl_zoom': 2, 'aggrank': 308.45951479952782}
27/06/2013 17:24:11.177886 [500k_pt_cells_bound] stats {'num_recs': 310L, 'cvl_partition': 1, 'cvl_zoom': 3, 'aggrank': 286.0299605675973}
27/06/2013 17:24:11.177908 [500k_pt_cells_bound] stats {'num_recs': 1266L, 'cvl_partition': 1, 'cvl_zoom': 4, 'aggrank': 1155.2960146204568}
27/06/2013 17:24:11.177936 [500k_pt_cells_bound] stats {'num_recs': 2059L, 'cvl_partition': 1, 'cvl_zoom': 5, 'aggrank': 1799.9567768797278}
27/06/2013 17:24:11.177973 [500k_pt_cells_bound] stats {'num_recs': 6068L, 'cvl_partition': 1, 'cvl_zoom': 6, 'aggrank': 4952.679105379153}
27/06/2013 17:24:11.178001 [500k_pt_cells_bound] stats {'num_recs': 15722L, 'cvl_partition': 1, 'cvl_zoom': 7, 'aggrank': 11799.236888661515}
27/06/2013 17:24:11.178024 [500k_pt_cells_bound] stats {'num_recs': 29339L, 'cvl_partition': 1, 'cvl_zoom': 8, 'aggrank': 19611.350437273737}
27/06/2013 17:24:11.178046 [500k_pt_cells_bound] stats {'num_recs': 49225L, 'cvl_partition': 1, 'cvl_zoom': 9, 'aggrank': 29943.018258154858}
27/06/2013 17:24:11.178068 [500k_pt_cells_bound] stats {'num_recs': 68662L, 'cvl_partition': 1, 'cvl_zoom': 10, 'aggrank': 39296.599087154958}
27/06/2013 17:24:11.178089 [500k_pt_cells_bound] stats {'num_recs': 94597L, 'cvl_partition': 1, 'cvl_zoom': 11, 'aggrank': 50769.948768510483}
27/06/2013 17:24:11.178110 [500k_pt_cells_bound] stats {'num_recs': 104908L, 'cvl_partition': 1, 'cvl_zoom': 12, 'aggrank': 48436.642818872351}
27/06/2013 17:24:11.178131 [500k_pt_cells_bound] stats {'num_recs': 79238L, 'cvl_partition': 1, 'cvl_zoom': 13, 'aggrank': 30540.057785772718}
27/06/2013 17:24:11.178152 [500k_pt_cells_bound] stats {'num_recs': 42300L, 'cvl_partition': 1, 'cvl_zoom': 14, 'aggrank': 13828.754661970306}
27/06/2013 17:24:11.178176 [500k_pt_cells_bound] stats {'num_recs': 28583L, 'cvl_partition': 1, 'cvl_zoom': 15, 'aggrank': 8477.6791486437432}
27/06/2013 17:24:11.226681 [500k_pt_cells_bound] COMMIT
27/06/2013 17:24:11.288388 [500k_pt_cells_heuristic] BEGIN_TRANSACTION
27/06/2013 17:24:21.463225 [500k_pt_cells_heuristic] initialized
27/06/2013 17:24:21.463556 [500k_pt_cells_heuristic] merged_partitions
27/06/2013 17:24:21.467127 [500k_pt_cells_heuristic] initialized_level 14
27/06/2013 17:24:21.467418 [500k_pt_cells_heuristic] forced_level 14
27/06/2013 17:28:54.224403 [500k_pt_cells_heuristic] found_conflicts 14
27/06/2013 17:28:56.361095 [500k_pt_cells_heuristic] resolved_conflicts 14
27/06/2013 17:28:56.361429 [500k_pt_cells_heuristic] transformed_level 14
27/06/2013 17:28:56.362699 [500k_pt_cells_heuristic] finalized_level 14
27/06/2013 17:28:56.365376 [500k_pt_cells_heuristic] initialized_level 13
27/06/2013 17:28:56.365665 [500k_pt_cells_heuristic] forced_level 13
27/06/2013 17:33:14.600405 [500k_pt_cells_heuristic] found_conflicts 13
27/06/2013 17:33:19.227498 [500k_pt_cells_heuristic] resolved_conflicts 13
27/06/2013 17:33:19.227844 [500k_pt_cells_heuristic] transformed_level 13
27/06/2013 17:33:19.229372 [500k_pt_cells_heuristic] finalized_level 13
27/06/2013 17:33:19.232155 [500k_pt_cells_heuristic] initialized_level 12
27/06/2013 17:33:19.232438 [500k_pt_cells_heuristic] forced_level 12
27/06/2013 17:37:15.390722 [500k_pt_cells_heuristic] found_conflicts 12
27/06/2013 17:37:23.411839 [500k_pt_cells_heuristic] resolved_conflicts 12
27/06/2013 17:37:23.412206 [500k_pt_cells_heuristic] transformed_level 12
27/06/2013 17:37:23.413565 [500k_pt_cells_heuristic] finalized_level 12
27/06/2013 17:37:23.416399 [500k_pt_cells_heuristic] initialized_level 11
27/06/2013 17:37:23.416725 [500k_pt_cells_heuristic] forced_level 11
27/06/2013 17:40:36.421486 [500k_pt_cells_heuristic] found_conflicts 11
27/06/2013 17:40:46.912614 [500k_pt_cells_heuristic] resolved_conflicts 11
27/06/2013 17:40:46.912982 [500k_pt_cells_heuristic] transformed_level 11
27/06/2013 17:40:46.914386 [500k_pt_cells_heuristic] finalized_level 11
27/06/2013 17:40:46.917244 [500k_pt_cells_heuristic] initialized_level 10
27/06/2013 17:40:46.917537 [500k_pt_cells_heuristic] forced_level 10
27/06/2013 17:43:06.247403 [500k_pt_cells_heuristic] found_conflicts 10
27/06/2013 17:43:16.109721 [500k_pt_cells_heuristic] resolved_conflicts 10
27/06/2013 17:43:16.110101 [500k_pt_cells_heuristic] transformed_level 10
27/06/2013 17:43:16.111491 [500k_pt_cells_heuristic] finalized_level 10
27/06/2013 17:43:16.114558 [500k_pt_cells_heuristic] initialized_level 9
27/06/2013 17:43:16.114885 [500k_pt_cells_heuristic] forced_level 9
27/06/2013 17:44:46.151854 [500k_pt_cells_heuristic] found_conflicts 9
27/06/2013 17:44:53.705442 [500k_pt_cells_heuristic] resolved_conflicts 9
27/06/2013 17:44:53.705819 [500k_pt_cells_heuristic] transformed_level 9
27/06/2013 17:44:53.707235 [500k_pt_cells_heuristic] finalized_level 9
27/06/2013 17:44:53.710172 [500k_pt_cells_heuristic] initialized_level 8
27/06/2013 17:44:53.710476 [500k_pt_cells_heuristic] forced_level 8
27/06/2013 17:45:48.042049 [500k_pt_cells_heuristic] found_conflicts 8
27/06/2013 17:45:54.214656 [500k_pt_cells_heuristic] resolved_conflicts 8
27/06/2013 17:45:54.215088 [500k_pt_cells_heuristic] transformed_level 8
27/06/2013 17:45:54.216518 [500k_pt_cells_heuristic] finalized_level 8
27/06/2013 17:45:54.219502 [500k_pt_cells_heuristic] initialized_level 7
27/06/2013 17:45:54.219808 [500k_pt_cells_heuristic] forced_level 7
27/06/2013 17:46:22.831664 [500k_pt_cells_heuristic] found_conflicts 7
27/06/2013 17:46:26.064494 [500k_pt_cells_heuristic] resolved_conflicts 7
27/06/2013 17:46:26.065091 [500k_pt_cells_heuristic] transformed_level 7
27/06/2013 17:46:26.066525 [500k_pt_cells_heuristic] finalized_level 7
27/06/2013 17:46:26.069497 [500k_pt_cells_heuristic] initialized_level 6
27/06/2013 17:46:26.069803 [500k_pt_cells_heuristic] forced_level 6
27/06/2013 17:46:39.304733 [500k_pt_cells_heuristic] found_conflicts 6
27/06/2013 17:46:40.793549 [500k_pt_cells_heuristic] resolved_conflicts 6
27/06/2013 17:46:40.793930 [500k_pt_cells_heuristic] transformed_level 6
27/06/2013 17:46:40.795276 [500k_pt_cells_heuristic] finalized_level 6
27/06/2013 17:46:40.798242 [500k_pt_cells_heuristic] initialized_level 5
27/06/2013 17:46:40.798553 [500k_pt_cells_heuristic] forced_level 5
27/06/2013 17:46:46.281168 [500k_pt_cells_heuristic] found_conflicts 5
27/06/2013 17:46:46.718368 [500k_pt_cells_heuristic] resolved_conflicts 5
27/06/2013 17:46:46.718941 [500k_pt_cells_heuristic] transformed_level 5
27/06/2013 17:46:46.720192 [500k_pt_cells_heuristic] finalized_level 5
27/06/2013 17:46:46.722770 [500k_pt_cells_heuristic] initialized_level 4
27/06/2013 17:46:46.723079 [500k_pt_cells_heuristic] forced_level 4
27/06/2013 17:46:48.899840 [500k_pt_cells_heuristic] found_conflicts 4
27/06/2013 17:46:49.198520 [500k_pt_cells_heuristic] resolved_conflicts 4
27/06/2013 17:46:49.198920 [500k_pt_cells_heuristic] transformed_level 4
27/06/2013 17:46:49.200220 [500k_pt_cells_heuristic] finalized_level 4
27/06/2013 17:46:49.203295 [500k_pt_cells_heuristic] initialized_level 3
27/06/2013 17:46:49.203604 [500k_pt_cells_heuristic] forced_level 3
27/06/2013 17:46:50.133649 [500k_pt_cells_heuristic] found_conflicts 3
27/06/2013 17:46:50.328868 [500k_pt_cells_heuristic] resolved_conflicts 3
27/06/2013 17:46:50.329251 [500k_pt_cells_heuristic] transformed_level 3
27/06/2013 17:46:50.330497 [500k_pt_cells_heuristic] finalized_level 3
27/06/2013 17:46:50.333203 [500k_pt_cells_heuristic] initialized_level 2
27/06/2013 17:46:50.333516 [500k_pt_cells_heuristic] forced_level 2
27/06/2013 17:46:50.760876 [500k_pt_cells_heuristic] found_conflicts 2
27/06/2013 17:46:50.923051 [500k_pt_cells_heuristic] resolved_conflicts 2
27/06/2013 17:46:50.923404 [500k_pt_cells_heuristic] transformed_level 2
27/06/2013 17:46:50.924647 [500k_pt_cells_heuristic] finalized_level 2
27/06/2013 17:46:50.927306 [500k_pt_cells_heuristic] initialized_level 1
27/06/2013 17:46:50.927596 [500k_pt_cells_heuristic] forced_level 1
27/06/2013 17:46:51.185720 [500k_pt_cells_heuristic] found_conflicts 1
27/06/2013 17:46:51.334772 [500k_pt_cells_heuristic] resolved_conflicts 1
27/06/2013 17:46:51.335336 [500k_pt_cells_heuristic] transformed_level 1
27/06/2013 17:46:51.336697 [500k_pt_cells_heuristic] finalized_level 1
27/06/2013 17:46:51.339588 [500k_pt_cells_heuristic] initialized_level 0
27/06/2013 17:46:51.339908 [500k_pt_cells_heuristic] forced_level 0
27/06/2013 17:46:51.530106 [500k_pt_cells_heuristic] found_conflicts 0
27/06/2013 17:46:51.674498 [500k_pt_cells_heuristic] resolved_conflicts 0
27/06/2013 17:46:51.674878 [500k_pt_cells_heuristic] transformed_level 0
27/06/2013 17:46:51.676177 [500k_pt_cells_heuristic] finalized_level 0
27/06/2013 17:46:51.914810 [500k_pt_cells_heuristic] stats {'num_recs': 17L, 'cvl_partition': 1, 'cvl_zoom': 0, 'aggrank': 16.238041481934488}
27/06/2013 17:46:51.914942 [500k_pt_cells_heuristic] stats {'num_recs': 48L, 'cvl_partition': 1, 'cvl_zoom': 1, 'aggrank': 47.98490293789655}
27/06/2013 17:46:51.914971 [500k_pt_cells_heuristic] stats {'num_recs': 128L, 'cvl_partition': 1, 'cvl_zoom': 2, 'aggrank': 109.05460837949067}
27/06/2013 17:46:51.914994 [500k_pt_cells_heuristic] stats {'num_recs': 335L, 'cvl_partition': 1, 'cvl_zoom': 3, 'aggrank': 309.33350279694423}
27/06/2013 17:46:51.915016 [500k_pt_cells_heuristic] stats {'num_recs': 974L, 'cvl_partition': 1, 'cvl_zoom': 4, 'aggrank': 868.97431119764224}
27/06/2013 17:46:51.915037 [500k_pt_cells_heuristic] stats {'num_recs': 2415L, 'cvl_partition': 1, 'cvl_zoom': 5, 'aggrank': 2159.8212521937676}
27/06/2013 17:46:51.915058 [500k_pt_cells_heuristic] stats {'num_recs': 6359L, 'cvl_partition': 1, 'cvl_zoom': 6, 'aggrank': 5232.749172850512}
27/06/2013 17:46:51.915080 [500k_pt_cells_heuristic] stats {'num_recs': 14902L, 'cvl_partition': 1, 'cvl_zoom': 7, 'aggrank': 11041.607970732264}
27/06/2013 17:46:51.915101 [500k_pt_cells_heuristic] stats {'num_recs': 29370L, 'cvl_partition': 1, 'cvl_zoom': 8, 'aggrank': 19749.282717486378}
27/06/2013 17:46:51.915122 [500k_pt_cells_heuristic] stats {'num_recs': 49491L, 'cvl_partition': 1, 'cvl_zoom': 9, 'aggrank': 30272.508930327836}
27/06/2013 17:46:51.915143 [500k_pt_cells_heuristic] stats {'num_recs': 69296L, 'cvl_partition': 1, 'cvl_zoom': 10, 'aggrank': 39820.500517685898}
27/06/2013 17:46:51.915164 [500k_pt_cells_heuristic] stats {'num_recs': 94238L, 'cvl_partition': 1, 'cvl_zoom': 11, 'aggrank': 50466.460480879527}
27/06/2013 17:46:51.915184 [500k_pt_cells_heuristic] stats {'num_recs': 104282L, 'cvl_partition': 1, 'cvl_zoom': 12, 'aggrank': 48038.874412253033}
27/06/2013 17:46:51.915205 [500k_pt_cells_heuristic] stats {'num_recs': 80096L, 'cvl_partition': 1, 'cvl_zoom': 13, 'aggrank': 31041.099906889256}
27/06/2013 17:46:51.915226 [500k_pt_cells_heuristic] stats {'num_recs': 42507L, 'cvl_partition': 1, 'cvl_zoom': 14, 'aggrank': 13961.390582280699}
27/06/2013 17:46:51.915246 [500k_pt_cells_heuristic] stats {'num_recs': 28638L, 'cvl_partition': 1, 'cvl_zoom': 15, 'aggrank': 8578.0325445872732}
27/06/2013 17:46:52.058109 [500k_pt_cells_heuristic] COMMIT
27/06/2013 17:46:52.122377 [500k_pt_cells_lp] BEGIN_TRANSACTION
27/06/2013 17:47:02.367127 [500k_pt_cells_lp] initialized
27/06/2013 17:47:02.367453 [500k_pt_cells_lp] merged_partitions
27/06/2013 17:47:02.370862 [500k_pt_cells_lp] initialized_level 14
27/06/2013 17:47:02.371148 [500k_pt_cells_lp] forced_level 14
27/06/2013 17:51:34.139173 [500k_pt_cells_lp] found_conflicts 14
27/06/2013 17:51:59.181214 [500k_pt_cells_lp] resolved_conflicts 14
27/06/2013 17:51:59.181577 [500k_pt_cells_lp] transformed_level 14
27/06/2013 17:51:59.183016 [500k_pt_cells_lp] finalized_level 14
27/06/2013 17:51:59.186103 [500k_pt_cells_lp] initialized_level 13
27/06/2013 17:51:59.186415 [500k_pt_cells_lp] forced_level 13
27/06/2013 17:56:23.250089 [500k_pt_cells_lp] found_conflicts 13
27/06/2013 17:57:40.784643 [500k_pt_cells_lp] resolved_conflicts 13
27/06/2013 17:57:40.785021 [500k_pt_cells_lp] transformed_level 13
27/06/2013 17:57:40.786619 [500k_pt_cells_lp] finalized_level 13
27/06/2013 17:57:40.789456 [500k_pt_cells_lp] initialized_level 12
27/06/2013 17:57:40.789771 [500k_pt_cells_lp] forced_level 12
27/06/2013 18:01:37.684589 [500k_pt_cells_lp] found_conflicts 12
27/06/2013 18:04:42.755247 [500k_pt_cells_lp] resolved_conflicts 12
27/06/2013 18:04:42.755602 [500k_pt_cells_lp] transformed_level 12
27/06/2013 18:04:42.757107 [500k_pt_cells_lp] finalized_level 12
27/06/2013 18:04:42.760134 [500k_pt_cells_lp] initialized_level 11
27/06/2013 18:04:42.760450 [500k_pt_cells_lp] forced_level 11
27/06/2013 18:07:59.834376 [500k_pt_cells_lp] found_conflicts 11
27/06/2013 18:11:37.866668 [500k_pt_cells_lp] resolved_conflicts 11
27/06/2013 18:11:37.867032 [500k_pt_cells_lp] transformed_level 11
27/06/2013 18:11:37.868419 [500k_pt_cells_lp] finalized_level 11
27/06/2013 18:11:37.871251 [500k_pt_cells_lp] initialized_level 10
27/06/2013 18:11:37.871548 [500k_pt_cells_lp] forced_level 10
27/06/2013 18:13:57.329981 [500k_pt_cells_lp] found_conflicts 10
27/06/2013 18:16:26.516508 [500k_pt_cells_lp] resolved_conflicts 10
27/06/2013 18:16:26.516871 [500k_pt_cells_lp] transformed_level 10
27/06/2013 18:16:26.518309 [500k_pt_cells_lp] finalized_level 10
27/06/2013 18:16:26.521137 [500k_pt_cells_lp] initialized_level 9
27/06/2013 18:16:26.521435 [500k_pt_cells_lp] forced_level 9
27/06/2013 18:17:57.885309 [500k_pt_cells_lp] found_conflicts 9
27/06/2013 18:19:19.429582 [500k_pt_cells_lp] resolved_conflicts 9
27/06/2013 18:19:19.429961 [500k_pt_cells_lp] transformed_level 9
27/06/2013 18:19:19.431441 [500k_pt_cells_lp] finalized_level 9
27/06/2013 18:19:19.434432 [500k_pt_cells_lp] initialized_level 8
27/06/2013 18:19:19.434757 [500k_pt_cells_lp] forced_level 8
27/06/2013 18:20:15.904014 [500k_pt_cells_lp] found_conflicts 8
27/06/2013 18:20:53.366482 [500k_pt_cells_lp] resolved_conflicts 8
27/06/2013 18:20:53.366901 [500k_pt_cells_lp] transformed_level 8
27/06/2013 18:20:53.368357 [500k_pt_cells_lp] finalized_level 8
27/06/2013 18:20:53.371344 [500k_pt_cells_lp] initialized_level 7
27/06/2013 18:20:53.371662 [500k_pt_cells_lp] forced_level 7
27/06/2013 18:21:21.435177 [500k_pt_cells_lp] found_conflicts 7
27/06/2013 18:21:33.393879 [500k_pt_cells_lp] resolved_conflicts 7
27/06/2013 18:21:33.394246 [500k_pt_cells_lp] transformed_level 7
27/06/2013 18:21:33.395599 [500k_pt_cells_lp] finalized_level 7
27/06/2013 18:21:33.398683 [500k_pt_cells_lp] initialized_level 6
27/06/2013 18:21:33.398994 [500k_pt_cells_lp] forced_level 6
27/06/2013 18:21:47.015515 [500k_pt_cells_lp] found_conflicts 6
27/06/2013 18:21:51.512916 [500k_pt_cells_lp] resolved_conflicts 6
27/06/2013 18:21:51.513278 [500k_pt_cells_lp] transformed_level 6
27/06/2013 18:21:51.514656 [500k_pt_cells_lp] finalized_level 6
27/06/2013 18:21:51.517792 [500k_pt_cells_lp] initialized_level 5
27/06/2013 18:21:51.518116 [500k_pt_cells_lp] forced_level 5
27/06/2013 18:21:56.888337 [500k_pt_cells_lp] found_conflicts 5
27/06/2013 18:21:58.232125 [500k_pt_cells_lp] resolved_conflicts 5
27/06/2013 18:21:58.232529 [500k_pt_cells_lp] transformed_level 5
27/06/2013 18:21:58.233861 [500k_pt_cells_lp] finalized_level 5
27/06/2013 18:21:58.237006 [500k_pt_cells_lp] initialized_level 4
27/06/2013 18:21:58.237349 [500k_pt_cells_lp] forced_level 4
27/06/2013 18:22:00.485852 [500k_pt_cells_lp] found_conflicts 4
27/06/2013 18:22:01.161992 [500k_pt_cells_lp] resolved_conflicts 4
27/06/2013 18:22:01.162385 [500k_pt_cells_lp] transformed_level 4
27/06/2013 18:22:01.163800 [500k_pt_cells_lp] finalized_level 4
27/06/2013 18:22:01.166990 [500k_pt_cells_lp] initialized_level 3
27/06/2013 18:22:01.167343 [500k_pt_cells_lp] forced_level 3
27/06/2013 18:22:01.951510 [500k_pt_cells_lp] found_conflicts 3
27/06/2013 18:22:02.189867 [500k_pt_cells_lp] resolved_conflicts 3
27/06/2013 18:22:02.190357 [500k_pt_cells_lp] transformed_level 3
27/06/2013 18:22:02.191606 [500k_pt_cells_lp] finalized_level 3
27/06/2013 18:22:02.194301 [500k_pt_cells_lp] initialized_level 2
27/06/2013 18:22:02.194639 [500k_pt_cells_lp] forced_level 2
27/06/2013 18:22:02.598711 [500k_pt_cells_lp] found_conflicts 2
27/06/2013 18:22:02.793807 [500k_pt_cells_lp] resolved_conflicts 2
27/06/2013 18:22:02.794209 [500k_pt_cells_lp] transformed_level 2
27/06/2013 18:22:02.795467 [500k_pt_cells_lp] finalized_level 2
27/06/2013 18:22:02.798126 [500k_pt_cells_lp] initialized_level 1
27/06/2013 18:22:02.798449 [500k_pt_cells_lp] forced_level 1
27/06/2013 18:22:03.004503 [500k_pt_cells_lp] found_conflicts 1
27/06/2013 18:22:03.155708 [500k_pt_cells_lp] resolved_conflicts 1
27/06/2013 18:22:03.156114 [500k_pt_cells_lp] transformed_level 1
27/06/2013 18:22:03.157358 [500k_pt_cells_lp] finalized_level 1
27/06/2013 18:22:03.160017 [500k_pt_cells_lp] initialized_level 0
27/06/2013 18:22:03.160343 [500k_pt_cells_lp] forced_level 0
27/06/2013 18:22:03.350494 [500k_pt_cells_lp] found_conflicts 0
27/06/2013 18:22:03.504406 [500k_pt_cells_lp] resolved_conflicts 0
27/06/2013 18:22:03.504812 [500k_pt_cells_lp] transformed_level 0
27/06/2013 18:22:03.506070 [500k_pt_cells_lp] finalized_level 0
27/06/2013 18:22:03.744426 [500k_pt_cells_lp] stats {'num_recs': 1L, 'cvl_partition': 1, 'cvl_zoom': 0, 'aggrank': 0.67713870666921139}
27/06/2013 18:22:03.744548 [500k_pt_cells_lp] stats {'num_recs': 64L, 'cvl_partition': 1, 'cvl_zoom': 1, 'aggrank': 61.491837962530553}
27/06/2013 18:22:03.744582 [500k_pt_cells_lp] stats {'num_recs': 30L, 'cvl_partition': 1, 'cvl_zoom': 2, 'aggrank': 18.187282308004797}
27/06/2013 18:22:03.744607 [500k_pt_cells_lp] stats {'num_recs': 368L, 'cvl_partition': 1, 'cvl_zoom': 3, 'aggrank': 342.13386292010546}
27/06/2013 18:22:03.744629 [500k_pt_cells_lp] stats {'num_recs': 590L, 'cvl_partition': 1, 'cvl_zoom': 4, 'aggrank': 489.50315815396607}
27/06/2013 18:22:03.744651 [500k_pt_cells_lp] stats {'num_recs': 2822L, 'cvl_partition': 1, 'cvl_zoom': 5, 'aggrank': 2554.4054622412659}
27/06/2013 18:22:03.744672 [500k_pt_cells_lp] stats {'num_recs': 5674L, 'cvl_partition': 1, 'cvl_zoom': 6, 'aggrank': 4569.5168203851208}
27/06/2013 18:22:03.744694 [500k_pt_cells_lp] stats {'num_recs': 15428L, 'cvl_partition': 1, 'cvl_zoom': 7, 'aggrank': 11570.998224137817}
27/06/2013 18:22:03.744715 [500k_pt_cells_lp] stats {'num_recs': 28085L, 'cvl_partition': 1, 'cvl_zoom': 8, 'aggrank': 18628.996057730634}
27/06/2013 18:22:03.744739 [500k_pt_cells_lp] stats {'num_recs': 50883L, 'cvl_partition': 1, 'cvl_zoom': 9, 'aggrank': 31475.050420520362}
27/06/2013 18:22:03.744761 [500k_pt_cells_lp] stats {'num_recs': 68067L, 'cvl_partition': 1, 'cvl_zoom': 10, 'aggrank': 38830.141987801064}
27/06/2013 18:22:03.744782 [500k_pt_cells_lp] stats {'num_recs': 95276L, 'cvl_partition': 1, 'cvl_zoom': 11, 'aggrank': 51454.113313679118}
27/06/2013 18:22:03.744802 [500k_pt_cells_lp] stats {'num_recs': 104458L, 'cvl_partition': 1, 'cvl_zoom': 12, 'aggrank': 48178.802429476287}
27/06/2013 18:22:03.744823 [500k_pt_cells_lp] stats {'num_recs': 80139L, 'cvl_partition': 1, 'cvl_zoom': 13, 'aggrank': 31043.942922164686}
27/06/2013 18:22:03.744843 [500k_pt_cells_lp] stats {'num_recs': 42558L, 'cvl_partition': 1, 'cvl_zoom': 14, 'aggrank': 13929.091722653713}
27/06/2013 18:22:03.744864 [500k_pt_cells_lp] stats {'num_recs': 28653L, 'cvl_partition': 1, 'cvl_zoom': 15, 'aggrank': 8562.2370053851046}
27/06/2013 18:22:03.883819 [500k_pt_cells_lp] COMMIT
27/06/2013 18:22:03.950113 [7k_pt_cells_bound] BEGIN_TRANSACTION
27/06/2013 18:22:04.150890 [7k_pt_cells_bound] initialized
27/06/2013 18:22:04.151212 [7k_pt_cells_bound] merged_partitions
27/06/2013 18:22:04.154574 [7k_pt_cells_bound] initialized_level 17
27/06/2013 18:22:04.154873 [7k_pt_cells_bound] forced_level 17
27/06/2013 18:22:08.000482 [7k_pt_cells_bound] found_conflicts 17
27/06/2013 18:22:08.005780 [7k_pt_cells_bound] resolved_conflicts 17
27/06/2013 18:22:08.006098 [7k_pt_cells_bound] transformed_level 17
27/06/2013 18:22:08.007259 [7k_pt_cells_bound] finalized_level 17
27/06/2013 18:22:08.009952 [7k_pt_cells_bound] initialized_level 16
27/06/2013 18:22:08.010248 [7k_pt_cells_bound] forced_level 16
27/06/2013 18:22:11.844561 [7k_pt_cells_bound] found_conflicts 16
27/06/2013 18:22:11.845665 [7k_pt_cells_bound] resolved_conflicts 16
27/06/2013 18:22:11.845958 [7k_pt_cells_bound] transformed_level 16
27/06/2013 18:22:11.847025 [7k_pt_cells_bound] finalized_level 16
27/06/2013 18:22:11.849541 [7k_pt_cells_bound] initialized_level 15
27/06/2013 18:22:11.849841 [7k_pt_cells_bound] forced_level 15
27/06/2013 18:22:15.682968 [7k_pt_cells_bound] found_conflicts 15
27/06/2013 18:22:15.684352 [7k_pt_cells_bound] resolved_conflicts 15
27/06/2013 18:22:15.684777 [7k_pt_cells_bound] transformed_level 15
27/06/2013 18:22:15.685913 [7k_pt_cells_bound] finalized_level 15
27/06/2013 18:22:15.688687 [7k_pt_cells_bound] initialized_level 14
27/06/2013 18:22:15.688975 [7k_pt_cells_bound] forced_level 14
27/06/2013 18:22:19.527472 [7k_pt_cells_bound] found_conflicts 14
27/06/2013 18:22:19.528593 [7k_pt_cells_bound] resolved_conflicts 14
27/06/2013 18:22:19.528895 [7k_pt_cells_bound] transformed_level 14
27/06/2013 18:22:19.530000 [7k_pt_cells_bound] finalized_level 14
27/06/2013 18:22:19.532623 [7k_pt_cells_bound] initialized_level 13
27/06/2013 18:22:19.532924 [7k_pt_cells_bound] forced_level 13
27/06/2013 18:22:23.359206 [7k_pt_cells_bound] found_conflicts 13
27/06/2013 18:22:23.360337 [7k_pt_cells_bound] resolved_conflicts 13
27/06/2013 18:22:23.360639 [7k_pt_cells_bound] transformed_level 13
27/06/2013 18:22:23.361767 [7k_pt_cells_bound] finalized_level 13
27/06/2013 18:22:23.364471 [7k_pt_cells_bound] initialized_level 12
27/06/2013 18:22:23.364779 [7k_pt_cells_bound] forced_level 12
27/06/2013 18:22:27.194500 [7k_pt_cells_bound] found_conflicts 12
27/06/2013 18:22:27.195639 [7k_pt_cells_bound] resolved_conflicts 12
27/06/2013 18:22:27.195937 [7k_pt_cells_bound] transformed_level 12
27/06/2013 18:22:27.197064 [7k_pt_cells_bound] finalized_level 12
27/06/2013 18:22:27.199647 [7k_pt_cells_bound] initialized_level 11
27/06/2013 18:22:27.199949 [7k_pt_cells_bound] forced_level 11
27/06/2013 18:22:31.030761 [7k_pt_cells_bound] found_conflicts 11
27/06/2013 18:22:31.031875 [7k_pt_cells_bound] resolved_conflicts 11
27/06/2013 18:22:31.032179 [7k_pt_cells_bound] transformed_level 11
27/06/2013 18:22:31.033278 [7k_pt_cells_bound] finalized_level 11
27/06/2013 18:22:31.036122 [7k_pt_cells_bound] initialized_level 10
27/06/2013 18:22:31.036443 [7k_pt_cells_bound] forced_level 10
27/06/2013 18:22:34.863454 [7k_pt_cells_bound] found_conflicts 10
27/06/2013 18:22:34.864588 [7k_pt_cells_bound] resolved_conflicts 10
27/06/2013 18:22:34.864888 [7k_pt_cells_bound] transformed_level 10
27/06/2013 18:22:34.866054 [7k_pt_cells_bound] finalized_level 10
27/06/2013 18:22:34.868703 [7k_pt_cells_bound] initialized_level 9
27/06/2013 18:22:34.869007 [7k_pt_cells_bound] forced_level 9
27/06/2013 18:22:38.696689 [7k_pt_cells_bound] found_conflicts 9
27/06/2013 18:22:38.697810 [7k_pt_cells_bound] resolved_conflicts 9
27/06/2013 18:22:38.698106 [7k_pt_cells_bound] transformed_level 9
27/06/2013 18:22:38.699256 [7k_pt_cells_bound] finalized_level 9
27/06/2013 18:22:38.701897 [7k_pt_cells_bound] initialized_level 8
27/06/2013 18:22:38.702210 [7k_pt_cells_bound] forced_level 8
27/06/2013 18:22:42.545705 [7k_pt_cells_bound] found_conflicts 8
27/06/2013 18:22:42.558666 [7k_pt_cells_bound] resolved_conflicts 8
27/06/2013 18:22:42.558986 [7k_pt_cells_bound] transformed_level 8
27/06/2013 18:22:42.560168 [7k_pt_cells_bound] finalized_level 8
27/06/2013 18:22:42.562862 [7k_pt_cells_bound] initialized_level 7
27/06/2013 18:22:42.563147 [7k_pt_cells_bound] forced_level 7
27/06/2013 18:22:46.370836 [7k_pt_cells_bound] found_conflicts 7
27/06/2013 18:22:46.452110 [7k_pt_cells_bound] resolved_conflicts 7
27/06/2013 18:22:46.452671 [7k_pt_cells_bound] transformed_level 7
27/06/2013 18:22:46.454195 [7k_pt_cells_bound] finalized_level 7
27/06/2013 18:22:46.457283 [7k_pt_cells_bound] initialized_level 6
27/06/2013 18:22:46.457598 [7k_pt_cells_bound] forced_level 6
27/06/2013 18:22:50.054628 [7k_pt_cells_bound] found_conflicts 6
27/06/2013 18:22:50.375996 [7k_pt_cells_bound] resolved_conflicts 6
27/06/2013 18:22:50.376357 [7k_pt_cells_bound] transformed_level 6
27/06/2013 18:22:50.377629 [7k_pt_cells_bound] finalized_level 6
27/06/2013 18:22:50.380425 [7k_pt_cells_bound] initialized_level 5
27/06/2013 18:22:50.380726 [7k_pt_cells_bound] forced_level 5
27/06/2013 18:22:53.257785 [7k_pt_cells_bound] found_conflicts 5
27/06/2013 18:22:53.676482 [7k_pt_cells_bound] resolved_conflicts 5
27/06/2013 18:22:53.676813 [7k_pt_cells_bound] transformed_level 5
27/06/2013 18:22:53.678074 [7k_pt_cells_bound] finalized_level 5
27/06/2013 18:22:53.680846 [7k_pt_cells_bound] initialized_level 4
27/06/2013 18:22:53.681134 [7k_pt_cells_bound] forced_level 4
27/06/2013 18:22:55.289606 [7k_pt_cells_bound] found_conflicts 4
27/06/2013 18:22:55.566868 [7k_pt_cells_bound] resolved_conflicts 4
27/06/2013 18:22:55.567199 [7k_pt_cells_bound] transformed_level 4
27/06/2013 18:22:55.568487 [7k_pt_cells_bound] finalized_level 4
27/06/2013 18:22:55.571298 [7k_pt_cells_bound] initialized_level 3
27/06/2013 18:22:55.571588 [7k_pt_cells_bound] forced_level 3
27/06/2013 18:22:56.271396 [7k_pt_cells_bound] found_conflicts 3
27/06/2013 18:22:56.382193 [7k_pt_cells_bound] resolved_conflicts 3
27/06/2013 18:22:56.382552 [7k_pt_cells_bound] transformed_level 3
27/06/2013 18:22:56.383844 [7k_pt_cells_bound] finalized_level 3
27/06/2013 18:22:56.386696 [7k_pt_cells_bound] initialized_level 2
27/06/2013 18:22:56.387004 [7k_pt_cells_bound] forced_level 2
27/06/2013 18:22:56.654738 [7k_pt_cells_bound] found_conflicts 2
27/06/2013 18:22:56.697437 [7k_pt_cells_bound] resolved_conflicts 2
27/06/2013 18:22:56.697781 [7k_pt_cells_bound] transformed_level 2
27/06/2013 18:22:56.699069 [7k_pt_cells_bound] finalized_level 2
27/06/2013 18:22:56.701873 [7k_pt_cells_bound] initialized_level 1
27/06/2013 18:22:56.702161 [7k_pt_cells_bound] forced_level 1
27/06/2013 18:22:56.809189 [7k_pt_cells_bound] found_conflicts 1
27/06/2013 18:22:56.825466 [7k_pt_cells_bound] resolved_conflicts 1
27/06/2013 18:22:56.825823 [7k_pt_cells_bound] transformed_level 1
27/06/2013 18:22:56.827193 [7k_pt_cells_bound] finalized_level 1
27/06/2013 18:22:56.830200 [7k_pt_cells_bound] initialized_level 0
27/06/2013 18:22:56.830497 [7k_pt_cells_bound] forced_level 0
27/06/2013 18:22:56.869862 [7k_pt_cells_bound] found_conflicts 0
27/06/2013 18:22:56.880395 [7k_pt_cells_bound] resolved_conflicts 0
27/06/2013 18:22:56.880740 [7k_pt_cells_bound] transformed_level 0
27/06/2013 18:22:56.882046 [7k_pt_cells_bound] finalized_level 0
27/06/2013 18:22:56.886618 [7k_pt_cells_bound] stats {'num_recs': 17L, 'cvl_partition': 1, 'cvl_zoom': 0, 'aggrank': 6531.6638662116602}
27/06/2013 18:22:56.886721 [7k_pt_cells_bound] stats {'num_recs': 48L, 'cvl_partition': 1, 'cvl_zoom': 1, 'aggrank': 7335.7098168828525}
27/06/2013 18:22:56.886749 [7k_pt_cells_bound] stats {'num_recs': 130L, 'cvl_partition': 1, 'cvl_zoom': 2, 'aggrank': 7784.746128980536}
27/06/2013 18:22:56.886771 [7k_pt_cells_bound] stats {'num_recs': 313L, 'cvl_partition': 1, 'cvl_zoom': 3, 'aggrank': 12707.17348740343}
27/06/2013 18:22:56.886793 [7k_pt_cells_bound] stats {'num_recs': 830L, 'cvl_partition': 1, 'cvl_zoom': 4, 'aggrank': 12951.101507405285}
27/06/2013 18:22:56.886815 [7k_pt_cells_bound] stats {'num_recs': 1758L, 'cvl_partition': 1, 'cvl_zoom': 5, 'aggrank': 11822.309694601689}
27/06/2013 18:22:56.886837 [7k_pt_cells_bound] stats {'num_recs': 2460L, 'cvl_partition': 1, 'cvl_zoom': 6, 'aggrank': 4769.1089904964902}
27/06/2013 18:22:56.886858 [7k_pt_cells_bound] stats {'num_recs': 1405L, 'cvl_partition': 1, 'cvl_zoom': 7, 'aggrank': 722.71232231007889}
27/06/2013 18:22:56.886878 [7k_pt_cells_bound] stats {'num_recs': 430L, 'cvl_partition': 1, 'cvl_zoom': 8, 'aggrank': 125.37425030581653}
27/06/2013 18:22:56.886899 [7k_pt_cells_bound] stats {'num_recs': 20L, 'cvl_partition': 1, 'cvl_zoom': 9, 'aggrank': 4.5972154252231121}
27/06/2013 18:22:56.966822 [7k_pt_cells_bound] COMMIT
27/06/2013 18:22:57.043228 [7k_pt_cells_heuristic] BEGIN_TRANSACTION
27/06/2013 18:22:57.213864 [7k_pt_cells_heuristic] initialized
27/06/2013 18:22:57.214218 [7k_pt_cells_heuristic] merged_partitions
27/06/2013 18:22:57.217502 [7k_pt_cells_heuristic] initialized_level 17
27/06/2013 18:22:57.217807 [7k_pt_cells_heuristic] forced_level 17
27/06/2013 18:23:01.093244 [7k_pt_cells_heuristic] found_conflicts 17
27/06/2013 18:23:01.094568 [7k_pt_cells_heuristic] resolved_conflicts 17
27/06/2013 18:23:01.094879 [7k_pt_cells_heuristic] transformed_level 17
27/06/2013 18:23:01.096043 [7k_pt_cells_heuristic] finalized_level 17
27/06/2013 18:23:01.099371 [7k_pt_cells_heuristic] initialized_level 16
27/06/2013 18:23:01.099670 [7k_pt_cells_heuristic] forced_level 16
27/06/2013 18:23:04.956472 [7k_pt_cells_heuristic] found_conflicts 16
27/06/2013 18:23:04.957453 [7k_pt_cells_heuristic] resolved_conflicts 16
27/06/2013 18:23:04.957745 [7k_pt_cells_heuristic] transformed_level 16
27/06/2013 18:23:04.958860 [7k_pt_cells_heuristic] finalized_level 16
27/06/2013 18:23:04.961370 [7k_pt_cells_heuristic] initialized_level 15
27/06/2013 18:23:04.961668 [7k_pt_cells_heuristic] forced_level 15
27/06/2013 18:23:08.780306 [7k_pt_cells_heuristic] found_conflicts 15
27/06/2013 18:23:08.781306 [7k_pt_cells_heuristic] resolved_conflicts 15
27/06/2013 18:23:08.781596 [7k_pt_cells_heuristic] transformed_level 15
27/06/2013 18:23:08.782714 [7k_pt_cells_heuristic] finalized_level 15
27/06/2013 18:23:08.785370 [7k_pt_cells_heuristic] initialized_level 14
27/06/2013 18:23:08.785669 [7k_pt_cells_heuristic] forced_level 14
27/06/2013 18:23:12.662519 [7k_pt_cells_heuristic] found_conflicts 14
27/06/2013 18:23:12.663582 [7k_pt_cells_heuristic] resolved_conflicts 14
27/06/2013 18:23:12.663889 [7k_pt_cells_heuristic] transformed_level 14
27/06/2013 18:23:12.665092 [7k_pt_cells_heuristic] finalized_level 14
27/06/2013 18:23:12.667791 [7k_pt_cells_heuristic] initialized_level 13
27/06/2013 18:23:12.668127 [7k_pt_cells_heuristic] forced_level 13
27/06/2013 18:23:16.507853 [7k_pt_cells_heuristic] found_conflicts 13
27/06/2013 18:23:16.508862 [7k_pt_cells_heuristic] resolved_conflicts 13
27/06/2013 18:23:16.509158 [7k_pt_cells_heuristic] transformed_level 13
27/06/2013 18:23:16.510263 [7k_pt_cells_heuristic] finalized_level 13
27/06/2013 18:23:16.513007 [7k_pt_cells_heuristic] initialized_level 12
27/06/2013 18:23:16.513320 [7k_pt_cells_heuristic] forced_level 12
27/06/2013 18:23:20.346899 [7k_pt_cells_heuristic] found_conflicts 12
27/06/2013 18:23:20.347886 [7k_pt_cells_heuristic] resolved_conflicts 12
27/06/2013 18:23:20.348193 [7k_pt_cells_heuristic] transformed_level 12
27/06/2013 18:23:20.349301 [7k_pt_cells_heuristic] finalized_level 12
27/06/2013 18:23:20.351892 [7k_pt_cells_heuristic] initialized_level 11
27/06/2013 18:23:20.352191 [7k_pt_cells_heuristic] forced_level 11
27/06/2013 18:23:24.200327 [7k_pt_cells_heuristic] found_conflicts 11
27/06/2013 18:23:24.201315 [7k_pt_cells_heuristic] resolved_conflicts 11
27/06/2013 18:23:24.201618 [7k_pt_cells_heuristic] transformed_level 11
27/06/2013 18:23:24.202759 [7k_pt_cells_heuristic] finalized_level 11
27/06/2013 18:23:24.205477 [7k_pt_cells_heuristic] initialized_level 10
27/06/2013 18:23:24.205787 [7k_pt_cells_heuristic] forced_level 10
27/06/2013 18:23:28.010696 [7k_pt_cells_heuristic] found_conflicts 10
27/06/2013 18:23:28.011711 [7k_pt_cells_heuristic] resolved_conflicts 10
27/06/2013 18:23:28.012021 [7k_pt_cells_heuristic] transformed_level 10
27/06/2013 18:23:28.013176 [7k_pt_cells_heuristic] finalized_level 10
27/06/2013 18:23:28.015834 [7k_pt_cells_heuristic] initialized_level 9
27/06/2013 18:23:28.016144 [7k_pt_cells_heuristic] forced_level 9
27/06/2013 18:23:31.835061 [7k_pt_cells_heuristic] found_conflicts 9
27/06/2013 18:23:31.836068 [7k_pt_cells_heuristic] resolved_conflicts 9
27/06/2013 18:23:31.836375 [7k_pt_cells_heuristic] transformed_level 9
27/06/2013 18:23:31.837539 [7k_pt_cells_heuristic] finalized_level 9
27/06/2013 18:23:31.840507 [7k_pt_cells_heuristic] initialized_level 8
27/06/2013 18:23:31.840823 [7k_pt_cells_heuristic] forced_level 8
27/06/2013 18:23:35.648301 [7k_pt_cells_heuristic] found_conflicts 8
27/06/2013 18:23:35.653298 [7k_pt_cells_heuristic] resolved_conflicts 8
27/06/2013 18:23:35.653634 [7k_pt_cells_heuristic] transformed_level 8
27/06/2013 18:23:35.654831 [7k_pt_cells_heuristic] finalized_level 8
27/06/2013 18:23:35.657508 [7k_pt_cells_heuristic] initialized_level 7
27/06/2013 18:23:35.657815 [7k_pt_cells_heuristic] forced_level 7
27/06/2013 18:23:39.458618 [7k_pt_cells_heuristic] found_conflicts 7
27/06/2013 18:23:39.480893 [7k_pt_cells_heuristic] resolved_conflicts 7
27/06/2013 18:23:39.481244 [7k_pt_cells_heuristic] transformed_level 7
27/06/2013 18:23:39.482499 [7k_pt_cells_heuristic] finalized_level 7
27/06/2013 18:23:39.485211 [7k_pt_cells_heuristic] initialized_level 6
27/06/2013 18:23:39.485517 [7k_pt_cells_heuristic] forced_level 6
27/06/2013 18:23:43.064000 [7k_pt_cells_heuristic] found_conflicts 6
27/06/2013 18:23:43.117588 [7k_pt_cells_heuristic] resolved_conflicts 6
27/06/2013 18:23:43.117918 [7k_pt_cells_heuristic] transformed_level 6
27/06/2013 18:23:43.119175 [7k_pt_cells_heuristic] finalized_level 6
27/06/2013 18:23:43.121998 [7k_pt_cells_heuristic] initialized_level 5
27/06/2013 18:23:43.122295 [7k_pt_cells_heuristic] forced_level 5
27/06/2013 18:23:45.975791 [7k_pt_cells_heuristic] found_conflicts 5
27/06/2013 18:23:46.054494 [7k_pt_cells_heuristic] resolved_conflicts 5
27/06/2013 18:23:46.054860 [7k_pt_cells_heuristic] transformed_level 5
27/06/2013 18:23:46.056119 [7k_pt_cells_heuristic] finalized_level 5
27/06/2013 18:23:46.058895 [7k_pt_cells_heuristic] initialized_level 4
27/06/2013 18:23:46.059200 [7k_pt_cells_heuristic] forced_level 4
27/06/2013 18:23:47.651786 [7k_pt_cells_heuristic] found_conflicts 4
27/06/2013 18:23:47.706475 [7k_pt_cells_heuristic] resolved_conflicts 4
27/06/2013 18:23:47.706845 [7k_pt_cells_heuristic] transformed_level 4
27/06/2013 18:23:47.708091 [7k_pt_cells_heuristic] finalized_level 4
27/06/2013 18:23:47.710927 [7k_pt_cells_heuristic] initialized_level 3
27/06/2013 18:23:47.711243 [7k_pt_cells_heuristic] forced_level 3
27/06/2013 18:23:48.403204 [7k_pt_cells_heuristic] found_conflicts 3
27/06/2013 18:23:48.430424 [7k_pt_cells_heuristic] resolved_conflicts 3
27/06/2013 18:23:48.430795 [7k_pt_cells_heuristic] transformed_level 3
27/06/2013 18:23:48.432063 [7k_pt_cells_heuristic] finalized_level 3
27/06/2013 18:23:48.434930 [7k_pt_cells_heuristic] initialized_level 2
27/06/2013 18:23:48.435237 [7k_pt_cells_heuristic] forced_level 2
27/06/2013 18:23:48.699073 [7k_pt_cells_heuristic] found_conflicts 2
27/06/2013 18:23:48.712067 [7k_pt_cells_heuristic] resolved_conflicts 2
27/06/2013 18:23:48.712421 [7k_pt_cells_heuristic] transformed_level 2
27/06/2013 18:23:48.713677 [7k_pt_cells_heuristic] finalized_level 2
27/06/2013 18:23:48.716582 [7k_pt_cells_heuristic] initialized_level 1
27/06/2013 18:23:48.716889 [7k_pt_cells_heuristic] forced_level 1
27/06/2013 18:23:48.821246 [7k_pt_cells_heuristic] found_conflicts 1
27/06/2013 18:23:48.828488 [7k_pt_cells_heuristic] resolved_conflicts 1
27/06/2013 18:23:48.828824 [7k_pt_cells_heuristic] transformed_level 1
27/06/2013 18:23:48.830068 [7k_pt_cells_heuristic] finalized_level 1
27/06/2013 18:23:48.832930 [7k_pt_cells_heuristic] initialized_level 0
27/06/2013 18:23:48.833244 [7k_pt_cells_heuristic] forced_level 0
27/06/2013 18:23:48.872343 [7k_pt_cells_heuristic] found_conflicts 0
27/06/2013 18:23:48.877107 [7k_pt_cells_heuristic] resolved_conflicts 0
27/06/2013 18:23:48.877444 [7k_pt_cells_heuristic] transformed_level 0
27/06/2013 18:23:48.878699 [7k_pt_cells_heuristic] finalized_level 0
27/06/2013 18:23:48.883172 [7k_pt_cells_heuristic] stats {'num_recs': 17L, 'cvl_partition': 1, 'cvl_zoom': 0, 'aggrank': 6532.5149141643196}
27/06/2013 18:23:48.883266 [7k_pt_cells_heuristic] stats {'num_recs': 48L, 'cvl_partition': 1, 'cvl_zoom': 1, 'aggrank': 7335.4386666198261}
27/06/2013 18:23:48.883294 [7k_pt_cells_heuristic] stats {'num_recs': 126L, 'cvl_partition': 1, 'cvl_zoom': 2, 'aggrank': 7592.6462160064839}
27/06/2013 18:23:48.883317 [7k_pt_cells_heuristic] stats {'num_recs': 312L, 'cvl_partition': 1, 'cvl_zoom': 3, 'aggrank': 12871.97320814291}
27/06/2013 18:23:48.883339 [7k_pt_cells_heuristic] stats {'num_recs': 830L, 'cvl_partition': 1, 'cvl_zoom': 4, 'aggrank': 12961.762838163413}
27/06/2013 18:23:48.883361 [7k_pt_cells_heuristic] stats {'num_recs': 1758L, 'cvl_partition': 1, 'cvl_zoom': 5, 'aggrank': 11817.16033120919}
27/06/2013 18:23:48.883382 [7k_pt_cells_heuristic] stats {'num_recs': 2457L, 'cvl_partition': 1, 'cvl_zoom': 6, 'aggrank': 4770.2198202461004}
27/06/2013 18:23:48.883404 [7k_pt_cells_heuristic] stats {'num_recs': 1411L, 'cvl_partition': 1, 'cvl_zoom': 7, 'aggrank': 729.52475736290216}
27/06/2013 18:23:48.883425 [7k_pt_cells_heuristic] stats {'num_recs': 432L, 'cvl_partition': 1, 'cvl_zoom': 8, 'aggrank': 125.61096572177485}
27/06/2013 18:23:48.883447 [7k_pt_cells_heuristic] stats {'num_recs': 20L, 'cvl_partition': 1, 'cvl_zoom': 9, 'aggrank': 3.4580114339478314}
27/06/2013 18:23:48.961089 [7k_pt_cells_heuristic] COMMIT
27/06/2013 18:23:49.026351 [7k_pt_cells_lp] BEGIN_TRANSACTION
27/06/2013 18:23:49.198569 [7k_pt_cells_lp] initialized
27/06/2013 18:23:49.199037 [7k_pt_cells_lp] merged_partitions
27/06/2013 18:23:49.202522 [7k_pt_cells_lp] initialized_level 17
27/06/2013 18:23:49.202980 [7k_pt_cells_lp] forced_level 17
27/06/2013 18:23:53.027733 [7k_pt_cells_lp] found_conflicts 17
27/06/2013 18:23:53.033039 [7k_pt_cells_lp] resolved_conflicts 17
27/06/2013 18:23:53.033363 [7k_pt_cells_lp] transformed_level 17
27/06/2013 18:23:53.034522 [7k_pt_cells_lp] finalized_level 17
27/06/2013 18:23:53.037080 [7k_pt_cells_lp] initialized_level 16
27/06/2013 18:23:53.037384 [7k_pt_cells_lp] forced_level 16
27/06/2013 18:23:56.856625 [7k_pt_cells_lp] found_conflicts 16
27/06/2013 18:23:56.857741 [7k_pt_cells_lp] resolved_conflicts 16
27/06/2013 18:23:56.858033 [7k_pt_cells_lp] transformed_level 16
27/06/2013 18:23:56.859148 [7k_pt_cells_lp] finalized_level 16
27/06/2013 18:23:56.861777 [7k_pt_cells_lp] initialized_level 15
27/06/2013 18:23:56.862078 [7k_pt_cells_lp] forced_level 15
27/06/2013 18:24:00.722888 [7k_pt_cells_lp] found_conflicts 15
27/06/2013 18:24:00.724005 [7k_pt_cells_lp] resolved_conflicts 15
27/06/2013 18:24:00.724304 [7k_pt_cells_lp] transformed_level 15
27/06/2013 18:24:00.725393 [7k_pt_cells_lp] finalized_level 15
27/06/2013 18:24:00.728094 [7k_pt_cells_lp] initialized_level 14
27/06/2013 18:24:00.728406 [7k_pt_cells_lp] forced_level 14
27/06/2013 18:24:04.582783 [7k_pt_cells_lp] found_conflicts 14
27/06/2013 18:24:04.583895 [7k_pt_cells_lp] resolved_conflicts 14
27/06/2013 18:24:04.584187 [7k_pt_cells_lp] transformed_level 14
27/06/2013 18:24:04.585285 [7k_pt_cells_lp] finalized_level 14
27/06/2013 18:24:04.587983 [7k_pt_cells_lp] initialized_level 13
27/06/2013 18:24:04.588288 [7k_pt_cells_lp] forced_level 13
27/06/2013 18:24:08.422775 [7k_pt_cells_lp] found_conflicts 13
27/06/2013 18:24:08.424092 [7k_pt_cells_lp] resolved_conflicts 13
27/06/2013 18:24:08.424395 [7k_pt_cells_lp] transformed_level 13
27/06/2013 18:24:08.425544 [7k_pt_cells_lp] finalized_level 13
27/06/2013 18:24:08.428191 [7k_pt_cells_lp] initialized_level 12
27/06/2013 18:24:08.428492 [7k_pt_cells_lp] forced_level 12
27/06/2013 18:24:12.258347 [7k_pt_cells_lp] found_conflicts 12
27/06/2013 18:24:12.259445 [7k_pt_cells_lp] resolved_conflicts 12
27/06/2013 18:24:12.259725 [7k_pt_cells_lp] transformed_level 12
27/06/2013 18:24:12.260804 [7k_pt_cells_lp] finalized_level 12
27/06/2013 18:24:12.263490 [7k_pt_cells_lp] initialized_level 11
27/06/2013 18:24:12.263807 [7k_pt_cells_lp] forced_level 11
27/06/2013 18:24:16.089635 [7k_pt_cells_lp] found_conflicts 11
27/06/2013 18:24:16.091049 [7k_pt_cells_lp] resolved_conflicts 11
27/06/2013 18:24:16.091479 [7k_pt_cells_lp] transformed_level 11
27/06/2013 18:24:16.092602 [7k_pt_cells_lp] finalized_level 11
27/06/2013 18:24:16.095304 [7k_pt_cells_lp] initialized_level 10
27/06/2013 18:24:16.095627 [7k_pt_cells_lp] forced_level 10
27/06/2013 18:24:19.910980 [7k_pt_cells_lp] found_conflicts 10
27/06/2013 18:24:19.912118 [7k_pt_cells_lp] resolved_conflicts 10
27/06/2013 18:24:19.912417 [7k_pt_cells_lp] transformed_level 10
27/06/2013 18:24:19.913574 [7k_pt_cells_lp] finalized_level 10
27/06/2013 18:24:19.916243 [7k_pt_cells_lp] initialized_level 9
27/06/2013 18:24:19.916560 [7k_pt_cells_lp] forced_level 9
27/06/2013 18:24:23.735605 [7k_pt_cells_lp] found_conflicts 9
27/06/2013 18:24:23.736762 [7k_pt_cells_lp] resolved_conflicts 9
27/06/2013 18:24:23.737063 [7k_pt_cells_lp] transformed_level 9
27/06/2013 18:24:23.738220 [7k_pt_cells_lp] finalized_level 9
27/06/2013 18:24:23.741113 [7k_pt_cells_lp] initialized_level 8
27/06/2013 18:24:23.741428 [7k_pt_cells_lp] forced_level 8
27/06/2013 18:24:27.555848 [7k_pt_cells_lp] found_conflicts 8
27/06/2013 18:24:27.568459 [7k_pt_cells_lp] resolved_conflicts 8
27/06/2013 18:24:27.568808 [7k_pt_cells_lp] transformed_level 8
27/06/2013 18:24:27.569996 [7k_pt_cells_lp] finalized_level 8
27/06/2013 18:24:27.572808 [7k_pt_cells_lp] initialized_level 7
27/06/2013 18:24:27.573111 [7k_pt_cells_lp] forced_level 7
27/06/2013 18:24:31.388561 [7k_pt_cells_lp] found_conflicts 7
27/06/2013 18:24:31.466649 [7k_pt_cells_lp] resolved_conflicts 7
27/06/2013 18:24:31.467008 [7k_pt_cells_lp] transformed_level 7
27/06/2013 18:24:31.468269 [7k_pt_cells_lp] finalized_level 7
27/06/2013 18:24:31.471212 [7k_pt_cells_lp] initialized_level 6
27/06/2013 18:24:31.471518 [7k_pt_cells_lp] forced_level 6
27/06/2013 18:24:35.066719 [7k_pt_cells_lp] found_conflicts 6
27/06/2013 18:24:35.359134 [7k_pt_cells_lp] resolved_conflicts 6
27/06/2013 18:24:35.359661 [7k_pt_cells_lp] transformed_level 6
27/06/2013 18:24:35.360940 [7k_pt_cells_lp] finalized_level 6
27/06/2013 18:24:35.363758 [7k_pt_cells_lp] initialized_level 5
27/06/2013 18:24:35.364072 [7k_pt_cells_lp] forced_level 5
27/06/2013 18:24:38.210662 [7k_pt_cells_lp] found_conflicts 5
27/06/2013 18:24:38.638635 [7k_pt_cells_lp] resolved_conflicts 5
27/06/2013 18:24:38.638994 [7k_pt_cells_lp] transformed_level 5
27/06/2013 18:24:38.640298 [7k_pt_cells_lp] finalized_level 5
27/06/2013 18:24:38.643205 [7k_pt_cells_lp] initialized_level 4
27/06/2013 18:24:38.643526 [7k_pt_cells_lp] forced_level 4
27/06/2013 18:24:40.238647 [7k_pt_cells_lp] found_conflicts 4
27/06/2013 18:24:40.504675 [7k_pt_cells_lp] resolved_conflicts 4
27/06/2013 18:24:40.505034 [7k_pt_cells_lp] transformed_level 4
27/06/2013 18:24:40.506317 [7k_pt_cells_lp] finalized_level 4
27/06/2013 18:24:40.509171 [7k_pt_cells_lp] initialized_level 3
27/06/2013 18:24:40.509480 [7k_pt_cells_lp] forced_level 3
27/06/2013 18:24:41.171505 [7k_pt_cells_lp] found_conflicts 3
27/06/2013 18:24:41.271518 [7k_pt_cells_lp] resolved_conflicts 3
27/06/2013 18:24:41.271890 [7k_pt_cells_lp] transformed_level 3
27/06/2013 18:24:41.273161 [7k_pt_cells_lp] finalized_level 3
27/06/2013 18:24:41.276047 [7k_pt_cells_lp] initialized_level 2
27/06/2013 18:24:41.276353 [7k_pt_cells_lp] forced_level 2
27/06/2013 18:24:41.540581 [7k_pt_cells_lp] found_conflicts 2
27/06/2013 18:24:41.584306 [7k_pt_cells_lp] resolved_conflicts 2
27/06/2013 18:24:41.584663 [7k_pt_cells_lp] transformed_level 2
27/06/2013 18:24:41.585961 [7k_pt_cells_lp] finalized_level 2
27/06/2013 18:24:41.588877 [7k_pt_cells_lp] initialized_level 1
27/06/2013 18:24:41.589205 [7k_pt_cells_lp] forced_level 1
27/06/2013 18:24:41.692671 [7k_pt_cells_lp] found_conflicts 1
27/06/2013 18:24:41.708202 [7k_pt_cells_lp] resolved_conflicts 1
27/06/2013 18:24:41.708574 [7k_pt_cells_lp] transformed_level 1
27/06/2013 18:24:41.709848 [7k_pt_cells_lp] finalized_level 1
27/06/2013 18:24:41.712720 [7k_pt_cells_lp] initialized_level 0
27/06/2013 18:24:41.713016 [7k_pt_cells_lp] forced_level 0
27/06/2013 18:24:41.752248 [7k_pt_cells_lp] found_conflicts 0
27/06/2013 18:24:41.762220 [7k_pt_cells_lp] resolved_conflicts 0
27/06/2013 18:24:41.762550 [7k_pt_cells_lp] transformed_level 0
27/06/2013 18:24:41.763797 [7k_pt_cells_lp] finalized_level 0
27/06/2013 18:24:41.768169 [7k_pt_cells_lp] stats {'num_recs': 16L, 'cvl_partition': 1, 'cvl_zoom': 0, 'aggrank': 6203.6052131266333}
27/06/2013 18:24:41.768248 [7k_pt_cells_lp] stats {'num_recs': 49L, 'cvl_partition': 1, 'cvl_zoom': 1, 'aggrank': 7664.8451666659676}
27/06/2013 18:24:41.768276 [7k_pt_cells_lp] stats {'num_recs': 125L, 'cvl_partition': 1, 'cvl_zoom': 2, 'aggrank': 7586.6650519249961}
27/06/2013 18:24:41.768299 [7k_pt_cells_lp] stats {'num_recs': 312L, 'cvl_partition': 1, 'cvl_zoom': 3, 'aggrank': 12876.30232085241}
27/06/2013 18:24:41.768321 [7k_pt_cells_lp] stats {'num_recs': 764L, 'cvl_partition': 1, 'cvl_zoom': 4, 'aggrank': 12714.805511462037}
27/06/2013 18:24:41.768343 [7k_pt_cells_lp] stats {'num_recs': 1819L, 'cvl_partition': 1, 'cvl_zoom': 5, 'aggrank': 12086.223631956149}
27/06/2013 18:24:41.768365 [7k_pt_cells_lp] stats {'num_recs': 2437L, 'cvl_partition': 1, 'cvl_zoom': 6, 'aggrank': 4739.4984662034549}
27/06/2013 18:24:41.768386 [7k_pt_cells_lp] stats {'num_recs': 1436L, 'cvl_partition': 1, 'cvl_zoom': 7, 'aggrank': 737.16864476678893}
27/06/2013 18:24:41.768407 [7k_pt_cells_lp] stats {'num_recs': 433L, 'cvl_partition': 1, 'cvl_zoom': 8, 'aggrank': 120.1384193575941}
27/06/2013 18:24:41.768431 [7k_pt_cells_lp] stats {'num_recs': 20L, 'cvl_partition': 1, 'cvl_zoom': 9, 'aggrank': 3.9105638996697962}
27/06/2013 18:24:41.864757 [7k_pt_cells_lp] COMMIT
