27/06/2013 18:38:30.967806 [500k_pt_cells_bound] BEGIN_TRANSACTION
27/06/2013 18:38:47.665240 [500k_pt_cells_bound] initialized
27/06/2013 18:38:47.665626 [500k_pt_cells_bound] merged_partitions
27/06/2013 18:38:47.758372 [500k_pt_cells_bound] initialized_level 14
27/06/2013 18:38:47.758768 [500k_pt_cells_bound] forced_level 14
27/06/2013 18:44:08.907135 [500k_pt_cells_bound] found_conflicts 14
27/06/2013 18:44:49.294805 [500k_pt_cells_bound] resolved_conflicts 14
27/06/2013 18:44:49.295271 [500k_pt_cells_bound] transformed_level 14
27/06/2013 18:44:49.325183 [500k_pt_cells_bound] finalized_level 14
27/06/2013 18:44:49.401870 [500k_pt_cells_bound] initialized_level 13
27/06/2013 18:44:49.402240 [500k_pt_cells_bound] forced_level 13
27/06/2013 18:49:54.868567 [500k_pt_cells_bound] found_conflicts 13
27/06/2013 18:51:51.465238 [500k_pt_cells_bound] resolved_conflicts 13
27/06/2013 18:51:51.466317 [500k_pt_cells_bound] transformed_level 13
27/06/2013 18:51:51.468953 [500k_pt_cells_bound] finalized_level 13
27/06/2013 18:51:51.473082 [500k_pt_cells_bound] initialized_level 12
27/06/2013 18:51:51.473436 [500k_pt_cells_bound] forced_level 12
27/06/2013 18:56:34.214280 [500k_pt_cells_bound] found_conflicts 12
27/06/2013 19:01:46.460194 [500k_pt_cells_bound] resolved_conflicts 12
27/06/2013 19:01:46.461292 [500k_pt_cells_bound] transformed_level 12
27/06/2013 19:01:46.480975 [500k_pt_cells_bound] finalized_level 12
27/06/2013 19:01:46.519766 [500k_pt_cells_bound] initialized_level 11
27/06/2013 19:01:46.520304 [500k_pt_cells_bound] forced_level 11
27/06/2013 19:05:48.982764 [500k_pt_cells_bound] found_conflicts 11
27/06/2013 19:11:32.290048 [500k_pt_cells_bound] resolved_conflicts 11
27/06/2013 19:11:32.290439 [500k_pt_cells_bound] transformed_level 11
27/06/2013 19:11:32.292522 [500k_pt_cells_bound] finalized_level 11
27/06/2013 19:11:32.342057 [500k_pt_cells_bound] initialized_level 10
27/06/2013 19:11:32.342444 [500k_pt_cells_bound] forced_level 10
27/06/2013 19:14:22.113485 [500k_pt_cells_bound] found_conflicts 10
27/06/2013 19:18:29.729789 [500k_pt_cells_bound] resolved_conflicts 10
27/06/2013 19:18:29.730387 [500k_pt_cells_bound] transformed_level 10
27/06/2013 19:18:29.732562 [500k_pt_cells_bound] finalized_level 10
27/06/2013 19:18:29.780040 [500k_pt_cells_bound] initialized_level 9
27/06/2013 19:18:29.780639 [500k_pt_cells_bound] forced_level 9
27/06/2013 19:20:16.116766 [500k_pt_cells_bound] found_conflicts 9
27/06/2013 19:22:22.328205 [500k_pt_cells_bound] resolved_conflicts 9
27/06/2013 19:22:22.328644 [500k_pt_cells_bound] transformed_level 9
27/06/2013 19:22:22.368340 [500k_pt_cells_bound] finalized_level 9
27/06/2013 19:22:22.503525 [500k_pt_cells_bound] initialized_level 8
27/06/2013 19:22:22.504268 [500k_pt_cells_bound] forced_level 8
27/06/2013 19:23:29.636369 [500k_pt_cells_bound] found_conflicts 8
27/06/2013 19:24:35.124539 [500k_pt_cells_bound] resolved_conflicts 8
27/06/2013 19:24:35.124926 [500k_pt_cells_bound] transformed_level 8
27/06/2013 19:24:35.126959 [500k_pt_cells_bound] finalized_level 8
27/06/2013 19:24:35.190870 [500k_pt_cells_bound] initialized_level 7
27/06/2013 19:24:35.191259 [500k_pt_cells_bound] forced_level 7
27/06/2013 19:25:11.472202 [500k_pt_cells_bound] found_conflicts 7
27/06/2013 19:25:36.259269 [500k_pt_cells_bound] resolved_conflicts 7
27/06/2013 19:25:36.259686 [500k_pt_cells_bound] transformed_level 7
27/06/2013 19:25:36.261932 [500k_pt_cells_bound] finalized_level 7
27/06/2013 19:25:36.313393 [500k_pt_cells_bound] initialized_level 6
27/06/2013 19:25:36.313960 [500k_pt_cells_bound] forced_level 6
27/06/2013 19:25:52.601701 [500k_pt_cells_bound] found_conflicts 6
27/06/2013 19:26:04.841956 [500k_pt_cells_bound] resolved_conflicts 6
27/06/2013 19:26:04.842536 [500k_pt_cells_bound] transformed_level 6
27/06/2013 19:26:04.844684 [500k_pt_cells_bound] finalized_level 6
27/06/2013 19:26:04.849236 [500k_pt_cells_bound] initialized_level 5
27/06/2013 19:26:04.849629 [500k_pt_cells_bound] forced_level 5
27/06/2013 19:26:12.839439 [500k_pt_cells_bound] found_conflicts 5
27/06/2013 19:26:15.636203 [500k_pt_cells_bound] resolved_conflicts 5
27/06/2013 19:26:15.636641 [500k_pt_cells_bound] transformed_level 5
27/06/2013 19:26:15.638588 [500k_pt_cells_bound] finalized_level 5
27/06/2013 19:26:15.642805 [500k_pt_cells_bound] initialized_level 4
27/06/2013 19:26:15.643292 [500k_pt_cells_bound] forced_level 4
27/06/2013 19:26:18.521188 [500k_pt_cells_bound] found_conflicts 4
27/06/2013 19:26:19.553779 [500k_pt_cells_bound] resolved_conflicts 4
27/06/2013 19:26:19.554186 [500k_pt_cells_bound] transformed_level 4
27/06/2013 19:26:19.556007 [500k_pt_cells_bound] finalized_level 4
27/06/2013 19:26:19.607092 [500k_pt_cells_bound] initialized_level 3
27/06/2013 19:26:19.607636 [500k_pt_cells_bound] forced_level 3
27/06/2013 19:26:21.096730 [500k_pt_cells_bound] found_conflicts 3
27/06/2013 19:26:21.735757 [500k_pt_cells_bound] resolved_conflicts 3
27/06/2013 19:26:21.736157 [500k_pt_cells_bound] transformed_level 3
27/06/2013 19:26:21.738017 [500k_pt_cells_bound] finalized_level 3
27/06/2013 19:26:21.742279 [500k_pt_cells_bound] initialized_level 2
27/06/2013 19:26:21.742657 [500k_pt_cells_bound] forced_level 2
27/06/2013 19:26:22.803267 [500k_pt_cells_bound] found_conflicts 2
27/06/2013 19:26:23.736605 [500k_pt_cells_bound] resolved_conflicts 2
27/06/2013 19:26:23.737007 [500k_pt_cells_bound] transformed_level 2
27/06/2013 19:26:23.738938 [500k_pt_cells_bound] finalized_level 2
27/06/2013 19:26:23.743779 [500k_pt_cells_bound] initialized_level 1
27/06/2013 19:26:23.744164 [500k_pt_cells_bound] forced_level 1
27/06/2013 19:26:24.241317 [500k_pt_cells_bound] found_conflicts 1
27/06/2013 19:26:26.467425 [500k_pt_cells_bound] resolved_conflicts 1
27/06/2013 19:26:26.468123 [500k_pt_cells_bound] transformed_level 1
27/06/2013 19:26:26.470249 [500k_pt_cells_bound] finalized_level 1
27/06/2013 19:26:26.475451 [500k_pt_cells_bound] initialized_level 0
27/06/2013 19:26:26.476025 [500k_pt_cells_bound] forced_level 0
27/06/2013 19:26:26.904729 [500k_pt_cells_bound] found_conflicts 0
27/06/2013 19:26:26.942913 [500k_pt_cells_bound] resolved_conflicts 0
27/06/2013 19:26:26.943429 [500k_pt_cells_bound] transformed_level 0
27/06/2013 19:26:26.945179 [500k_pt_cells_bound] finalized_level 0
27/06/2013 19:26:27.355393 [500k_pt_cells_bound] stats {'num_recs': 128L, 'cvl_partition': 1, 'cvl_zoom': 0, 'aggrank': 127.15551175829023}
27/06/2013 19:26:27.380038 [500k_pt_cells_bound] stats {'num_recs': 99L, 'cvl_partition': 1, 'cvl_zoom': 2, 'aggrank': 82.26360843190923}
27/06/2013 19:26:27.380107 [500k_pt_cells_bound] stats {'num_recs': 948L, 'cvl_partition': 1, 'cvl_zoom': 3, 'aggrank': 921.660936630331}
27/06/2013 19:26:27.380139 [500k_pt_cells_bound] stats {'num_recs': 698L, 'cvl_partition': 1, 'cvl_zoom': 4, 'aggrank': 591.5946819656529}
27/06/2013 19:26:27.380167 [500k_pt_cells_bound] stats {'num_recs': 2323L, 'cvl_partition': 1, 'cvl_zoom': 5, 'aggrank': 2064.005223837681}
27/06/2013 19:26:27.380195 [500k_pt_cells_bound] stats {'num_recs': 6166L, 'cvl_partition': 1, 'cvl_zoom': 6, 'aggrank': 5014.398322178051}
27/06/2013 19:26:27.380227 [500k_pt_cells_bound] stats {'num_recs': 16306L, 'cvl_partition': 1, 'cvl_zoom': 7, 'aggrank': 12379.369714823551}
27/06/2013 19:26:27.380257 [500k_pt_cells_bound] stats {'num_recs': 28701L, 'cvl_partition': 1, 'cvl_zoom': 8, 'aggrank': 19049.00817765016}
27/06/2013 19:26:27.380287 [500k_pt_cells_bound] stats {'num_recs': 50076L, 'cvl_partition': 1, 'cvl_zoom': 9, 'aggrank': 30735.3243292775}
27/06/2013 19:26:27.380316 [500k_pt_cells_bound] stats {'num_recs': 68312L, 'cvl_partition': 1, 'cvl_zoom': 10, 'aggrank': 39016.4838127885}
27/06/2013 19:26:27.380344 [500k_pt_cells_bound] stats {'num_recs': 95076L, 'cvl_partition': 1, 'cvl_zoom': 11, 'aggrank': 50966.60977626685}
27/06/2013 19:26:27.380372 [500k_pt_cells_bound] stats {'num_recs': 103049L, 'cvl_partition': 1, 'cvl_zoom': 12, 'aggrank': 47090.29057515506}
27/06/2013 19:26:27.380400 [500k_pt_cells_bound] stats {'num_recs': 80098L, 'cvl_partition': 1, 'cvl_zoom': 13, 'aggrank': 30904.680233543273}
27/06/2013 19:26:27.380429 [500k_pt_cells_bound] stats {'num_recs': 42518L, 'cvl_partition': 1, 'cvl_zoom': 14, 'aggrank': 13882.486081821844}
27/06/2013 19:26:27.380471 [500k_pt_cells_bound] stats {'num_recs': 28598L, 'cvl_partition': 1, 'cvl_zoom': 15, 'aggrank': 8425.784841601271}
27/06/2013 19:26:27.610035 [500k_pt_cells_bound] COMMIT
27/06/2013 19:26:29.120699 [500k_pt_cells_heuristic] BEGIN_TRANSACTION
27/06/2013 19:26:45.471292 [500k_pt_cells_heuristic] initialized
27/06/2013 19:26:45.471642 [500k_pt_cells_heuristic] merged_partitions
27/06/2013 19:26:45.512840 [500k_pt_cells_heuristic] initialized_level 14
27/06/2013 19:26:45.513200 [500k_pt_cells_heuristic] forced_level 14
27/06/2013 19:31:57.079028 [500k_pt_cells_heuristic] found_conflicts 14
27/06/2013 19:32:02.099053 [500k_pt_cells_heuristic] resolved_conflicts 14
27/06/2013 19:32:02.099427 [500k_pt_cells_heuristic] transformed_level 14
27/06/2013 19:32:02.136763 [500k_pt_cells_heuristic] finalized_level 14
27/06/2013 19:32:02.224509 [500k_pt_cells_heuristic] initialized_level 13
27/06/2013 19:32:02.224864 [500k_pt_cells_heuristic] forced_level 13
27/06/2013 19:37:13.341272 [500k_pt_cells_heuristic] found_conflicts 13
27/06/2013 19:37:22.569965 [500k_pt_cells_heuristic] resolved_conflicts 13
27/06/2013 19:37:22.570636 [500k_pt_cells_heuristic] transformed_level 13
27/06/2013 19:37:22.581733 [500k_pt_cells_heuristic] finalized_level 13
27/06/2013 19:37:22.594112 [500k_pt_cells_heuristic] initialized_level 12
27/06/2013 19:37:22.594482 [500k_pt_cells_heuristic] forced_level 12
27/06/2013 19:42:03.363940 [500k_pt_cells_heuristic] found_conflicts 12
27/06/2013 19:42:17.003930 [500k_pt_cells_heuristic] resolved_conflicts 12
27/06/2013 19:42:17.004353 [500k_pt_cells_heuristic] transformed_level 12
27/06/2013 19:42:17.183959 [500k_pt_cells_heuristic] finalized_level 12
27/06/2013 19:42:17.189221 [500k_pt_cells_heuristic] initialized_level 11
27/06/2013 19:42:17.189622 [500k_pt_cells_heuristic] forced_level 11
27/06/2013 19:45:57.674138 [500k_pt_cells_heuristic] found_conflicts 11
27/06/2013 19:46:15.112438 [500k_pt_cells_heuristic] resolved_conflicts 11
27/06/2013 19:46:15.112807 [500k_pt_cells_heuristic] transformed_level 11
27/06/2013 19:46:15.114965 [500k_pt_cells_heuristic] finalized_level 11
27/06/2013 19:46:15.119186 [500k_pt_cells_heuristic] initialized_level 10
27/06/2013 19:46:15.119820 [500k_pt_cells_heuristic] forced_level 10
27/06/2013 19:48:54.344565 [500k_pt_cells_heuristic] found_conflicts 10
27/06/2013 19:49:10.984344 [500k_pt_cells_heuristic] resolved_conflicts 10
27/06/2013 19:49:10.984881 [500k_pt_cells_heuristic] transformed_level 10
27/06/2013 19:49:10.986930 [500k_pt_cells_heuristic] finalized_level 10
27/06/2013 19:49:10.991310 [500k_pt_cells_heuristic] initialized_level 9
27/06/2013 19:49:10.991808 [500k_pt_cells_heuristic] forced_level 9
27/06/2013 19:50:54.668836 [500k_pt_cells_heuristic] found_conflicts 9
27/06/2013 19:51:07.356063 [500k_pt_cells_heuristic] resolved_conflicts 9
27/06/2013 19:51:07.356437 [500k_pt_cells_heuristic] transformed_level 9
27/06/2013 19:51:07.358582 [500k_pt_cells_heuristic] finalized_level 9
27/06/2013 19:51:07.363715 [500k_pt_cells_heuristic] initialized_level 8
27/06/2013 19:51:07.364114 [500k_pt_cells_heuristic] forced_level 8
27/06/2013 19:52:09.230523 [500k_pt_cells_heuristic] found_conflicts 8
27/06/2013 19:52:18.959363 [500k_pt_cells_heuristic] resolved_conflicts 8
27/06/2013 19:52:18.959748 [500k_pt_cells_heuristic] transformed_level 8
27/06/2013 19:52:19.081959 [500k_pt_cells_heuristic] finalized_level 8
27/06/2013 19:52:19.086620 [500k_pt_cells_heuristic] initialized_level 7
27/06/2013 19:52:19.086987 [500k_pt_cells_heuristic] forced_level 7
27/06/2013 19:52:53.887626 [500k_pt_cells_heuristic] found_conflicts 7
27/06/2013 19:53:00.270075 [500k_pt_cells_heuristic] resolved_conflicts 7
27/06/2013 19:53:00.270461 [500k_pt_cells_heuristic] transformed_level 7
27/06/2013 19:53:00.273381 [500k_pt_cells_heuristic] finalized_level 7
27/06/2013 19:53:00.277942 [500k_pt_cells_heuristic] initialized_level 6
27/06/2013 19:53:00.278394 [500k_pt_cells_heuristic] forced_level 6
27/06/2013 19:53:17.760749 [500k_pt_cells_heuristic] found_conflicts 6
27/06/2013 19:53:21.570404 [500k_pt_cells_heuristic] resolved_conflicts 6
27/06/2013 19:53:21.570832 [500k_pt_cells_heuristic] transformed_level 6
27/06/2013 19:53:21.573442 [500k_pt_cells_heuristic] finalized_level 6
27/06/2013 19:53:21.578081 [500k_pt_cells_heuristic] initialized_level 5
27/06/2013 19:53:21.578441 [500k_pt_cells_heuristic] forced_level 5
27/06/2013 19:53:28.249152 [500k_pt_cells_heuristic] found_conflicts 5
27/06/2013 19:53:29.141795 [500k_pt_cells_heuristic] resolved_conflicts 5
27/06/2013 19:53:29.142186 [500k_pt_cells_heuristic] transformed_level 5
27/06/2013 19:53:29.144236 [500k_pt_cells_heuristic] finalized_level 5
27/06/2013 19:53:29.148475 [500k_pt_cells_heuristic] initialized_level 4
27/06/2013 19:53:29.148995 [500k_pt_cells_heuristic] forced_level 4
27/06/2013 19:53:31.920053 [500k_pt_cells_heuristic] found_conflicts 4
27/06/2013 19:53:32.415485 [500k_pt_cells_heuristic] resolved_conflicts 4
27/06/2013 19:53:32.416807 [500k_pt_cells_heuristic] transformed_level 4
27/06/2013 19:53:32.418691 [500k_pt_cells_heuristic] finalized_level 4
27/06/2013 19:53:32.423126 [500k_pt_cells_heuristic] initialized_level 3
27/06/2013 19:53:32.423490 [500k_pt_cells_heuristic] forced_level 3
27/06/2013 19:53:33.718214 [500k_pt_cells_heuristic] found_conflicts 3
27/06/2013 19:53:34.030682 [500k_pt_cells_heuristic] resolved_conflicts 3
27/06/2013 19:53:34.031106 [500k_pt_cells_heuristic] transformed_level 3
27/06/2013 19:53:34.032948 [500k_pt_cells_heuristic] finalized_level 3
27/06/2013 19:53:34.037313 [500k_pt_cells_heuristic] initialized_level 2
27/06/2013 19:53:34.037694 [500k_pt_cells_heuristic] forced_level 2
27/06/2013 19:53:34.720984 [500k_pt_cells_heuristic] found_conflicts 2
27/06/2013 19:53:34.995184 [500k_pt_cells_heuristic] resolved_conflicts 2
27/06/2013 19:53:34.995580 [500k_pt_cells_heuristic] transformed_level 2
27/06/2013 19:53:34.997532 [500k_pt_cells_heuristic] finalized_level 2
27/06/2013 19:53:35.002264 [500k_pt_cells_heuristic] initialized_level 1
27/06/2013 19:53:35.002650 [500k_pt_cells_heuristic] forced_level 1
27/06/2013 19:53:35.477965 [500k_pt_cells_heuristic] found_conflicts 1
27/06/2013 19:53:35.739609 [500k_pt_cells_heuristic] resolved_conflicts 1
27/06/2013 19:53:35.740187 [500k_pt_cells_heuristic] transformed_level 1
27/06/2013 19:53:35.741986 [500k_pt_cells_heuristic] finalized_level 1
27/06/2013 19:53:35.746542 [500k_pt_cells_heuristic] initialized_level 0
27/06/2013 19:53:35.747056 [500k_pt_cells_heuristic] forced_level 0
27/06/2013 19:53:36.132619 [500k_pt_cells_heuristic] found_conflicts 0
27/06/2013 19:53:36.388655 [500k_pt_cells_heuristic] resolved_conflicts 0
27/06/2013 19:53:36.389050 [500k_pt_cells_heuristic] transformed_level 0
27/06/2013 19:53:36.390825 [500k_pt_cells_heuristic] finalized_level 0
27/06/2013 19:53:36.783729 [500k_pt_cells_heuristic] stats {'num_recs': 17L, 'cvl_partition': 1, 'cvl_zoom': 0, 'aggrank': 16.336450539063662}
27/06/2013 19:53:36.783815 [500k_pt_cells_heuristic] stats {'num_recs': 48L, 'cvl_partition': 1, 'cvl_zoom': 1, 'aggrank': 47.978749910369515}
27/06/2013 19:53:36.783838 [500k_pt_cells_heuristic] stats {'num_recs': 129L, 'cvl_partition': 1, 'cvl_zoom': 2, 'aggrank': 110.88981042522937}
27/06/2013 19:53:36.783858 [500k_pt_cells_heuristic] stats {'num_recs': 335L, 'cvl_partition': 1, 'cvl_zoom': 3, 'aggrank': 310.1541332635097}
27/06/2013 19:53:36.783877 [500k_pt_cells_heuristic] stats {'num_recs': 973L, 'cvl_partition': 1, 'cvl_zoom': 4, 'aggrank': 859.8421655641869}
27/06/2013 19:53:36.783897 [500k_pt_cells_heuristic] stats {'num_recs': 2415L, 'cvl_partition': 1, 'cvl_zoom': 5, 'aggrank': 2148.1084176180884}
27/06/2013 19:53:36.783916 [500k_pt_cells_heuristic] stats {'num_recs': 6359L, 'cvl_partition': 1, 'cvl_zoom': 6, 'aggrank': 5206.624621165451}
27/06/2013 19:53:36.783935 [500k_pt_cells_heuristic] stats {'num_recs': 14902L, 'cvl_partition': 1, 'cvl_zoom': 7, 'aggrank': 11042.178136981092}
27/06/2013 19:53:36.783954 [500k_pt_cells_heuristic] stats {'num_recs': 29370L, 'cvl_partition': 1, 'cvl_zoom': 8, 'aggrank': 19772.024324676488}
27/06/2013 19:53:36.783973 [500k_pt_cells_heuristic] stats {'num_recs': 49491L, 'cvl_partition': 1, 'cvl_zoom': 9, 'aggrank': 30278.548344288953}
27/06/2013 19:53:36.783992 [500k_pt_cells_heuristic] stats {'num_recs': 69296L, 'cvl_partition': 1, 'cvl_zoom': 10, 'aggrank': 39866.312478261534}
27/06/2013 19:53:36.784017 [500k_pt_cells_heuristic] stats {'num_recs': 94238L, 'cvl_partition': 1, 'cvl_zoom': 11, 'aggrank': 50528.407336132135}
27/06/2013 19:53:36.784036 [500k_pt_cells_heuristic] stats {'num_recs': 104282L, 'cvl_partition': 1, 'cvl_zoom': 12, 'aggrank': 48054.259426139295}
27/06/2013 19:53:36.784055 [500k_pt_cells_heuristic] stats {'num_recs': 80096L, 'cvl_partition': 1, 'cvl_zoom': 13, 'aggrank': 31087.66727201594}
27/06/2013 19:53:36.784074 [500k_pt_cells_heuristic] stats {'num_recs': 42507L, 'cvl_partition': 1, 'cvl_zoom': 14, 'aggrank': 13931.27205964597}
27/06/2013 19:53:36.784093 [500k_pt_cells_heuristic] stats {'num_recs': 28638L, 'cvl_partition': 1, 'cvl_zoom': 15, 'aggrank': 8562.402070372831}
27/06/2013 19:53:36.948107 [500k_pt_cells_heuristic] COMMIT
27/06/2013 19:53:37.190538 [500k_pt_cells_lp] BEGIN_TRANSACTION
27/06/2013 19:53:59.741994 [500k_pt_cells_lp] initialized
27/06/2013 19:53:59.742551 [500k_pt_cells_lp] merged_partitions
27/06/2013 19:53:59.820788 [500k_pt_cells_lp] initialized_level 14
27/06/2013 19:53:59.821153 [500k_pt_cells_lp] forced_level 14
27/06/2013 19:59:11.431503 [500k_pt_cells_lp] found_conflicts 14
27/06/2013 19:59:51.217189 [500k_pt_cells_lp] resolved_conflicts 14
27/06/2013 19:59:51.217600 [500k_pt_cells_lp] transformed_level 14
27/06/2013 19:59:51.224043 [500k_pt_cells_lp] finalized_level 14
27/06/2013 19:59:51.252878 [500k_pt_cells_lp] initialized_level 13
27/06/2013 19:59:51.253326 [500k_pt_cells_lp] forced_level 13
27/06/2013 20:04:56.561310 [500k_pt_cells_lp] found_conflicts 13
27/06/2013 20:06:54.111729 [500k_pt_cells_lp] resolved_conflicts 13
27/06/2013 20:06:54.112119 [500k_pt_cells_lp] transformed_level 13
27/06/2013 20:06:54.118614 [500k_pt_cells_lp] finalized_level 13
27/06/2013 20:06:54.123015 [500k_pt_cells_lp] initialized_level 12
27/06/2013 20:06:54.123554 [500k_pt_cells_lp] forced_level 12
27/06/2013 20:11:31.320225 [500k_pt_cells_lp] found_conflicts 12
27/06/2013 20:16:23.825311 [500k_pt_cells_lp] resolved_conflicts 12
27/06/2013 20:16:23.825654 [500k_pt_cells_lp] transformed_level 12
27/06/2013 20:16:23.828311 [500k_pt_cells_lp] finalized_level 12
27/06/2013 20:16:23.832878 [500k_pt_cells_lp] initialized_level 11
27/06/2013 20:16:23.833268 [500k_pt_cells_lp] forced_level 11
27/06/2013 20:20:12.246637 [500k_pt_cells_lp] found_conflicts 11
27/06/2013 20:25:56.621958 [500k_pt_cells_lp] resolved_conflicts 11
27/06/2013 20:25:56.622347 [500k_pt_cells_lp] transformed_level 11
27/06/2013 20:25:56.624454 [500k_pt_cells_lp] finalized_level 11
27/06/2013 20:25:56.629021 [500k_pt_cells_lp] initialized_level 10
27/06/2013 20:25:56.629390 [500k_pt_cells_lp] forced_level 10
27/06/2013 20:28:41.049714 [500k_pt_cells_lp] found_conflicts 10
27/06/2013 20:32:38.618222 [500k_pt_cells_lp] resolved_conflicts 10
27/06/2013 20:32:38.618618 [500k_pt_cells_lp] transformed_level 10
27/06/2013 20:32:38.621514 [500k_pt_cells_lp] finalized_level 10
27/06/2013 20:32:38.625890 [500k_pt_cells_lp] initialized_level 9
27/06/2013 20:32:38.626267 [500k_pt_cells_lp] forced_level 9
27/06/2013 20:34:24.395526 [500k_pt_cells_lp] found_conflicts 9
27/06/2013 20:36:28.760227 [500k_pt_cells_lp] resolved_conflicts 9
27/06/2013 20:36:28.760622 [500k_pt_cells_lp] transformed_level 9
27/06/2013 20:36:28.762803 [500k_pt_cells_lp] finalized_level 9
27/06/2013 20:36:28.767163 [500k_pt_cells_lp] initialized_level 8
27/06/2013 20:36:28.767517 [500k_pt_cells_lp] forced_level 8
27/06/2013 20:37:32.891094 [500k_pt_cells_lp] found_conflicts 8
27/06/2013 20:38:33.380837 [500k_pt_cells_lp] resolved_conflicts 8
27/06/2013 20:38:33.381232 [500k_pt_cells_lp] transformed_level 8
27/06/2013 20:38:33.383608 [500k_pt_cells_lp] finalized_level 8
27/06/2013 20:38:33.388168 [500k_pt_cells_lp] initialized_level 7
27/06/2013 20:38:33.388669 [500k_pt_cells_lp] forced_level 7
27/06/2013 20:39:07.765666 [500k_pt_cells_lp] found_conflicts 7
27/06/2013 20:39:31.481927 [500k_pt_cells_lp] resolved_conflicts 7
27/06/2013 20:39:31.482349 [500k_pt_cells_lp] transformed_level 7
27/06/2013 20:39:31.484731 [500k_pt_cells_lp] finalized_level 7
27/06/2013 20:39:31.489223 [500k_pt_cells_lp] initialized_level 6
27/06/2013 20:39:31.489609 [500k_pt_cells_lp] forced_level 6
27/06/2013 20:39:46.065934 [500k_pt_cells_lp] found_conflicts 6
27/06/2013 20:39:56.231524 [500k_pt_cells_lp] resolved_conflicts 6
27/06/2013 20:39:56.232154 [500k_pt_cells_lp] transformed_level 6
27/06/2013 20:39:56.234111 [500k_pt_cells_lp] finalized_level 6
27/06/2013 20:39:56.239379 [500k_pt_cells_lp] initialized_level 5
27/06/2013 20:39:56.239774 [500k_pt_cells_lp] forced_level 5
27/06/2013 20:40:02.649258 [500k_pt_cells_lp] found_conflicts 5
27/06/2013 20:40:05.057503 [500k_pt_cells_lp] resolved_conflicts 5
27/06/2013 20:40:05.057846 [500k_pt_cells_lp] transformed_level 5
27/06/2013 20:40:05.060031 [500k_pt_cells_lp] finalized_level 5
27/06/2013 20:40:05.064203 [500k_pt_cells_lp] initialized_level 4
27/06/2013 20:40:05.064584 [500k_pt_cells_lp] forced_level 4
27/06/2013 20:40:07.716445 [500k_pt_cells_lp] found_conflicts 4
27/06/2013 20:40:08.626761 [500k_pt_cells_lp] resolved_conflicts 4
27/06/2013 20:40:08.627189 [500k_pt_cells_lp] transformed_level 4
27/06/2013 20:40:08.629086 [500k_pt_cells_lp] finalized_level 4
27/06/2013 20:40:08.633609 [500k_pt_cells_lp] initialized_level 3
27/06/2013 20:40:08.634033 [500k_pt_cells_lp] forced_level 3
27/06/2013 20:40:09.825285 [500k_pt_cells_lp] found_conflicts 3
27/06/2013 20:40:10.287826 [500k_pt_cells_lp] resolved_conflicts 3
27/06/2013 20:40:10.288383 [500k_pt_cells_lp] transformed_level 3
27/06/2013 20:40:10.290379 [500k_pt_cells_lp] finalized_level 3
27/06/2013 20:40:10.294650 [500k_pt_cells_lp] initialized_level 2
27/06/2013 20:40:10.295031 [500k_pt_cells_lp] forced_level 2
27/06/2013 20:40:10.878169 [500k_pt_cells_lp] found_conflicts 2
27/06/2013 20:40:11.184315 [500k_pt_cells_lp] resolved_conflicts 2
27/06/2013 20:40:11.184917 [500k_pt_cells_lp] transformed_level 2
27/06/2013 20:40:11.186849 [500k_pt_cells_lp] finalized_level 2
27/06/2013 20:40:11.191139 [500k_pt_cells_lp] initialized_level 1
27/06/2013 20:40:11.191522 [500k_pt_cells_lp] forced_level 1
27/06/2013 20:40:11.584934 [500k_pt_cells_lp] found_conflicts 1
27/06/2013 20:40:11.852237 [500k_pt_cells_lp] resolved_conflicts 1
27/06/2013 20:40:11.852730 [500k_pt_cells_lp] transformed_level 1
27/06/2013 20:40:11.854511 [500k_pt_cells_lp] finalized_level 1
27/06/2013 20:40:11.858848 [500k_pt_cells_lp] initialized_level 0
27/06/2013 20:40:11.859235 [500k_pt_cells_lp] forced_level 0
27/06/2013 20:40:12.229946 [500k_pt_cells_lp] found_conflicts 0
27/06/2013 20:40:12.515128 [500k_pt_cells_lp] resolved_conflicts 0
27/06/2013 20:40:12.515740 [500k_pt_cells_lp] transformed_level 0
27/06/2013 20:40:12.517803 [500k_pt_cells_lp] finalized_level 0
27/06/2013 20:40:12.903674 [500k_pt_cells_lp] stats {'num_recs': 17L, 'cvl_partition': 1, 'cvl_zoom': 0, 'aggrank': 16.97352759540081}
27/06/2013 20:40:12.903767 [500k_pt_cells_lp] stats {'num_recs': 39L, 'cvl_partition': 1, 'cvl_zoom': 1, 'aggrank': 28.632687797304243}
27/06/2013 20:40:12.903791 [500k_pt_cells_lp] stats {'num_recs': 29L, 'cvl_partition': 1, 'cvl_zoom': 2, 'aggrank': 19.87587223853916}
27/06/2013 20:40:12.903811 [500k_pt_cells_lp] stats {'num_recs': 288L, 'cvl_partition': 1, 'cvl_zoom': 3, 'aggrank': 262.6325176684186}
27/06/2013 20:40:12.903832 [500k_pt_cells_lp] stats {'num_recs': 982L, 'cvl_partition': 1, 'cvl_zoom': 4, 'aggrank': 879.1837160838768}
27/06/2013 20:40:12.903852 [500k_pt_cells_lp] stats {'num_recs': 2422L, 'cvl_partition': 1, 'cvl_zoom': 5, 'aggrank': 2164.547630895395}
27/06/2013 20:40:12.903872 [500k_pt_cells_lp] stats {'num_recs': 6283L, 'cvl_partition': 1, 'cvl_zoom': 6, 'aggrank': 5120.957916890271}
27/06/2013 20:40:12.903892 [500k_pt_cells_lp] stats {'num_recs': 13642L, 'cvl_partition': 1, 'cvl_zoom': 7, 'aggrank': 9830.77438631514}
27/06/2013 20:40:12.903912 [500k_pt_cells_lp] stats {'num_recs': 30649L, 'cvl_partition': 1, 'cvl_zoom': 8, 'aggrank': 20961.92786057247}
27/06/2013 20:40:12.903932 [500k_pt_cells_lp] stats {'num_recs': 48170L, 'cvl_partition': 1, 'cvl_zoom': 9, 'aggrank': 29173.447742026765}
27/06/2013 20:40:12.903952 [500k_pt_cells_lp] stats {'num_recs': 68376L, 'cvl_partition': 1, 'cvl_zoom': 10, 'aggrank': 39201.98830497218}
27/06/2013 20:40:12.903972 [500k_pt_cells_lp] stats {'num_recs': 96644L, 'cvl_partition': 1, 'cvl_zoom': 11, 'aggrank': 52416.140115310904}
27/06/2013 20:40:12.903992 [500k_pt_cells_lp] stats {'num_recs': 104263L, 'cvl_partition': 1, 'cvl_zoom': 12, 'aggrank': 48058.05744919507}
27/06/2013 20:40:12.904012 [500k_pt_cells_lp] stats {'num_recs': 80057L, 'cvl_partition': 1, 'cvl_zoom': 13, 'aggrank': 31081.46088151727}
27/06/2013 20:40:12.904032 [500k_pt_cells_lp] stats {'num_recs': 42569L, 'cvl_partition': 1, 'cvl_zoom': 14, 'aggrank': 13946.259814284276}
27/06/2013 20:40:12.904052 [500k_pt_cells_lp] stats {'num_recs': 28666L, 'cvl_partition': 1, 'cvl_zoom': 15, 'aggrank': 8433.915319258813}
27/06/2013 20:40:12.980555 [500k_pt_cells_lp] COMMIT
27/06/2013 20:40:13.238878 [7k_pt_cells_bound] BEGIN_TRANSACTION
27/06/2013 20:40:13.408909 [7k_pt_cells_bound] initialized
27/06/2013 20:40:13.409268 [7k_pt_cells_bound] merged_partitions
27/06/2013 20:40:13.421154 [7k_pt_cells_bound] initialized_level 17
27/06/2013 20:40:13.421840 [7k_pt_cells_bound] forced_level 17
27/06/2013 20:40:18.607118 [7k_pt_cells_bound] found_conflicts 17
27/06/2013 20:40:18.612207 [7k_pt_cells_bound] resolved_conflicts 17
27/06/2013 20:40:18.612565 [7k_pt_cells_bound] transformed_level 17
27/06/2013 20:40:18.613973 [7k_pt_cells_bound] finalized_level 17
27/06/2013 20:40:18.617725 [7k_pt_cells_bound] initialized_level 16
27/06/2013 20:40:18.618598 [7k_pt_cells_bound] forced_level 16
27/06/2013 20:40:23.068281 [7k_pt_cells_bound] found_conflicts 16
27/06/2013 20:40:23.069684 [7k_pt_cells_bound] resolved_conflicts 16
27/06/2013 20:40:23.070027 [7k_pt_cells_bound] transformed_level 16
27/06/2013 20:40:23.071516 [7k_pt_cells_bound] finalized_level 16
27/06/2013 20:40:23.075150 [7k_pt_cells_bound] initialized_level 15
27/06/2013 20:40:23.075514 [7k_pt_cells_bound] forced_level 15
27/06/2013 20:40:27.751672 [7k_pt_cells_bound] found_conflicts 15
27/06/2013 20:40:27.753286 [7k_pt_cells_bound] resolved_conflicts 15
27/06/2013 20:40:27.753683 [7k_pt_cells_bound] transformed_level 15
27/06/2013 20:40:27.755199 [7k_pt_cells_bound] finalized_level 15
27/06/2013 20:40:27.759547 [7k_pt_cells_bound] initialized_level 14
27/06/2013 20:40:27.759894 [7k_pt_cells_bound] forced_level 14
27/06/2013 20:40:32.056763 [7k_pt_cells_bound] found_conflicts 14
27/06/2013 20:40:32.058174 [7k_pt_cells_bound] resolved_conflicts 14
27/06/2013 20:40:32.058500 [7k_pt_cells_bound] transformed_level 14
27/06/2013 20:40:32.059985 [7k_pt_cells_bound] finalized_level 14
27/06/2013 20:40:32.064116 [7k_pt_cells_bound] initialized_level 13
27/06/2013 20:40:32.064649 [7k_pt_cells_bound] forced_level 13
27/06/2013 20:40:36.389989 [7k_pt_cells_bound] found_conflicts 13
27/06/2013 20:40:36.391834 [7k_pt_cells_bound] resolved_conflicts 13
27/06/2013 20:40:36.392169 [7k_pt_cells_bound] transformed_level 13
27/06/2013 20:40:36.393749 [7k_pt_cells_bound] finalized_level 13
27/06/2013 20:40:36.397737 [7k_pt_cells_bound] initialized_level 12
27/06/2013 20:40:36.398326 [7k_pt_cells_bound] forced_level 12
27/06/2013 20:40:40.701245 [7k_pt_cells_bound] found_conflicts 12
27/06/2013 20:40:40.702696 [7k_pt_cells_bound] resolved_conflicts 12
27/06/2013 20:40:40.703055 [7k_pt_cells_bound] transformed_level 12
27/06/2013 20:40:40.704470 [7k_pt_cells_bound] finalized_level 12
27/06/2013 20:40:40.708231 [7k_pt_cells_bound] initialized_level 11
27/06/2013 20:40:40.708631 [7k_pt_cells_bound] forced_level 11
27/06/2013 20:40:45.023886 [7k_pt_cells_bound] found_conflicts 11
27/06/2013 20:40:45.025578 [7k_pt_cells_bound] resolved_conflicts 11
27/06/2013 20:40:45.025975 [7k_pt_cells_bound] transformed_level 11
27/06/2013 20:40:45.027437 [7k_pt_cells_bound] finalized_level 11
27/06/2013 20:40:45.031132 [7k_pt_cells_bound] initialized_level 10
27/06/2013 20:40:45.031521 [7k_pt_cells_bound] forced_level 10
27/06/2013 20:40:49.314007 [7k_pt_cells_bound] found_conflicts 10
27/06/2013 20:40:49.315437 [7k_pt_cells_bound] resolved_conflicts 10
27/06/2013 20:40:49.315777 [7k_pt_cells_bound] transformed_level 10
27/06/2013 20:40:49.317207 [7k_pt_cells_bound] finalized_level 10
27/06/2013 20:40:49.321163 [7k_pt_cells_bound] initialized_level 9
27/06/2013 20:40:49.321724 [7k_pt_cells_bound] forced_level 9
27/06/2013 20:40:53.619459 [7k_pt_cells_bound] found_conflicts 9
27/06/2013 20:40:53.621135 [7k_pt_cells_bound] resolved_conflicts 9
27/06/2013 20:40:53.621472 [7k_pt_cells_bound] transformed_level 9
27/06/2013 20:40:53.622936 [7k_pt_cells_bound] finalized_level 9
27/06/2013 20:40:53.626904 [7k_pt_cells_bound] initialized_level 8
27/06/2013 20:40:53.627265 [7k_pt_cells_bound] forced_level 8
27/06/2013 20:40:58.076912 [7k_pt_cells_bound] found_conflicts 8
27/06/2013 20:40:58.093656 [7k_pt_cells_bound] resolved_conflicts 8
27/06/2013 20:40:58.094037 [7k_pt_cells_bound] transformed_level 8
27/06/2013 20:40:58.095651 [7k_pt_cells_bound] finalized_level 8
27/06/2013 20:40:58.099558 [7k_pt_cells_bound] initialized_level 7
27/06/2013 20:40:58.099988 [7k_pt_cells_bound] forced_level 7
27/06/2013 20:41:02.392965 [7k_pt_cells_bound] found_conflicts 7
27/06/2013 20:41:02.513241 [7k_pt_cells_bound] resolved_conflicts 7
27/06/2013 20:41:02.513607 [7k_pt_cells_bound] transformed_level 7
27/06/2013 20:41:02.515443 [7k_pt_cells_bound] finalized_level 7
27/06/2013 20:41:02.524760 [7k_pt_cells_bound] initialized_level 6
27/06/2013 20:41:02.525230 [7k_pt_cells_bound] forced_level 6
27/06/2013 20:41:06.570108 [7k_pt_cells_bound] found_conflicts 6
27/06/2013 20:41:06.983952 [7k_pt_cells_bound] resolved_conflicts 6
27/06/2013 20:41:06.984322 [7k_pt_cells_bound] transformed_level 6
27/06/2013 20:41:06.986561 [7k_pt_cells_bound] finalized_level 6
27/06/2013 20:41:06.990818 [7k_pt_cells_bound] initialized_level 5
27/06/2013 20:41:06.991189 [7k_pt_cells_bound] forced_level 5
27/06/2013 20:41:10.223836 [7k_pt_cells_bound] found_conflicts 5
27/06/2013 20:41:10.807040 [7k_pt_cells_bound] resolved_conflicts 5
27/06/2013 20:41:10.807418 [7k_pt_cells_bound] transformed_level 5
27/06/2013 20:41:10.809214 [7k_pt_cells_bound] finalized_level 5
27/06/2013 20:41:10.813167 [7k_pt_cells_bound] initialized_level 4
27/06/2013 20:41:10.813535 [7k_pt_cells_bound] forced_level 4
27/06/2013 20:41:12.649805 [7k_pt_cells_bound] found_conflicts 4
27/06/2013 20:41:13.007222 [7k_pt_cells_bound] resolved_conflicts 4
27/06/2013 20:41:13.007776 [7k_pt_cells_bound] transformed_level 4
27/06/2013 20:41:13.009540 [7k_pt_cells_bound] finalized_level 4
27/06/2013 20:41:13.013498 [7k_pt_cells_bound] initialized_level 3
27/06/2013 20:41:13.013865 [7k_pt_cells_bound] forced_level 3
27/06/2013 20:41:13.840075 [7k_pt_cells_bound] found_conflicts 3
27/06/2013 20:41:14.011163 [7k_pt_cells_bound] resolved_conflicts 3
27/06/2013 20:41:14.011545 [7k_pt_cells_bound] transformed_level 3
27/06/2013 20:41:14.013347 [7k_pt_cells_bound] finalized_level 3
27/06/2013 20:41:14.017448 [7k_pt_cells_bound] initialized_level 2
27/06/2013 20:41:14.017817 [7k_pt_cells_bound] forced_level 2
27/06/2013 20:41:14.324391 [7k_pt_cells_bound] found_conflicts 2
27/06/2013 20:41:14.382100 [7k_pt_cells_bound] resolved_conflicts 2
27/06/2013 20:41:14.382542 [7k_pt_cells_bound] transformed_level 2
27/06/2013 20:41:14.384304 [7k_pt_cells_bound] finalized_level 2
27/06/2013 20:41:14.388669 [7k_pt_cells_bound] initialized_level 1
27/06/2013 20:41:14.389096 [7k_pt_cells_bound] forced_level 1
27/06/2013 20:41:14.521239 [7k_pt_cells_bound] found_conflicts 1
27/06/2013 20:41:14.581054 [7k_pt_cells_bound] resolved_conflicts 1
27/06/2013 20:41:14.581447 [7k_pt_cells_bound] transformed_level 1
27/06/2013 20:41:14.585576 [7k_pt_cells_bound] finalized_level 1
27/06/2013 20:41:14.602312 [7k_pt_cells_bound] initialized_level 0
27/06/2013 20:41:14.602740 [7k_pt_cells_bound] forced_level 0
27/06/2013 20:41:14.657919 [7k_pt_cells_bound] found_conflicts 0
27/06/2013 20:41:14.671364 [7k_pt_cells_bound] resolved_conflicts 0
27/06/2013 20:41:14.671758 [7k_pt_cells_bound] transformed_level 0
27/06/2013 20:41:14.673547 [7k_pt_cells_bound] finalized_level 0
27/06/2013 20:41:14.679832 [7k_pt_cells_bound] stats {'num_recs': 18L, 'cvl_partition': 1, 'cvl_zoom': 0, 'aggrank': 6859.445187824778}
27/06/2013 20:41:14.679922 [7k_pt_cells_bound] stats {'num_recs': 47L, 'cvl_partition': 1, 'cvl_zoom': 1, 'aggrank': 7007.897117246408}
27/06/2013 20:41:14.679944 [7k_pt_cells_bound] stats {'num_recs': 138L, 'cvl_partition': 1, 'cvl_zoom': 2, 'aggrank': 7822.605717853643}
27/06/2013 20:41:14.679964 [7k_pt_cells_bound] stats {'num_recs': 306L, 'cvl_partition': 1, 'cvl_zoom': 3, 'aggrank': 12651.678529147059}
27/06/2013 20:41:14.679984 [7k_pt_cells_bound] stats {'num_recs': 893L, 'cvl_partition': 1, 'cvl_zoom': 4, 'aggrank': 13183.663870301563}
27/06/2013 20:41:14.680004 [7k_pt_cells_bound] stats {'num_recs': 1732L, 'cvl_partition': 1, 'cvl_zoom': 5, 'aggrank': 11630.77261067601}
27/06/2013 20:41:14.680023 [7k_pt_cells_bound] stats {'num_recs': 2419L, 'cvl_partition': 1, 'cvl_zoom': 6, 'aggrank': 4720.3545054453425}
27/06/2013 20:41:14.680042 [7k_pt_cells_bound] stats {'num_recs': 1407L, 'cvl_partition': 1, 'cvl_zoom': 7, 'aggrank': 757.3276936076581}
27/06/2013 20:41:14.680062 [7k_pt_cells_bound] stats {'num_recs': 431L, 'cvl_partition': 1, 'cvl_zoom': 8, 'aggrank': 126.14682127395645}
27/06/2013 20:41:14.680080 [7k_pt_cells_bound] stats {'num_recs': 20L, 'cvl_partition': 1, 'cvl_zoom': 9, 'aggrank': 3.066345840226859}
27/06/2013 20:41:14.707012 [7k_pt_cells_bound] COMMIT
27/06/2013 20:41:15.004641 [7k_pt_cells_heuristic] BEGIN_TRANSACTION
27/06/2013 20:41:15.215120 [7k_pt_cells_heuristic] initialized
27/06/2013 20:41:15.215546 [7k_pt_cells_heuristic] merged_partitions
27/06/2013 20:41:15.235718 [7k_pt_cells_heuristic] initialized_level 17
27/06/2013 20:41:15.236086 [7k_pt_cells_heuristic] forced_level 17
27/06/2013 20:41:19.547312 [7k_pt_cells_heuristic] found_conflicts 17
27/06/2013 20:41:19.549280 [7k_pt_cells_heuristic] resolved_conflicts 17
27/06/2013 20:41:19.549626 [7k_pt_cells_heuristic] transformed_level 17
27/06/2013 20:41:19.552066 [7k_pt_cells_heuristic] finalized_level 17
27/06/2013 20:41:19.557968 [7k_pt_cells_heuristic] initialized_level 16
27/06/2013 20:41:19.558475 [7k_pt_cells_heuristic] forced_level 16
27/06/2013 20:41:23.881813 [7k_pt_cells_heuristic] found_conflicts 16
27/06/2013 20:41:23.883057 [7k_pt_cells_heuristic] resolved_conflicts 16
27/06/2013 20:41:23.883379 [7k_pt_cells_heuristic] transformed_level 16
27/06/2013 20:41:23.884810 [7k_pt_cells_heuristic] finalized_level 16
27/06/2013 20:41:23.888737 [7k_pt_cells_heuristic] initialized_level 15
27/06/2013 20:41:23.889087 [7k_pt_cells_heuristic] forced_level 15
27/06/2013 20:41:28.212953 [7k_pt_cells_heuristic] found_conflicts 15
27/06/2013 20:41:28.214177 [7k_pt_cells_heuristic] resolved_conflicts 15
27/06/2013 20:41:28.214526 [7k_pt_cells_heuristic] transformed_level 15
27/06/2013 20:41:28.216010 [7k_pt_cells_heuristic] finalized_level 15
27/06/2013 20:41:28.219927 [7k_pt_cells_heuristic] initialized_level 14
27/06/2013 20:41:28.220315 [7k_pt_cells_heuristic] forced_level 14
27/06/2013 20:41:32.817855 [7k_pt_cells_heuristic] found_conflicts 14
27/06/2013 20:41:32.819322 [7k_pt_cells_heuristic] resolved_conflicts 14
27/06/2013 20:41:32.819654 [7k_pt_cells_heuristic] transformed_level 14
27/06/2013 20:41:32.821035 [7k_pt_cells_heuristic] finalized_level 14
27/06/2013 20:41:32.824853 [7k_pt_cells_heuristic] initialized_level 13
27/06/2013 20:41:32.825196 [7k_pt_cells_heuristic] forced_level 13
27/06/2013 20:41:37.163498 [7k_pt_cells_heuristic] found_conflicts 13
27/06/2013 20:41:37.165824 [7k_pt_cells_heuristic] resolved_conflicts 13
27/06/2013 20:41:37.166188 [7k_pt_cells_heuristic] transformed_level 13
27/06/2013 20:41:37.167659 [7k_pt_cells_heuristic] finalized_level 13
27/06/2013 20:41:37.172022 [7k_pt_cells_heuristic] initialized_level 12
27/06/2013 20:41:37.172381 [7k_pt_cells_heuristic] forced_level 12
27/06/2013 20:41:41.470527 [7k_pt_cells_heuristic] found_conflicts 12
27/06/2013 20:41:41.471785 [7k_pt_cells_heuristic] resolved_conflicts 12
27/06/2013 20:41:41.472110 [7k_pt_cells_heuristic] transformed_level 12
27/06/2013 20:41:41.473469 [7k_pt_cells_heuristic] finalized_level 12
27/06/2013 20:41:41.477284 [7k_pt_cells_heuristic] initialized_level 11
27/06/2013 20:41:41.477638 [7k_pt_cells_heuristic] forced_level 11
27/06/2013 20:41:45.860560 [7k_pt_cells_heuristic] found_conflicts 11
27/06/2013 20:41:45.862164 [7k_pt_cells_heuristic] resolved_conflicts 11
27/06/2013 20:41:45.862663 [7k_pt_cells_heuristic] transformed_level 11
27/06/2013 20:41:45.864076 [7k_pt_cells_heuristic] finalized_level 11
27/06/2013 20:41:45.868110 [7k_pt_cells_heuristic] initialized_level 10
27/06/2013 20:41:45.868457 [7k_pt_cells_heuristic] forced_level 10
27/06/2013 20:41:50.178433 [7k_pt_cells_heuristic] found_conflicts 10
27/06/2013 20:41:50.179702 [7k_pt_cells_heuristic] resolved_conflicts 10
27/06/2013 20:41:50.180202 [7k_pt_cells_heuristic] transformed_level 10
27/06/2013 20:41:50.181655 [7k_pt_cells_heuristic] finalized_level 10
27/06/2013 20:41:50.185559 [7k_pt_cells_heuristic] initialized_level 9
27/06/2013 20:41:50.185907 [7k_pt_cells_heuristic] forced_level 9
27/06/2013 20:41:54.491132 [7k_pt_cells_heuristic] found_conflicts 9
27/06/2013 20:41:54.492456 [7k_pt_cells_heuristic] resolved_conflicts 9
27/06/2013 20:41:54.493094 [7k_pt_cells_heuristic] transformed_level 9
27/06/2013 20:41:54.494742 [7k_pt_cells_heuristic] finalized_level 9
27/06/2013 20:41:54.498869 [7k_pt_cells_heuristic] initialized_level 8
27/06/2013 20:41:54.499256 [7k_pt_cells_heuristic] forced_level 8
27/06/2013 20:41:58.816004 [7k_pt_cells_heuristic] found_conflicts 8
27/06/2013 20:41:58.821214 [7k_pt_cells_heuristic] resolved_conflicts 8
27/06/2013 20:41:58.821586 [7k_pt_cells_heuristic] transformed_level 8
27/06/2013 20:41:58.823215 [7k_pt_cells_heuristic] finalized_level 8
27/06/2013 20:41:58.827713 [7k_pt_cells_heuristic] initialized_level 7
27/06/2013 20:41:58.828111 [7k_pt_cells_heuristic] forced_level 7
27/06/2013 20:42:03.575827 [7k_pt_cells_heuristic] found_conflicts 7
27/06/2013 20:42:03.603576 [7k_pt_cells_heuristic] resolved_conflicts 7
27/06/2013 20:42:03.604056 [7k_pt_cells_heuristic] transformed_level 7
27/06/2013 20:42:03.607896 [7k_pt_cells_heuristic] finalized_level 7
27/06/2013 20:42:03.615767 [7k_pt_cells_heuristic] initialized_level 6
27/06/2013 20:42:03.616271 [7k_pt_cells_heuristic] forced_level 6
27/06/2013 20:42:07.657363 [7k_pt_cells_heuristic] found_conflicts 6
27/06/2013 20:42:07.719661 [7k_pt_cells_heuristic] resolved_conflicts 6
27/06/2013 20:42:07.720079 [7k_pt_cells_heuristic] transformed_level 6
27/06/2013 20:42:07.721905 [7k_pt_cells_heuristic] finalized_level 6
27/06/2013 20:42:07.725949 [7k_pt_cells_heuristic] initialized_level 5
27/06/2013 20:42:07.726309 [7k_pt_cells_heuristic] forced_level 5
27/06/2013 20:42:10.955826 [7k_pt_cells_heuristic] found_conflicts 5
27/06/2013 20:42:11.036988 [7k_pt_cells_heuristic] resolved_conflicts 5
27/06/2013 20:42:11.037360 [7k_pt_cells_heuristic] transformed_level 5
27/06/2013 20:42:11.039897 [7k_pt_cells_heuristic] finalized_level 5
27/06/2013 20:42:11.048792 [7k_pt_cells_heuristic] initialized_level 4
27/06/2013 20:42:11.049339 [7k_pt_cells_heuristic] forced_level 4
27/06/2013 20:42:12.854715 [7k_pt_cells_heuristic] found_conflicts 4
27/06/2013 20:42:12.905563 [7k_pt_cells_heuristic] resolved_conflicts 4
27/06/2013 20:42:12.905986 [7k_pt_cells_heuristic] transformed_level 4
27/06/2013 20:42:12.911940 [7k_pt_cells_heuristic] finalized_level 4
27/06/2013 20:42:12.917764 [7k_pt_cells_heuristic] initialized_level 3
27/06/2013 20:42:12.918394 [7k_pt_cells_heuristic] forced_level 3
27/06/2013 20:42:13.708895 [7k_pt_cells_heuristic] found_conflicts 3
27/06/2013 20:42:13.730418 [7k_pt_cells_heuristic] resolved_conflicts 3
27/06/2013 20:42:13.730869 [7k_pt_cells_heuristic] transformed_level 3
27/06/2013 20:42:13.732631 [7k_pt_cells_heuristic] finalized_level 3
27/06/2013 20:42:13.736596 [7k_pt_cells_heuristic] initialized_level 2
27/06/2013 20:42:13.736963 [7k_pt_cells_heuristic] forced_level 2
27/06/2013 20:42:14.038026 [7k_pt_cells_heuristic] found_conflicts 2
27/06/2013 20:42:14.050327 [7k_pt_cells_heuristic] resolved_conflicts 2
27/06/2013 20:42:14.051153 [7k_pt_cells_heuristic] transformed_level 2
27/06/2013 20:42:14.053223 [7k_pt_cells_heuristic] finalized_level 2
27/06/2013 20:42:14.057280 [7k_pt_cells_heuristic] initialized_level 1
27/06/2013 20:42:14.057647 [7k_pt_cells_heuristic] forced_level 1
27/06/2013 20:42:14.182283 [7k_pt_cells_heuristic] found_conflicts 1
27/06/2013 20:42:14.189782 [7k_pt_cells_heuristic] resolved_conflicts 1
27/06/2013 20:42:14.190153 [7k_pt_cells_heuristic] transformed_level 1
27/06/2013 20:42:14.192382 [7k_pt_cells_heuristic] finalized_level 1
27/06/2013 20:42:14.197900 [7k_pt_cells_heuristic] initialized_level 0
27/06/2013 20:42:14.198802 [7k_pt_cells_heuristic] forced_level 0
27/06/2013 20:42:14.247749 [7k_pt_cells_heuristic] found_conflicts 0
27/06/2013 20:42:14.253570 [7k_pt_cells_heuristic] resolved_conflicts 0
27/06/2013 20:42:14.253942 [7k_pt_cells_heuristic] transformed_level 0
27/06/2013 20:42:14.255642 [7k_pt_cells_heuristic] finalized_level 0
27/06/2013 20:42:14.262310 [7k_pt_cells_heuristic] stats {'num_recs': 17L, 'cvl_partition': 1, 'cvl_zoom': 0, 'aggrank': 6534.605955704115}
27/06/2013 20:42:14.262413 [7k_pt_cells_heuristic] stats {'num_recs': 48L, 'cvl_partition': 1, 'cvl_zoom': 1, 'aggrank': 7338.873417049181}
27/06/2013 20:42:14.262436 [7k_pt_cells_heuristic] stats {'num_recs': 126L, 'cvl_partition': 1, 'cvl_zoom': 2, 'aggrank': 7592.039852063637}
27/06/2013 20:42:14.262456 [7k_pt_cells_heuristic] stats {'num_recs': 312L, 'cvl_partition': 1, 'cvl_zoom': 3, 'aggrank': 12876.215253977105}
27/06/2013 20:42:14.262477 [7k_pt_cells_heuristic] stats {'num_recs': 830L, 'cvl_partition': 1, 'cvl_zoom': 4, 'aggrank': 12968.504967924207}
27/06/2013 20:42:14.262497 [7k_pt_cells_heuristic] stats {'num_recs': 1758L, 'cvl_partition': 1, 'cvl_zoom': 5, 'aggrank': 11810.021266688127}
27/06/2013 20:42:14.262516 [7k_pt_cells_heuristic] stats {'num_recs': 2457L, 'cvl_partition': 1, 'cvl_zoom': 6, 'aggrank': 4765.945768174715}
27/06/2013 20:42:14.262535 [7k_pt_cells_heuristic] stats {'num_recs': 1411L, 'cvl_partition': 1, 'cvl_zoom': 7, 'aggrank': 715.3360930881463}
27/06/2013 20:42:14.262555 [7k_pt_cells_heuristic] stats {'num_recs': 432L, 'cvl_partition': 1, 'cvl_zoom': 8, 'aggrank': 138.3804338448681}
27/06/2013 20:42:14.262574 [7k_pt_cells_heuristic] stats {'num_recs': 20L, 'cvl_partition': 1, 'cvl_zoom': 9, 'aggrank': 3.4826192324981093}
27/06/2013 20:42:14.291223 [7k_pt_cells_heuristic] COMMIT
27/06/2013 20:42:14.410334 [7k_pt_cells_lp] BEGIN_TRANSACTION
27/06/2013 20:42:14.520690 [7k_pt_cells_lp] initialized
27/06/2013 20:42:14.521040 [7k_pt_cells_lp] merged_partitions
27/06/2013 20:42:14.528774 [7k_pt_cells_lp] initialized_level 17
27/06/2013 20:42:14.529127 [7k_pt_cells_lp] forced_level 17
27/06/2013 20:42:18.842885 [7k_pt_cells_lp] found_conflicts 17
27/06/2013 20:42:18.847416 [7k_pt_cells_lp] resolved_conflicts 17
27/06/2013 20:42:18.847761 [7k_pt_cells_lp] transformed_level 17
27/06/2013 20:42:18.849176 [7k_pt_cells_lp] finalized_level 17
27/06/2013 20:42:18.853834 [7k_pt_cells_lp] initialized_level 16
27/06/2013 20:42:18.854204 [7k_pt_cells_lp] forced_level 16
27/06/2013 20:42:23.182911 [7k_pt_cells_lp] found_conflicts 16
27/06/2013 20:42:23.184687 [7k_pt_cells_lp] resolved_conflicts 16
27/06/2013 20:42:23.185044 [7k_pt_cells_lp] transformed_level 16
27/06/2013 20:42:23.186410 [7k_pt_cells_lp] finalized_level 16
27/06/2013 20:42:23.190377 [7k_pt_cells_lp] initialized_level 15
27/06/2013 20:42:23.190739 [7k_pt_cells_lp] forced_level 15
27/06/2013 20:42:27.513401 [7k_pt_cells_lp] found_conflicts 15
27/06/2013 20:42:27.514959 [7k_pt_cells_lp] resolved_conflicts 15
27/06/2013 20:42:27.515294 [7k_pt_cells_lp] transformed_level 15
27/06/2013 20:42:27.516732 [7k_pt_cells_lp] finalized_level 15
27/06/2013 20:42:27.520836 [7k_pt_cells_lp] initialized_level 14
27/06/2013 20:42:27.521198 [7k_pt_cells_lp] forced_level 14
27/06/2013 20:42:32.035508 [7k_pt_cells_lp] found_conflicts 14
27/06/2013 20:42:32.037091 [7k_pt_cells_lp] resolved_conflicts 14
27/06/2013 20:42:32.037429 [7k_pt_cells_lp] transformed_level 14
27/06/2013 20:42:32.038834 [7k_pt_cells_lp] finalized_level 14
27/06/2013 20:42:32.042750 [7k_pt_cells_lp] initialized_level 13
27/06/2013 20:42:32.043098 [7k_pt_cells_lp] forced_level 13
27/06/2013 20:42:36.380691 [7k_pt_cells_lp] found_conflicts 13
27/06/2013 20:42:36.382354 [7k_pt_cells_lp] resolved_conflicts 13
27/06/2013 20:42:36.382699 [7k_pt_cells_lp] transformed_level 13
27/06/2013 20:42:36.384260 [7k_pt_cells_lp] finalized_level 13
27/06/2013 20:42:36.388262 [7k_pt_cells_lp] initialized_level 12
27/06/2013 20:42:36.388599 [7k_pt_cells_lp] forced_level 12
27/06/2013 20:42:40.675683 [7k_pt_cells_lp] found_conflicts 12
27/06/2013 20:42:40.677332 [7k_pt_cells_lp] resolved_conflicts 12
27/06/2013 20:42:40.677670 [7k_pt_cells_lp] transformed_level 12
27/06/2013 20:42:40.679075 [7k_pt_cells_lp] finalized_level 12
27/06/2013 20:42:40.682788 [7k_pt_cells_lp] initialized_level 11
27/06/2013 20:42:40.683149 [7k_pt_cells_lp] forced_level 11
27/06/2013 20:42:44.963749 [7k_pt_cells_lp] found_conflicts 11
27/06/2013 20:42:44.965140 [7k_pt_cells_lp] resolved_conflicts 11
27/06/2013 20:42:44.965648 [7k_pt_cells_lp] transformed_level 11
27/06/2013 20:42:44.967215 [7k_pt_cells_lp] finalized_level 11
27/06/2013 20:42:44.970979 [7k_pt_cells_lp] initialized_level 10
27/06/2013 20:42:44.971335 [7k_pt_cells_lp] forced_level 10
27/06/2013 20:42:49.242168 [7k_pt_cells_lp] found_conflicts 10
27/06/2013 20:42:49.243578 [7k_pt_cells_lp] resolved_conflicts 10
27/06/2013 20:42:49.243981 [7k_pt_cells_lp] transformed_level 10
27/06/2013 20:42:49.245472 [7k_pt_cells_lp] finalized_level 10
27/06/2013 20:42:49.249239 [7k_pt_cells_lp] initialized_level 9
27/06/2013 20:42:49.249625 [7k_pt_cells_lp] forced_level 9
27/06/2013 20:42:53.531954 [7k_pt_cells_lp] found_conflicts 9
27/06/2013 20:42:53.533579 [7k_pt_cells_lp] resolved_conflicts 9
27/06/2013 20:42:53.534126 [7k_pt_cells_lp] transformed_level 9
27/06/2013 20:42:53.535540 [7k_pt_cells_lp] finalized_level 9
27/06/2013 20:42:53.539205 [7k_pt_cells_lp] initialized_level 8
27/06/2013 20:42:53.539543 [7k_pt_cells_lp] forced_level 8
27/06/2013 20:42:57.945490 [7k_pt_cells_lp] found_conflicts 8
27/06/2013 20:42:57.962983 [7k_pt_cells_lp] resolved_conflicts 8
27/06/2013 20:42:57.963393 [7k_pt_cells_lp] transformed_level 8
27/06/2013 20:42:57.965057 [7k_pt_cells_lp] finalized_level 8
27/06/2013 20:42:57.969047 [7k_pt_cells_lp] initialized_level 7
27/06/2013 20:42:57.969411 [7k_pt_cells_lp] forced_level 7
27/06/2013 20:43:02.794498 [7k_pt_cells_lp] found_conflicts 7
27/06/2013 20:43:02.916659 [7k_pt_cells_lp] resolved_conflicts 7
27/06/2013 20:43:02.917029 [7k_pt_cells_lp] transformed_level 7
27/06/2013 20:43:02.919434 [7k_pt_cells_lp] finalized_level 7
27/06/2013 20:43:02.926284 [7k_pt_cells_lp] initialized_level 6
27/06/2013 20:43:02.926655 [7k_pt_cells_lp] forced_level 6
27/06/2013 20:43:06.988438 [7k_pt_cells_lp] found_conflicts 6
27/06/2013 20:43:07.385279 [7k_pt_cells_lp] resolved_conflicts 6
27/06/2013 20:43:07.385646 [7k_pt_cells_lp] transformed_level 6
27/06/2013 20:43:07.387444 [7k_pt_cells_lp] finalized_level 6
27/06/2013 20:43:07.396063 [7k_pt_cells_lp] initialized_level 5
27/06/2013 20:43:07.396655 [7k_pt_cells_lp] forced_level 5
27/06/2013 20:43:10.685291 [7k_pt_cells_lp] found_conflicts 5
27/06/2013 20:43:11.304312 [7k_pt_cells_lp] resolved_conflicts 5
27/06/2013 20:43:11.305334 [7k_pt_cells_lp] transformed_level 5
27/06/2013 20:43:11.308154 [7k_pt_cells_lp] finalized_level 5
27/06/2013 20:43:11.317666 [7k_pt_cells_lp] initialized_level 4
27/06/2013 20:43:11.318272 [7k_pt_cells_lp] forced_level 4
27/06/2013 20:43:13.126965 [7k_pt_cells_lp] found_conflicts 4
27/06/2013 20:43:13.499338 [7k_pt_cells_lp] resolved_conflicts 4
27/06/2013 20:43:13.499811 [7k_pt_cells_lp] transformed_level 4
27/06/2013 20:43:13.501566 [7k_pt_cells_lp] finalized_level 4
27/06/2013 20:43:13.509438 [7k_pt_cells_lp] initialized_level 3
27/06/2013 20:43:13.510334 [7k_pt_cells_lp] forced_level 3
27/06/2013 20:43:14.275482 [7k_pt_cells_lp] found_conflicts 3
27/06/2013 20:43:14.421791 [7k_pt_cells_lp] resolved_conflicts 3
27/06/2013 20:43:14.422189 [7k_pt_cells_lp] transformed_level 3
27/06/2013 20:43:14.424087 [7k_pt_cells_lp] finalized_level 3
27/06/2013 20:43:14.428025 [7k_pt_cells_lp] initialized_level 2
27/06/2013 20:43:14.428508 [7k_pt_cells_lp] forced_level 2
27/06/2013 20:43:14.716443 [7k_pt_cells_lp] found_conflicts 2
27/06/2013 20:43:14.764097 [7k_pt_cells_lp] resolved_conflicts 2
27/06/2013 20:43:14.765124 [7k_pt_cells_lp] transformed_level 2
27/06/2013 20:43:14.767382 [7k_pt_cells_lp] finalized_level 2
27/06/2013 20:43:14.772248 [7k_pt_cells_lp] initialized_level 1
27/06/2013 20:43:14.773137 [7k_pt_cells_lp] forced_level 1
27/06/2013 20:43:14.896918 [7k_pt_cells_lp] found_conflicts 1
27/06/2013 20:43:14.917014 [7k_pt_cells_lp] resolved_conflicts 1
27/06/2013 20:43:14.917377 [7k_pt_cells_lp] transformed_level 1
27/06/2013 20:43:14.919068 [7k_pt_cells_lp] finalized_level 1
27/06/2013 20:43:14.923151 [7k_pt_cells_lp] initialized_level 0
27/06/2013 20:43:14.923499 [7k_pt_cells_lp] forced_level 0
27/06/2013 20:43:14.979581 [7k_pt_cells_lp] found_conflicts 0
27/06/2013 20:43:14.993214 [7k_pt_cells_lp] resolved_conflicts 0
27/06/2013 20:43:14.993604 [7k_pt_cells_lp] transformed_level 0
27/06/2013 20:43:14.995361 [7k_pt_cells_lp] finalized_level 0
27/06/2013 20:43:15.001851 [7k_pt_cells_lp] stats {'num_recs': 16L, 'cvl_partition': 1, 'cvl_zoom': 0, 'aggrank': 6203.767985294107}
27/06/2013 20:43:15.001943 [7k_pt_cells_lp] stats {'num_recs': 48L, 'cvl_partition': 1, 'cvl_zoom': 1, 'aggrank': 7626.0830393675715}
27/06/2013 20:43:15.001966 [7k_pt_cells_lp] stats {'num_recs': 126L, 'cvl_partition': 1, 'cvl_zoom': 2, 'aggrank': 7537.354704120662}
27/06/2013 20:43:15.001986 [7k_pt_cells_lp] stats {'num_recs': 278L, 'cvl_partition': 1, 'cvl_zoom': 3, 'aggrank': 12560.424214154016}
27/06/2013 20:43:15.002006 [7k_pt_cells_lp] stats {'num_recs': 816L, 'cvl_partition': 1, 'cvl_zoom': 4, 'aggrank': 13148.870663287118}
27/06/2013 20:43:15.002026 [7k_pt_cells_lp] stats {'num_recs': 1791L, 'cvl_partition': 1, 'cvl_zoom': 5, 'aggrank': 12018.935414529871}
27/06/2013 20:43:15.002045 [7k_pt_cells_lp] stats {'num_recs': 2473L, 'cvl_partition': 1, 'cvl_zoom': 6, 'aggrank': 4793.637571964879}
27/06/2013 20:43:15.002063 [7k_pt_cells_lp] stats {'num_recs': 1406L, 'cvl_partition': 1, 'cvl_zoom': 7, 'aggrank': 726.3709101923741}
27/06/2013 20:43:15.002082 [7k_pt_cells_lp] stats {'num_recs': 437L, 'cvl_partition': 1, 'cvl_zoom': 8, 'aggrank': 134.9803777774796}
27/06/2013 20:43:15.002101 [7k_pt_cells_lp] stats {'num_recs': 20L, 'cvl_partition': 1, 'cvl_zoom': 9, 'aggrank': 3.5081456331536174}
27/06/2013 20:43:15.041544 [7k_pt_cells_lp] COMMIT
